
===========================================================================
report_checks -unconstrained
===========================================================================
======================= nom_typ_1p20V_25C Corner ===================================

Startpoint: _23146_ (rising edge-triggered flip-flop clocked by clkA)
Endpoint: _23268_ (rising edge-triggered flip-flop clocked by clkA)
Path Group: clkA
Path Type: max

Fanout         Cap        Slew       Delay        Time   Description
---------------------------------------------------------------------------------------------
                                  0.000000    0.000000   clock clkA (rise edge)
                                  0.000000    0.000000   clock source latency
     1    0.067640    0.000000    0.000000    0.000000 ^ clkA (in)
                                                         clkA (net)
                      0.026446    0.013223    0.013223 ^ clkbuf_0_clkA/A (sg13g2_buf_16)
    16    0.288870    0.086579    0.107643    0.120866 ^ clkbuf_0_clkA/X (sg13g2_buf_16)
                                                         clknet_0_clkA (net)
                      0.091197    0.015623    0.136489 ^ clkbuf_4_5_0_clkA/A (sg13g2_buf_8)
     5    0.068335    0.047912    0.117065    0.253554 ^ clkbuf_4_5_0_clkA/X (sg13g2_buf_8)
                                                         clknet_4_5_0_clkA (net)
                      0.048136    0.002263    0.255818 ^ clkbuf_leaf_43_clkA/A (sg13g2_buf_8)
    10    0.044521    0.035259    0.087051    0.342869 ^ clkbuf_leaf_43_clkA/X (sg13g2_buf_8)
                                                         clknet_leaf_43_clkA (net)
                      0.035277    0.000701    0.343571 ^ _23146_/CLK (sg13g2_dfrbpq_1)
     6    0.043191    0.136818    0.259076    0.602646 v _23146_/Q (sg13g2_dfrbpq_1)
                                                         u_FIR.sum[8][18] (net)
                      0.136829    0.001464    0.604110 v _16732_/A (sg13g2_nor4_1)
     2    0.007255    0.185220    0.224978    0.829088 ^ _16732_/Y (sg13g2_nor4_1)
                                                         _07888_ (net)
                      0.185220    0.000059    0.829147 ^ _16736_/A2 (sg13g2_a22oi_1)
     6    0.042547    0.266201    0.296853    1.126000 v _16736_/Y (sg13g2_a22oi_1)
                                                         _07892_ (net)
                      0.266319    0.004640    1.130640 v _16741_/S (sg13g2_mux2_1)
     8    0.034298    0.148745    0.286466    1.417106 ^ _16741_/X (sg13g2_mux2_1)
                                                         _07897_ (net)
                      0.148745    0.000265    1.417371 ^ _16759_/A0 (sg13g2_mux2_1)
     4    0.019220    0.092429    0.185649    1.603020 ^ _16759_/X (sg13g2_mux2_1)
                                                         _07915_ (net)
                      0.092433    0.000723    1.603743 ^ _16760_/B (sg13g2_and2_1)
     2    0.043324    0.182431    0.222616    1.826359 ^ _16760_/X (sg13g2_and2_1)
                                                         _07916_ (net)
                      0.182433    0.000621    1.826980 ^ fanout243/A (sg13g2_buf_1)
     6    0.042398    0.178444    0.223200    2.050180 ^ fanout243/X (sg13g2_buf_1)
                                                         net243 (net)
                      0.178444    0.000102    2.050281 ^ fanout239/A (sg13g2_buf_1)
     8    0.047927    0.199837    0.238138    2.288419 ^ fanout239/X (sg13g2_buf_1)
                                                         net239 (net)
                      0.199839    0.000566    2.288985 ^ _16770_/A2 (sg13g2_a22oi_1)
     4    0.019224    0.149512    0.200001    2.488986 v _16770_/Y (sg13g2_a22oi_1)
                                                         _07926_ (net)
                      0.149512    0.000280    2.489265 v _16783_/A2 (sg13g2_o21ai_1)
     2    0.006982    0.117989    0.148394    2.637660 ^ _16783_/Y (sg13g2_o21ai_1)
                                                         _07939_ (net)
                      0.117989    0.000068    2.637727 ^ _16802_/A2 (sg13g2_a21o_1)
     1    0.004459    0.035809    0.135610    2.773337 ^ _16802_/X (sg13g2_a21o_1)
                                                         _07958_ (net)
                      0.035809    0.000060    2.773397 ^ _16815_/B2 (sg13g2_a221oi_1)
     4    0.070435    0.430832    0.336711    3.110108 v _16815_/Y (sg13g2_a221oi_1)
                                                         _07971_ (net)
                      0.430949    0.005987    3.116096 v fanout126/A (sg13g2_buf_1)
     8    0.083910    0.265864    0.333560    3.449656 v fanout126/X (sg13g2_buf_1)
                                                         net126 (net)
                      0.267976    0.019282    3.468938 v _16818_/A (sg13g2_nor3_1)
     3    0.048744    0.631651    0.570624    4.039561 ^ _16818_/Y (sg13g2_nor3_1)
                                                         _07974_ (net)
                      0.631725    0.005718    4.045279 ^ fanout109/A (sg13g2_buf_1)
     6    0.042704    0.181248    0.300432    4.345711 ^ fanout109/X (sg13g2_buf_1)
                                                         net109 (net)
                      0.181261    0.001708    4.347419 ^ fanout108/A (sg13g2_buf_1)
     5    0.038865    0.164107    0.214859    4.562277 ^ fanout108/X (sg13g2_buf_1)
                                                         net108 (net)
                      0.164151    0.002216    4.564494 ^ fanout107/A (sg13g2_buf_1)
     5    0.031403    0.134247    0.189858    4.754352 ^ fanout107/X (sg13g2_buf_1)
                                                         net107 (net)
                      0.134253    0.001074    4.755426 ^ fanout106/A (sg13g2_buf_1)
     8    0.038128    0.161099    0.199802    4.955228 ^ fanout106/X (sg13g2_buf_1)
                                                         net106 (net)
                      0.161149    0.002353    4.957581 ^ _18224_/B (sg13g2_nand2_1)
     2    0.008766    0.078918    0.113021    5.070602 v _18224_/Y (sg13g2_nand2_1)
                                                         _09334_ (net)
                      0.078918    0.000059    5.070661 v _18229_/A (sg13g2_xor2_1)
     2    0.010179    0.110319    0.136309    5.206969 ^ _18229_/X (sg13g2_xor2_1)
                                                         _09339_ (net)
                      0.110319    0.000066    5.207035 ^ _18269_/A (sg13g2_xnor2_1)
     2    0.009624    0.116043    0.138253    5.345288 ^ _18269_/Y (sg13g2_xnor2_1)
                                                         _09379_ (net)
                      0.116043    0.000107    5.345396 ^ _18271_/B (sg13g2_xor2_1)
     2    0.009540    0.106834    0.161318    5.506713 ^ _18271_/X (sg13g2_xor2_1)
                                                         _09381_ (net)
                      0.106834    0.000062    5.506776 ^ _18306_/A (sg13g2_xnor2_1)
     2    0.008593    0.102643    0.130950    5.637725 ^ _18306_/Y (sg13g2_xnor2_1)
                                                         _09416_ (net)
                      0.102643    0.000107    5.637832 ^ _18309_/B (sg13g2_xnor2_1)
     2    0.009518    0.113594    0.130815    5.768648 ^ _18309_/Y (sg13g2_xnor2_1)
                                                         _09419_ (net)
                      0.113594    0.000099    5.768747 ^ _18342_/B (sg13g2_xnor2_1)
     2    0.009294    0.113674    0.132747    5.901494 ^ _18342_/Y (sg13g2_xnor2_1)
                                                         _09452_ (net)
                      0.113674    0.000147    5.901641 ^ _18439_/B (sg13g2_xor2_1)
     2    0.008922    0.101278    0.157067    6.058708 ^ _18439_/X (sg13g2_xor2_1)
                                                         _09549_ (net)
                      0.101278    0.000044    6.058752 ^ _18440_/A (sg13g2_inv_1)
     1    0.003983    0.033366    0.050914    6.109666 v _18440_/Y (sg13g2_inv_1)
                                                         _09550_ (net)
                      0.033366    0.000042    6.109708 v _18441_/A2 (sg13g2_o21ai_1)
     3    0.017649    0.203401    0.181809    6.291517 ^ _18441_/Y (sg13g2_o21ai_1)
                                                         _09551_ (net)
                      0.203407    0.000898    6.292415 ^ _18447_/B (sg13g2_and3_1)
     2    0.007138    0.049499    0.180454    6.472869 ^ _18447_/X (sg13g2_and3_1)
                                                         _09557_ (net)
                      0.049499    0.000053    6.472922 ^ _18453_/A1 (sg13g2_o21ai_1)
     2    0.006278    0.060312    0.080135    6.553057 v _18453_/Y (sg13g2_o21ai_1)
                                                         _09563_ (net)
                      0.060312    0.000049    6.553105 v _18457_/A1 (sg13g2_o21ai_1)
     3    0.013728    0.167393    0.172226    6.725332 ^ _18457_/Y (sg13g2_o21ai_1)
                                                         _09567_ (net)
                      0.167393    0.000240    6.725572 ^ _18458_/B (sg13g2_nand2b_1)
     1    0.003584    0.050843    0.088275    6.813847 v _18458_/Y (sg13g2_nand2b_1)
                                                         _09568_ (net)
                      0.050843    0.000027    6.813874 v _18460_/A2 (sg13g2_o21ai_1)
     1    0.006582    0.101637    0.110598    6.924472 ^ _18460_/Y (sg13g2_o21ai_1)
                                                         _09570_ (net)
                      0.101637    0.000078    6.924550 ^ _18474_/A (sg13g2_xnor2_1)
     2    0.022486    0.211034    0.213887    7.138437 ^ _18474_/Y (sg13g2_xnor2_1)
                                                         _09584_ (net)
                      0.211062    0.002013    7.140450 ^ fanout70/A (sg13g2_buf_1)
     8    0.036283    0.153871    0.214048    7.354497 ^ fanout70/X (sg13g2_buf_1)
                                                         net70 (net)
                      0.153871    0.000207    7.354704 ^ _18550_/B (sg13g2_xor2_1)
     3    0.011978    0.127243    0.185969    7.540674 ^ _18550_/X (sg13g2_xor2_1)
                                                         _09660_ (net)
                      0.127243    0.000044    7.540719 ^ _18551_/B (sg13g2_and2_1)
     2    0.006974    0.042569    0.128802    7.669520 ^ _18551_/X (sg13g2_and2_1)
                                                         _09661_ (net)
                      0.042569    0.000052    7.669572 ^ _18558_/A2 (sg13g2_a21oi_1)
     2    0.007389    0.088455    0.080242    7.749815 v _18558_/Y (sg13g2_a21oi_1)
                                                         _09668_ (net)
                      0.088455    0.000099    7.749913 v _18565_/A (sg13g2_or3_1)
     3    0.010122    0.054290    0.187655    7.937568 v _18565_/X (sg13g2_or3_1)
                                                         _09675_ (net)
                      0.054290    0.000113    7.937681 v _18570_/C (sg13g2_or3_1)
     2    0.010294    0.055019    0.156775    8.094456 v _18570_/X (sg13g2_or3_1)
                                                         _09680_ (net)
                      0.055019    0.000079    8.094535 v _18571_/B (sg13g2_and2_1)
     3    0.020972    0.075661    0.128590    8.223125 v _18571_/X (sg13g2_and2_1)
                                                         _09681_ (net)
                      0.075661    0.000188    8.223313 v fanout34/A (sg13g2_buf_1)
     5    0.020381    0.071811    0.125203    8.348516 v fanout34/X (sg13g2_buf_1)
                                                         net34 (net)
                      0.071811    0.000259    8.348775 v fanout33/A (sg13g2_buf_1)
     8    0.030081    0.099050    0.145957    8.494732 v fanout33/X (sg13g2_buf_1)
                                                         net33 (net)
                      0.099052    0.000594    8.495326 v _18589_/A1 (sg13g2_a21o_1)
     1    0.003486    0.028821    0.129687    8.625014 v _18589_/X (sg13g2_a21o_1)
                                                         _09695_ (net)
                      0.028821    0.000027    8.625040 v _18591_/A1 (sg13g2_a21oi_1)
     1    0.002381    0.060373    0.058455    8.683496 ^ _18591_/Y (sg13g2_a21oi_1)
                                                         _00330_ (net)
                      0.060373    0.000024    8.683519 ^ _23268_/D (sg13g2_dfrbpq_1)
                                              8.683519   data arrival time

                                 20.000000   20.000000   clock clkA (rise edge)
                                  0.000000   20.000000   clock source latency
     1    0.067640    0.000000    0.000000   20.000000 ^ clkA (in)
                                                         clkA (net)
                      0.026446    0.013223   20.013224 ^ clkbuf_0_clkA/A (sg13g2_buf_16)
    16    0.288870    0.086579    0.107642   20.120865 ^ clkbuf_0_clkA/X (sg13g2_buf_16)
                                                         clknet_0_clkA (net)
                      0.090822    0.015000   20.135864 ^ clkbuf_4_4_0_clkA/A (sg13g2_buf_8)
     5    0.059819    0.043933    0.113415   20.249281 ^ clkbuf_4_4_0_clkA/X (sg13g2_buf_8)
                                                         clknet_4_4_0_clkA (net)
                      0.044186    0.002306   20.251585 ^ clkbuf_leaf_48_clkA/A (sg13g2_buf_8)
    13    0.051014    0.038106    0.087748   20.339334 ^ clkbuf_leaf_48_clkA/X (sg13g2_buf_8)
                                                         clknet_leaf_48_clkA (net)
                      0.038116    0.000570   20.339905 ^ _23268_/CLK (sg13g2_dfrbpq_1)
                                  0.000000   20.339905   clock reconvergence pessimism
                                 -0.123171   20.216734   library setup time
                                             20.216734   data required time
---------------------------------------------------------------------------------------------
                                             20.216734   data required time
                                             -8.683519   data arrival time
---------------------------------------------------------------------------------------------
                                             11.533215   slack (MET)


Startpoint: _23737_ (rising edge-triggered flip-flop clocked by spi_sclk)
Endpoint: _22980_ (rising edge-triggered flip-flop clocked by spi_sclk')
Path Group: spi_sclk
Path Type: max

Fanout         Cap        Slew       Delay        Time   Description
---------------------------------------------------------------------------------------------
                                  0.000000    0.000000   clock spi_sclk (rise edge)
                                  0.000000    0.000000   clock source latency
     1    0.038282    0.000000    0.000000    0.000000 ^ spi_sclk (in)
                                                         spi_sclk (net)
                      0.006892    0.003446    0.003446 ^ clkbuf_0_spi_sclk/A (sg13g2_buf_16)
     8    0.155915    0.050666    0.079624    0.083070 ^ clkbuf_0_spi_sclk/X (sg13g2_buf_16)
                                                         clknet_0_spi_sclk (net)
                      0.050758    0.001744    0.084814 ^ clkbuf_3_4__f_spi_sclk/A (sg13g2_buf_16)
     7    0.027746    0.022197    0.076774    0.161588 ^ clkbuf_3_4__f_spi_sclk/X (sg13g2_buf_16)
                                                         clknet_3_4__leaf_spi_sclk (net)
                      0.022198    0.000154    0.161742 ^ _23737_/CLK (sg13g2_dfrbpq_1)
     4    0.013185    0.048661    0.185796    0.347539 v _23737_/Q (sg13g2_dfrbpq_1)
                                                         spi_addr[3] (net)
                      0.048661    0.000069    0.347608 v _11981_/A (sg13g2_nor2_1)
     4    0.013756    0.130330    0.127219    0.474826 ^ _11981_/Y (sg13g2_nor2_1)
                                                         _03398_ (net)
                      0.130330    0.000087    0.474913 ^ _11989_/B (sg13g2_nand3b_1)
     4    0.014162    0.146536    0.177084    0.651997 v _11989_/Y (sg13g2_nand3b_1)
                                                         _03406_ (net)
                      0.146536    0.000204    0.652201 v _12021_/D (sg13g2_nor4_1)
     8    0.042440    0.739430    0.606978    1.259179 ^ _12021_/Y (sg13g2_nor4_1)
                                                         _03438_ (net)
                      0.739444    0.002691    1.261870 ^ _12110_/B1 (sg13g2_a22oi_1)
     1    0.018006    0.233097    0.299335    1.561205 v _12110_/Y (sg13g2_a22oi_1)
                                                         _03521_ (net)
                      0.233105    0.001532    1.562737 v _12124_/A (sg13g2_nand4_1)
     1    0.003168    0.068351    0.082678    1.645415 ^ _12124_/Y (sg13g2_nand4_1)
                                                         _03535_ (net)
                      0.068351    0.000017    1.645432 ^ _12125_/B (sg13g2_nor2_1)
     1    0.006064    0.036459    0.050731    1.696163 v _12125_/Y (sg13g2_nor2_1)
                                                         _03536_ (net)
                      0.036459    0.000129    1.696292 v _12127_/A1 (sg13g2_o21ai_1)
     1    0.001555    0.061381    0.077276    1.773568 ^ _12127_/Y (sg13g2_o21ai_1)
                                                         _00042_ (net)
                      0.061381    0.000008    1.773576 ^ _22980_/D (sg13g2_dfrbpq_1)
                                              1.773576   data arrival time

                                 50.000000   50.000000   clock spi_sclk' (rise edge)
                                  0.000000   50.000000   clock source latency
     1    0.037711    0.000000    0.000000   50.000000 v spi_sclk (in)
                                                         spi_sclk (net)
                      0.006750    0.003375   50.003372 v clkbuf_0_spi_sclk/A (sg13g2_buf_16)
     8    0.151341    0.043087    0.082842   50.086216 v clkbuf_0_spi_sclk/X (sg13g2_buf_16)
                                                         clknet_0_spi_sclk (net)
                      0.043274    0.002288   50.088505 v clkbuf_3_5__f_spi_sclk/A (sg13g2_buf_16)
     7    0.026639    0.021689    0.079396   50.167900 v clkbuf_3_5__f_spi_sclk/X (sg13g2_buf_16)
                                                         clknet_3_5__leaf_spi_sclk (net)
                      0.021690    0.000224   50.168125 v _22967__1631/A (sg13g2_inv_1)
     1    0.003540    0.022526    0.028717   50.196838 ^ _22967__1631/Y (sg13g2_inv_1)
                                                         net1630 (net)
                      0.022526    0.000028   50.196869 ^ _22980_/CLK (sg13g2_dfrbpq_1)
                                  0.000000   50.196869   clock reconvergence pessimism
                                 -0.125805   50.071064   library setup time
                                             50.071064   data required time
---------------------------------------------------------------------------------------------
                                             50.071064   data required time
                                             -1.773576   data arrival time
---------------------------------------------------------------------------------------------
                                             48.297489   slack (MET)




===========================================================================
report_checks --slack_max -0.01
============================================================================
======================= nom_typ_1p20V_25C Corner ===================================

No paths found.


===========================================================================
 report_check_types -max_slew -max_cap -max_fanout -violators
============================================================================
======================= nom_typ_1p20V_25C Corner ===================================

max fanout

Pin                                   Limit Fanout  Slack
---------------------------------------------------------
clkbuf_0_clkA/X                           8     16     -8 (VIOLATED)
clkbuf_leaf_53_clkA/X                     8     16     -8 (VIOLATED)
clkbuf_leaf_54_clkA/X                     8     16     -8 (VIOLATED)
clkbuf_leaf_25_clkA/X                     8     15     -7 (VIOLATED)
clkbuf_leaf_52_clkA/X                     8     15     -7 (VIOLATED)
clkbuf_leaf_16_clkA/X                     8     14     -6 (VIOLATED)
clkbuf_leaf_17_clkA/X                     8     14     -6 (VIOLATED)
clkbuf_leaf_19_clkA/X                     8     14     -6 (VIOLATED)
clkbuf_leaf_35_clkA/X                     8     14     -6 (VIOLATED)
clkbuf_leaf_4_clkA/X                      8     14     -6 (VIOLATED)
clkbuf_leaf_51_clkA/X                     8     14     -6 (VIOLATED)
clkbuf_leaf_18_clkA/X                     8     13     -5 (VIOLATED)
clkbuf_leaf_20_clkA/X                     8     13     -5 (VIOLATED)
clkbuf_leaf_21_clkA/X                     8     13     -5 (VIOLATED)
clkbuf_leaf_24_clkA/X                     8     13     -5 (VIOLATED)
clkbuf_leaf_26_clkA/X                     8     13     -5 (VIOLATED)
clkbuf_leaf_34_clkA/X                     8     13     -5 (VIOLATED)
clkbuf_leaf_36_clkA/X                     8     13     -5 (VIOLATED)
clkbuf_leaf_37_clkA/X                     8     13     -5 (VIOLATED)
clkbuf_leaf_47_clkA/X                     8     13     -5 (VIOLATED)
clkbuf_leaf_48_clkA/X                     8     13     -5 (VIOLATED)
clkbuf_leaf_49_clkA/X                     8     13     -5 (VIOLATED)
clkbuf_leaf_55_clkA/X                     8     13     -5 (VIOLATED)
clkbuf_leaf_56_clkA/X                     8     13     -5 (VIOLATED)
clkbuf_leaf_59_clkA/X                     8     13     -5 (VIOLATED)
clkbuf_leaf_5_clkA/X                      8     13     -5 (VIOLATED)
clkbuf_leaf_60_clkA/X                     8     13     -5 (VIOLATED)
clkbuf_leaf_61_clkA/X                     8     13     -5 (VIOLATED)
clkbuf_leaf_62_clkA/X                     8     13     -5 (VIOLATED)
clkbuf_leaf_63_clkA/X                     8     13     -5 (VIOLATED)
clkbuf_leaf_6_clkA/X                      8     13     -5 (VIOLATED)
clkbuf_leaf_0_clkA/X                      8     12     -4 (VIOLATED)
clkbuf_leaf_10_clkA/X                     8     12     -4 (VIOLATED)
clkbuf_leaf_14_clkA/X                     8     12     -4 (VIOLATED)
clkbuf_leaf_15_clkA/X                     8     12     -4 (VIOLATED)
clkbuf_leaf_1_clkA/X                      8     12     -4 (VIOLATED)
clkbuf_leaf_22_clkA/X                     8     12     -4 (VIOLATED)
clkbuf_leaf_23_clkA/X                     8     12     -4 (VIOLATED)
clkbuf_leaf_27_clkA/X                     8     12     -4 (VIOLATED)
clkbuf_leaf_2_clkA/X                      8     12     -4 (VIOLATED)
clkbuf_leaf_32_clkA/X                     8     12     -4 (VIOLATED)
clkbuf_leaf_39_clkA/X                     8     12     -4 (VIOLATED)
clkbuf_leaf_3_clkA/X                      8     12     -4 (VIOLATED)
clkbuf_leaf_40_clkA/X                     8     12     -4 (VIOLATED)
clkbuf_leaf_46_clkA/X                     8     12     -4 (VIOLATED)
clkbuf_leaf_50_clkA/X                     8     12     -4 (VIOLATED)
clkbuf_leaf_58_clkA/X                     8     12     -4 (VIOLATED)
clkbuf_leaf_8_clkA/X                      8     12     -4 (VIOLATED)
clkbuf_leaf_9_clkA/X                      8     12     -4 (VIOLATED)
clkbuf_leaf_12_clkA/X                     8     11     -3 (VIOLATED)
clkbuf_leaf_13_clkA/X                     8     11     -3 (VIOLATED)
clkbuf_leaf_41_clkA/X                     8     11     -3 (VIOLATED)
clkbuf_leaf_57_clkA/X                     8     11     -3 (VIOLATED)
clkbuf_leaf_28_clkA/X                     8     10     -2 (VIOLATED)
clkbuf_leaf_29_clkA/X                     8     10     -2 (VIOLATED)
clkbuf_leaf_30_clkA/X                     8     10     -2 (VIOLATED)
clkbuf_leaf_31_clkA/X                     8     10     -2 (VIOLATED)
clkbuf_leaf_33_clkA/X                     8     10     -2 (VIOLATED)
clkbuf_leaf_43_clkA/X                     8     10     -2 (VIOLATED)
clkbuf_leaf_44_clkA/X                     8     10     -2 (VIOLATED)
clkbuf_leaf_45_clkA/X                     8     10     -2 (VIOLATED)
clkbuf_leaf_7_clkA/X                      8     10     -2 (VIOLATED)



===========================================================================
report_parasitic_annotation -report_unannotated
============================================================================
Found 59 unannotated drivers.
 clkload0/X
 clkload1/X
 clkload10/X
 clkload11/X
 clkload12/X
 clkload13/X
 clkload14/Y
 clkload15/Y
 clkload16/X
 clkload17/Y
 clkload18/Y
 clkload19/Y
 clkload2/X
 clkload20/X
 clkload21/Y
 clkload22/Y
 clkload23/Y
 clkload24/Y
 clkload25/X
 clkload26/Y
 clkload27/Y
 clkload28/Y
 clkload29/Y
 clkload3/X
 clkload30/Y
 clkload31/Y
 clkload32/Y
 clkload33/X
 clkload34/X
 clkload35/X
 clkload36/Y
 clkload37/Y
 clkload38/Y
 clkload39/Y
 clkload4/X
 clkload40/Y
 clkload41/Y
 clkload42/X
 clkload43/Y
 clkload44/Y
 clkload45/X
 clkload46/Y
 clkload47/Y
 clkload48/Y
 clkload49/Y
 clkload5/X
 clkload50/Y
 clkload51/Y
 clkload52/Y
 clkload53/Y
 clkload54/Y
 clkload55/Y
 clkload56/Y
 clkload57/Y
 clkload58/X
 clkload6/X
 clkload7/X
 clkload8/X
 clkload9/X
Found 2 partially unannotated drivers.
 _24367_/Z
 output5/X

===========================================================================
max slew violation count 0
Writing metric design__max_slew_violation__count__corner:nom_typ_1p20V_25C: 0
max fanout violation count 62
Writing metric design__max_fanout_violation__count__corner:nom_typ_1p20V_25C: 62
max cap violation count 0
Writing metric design__max_cap_violation__count__corner:nom_typ_1p20V_25C: 0
============================================================================

===========================================================================
check_setup -verbose -unconstrained_endpoints -multiple_clock -no_clock -no_input_delay -loops -generated_clocks
===========================================================================
Warning: There are 4 input ports missing set_input_delay.
  reset
  spi_mosi
  spi_ss_n
  x_serial
Warning: There are 4 unconstrained endpoints.
  spi_miso
  y_serial
  _23758_/D
  _23779_/D
