35 Lint warnings found.
[CTS-0041] Net "net1651" has 1 sinks. Skipping...
[CTS-0041] Net "net1650" has 1 sinks. Skipping...
[CTS-0041] Net "net1649" has 1 sinks. Skipping...
[CTS-0041] Net "net1648" has 1 sinks. Skipping...
[CTS-0041] Net "net1647" has 1 sinks. Skipping...
[CTS-0041] Net "net1646" has 1 sinks. Skipping...
[CTS-0041] Net "net1645" has 1 sinks. Skipping...
[CTS-0041] Net "net1644" has 1 sinks. Skipping...
[CTS-0041] Net "net1643" has 1 sinks. Skipping...
[CTS-0041] Net "net1642" has 1 sinks. Skipping...
[CTS-0041] Net "net1641" has 1 sinks. Skipping...
[CTS-0041] Net "net1640" has 1 sinks. Skipping...
[CTS-0041] Net "net1639" has 1 sinks. Skipping...
[DRT-0349] LEF58_ENCLOSURE with no CUTCLASS is not supported. Skipping for layer Cont
[DRT-0349] LEF58_ENCLOSURE with no CUTCLASS is not supported. Skipping for layer Via1
[DRT-0349] LEF58_ENCLOSURE with no CUTCLASS is not supported. Skipping for layer Via1
[DRT-0349] LEF58_ENCLOSURE with no CUTCLASS is not supported. Skipping for layer Via2
[DRT-0349] LEF58_ENCLOSURE with no CUTCLASS is not supported. Skipping for layer Via3
[DRT-0349] LEF58_ENCLOSURE with no CUTCLASS is not supported. Skipping for layer Via4
[DRT-0349] LEF58_ENCLOSURE with no CUTCLASS is not supported. Skipping for layer TopVia1
[DRT-0349] LEF58_ENCLOSURE with no CUTCLASS is not supported. Skipping for layer TopVia1
[DRT-0349] LEF58_ENCLOSURE with no CUTCLASS is not supported. Skipping for layer TopVia2
[DRT-0349] LEF58_ENCLOSURE with no CUTCLASS is not supported. Skipping for layer TopVia2
Threshold for Threshold-surpassing long wires is not set. The checker will be skipped.
'VSRC_LOC_FILES' was not given a value, which may make the results of IR drop analysis inaccurate. If you are not integrating a top-level chip for manufacture, you may ignore this warning, otherwise, see the documentation for 'VSRC_LOC_FILES'.
