+ analyze_power_grid -net VPWR -voltage_file /home/designer/shared/FSE-LMS/design/runs/RUN_2026-01-24_23-11-44/56-openroad-irdropreport/net-VPWR.csv
[INFO PSM-0040] All shapes on net VPWR are connected.
########## IR report #################
Net              : VPWR
Corner           : nom_typ_1p20V_25C
Total power      : 2.95e-03 W
Supply voltage   : 1.20e+00 V
Worstcase voltage: 1.20e+00 V
Average voltage  : 1.20e+00 V
Average IR drop  : 5.05e-05 V
Worstcase IR drop: 1.09e-03 V
Percentage drop  : 0.09 %
######################################
+ analyze_power_grid -net VGND -voltage_file /home/designer/shared/FSE-LMS/design/runs/RUN_2026-01-24_23-11-44/56-openroad-irdropreport/net-VGND.csv
[INFO PSM-0040] All shapes on net VGND are connected.
########## IR report #################
Net              : VGND
Corner           : nom_typ_1p20V_25C
Total power      : 2.95e-03 W
Supply voltage   : 0.00e+00 V
Worstcase voltage: 1.23e-03 V
Average voltage  : 4.85e-05 V
Average IR drop  : 4.85e-05 V
Worstcase IR drop: 1.23e-03 V
Percentage drop  : 0.10 %
######################################
