Reading timing models for corner nom_typ_1p20V_25C…
Reading timing library for the 'nom_typ_1p20V_25C' corner at '/opt/pdks/ciel/ihp-sg13g2/versions/c4b8b4e5e7a05f375cca3815d51b3a37721fbf5c/ihp-sg13g2/libs.ref/sg13g2_stdcell/lib/sg13g2_stdcell_typ_1p20V_25C.lib'…
Reading timing library for the 'nom_typ_1p20V_25C' corner at '/opt/pdks/ciel/ihp-sg13g2/versions/c4b8b4e5e7a05f375cca3815d51b3a37721fbf5c/ihp-sg13g2/libs.ref/sg13g2_io/lib/sg13g2_io_typ_1p2V_3p3V_25C.lib'…
Reading OpenROAD database at '/home/designer/shared/FSE-LMS/design/runs/RUN_2026-01-24_19-32-36/21-openroad-generatepdn/top.odb'…
Reading design constraints file at '/home/designer/shared/FSE-LMS/design/constrains/constrains.sdc'…
[INFO] No information on clock propagation in input SDC file-- propagating all clocks.
+ global_placement -density 0.6355 -skip_io -pad_right 0 -pad_left 0 -init_wirelength_coef 0.25
[INFO GPL-0005] Execute conjugate gradient initial placement.
[INFO GPL-0002] DBU: 1000
[INFO GPL-0003] SiteSize: (  0.480  3.780 ) um
[INFO GPL-0004] CoreBBox: ( 20.160 22.680 ) ( 557.760 574.560 ) um
[INFO GPL-0032] Initializing region: Top-level
[INFO GPL-0006] Number of instances:             12585
[INFO GPL-0007] Movable instances:               12585
[INFO GPL-0008] Fixed instances:                     0
[INFO GPL-0009] Dummy instances:                     0
[INFO GPL-0010] Number of nets:                  12591
[INFO GPL-0011] Number of pins:                  41547
[INFO GPL-0012] Die BBox:  (  0.000  0.000 ) ( 600.000 600.000 ) um
[INFO GPL-0013] Core BBox: ( 20.160 22.680 ) ( 557.760 574.560 ) um
[INFO GPL-0016] Core area:                  296690.688 um^2
[INFO GPL-0014] Region name: top-level.
[INFO GPL-0015] Region area:                296690.688 um^2
[INFO GPL-0017] Fixed instances area:            0.000 um^2
[INFO GPL-0018] Movable instances area:     177289.874 um^2
[INFO GPL-0019] Utilization:                    59.756 %
[INFO GPL-0020] Standard cells area:        177289.874 um^2
[INFO GPL-0021] Large instances area:            0.000 um^2
[INFO GPL-0033] Initializing Nesterov region: Top-level
[INFO GPL-0023] Placement target density:       0.6355
[INFO GPL-0024] Movable insts average area:     14.087 um^2
[INFO GPL-0025] Ideal bin area:                 22.167 um^2
[INFO GPL-0026] Ideal bin count:                 13384
[INFO GPL-0027] Total bin area:             296690.688 um^2
[INFO GPL-0028] Bin count (X, Y):          64 ,     64
[INFO GPL-0029] Bin size (W * H):       8.400 *  8.623 um
[INFO GPL-0030] Number of bins:                   4096
[INFO GPL-0007] Execute nesterov global placement.
[INFO GPL-0031] HPWL: Half-Perimeter Wirelength
Iteration | Overflow |     HPWL (um) |  HPWL(%) |   Penalty | Group
---------------------------------------------------------------
        0 |   0.9988 |  3.353181e+04 |   +0.00% |  1.15e-15 |      
       10 |   0.9978 |  2.285812e+04 |  -31.83% |  1.88e-15 |      
       20 |   0.9978 |  2.255480e+04 |   -1.33% |  3.06e-15 |      
       30 |   0.9978 |  2.244793e+04 |   -0.47% |  4.98e-15 |      
       40 |   0.9978 |  2.239257e+04 |   -0.25% |  8.12e-15 |      
       50 |   0.9977 |  2.236103e+04 |   -0.14% |  1.32e-14 |      
       60 |   0.9977 |  2.234201e+04 |   -0.09% |  2.15e-14 |      
       70 |   0.9976 |  2.234552e+04 |   +0.02% |  3.51e-14 |      
       80 |   0.9975 |  2.238947e+04 |   +0.20% |  5.71e-14 |      
       90 |   0.9970 |  2.253206e+04 |   +0.64% |  9.31e-14 |      
      100 |   0.9959 |  2.294068e+04 |   +1.81% |  1.52e-13 |      
      110 |   0.9940 |  2.397899e+04 |   +4.53% |  2.47e-13 |      
      120 |   0.9919 |  2.621776e+04 |   +9.34% |  4.02e-13 |      
      130 |   0.9885 |  3.067081e+04 |  +16.98% |  6.55e-13 |      
      140 |   0.9799 |  3.821352e+04 |  +24.59% |  1.07e-12 |      
      150 |   0.9662 |  4.849955e+04 |  +26.92% |  1.73e-12 |      
      160 |   0.9490 |  5.971708e+04 |  +23.13% |  2.82e-12 |      
      170 |   0.9270 |  7.063827e+04 |  +18.29% |  4.59e-12 |      
      180 |   0.9012 |  8.136749e+04 |  +15.19% |  7.47e-12 |      
      190 |   0.8719 |  9.236861e+04 |  +13.52% |  1.21e-11 |      
      200 |   0.8355 |  1.042700e+05 |  +12.88% |  1.98e-11 |      
      210 |   0.7961 |  1.167701e+05 |  +11.99% |  3.21e-11 |      
      220 |   0.7554 |  1.291100e+05 |  +10.57% |  5.23e-11 |      
      230 |   0.7153 |  1.412101e+05 |   +9.37% |  8.51e-11 |      
      240 |   0.6744 |  1.536961e+05 |   +8.84% |  1.38e-10 |      
      250 |   0.6281 |  1.656485e+05 |   +7.78% |  2.25e-10 |      
      260 |   0.5815 |  1.762859e+05 |   +6.42% |  3.66e-10 |      
      270 |   0.5359 |  1.853598e+05 |   +5.15% |  5.96e-10 |      
      280 |   0.4988 |  1.929384e+05 |   +4.09% |  9.70e-10 |      
      290 |   0.4587 |  1.978013e+05 |   +2.52% |  1.58e-09 |      
      300 |   0.4259 |  1.980335e+05 |   +0.12% |  2.57e-09 |      
      310 |   0.3871 |  1.976992e+05 |   -0.17% |  4.19e-09 |      
      320 |   0.3441 |  1.988069e+05 |   +0.56% |  6.82e-09 |      
      330 |   0.3126 |  1.992179e+05 |   +0.21% |  1.00e-08 |      
      340 |   0.2783 |  1.986838e+05 |   -0.27% |  1.48e-08 |      
      350 |   0.2432 |  1.998025e+05 |   +0.56% |  2.18e-08 |      
      360 |   0.2149 |  2.004673e+05 |   +0.33% |  3.21e-08 |      
      370 |   0.1865 |  2.010716e+05 |   +0.30% |  4.73e-08 |      
      380 |   0.1611 |  2.016185e+05 |   +0.27% |  6.97e-08 |      
      390 |   0.1397 |  2.019707e+05 |   +0.17% |  1.03e-07 |      
      400 |   0.1195 |  2.023753e+05 |   +0.20% |  1.51e-07 |      
      410 |   0.1022 |  2.024019e+05 |   +0.01% |  2.23e-07 |      
      412 |   0.0981 |  2.024809e+05 |          |  2.50e-07 |      
---------------------------------------------------------------
[INFO GPL-1001] Global placement finished at iteration 412
[INFO GPL-1002] Placed Cell Area            177289.8736
[INFO GPL-1003] Available Free Area         296690.6880
[INFO GPL-1004] Minimum Feasible Density        0.6000 (cell_area / free_area)
[INFO GPL-1006]   Suggested Target Densities:
[INFO GPL-1007]     - For 90% usage of free space: 0.6640
[INFO GPL-1008]     - For 80% usage of free space: 0.7469
[INFO GPL-1014] Final placement area: 177289.87 (+0.00%)
Setting global connections for newly added cells…
[INFO] Setting global connections...
[INFO ODB-0403] 0 connections made, 0 conflicts skipped.
Updating metrics…
Cell type report:                       Count       Area
  Buffer                                    4      29.03
  Inverter                                397    2160.95
  Sequential cell                         804   39387.00
  Multi-Input combinational cell        11380  117300.96
  Total                                 12585  158877.94
Writing OpenROAD database to '/home/designer/shared/FSE-LMS/design/runs/RUN_2026-01-24_19-32-36/24-openroad-globalplacementskipio/top.odb'…
Writing netlist to '/home/designer/shared/FSE-LMS/design/runs/RUN_2026-01-24_19-32-36/24-openroad-globalplacementskipio/top.nl.v'…
Writing powered netlist to '/home/designer/shared/FSE-LMS/design/runs/RUN_2026-01-24_19-32-36/24-openroad-globalplacementskipio/top.pnl.v'…
Writing layout to '/home/designer/shared/FSE-LMS/design/runs/RUN_2026-01-24_19-32-36/24-openroad-globalplacementskipio/top.def'…
Writing timing constraints to '/home/designer/shared/FSE-LMS/design/runs/RUN_2026-01-24_19-32-36/24-openroad-globalplacementskipio/top.sdc'…
