Reading timing models for corner nom_typ_1p20V_25C…
Reading timing library for the 'nom_typ_1p20V_25C' corner at '/opt/pdks/ciel/ihp-sg13g2/versions/c4b8b4e5e7a05f375cca3815d51b3a37721fbf5c/ihp-sg13g2/libs.ref/sg13g2_stdcell/lib/sg13g2_stdcell_typ_1p20V_25C.lib'…
Reading timing library for the 'nom_typ_1p20V_25C' corner at '/opt/pdks/ciel/ihp-sg13g2/versions/c4b8b4e5e7a05f375cca3815d51b3a37721fbf5c/ihp-sg13g2/libs.ref/sg13g2_io/lib/sg13g2_io_typ_1p2V_3p3V_25C.lib'…
Reading OpenROAD database at '/home/designer/shared/FSE-LMS/design/runs/RUN_2026-01-24_23-11-44/32-openroad-repairdesignpostgpl/top.odb'…
Reading design constraints file at '/home/designer/shared/FSE-LMS/design/constrains/constrains.sdc'…
[INFO] No information on clock propagation in input SDC file-- propagating all clocks.
+ detailed_placement -max_displacement  500 100 
Placement Analysis
---------------------------------
total displacement          0.0 u
average displacement        0.0 u
max displacement            0.0 u
original HPWL          304462.2 u
legalized HPWL         310967.1 u
delta HPWL                    2 %

[INFO DPL-0020] Mirrored 5221 instances
[INFO DPL-0021] HPWL before          310967.1 u
[INFO DPL-0022] HPWL after           304462.2 u
[INFO DPL-0023] HPWL delta               -2.1 %
Setting global connections for newly added cells…
[INFO] Setting global connections...
[INFO ODB-0403] 0 connections made, 0 conflicts skipped.
Updating metrics…
Cell type report:                       Count       Area
  Buffer                                    4      29.03
  Timing Repair Buffer                   1043    7569.68
  Inverter                                397    2160.95
  Sequential cell                         804   39387.00
  Multi-Input combinational cell        11380  117300.96
  Total                                 13628  166447.61
Writing OpenROAD database to '/home/designer/shared/FSE-LMS/design/runs/RUN_2026-01-24_23-11-44/34-openroad-detailedplacement/top.odb'…
Writing netlist to '/home/designer/shared/FSE-LMS/design/runs/RUN_2026-01-24_23-11-44/34-openroad-detailedplacement/top.nl.v'…
Writing powered netlist to '/home/designer/shared/FSE-LMS/design/runs/RUN_2026-01-24_23-11-44/34-openroad-detailedplacement/top.pnl.v'…
Writing layout to '/home/designer/shared/FSE-LMS/design/runs/RUN_2026-01-24_23-11-44/34-openroad-detailedplacement/top.def'…
Writing timing constraints to '/home/designer/shared/FSE-LMS/design/runs/RUN_2026-01-24_23-11-44/34-openroad-detailedplacement/top.sdc'…
