Clock: clkA
Sources: clkA 
Generated: no
Virtual: no
Propagated: no
Period: 20.000000

===========================================================================
report_clock_properties
============================================================================
Clock                   Period          Waveform
----------------------------------------------------
clkA                 20.000000    0.000000 10.000000

===========================================================================
report_clock_latency
============================================================================
Clock clkA
rise -> rise
    min     max
0.000000 0.000000 source latency
0.000000         network latency _22986_/CLK
        0.000000 network latency _22986_/CLK
---------------
0.000000 0.000000 latency
        0.000000 skew

fall -> fall
    min     max
0.000000 0.000000 source latency
0.000000         network latency _22986_/CLK
        0.000000 network latency _22986_/CLK
---------------
0.000000 0.000000 latency
        0.000000 skew



===========================================================================
report_clock_min_period
============================================================================
clkA period_min = 8.44 fmax = 118.49
Clock: spi_sclk
Sources: spi_sclk 
Generated: no
Virtual: no
Propagated: no
Period: 100.000000

===========================================================================
report_clock_properties
============================================================================
Clock                   Period          Waveform
----------------------------------------------------
spi_sclk            100.000000    0.000000 50.000000

===========================================================================
report_clock_latency
============================================================================
Clock spi_sclk
rise -> rise
    min     max
0.000000 0.000000 source latency
0.000000         network latency _23729_/CLK
        0.000000 network latency _23729_/CLK
---------------
0.000000 0.000000 latency
        0.000000 skew

rise -> fall
    min     max
0.000000 0.000000 source latency
0.018324         network latency _22978_/CLK
        0.018324 network latency _22978_/CLK
---------------
0.018324 0.018324 latency
        0.000000 skew

fall -> rise
    min     max
0.000000 0.000000 source latency
0.021139         network latency _22978_/CLK
        0.021139 network latency _22978_/CLK
---------------
0.021139 0.021139 latency
        0.000000 skew

fall -> fall
    min     max
0.000000 0.000000 source latency
0.000000         network latency _23729_/CLK
        0.000000 network latency _23729_/CLK
---------------
0.000000 0.000000 latency
        0.000000 skew



===========================================================================
report_clock_min_period
============================================================================
spi_sclk period_min = 1.22 fmax = 816.40
