Reading timing models for corner nom_typ_1p20V_25C…
Reading timing library for the 'nom_typ_1p20V_25C' corner at '/opt/pdks/ciel/ihp-sg13g2/versions/c4b8b4e5e7a05f375cca3815d51b3a37721fbf5c/ihp-sg13g2/libs.ref/sg13g2_stdcell/lib/sg13g2_stdcell_typ_1p20V_25C.lib'…
Reading timing library for the 'nom_typ_1p20V_25C' corner at '/opt/pdks/ciel/ihp-sg13g2/versions/c4b8b4e5e7a05f375cca3815d51b3a37721fbf5c/ihp-sg13g2/libs.ref/sg13g2_io/lib/sg13g2_io_typ_1p2V_3p3V_25C.lib'…
Reading OpenROAD database at '/home/designer/shared/FSE-LMS/design/runs/RUN_2026-01-24_18-07-11/39-openroad-globalrouting/top.odb'…
Reading design constraints file at '/home/designer/shared/FSE-LMS/design/constrains/constrains.sdc'…
[INFO] No information on clock propagation in input SDC file-- propagating all clocks.
[INFO] Setting signal min routing layer to: Metal2 and clock min routing layer to Metal2. 
[INFO] Setting signal max routing layer to: TopMetal2 and clock max routing layer to TopMetal2. 
+ global_route -congestion_iterations 50 -verbose
[INFO GRT-0020] Min routing layer: Metal2
[INFO GRT-0021] Max routing layer: TopMetal2
[INFO GRT-0022] Global adjustment: 30%
[INFO GRT-0023] Grid origin: (0, 0)
[INFO GRT-0088] Layer Metal1  Track-Pitch = 0.4200  line-2-Via Pitch: 0.3650
[INFO GRT-0088] Layer Metal2  Track-Pitch = 0.4800  line-2-Via Pitch: 0.4150
[INFO GRT-0088] Layer Metal3  Track-Pitch = 0.4200  line-2-Via Pitch: 0.4150
[INFO GRT-0088] Layer Metal4  Track-Pitch = 0.4800  line-2-Via Pitch: 0.4150
[INFO GRT-0088] Layer Metal5  Track-Pitch = 0.4200  line-2-Via Pitch: 0.6200
[INFO GRT-0088] Layer TopMetal1 Track-Pitch = 2.2800  line-2-Via Pitch: 3.4100
[INFO GRT-0088] Layer TopMetal2 Track-Pitch = 4.0000  line-2-Via Pitch: 3.9500
[INFO GRT-0003] Macros: 0
[INFO GRT-0004] Blockages: 0
[INFO GRT-0019] Found 129 clock nets.
[INFO GRT-0001] Minimum degree: 2
[INFO GRT-0002] Maximum degree: 14

[INFO GRT-0053] Routing resources analysis:
          Routing      Original      Derated      Resource
Layer     Direction    Resources     Resources    Reduction (%)
---------------------------------------------------------------
Metal1     Horizontal          0             0          0.00%
Metal2     Vertical       271401        180387          33.53%
Metal3     Horizontal     322680        211048          34.60%
Metal4     Vertical       271401        180387          33.53%
Metal5     Horizontal     319287        208582          34.67%
TopMetal1    Vertical        55750         35027          37.17%
TopMetal2    Horizontal      29024         17435          39.93%
---------------------------------------------------------------

[INFO GRT-0197] Via related to pin nodes: 73064
[INFO GRT-0198] Via related Steiner nodes: 1230
[INFO GRT-0199] Via filling finished.
[INFO GRT-0111] Final number of vias: 89580
[INFO GRT-0112] Final usage 3D: 341614

[INFO GRT-0096] Final congestion report:
Layer         Resource        Demand        Usage (%)    Max H / Max V / Total Overflow
---------------------------------------------------------------------------------------
Metal1               0             0            0.00%             0 /  0 /  0
Metal2          180387         36452           20.21%             0 /  0 /  0
Metal3          211048         35411           16.78%             0 /  0 /  0
Metal4          180387           836            0.46%             0 /  0 /  0
Metal5          208582           175            0.08%             0 /  0 /  0
TopMetal1          35027             0            0.00%             0 /  0 /  0
TopMetal2          17435             0            0.00%             0 /  0 /  0
---------------------------------------------------------------------------------------
Total           832866         72874            8.75%             0 /  0 /  0

[INFO GRT-0018] Total wirelength: 744163 um
[INFO GRT-0014] Routed nets: 14572
[INFO GRT-0006] Repairing antennas, iteration 1.
[INFO GRT-0012] Found 58 antenna violations.
[INFO GRT-0302] Inserted 81 jumpers for 57 nets.
[INFO GRT-0012] Found 3 antenna violations.
[INFO GRT-0015] Inserted 6 diodes.
[INFO GRT-0009] rerouting 3050 nets.
[INFO GRT-0001] Minimum degree: 2
[INFO GRT-0002] Maximum degree: 13
[INFO GRT-0006] Repairing antennas, iteration 2.
[INFO GRT-0012] Found 20 antenna violations.
[INFO GRT-0302] Inserted 30 jumpers for 20 nets.
[INFO GRT-0012] Found 0 antenna violations.
Setting global connections for newly added cells…
[INFO] Setting global connections...
[INFO ODB-0403] 12 connections made, 0 conflicts skipped.
Updating metrics…
Cell type report:                       Count       Area
  Antenna cell                              6      32.66
  Buffer                                    4      29.03
  Clock buffer                            133    3703.19
  Timing Repair Buffer                   1867   20961.76
  Inverter                                384    2090.19
  Clock inverter                           54     381.02
  Sequential cell                         804   39387.00
  Multi-Input combinational cell        11380  117300.96
  Total                                 14632  183885.81
Writing OpenROAD database to '/home/designer/shared/FSE-LMS/design/runs/RUN_2026-01-24_18-07-11/42-openroad-repairantennas/1-diodeinsertion/top.odb'…
Writing layout to '/home/designer/shared/FSE-LMS/design/runs/RUN_2026-01-24_18-07-11/42-openroad-repairantennas/1-diodeinsertion/top.def'…
