
===========================================================================
report_checks -unconstrained
===========================================================================
======================= nom_slow_1p08V_125C Corner ===================================

Startpoint: _23146_ (rising edge-triggered flip-flop clocked by clkA)
Endpoint: _23268_ (rising edge-triggered flip-flop clocked by clkA)
Path Group: clkA
Path Type: max

Fanout         Cap        Slew       Delay        Time   Description
---------------------------------------------------------------------------------------------
                                  0.000000    0.000000   clock clkA (rise edge)
                                  0.000000    0.000000   clock source latency
     1    0.071492    0.000000    0.000000    0.000000 ^ clkA (in)
                                                         clkA (net)
                      0.032178    0.016089    0.016089 ^ clkbuf_0_clkA/A (sg13g2_buf_16)
    16    0.306419    0.141565    0.161751    0.177840 ^ clkbuf_0_clkA/X (sg13g2_buf_16)
                                                         clknet_0_clkA (net)
                      0.155902    0.034524    0.212364 ^ clkbuf_4_5_0_clkA/A (sg13g2_buf_8)
     5    0.070953    0.076673    0.194367    0.406731 ^ clkbuf_4_5_0_clkA/X (sg13g2_buf_8)
                                                         clknet_4_5_0_clkA (net)
                      0.077286    0.005369    0.412100 ^ clkbuf_leaf_43_clkA/A (sg13g2_buf_8)
    10    0.048284    0.057277    0.144682    0.556782 ^ clkbuf_leaf_43_clkA/X (sg13g2_buf_8)
                                                         clknet_leaf_43_clkA (net)
                      0.057368    0.001949    0.558731 ^ _23146_/CLK (sg13g2_dfrbpq_1)
     6    0.059152    0.306303    0.479443    1.038175 v _23146_/Q (sg13g2_dfrbpq_1)
                                                         u_FIR.sum[8][18] (net)
                      0.306428    0.005784    1.043959 v _16732_/A (sg13g2_nor4_1)
     2    0.007284    0.281473    0.383068    1.427028 ^ _16732_/Y (sg13g2_nor4_1)
                                                         _07888_ (net)
                      0.281473    0.000456    1.427484 ^ _16736_/A2 (sg13g2_a22oi_1)
     6    0.047110    0.476694    0.521072    1.948555 v _16736_/Y (sg13g2_a22oi_1)
                                                         _07892_ (net)
                      0.476829    0.006697    1.955252 v _16741_/S (sg13g2_mux2_1)
     8    0.038718    0.257790    0.497687    2.452939 ^ _16741_/X (sg13g2_mux2_1)
                                                         _07897_ (net)
                      0.257790    0.000979    2.453918 ^ _16759_/A0 (sg13g2_mux2_1)
     4    0.021865    0.156963    0.320617    2.774535 ^ _16759_/X (sg13g2_mux2_1)
                                                         _07915_ (net)
                      0.156972    0.001303    2.775838 ^ _16760_/B (sg13g2_and2_1)
     3    0.055122    0.356103    0.411017    3.186855 ^ _16760_/X (sg13g2_and2_1)
                                                         _07916_ (net)
                      0.356132    0.002719    3.189574 ^ fanout243/A (sg13g2_buf_1)
     6    0.049654    0.320092    0.412246    3.601820 ^ fanout243/X (sg13g2_buf_1)
                                                         net243 (net)
                      0.320097    0.001141    3.602961 ^ fanout239/A (sg13g2_buf_1)
     8    0.072076    0.461174    0.494975    4.097936 ^ fanout239/X (sg13g2_buf_1)
                                                         net239 (net)
                      0.461242    0.004737    4.102674 ^ _16770_/A2 (sg13g2_a22oi_1)
     4    0.021284    0.288551    0.406895    4.509569 v _16770_/Y (sg13g2_a22oi_1)
                                                         _07926_ (net)
                      0.288552    0.001101    4.510670 v _16783_/A2 (sg13g2_o21ai_1)
     2    0.007562    0.194607    0.257339    4.768008 ^ _16783_/Y (sg13g2_o21ai_1)
                                                         _07939_ (net)
                      0.194607    0.000358    4.768366 ^ _16802_/A2 (sg13g2_a21o_1)
     1    0.006013    0.064353    0.234709    5.003076 ^ _16802_/X (sg13g2_a21o_1)
                                                         _07958_ (net)
                      0.064354    0.000378    5.003454 ^ _16815_/B2 (sg13g2_a221oi_1)
     4    0.075996    0.754806    0.603454    5.606908 v _16815_/Y (sg13g2_a221oi_1)
                                                         _07971_ (net)
                      0.755015    0.010559    5.617466 v fanout126/A (sg13g2_buf_1)
     8    0.118928    0.616291    0.695502    6.312969 v fanout126/X (sg13g2_buf_1)
                                                         net126 (net)
                      0.619465    0.036355    6.349324 v _16818_/A (sg13g2_nor3_1)
     3    0.063927    1.270422    1.182125    7.531448 ^ _16818_/Y (sg13g2_nor3_1)
                                                         _07974_ (net)
                      1.270495    0.008153    7.539601 ^ fanout109/A (sg13g2_buf_1)
     6    0.061979    0.398437    0.618428    8.158030 ^ fanout109/X (sg13g2_buf_1)
                                                         net109 (net)
                      0.398462    0.003498    8.161527 ^ fanout108/A (sg13g2_buf_1)
     5    0.040424    0.263181    0.380607    8.542133 ^ fanout108/X (sg13g2_buf_1)
                                                         net108 (net)
                      0.263611    0.007633    8.549767 ^ fanout107/A (sg13g2_buf_1)
     5    0.041073    0.266800    0.349162    8.898928 ^ fanout107/X (sg13g2_buf_1)
                                                         net107 (net)
                      0.267010    0.006180    8.905108 ^ fanout106/A (sg13g2_buf_1)
     8    0.047945    0.309298    0.379776    9.284884 ^ fanout106/X (sg13g2_buf_1)
                                                         net106 (net)
                      0.309554    0.007364    9.292248 ^ _18224_/B (sg13g2_nand2_1)
     2    0.009250    0.139298    0.211204    9.503451 v _18224_/Y (sg13g2_nand2_1)
                                                         _09334_ (net)
                      0.139298    0.000310    9.503761 v _18229_/A (sg13g2_xor2_1)
     2    0.010536    0.174577    0.227267    9.731029 ^ _18229_/X (sg13g2_xor2_1)
                                                         _09339_ (net)
                      0.174577    0.000343    9.731372 ^ _18269_/A (sg13g2_xnor2_1)
     2    0.010903    0.195331    0.235854    9.967225 ^ _18269_/Y (sg13g2_xnor2_1)
                                                         _09379_ (net)
                      0.195331    0.000749    9.967975 ^ _18271_/B (sg13g2_xor2_1)
     2    0.010103    0.170385    0.269931   10.237906 ^ _18271_/X (sg13g2_xor2_1)
                                                         _09381_ (net)
                      0.170385    0.000678   10.238583 ^ _18306_/A (sg13g2_xnor2_1)
     2    0.008227    0.153451    0.212303   10.450886 ^ _18306_/Y (sg13g2_xnor2_1)
                                                         _09416_ (net)
                      0.153451    0.000502   10.451387 ^ _18309_/B (sg13g2_xnor2_1)
     2    0.009183    0.169809    0.202462   10.653850 ^ _18309_/Y (sg13g2_xnor2_1)
                                                         _09419_ (net)
                      0.169809    0.000541   10.654390 ^ _18342_/B (sg13g2_xnor2_1)
     2    0.009074    0.170808    0.208184   10.862575 ^ _18342_/Y (sg13g2_xnor2_1)
                                                         _09452_ (net)
                      0.170808    0.000544   10.863119 ^ _18439_/B (sg13g2_xor2_1)
     2    0.009580    0.162789    0.257544   11.120663 ^ _18439_/X (sg13g2_xor2_1)
                                                         _09549_ (net)
                      0.162789    0.000281   11.120944 ^ _18440_/A (sg13g2_inv_1)
     1    0.004136    0.056243    0.087069   11.208013 v _18440_/Y (sg13g2_inv_1)
                                                         _09550_ (net)
                      0.056243    0.000165   11.208178 v _18441_/A2 (sg13g2_o21ai_1)
     3    0.020747    0.353535    0.314907   11.523085 ^ _18441_/Y (sg13g2_o21ai_1)
                                                         _09551_ (net)
                      0.353568    0.002824   11.525908 ^ _18447_/B (sg13g2_and3_1)
     2    0.006880    0.076958    0.310187   11.836095 ^ _18447_/X (sg13g2_and3_1)
                                                         _09557_ (net)
                      0.076958    0.000210   11.836306 ^ _18453_/A1 (sg13g2_o21ai_1)
     2    0.006597    0.103124    0.136177   11.972483 v _18453_/Y (sg13g2_o21ai_1)
                                                         _09563_ (net)
                      0.103124    0.000463   11.972945 v _18457_/A1 (sg13g2_o21ai_1)
     3    0.013995    0.257703    0.273956   12.246902 ^ _18457_/Y (sg13g2_o21ai_1)
                                                         _09567_ (net)
                      0.257704    0.000433   12.247335 ^ _18458_/B (sg13g2_nand2b_1)
     1    0.003456    0.081206    0.147926   12.395261 v _18458_/Y (sg13g2_nand2b_1)
                                                         _09568_ (net)
                      0.081206    0.000137   12.395398 v _18460_/A2 (sg13g2_o21ai_1)
     1    0.006620    0.153730    0.172498   12.567896 ^ _18460_/Y (sg13g2_o21ai_1)
                                                         _09570_ (net)
                      0.153733    0.000277   12.568172 ^ _18474_/A (sg13g2_xnor2_1)
     2    0.037601    0.511083    0.475140   13.043313 ^ _18474_/Y (sg13g2_xnor2_1)
                                                         _09584_ (net)
                      0.511127    0.003939   13.047252 ^ fanout70/A (sg13g2_buf_1)
     8    0.037332    0.244956    0.392224   13.439476 ^ fanout70/X (sg13g2_buf_1)
                                                         net70 (net)
                      0.244977    0.002410   13.441885 ^ _18550_/B (sg13g2_xor2_1)
     3    0.011949    0.193759    0.302152   13.744038 ^ _18550_/X (sg13g2_xor2_1)
                                                         _09660_ (net)
                      0.193759    0.000306   13.744343 ^ _18551_/B (sg13g2_and2_1)
     2    0.006953    0.066004    0.210992   13.955335 ^ _18551_/X (sg13g2_and2_1)
                                                         _09661_ (net)
                      0.066004    0.000213   13.955548 ^ _18558_/A2 (sg13g2_a21oi_1)
     2    0.007509    0.144345    0.133877   14.089425 v _18558_/Y (sg13g2_a21oi_1)
                                                         _09668_ (net)
                      0.144345    0.000442   14.089868 v _18565_/A (sg13g2_or3_1)
     3    0.010929    0.091362    0.306305   14.396173 v _18565_/X (sg13g2_or3_1)
                                                         _09675_ (net)
                      0.091365    0.000616   14.396789 v _18568_/A (sg13g2_nand3_1)
     3    0.024961    0.181201    0.181859   14.578648 ^ _18568_/Y (sg13g2_nand3_1)
                                                         _09678_ (net)
                      0.181239    0.002131   14.580778 ^ _18571_/A (sg13g2_and2_1)
     3    0.029504    0.198066    0.305010   14.885788 ^ _18571_/X (sg13g2_and2_1)
                                                         _09681_ (net)
                      0.198069    0.001156   14.886944 ^ fanout34/A (sg13g2_buf_1)
     5    0.027713    0.184145    0.272362   15.159306 ^ fanout34/X (sg13g2_buf_1)
                                                         net34 (net)
                      0.184194    0.002892   15.162197 ^ fanout33/A (sg13g2_buf_1)
     8    0.033396    0.219100    0.292033   15.454230 ^ fanout33/X (sg13g2_buf_1)
                                                         net33 (net)
                      0.219242    0.004604   15.458835 ^ _18589_/A1 (sg13g2_a21o_1)
     1    0.003623    0.051200    0.227349   15.686184 ^ _18589_/X (sg13g2_a21o_1)
                                                         _09695_ (net)
                      0.051200    0.000146   15.686329 ^ _18591_/A1 (sg13g2_a21oi_1)
     1    0.003382    0.088392    0.090919   15.777248 v _18591_/Y (sg13g2_a21oi_1)
                                                         _00330_ (net)
                      0.088392    0.000211   15.777460 v _23268_/D (sg13g2_dfrbpq_1)
                                             15.777460   data arrival time

                                 20.000000   20.000000   clock clkA (rise edge)
                                  0.000000   20.000000   clock source latency
     1    0.071492    0.000000    0.000000   20.000000 ^ clkA (in)
                                                         clkA (net)
                      0.032178    0.016088   20.016088 ^ clkbuf_0_clkA/A (sg13g2_buf_16)
    16    0.306419    0.141565    0.161752   20.177841 ^ clkbuf_0_clkA/X (sg13g2_buf_16)
                                                         clknet_0_clkA (net)
                      0.155192    0.033648   20.211489 ^ clkbuf_4_4_0_clkA/A (sg13g2_buf_8)
     5    0.061883    0.070138    0.188313   20.399801 ^ clkbuf_4_4_0_clkA/X (sg13g2_buf_8)
                                                         clknet_4_4_0_clkA (net)
                      0.070811    0.005352   20.405153 ^ clkbuf_leaf_48_clkA/A (sg13g2_buf_8)
    13    0.054569    0.061654    0.144770   20.549923 ^ clkbuf_leaf_48_clkA/X (sg13g2_buf_8)
                                                         clknet_leaf_48_clkA (net)
                      0.061861    0.002442   20.552366 ^ _23268_/CLK (sg13g2_dfrbpq_1)
                                  0.000000   20.552366   clock reconvergence pessimism
                                 -0.195298   20.357067   library setup time
                                             20.357067   data required time
---------------------------------------------------------------------------------------------
                                             20.357067   data required time
                                            -15.777460   data arrival time
---------------------------------------------------------------------------------------------
                                              4.579608   slack (MET)


Startpoint: _23735_ (rising edge-triggered flip-flop clocked by spi_sclk)
Endpoint: _22983_ (rising edge-triggered flip-flop clocked by spi_sclk')
Path Group: spi_sclk
Path Type: max

Fanout         Cap        Slew       Delay        Time   Description
---------------------------------------------------------------------------------------------
                                  0.000000    0.000000   clock spi_sclk (rise edge)
                                  0.000000    0.000000   clock source latency
     1    0.040119    0.000000    0.000000    0.000000 ^ spi_sclk (in)
                                                         spi_sclk (net)
                      0.006556    0.003278    0.003278 ^ clkbuf_0_spi_sclk/A (sg13g2_buf_16)
     8    0.151422    0.077785    0.116419    0.119697 ^ clkbuf_0_spi_sclk/X (sg13g2_buf_16)
                                                         clknet_0_spi_sclk (net)
                      0.079254    0.008388    0.128086 ^ clkbuf_3_4__f_spi_sclk/A (sg13g2_buf_16)
     7    0.030679    0.035112    0.126179    0.254265 ^ clkbuf_3_4__f_spi_sclk/X (sg13g2_buf_16)
                                                         clknet_3_4__leaf_spi_sclk (net)
                      0.035133    0.001685    0.255950 ^ _23735_/CLK (sg13g2_dfrbpq_1)
     2    0.014804    0.088013    0.305211    0.561161 v _23735_/Q (sg13g2_dfrbpq_1)
                                                         spi_addr[1] (net)
                      0.088017    0.000659    0.561820 v fanout474/A (sg13g2_buf_1)
     8    0.028712    0.155876    0.221811    0.783630 v fanout474/X (sg13g2_buf_1)
                                                         net474 (net)
                      0.155891    0.001649    0.785280 v _11989_/A_N (sg13g2_nand3b_1)
     4    0.014799    0.249781    0.315986    1.101265 v _11989_/Y (sg13g2_nand3b_1)
                                                         _03406_ (net)
                      0.249781    0.000789    1.102054 v _12021_/D (sg13g2_nor4_1)
     8    0.052109    1.394318    1.144706    2.246761 ^ _12021_/Y (sg13g2_nor4_1)
                                                         _03438_ (net)
                      1.394382    0.008036    2.254796 ^ _12053_/B1 (sg13g2_a22oi_1)
     1    0.025267    0.466798    0.678446    2.933243 v _12053_/Y (sg13g2_a22oi_1)
                                                         _03467_ (net)
                      0.466806    0.002874    2.936116 v _12067_/A (sg13g2_nand4_1)
     1    0.003950    0.132290    0.165987    3.102103 ^ _12067_/Y (sg13g2_nand4_1)
                                                         _03481_ (net)
                      0.132290    0.000158    3.102261 ^ _12068_/B (sg13g2_nor2_1)
     1    0.012615    0.094589    0.127329    3.229590 v _12068_/Y (sg13g2_nor2_1)
                                                         _03482_ (net)
                      0.094664    0.001636    3.231226 v _12070_/A1 (sg13g2_o21ai_1)
     1    0.001433    0.090754    0.134497    3.365723 ^ _12070_/Y (sg13g2_o21ai_1)
                                                         _00045_ (net)
                      0.090754    0.000056    3.365779 ^ _22983_/D (sg13g2_dfrbpq_1)
                                              3.365779   data arrival time

                                 50.000000   50.000000   clock spi_sclk' (rise edge)
                                  0.000000   50.000000   clock source latency
     1    0.039492    0.000000    0.000000   50.000000 v spi_sclk (in)
                                                         spi_sclk (net)
                      0.006385    0.003194   50.003193 v clkbuf_0_spi_sclk/A (sg13g2_buf_16)
     8    0.146409    0.069221    0.121585   50.124779 v clkbuf_0_spi_sclk/X (sg13g2_buf_16)
                                                         clknet_0_spi_sclk (net)
                      0.071336    0.009454   50.134232 v clkbuf_3_7__f_spi_sclk/A (sg13g2_buf_16)
     7    0.028688    0.034026    0.128235   50.262466 v clkbuf_3_7__f_spi_sclk/X (sg13g2_buf_16)
                                                         clknet_3_7__leaf_spi_sclk (net)
                      0.034048    0.001659   50.264126 v _22970__1634/A (sg13g2_inv_1)
     1    0.003353    0.034444    0.044416   50.308540 ^ _22970__1634/Y (sg13g2_inv_1)
                                                         net1633 (net)
                      0.034444    0.000135   50.308678 ^ _22983_/CLK (sg13g2_dfrbpq_1)
                                  0.000000   50.308678   clock reconvergence pessimism
                                 -0.217314   50.091362   library setup time
                                             50.091362   data required time
---------------------------------------------------------------------------------------------
                                             50.091362   data required time
                                             -3.365779   data arrival time
---------------------------------------------------------------------------------------------
                                             46.725582   slack (MET)




===========================================================================
report_checks --slack_max -0.01
============================================================================
======================= nom_slow_1p08V_125C Corner ===================================

No paths found.


===========================================================================
 report_check_types -max_slew -max_cap -max_fanout -violators
============================================================================
======================= nom_slow_1p08V_125C Corner ===================================

max fanout

Pin                                   Limit Fanout  Slack
---------------------------------------------------------
clkbuf_0_clkA/X                           8     16     -8 (VIOLATED)
clkbuf_leaf_53_clkA/X                     8     16     -8 (VIOLATED)
clkbuf_leaf_54_clkA/X                     8     16     -8 (VIOLATED)
clkbuf_leaf_25_clkA/X                     8     15     -7 (VIOLATED)
clkbuf_leaf_52_clkA/X                     8     15     -7 (VIOLATED)
clkbuf_leaf_16_clkA/X                     8     14     -6 (VIOLATED)
clkbuf_leaf_17_clkA/X                     8     14     -6 (VIOLATED)
clkbuf_leaf_19_clkA/X                     8     14     -6 (VIOLATED)
clkbuf_leaf_35_clkA/X                     8     14     -6 (VIOLATED)
clkbuf_leaf_4_clkA/X                      8     14     -6 (VIOLATED)
clkbuf_leaf_51_clkA/X                     8     14     -6 (VIOLATED)
clkbuf_leaf_18_clkA/X                     8     13     -5 (VIOLATED)
clkbuf_leaf_20_clkA/X                     8     13     -5 (VIOLATED)
clkbuf_leaf_21_clkA/X                     8     13     -5 (VIOLATED)
clkbuf_leaf_24_clkA/X                     8     13     -5 (VIOLATED)
clkbuf_leaf_26_clkA/X                     8     13     -5 (VIOLATED)
clkbuf_leaf_34_clkA/X                     8     13     -5 (VIOLATED)
clkbuf_leaf_36_clkA/X                     8     13     -5 (VIOLATED)
clkbuf_leaf_37_clkA/X                     8     13     -5 (VIOLATED)
clkbuf_leaf_47_clkA/X                     8     13     -5 (VIOLATED)
clkbuf_leaf_48_clkA/X                     8     13     -5 (VIOLATED)
clkbuf_leaf_49_clkA/X                     8     13     -5 (VIOLATED)
clkbuf_leaf_55_clkA/X                     8     13     -5 (VIOLATED)
clkbuf_leaf_56_clkA/X                     8     13     -5 (VIOLATED)
clkbuf_leaf_59_clkA/X                     8     13     -5 (VIOLATED)
clkbuf_leaf_5_clkA/X                      8     13     -5 (VIOLATED)
clkbuf_leaf_60_clkA/X                     8     13     -5 (VIOLATED)
clkbuf_leaf_61_clkA/X                     8     13     -5 (VIOLATED)
clkbuf_leaf_62_clkA/X                     8     13     -5 (VIOLATED)
clkbuf_leaf_63_clkA/X                     8     13     -5 (VIOLATED)
clkbuf_leaf_6_clkA/X                      8     13     -5 (VIOLATED)
clkbuf_leaf_0_clkA/X                      8     12     -4 (VIOLATED)
clkbuf_leaf_10_clkA/X                     8     12     -4 (VIOLATED)
clkbuf_leaf_14_clkA/X                     8     12     -4 (VIOLATED)
clkbuf_leaf_15_clkA/X                     8     12     -4 (VIOLATED)
clkbuf_leaf_1_clkA/X                      8     12     -4 (VIOLATED)
clkbuf_leaf_22_clkA/X                     8     12     -4 (VIOLATED)
clkbuf_leaf_23_clkA/X                     8     12     -4 (VIOLATED)
clkbuf_leaf_27_clkA/X                     8     12     -4 (VIOLATED)
clkbuf_leaf_2_clkA/X                      8     12     -4 (VIOLATED)
clkbuf_leaf_32_clkA/X                     8     12     -4 (VIOLATED)
clkbuf_leaf_39_clkA/X                     8     12     -4 (VIOLATED)
clkbuf_leaf_3_clkA/X                      8     12     -4 (VIOLATED)
clkbuf_leaf_40_clkA/X                     8     12     -4 (VIOLATED)
clkbuf_leaf_46_clkA/X                     8     12     -4 (VIOLATED)
clkbuf_leaf_50_clkA/X                     8     12     -4 (VIOLATED)
clkbuf_leaf_58_clkA/X                     8     12     -4 (VIOLATED)
clkbuf_leaf_8_clkA/X                      8     12     -4 (VIOLATED)
clkbuf_leaf_9_clkA/X                      8     12     -4 (VIOLATED)
clkbuf_leaf_12_clkA/X                     8     11     -3 (VIOLATED)
clkbuf_leaf_13_clkA/X                     8     11     -3 (VIOLATED)
clkbuf_leaf_41_clkA/X                     8     11     -3 (VIOLATED)
clkbuf_leaf_57_clkA/X                     8     11     -3 (VIOLATED)
clkbuf_leaf_28_clkA/X                     8     10     -2 (VIOLATED)
clkbuf_leaf_29_clkA/X                     8     10     -2 (VIOLATED)
clkbuf_leaf_30_clkA/X                     8     10     -2 (VIOLATED)
clkbuf_leaf_31_clkA/X                     8     10     -2 (VIOLATED)
clkbuf_leaf_33_clkA/X                     8     10     -2 (VIOLATED)
clkbuf_leaf_43_clkA/X                     8     10     -2 (VIOLATED)
clkbuf_leaf_44_clkA/X                     8     10     -2 (VIOLATED)
clkbuf_leaf_45_clkA/X                     8     10     -2 (VIOLATED)
clkbuf_leaf_7_clkA/X                      8     10     -2 (VIOLATED)
fanout234/X                               8      9        (VIOLATED)



===========================================================================
report_parasitic_annotation -report_unannotated
============================================================================
Found 59 unannotated drivers.
 clkload0/X
 clkload1/X
 clkload10/X
 clkload11/X
 clkload12/X
 clkload13/X
 clkload14/Y
 clkload15/Y
 clkload16/X
 clkload17/Y
 clkload18/Y
 clkload19/Y
 clkload2/X
 clkload20/X
 clkload21/Y
 clkload22/Y
 clkload23/Y
 clkload24/Y
 clkload25/X
 clkload26/Y
 clkload27/Y
 clkload28/Y
 clkload29/Y
 clkload3/X
 clkload30/Y
 clkload31/Y
 clkload32/Y
 clkload33/X
 clkload34/X
 clkload35/X
 clkload36/Y
 clkload37/Y
 clkload38/Y
 clkload39/Y
 clkload4/X
 clkload40/Y
 clkload41/Y
 clkload42/X
 clkload43/Y
 clkload44/Y
 clkload45/X
 clkload46/Y
 clkload47/Y
 clkload48/Y
 clkload49/Y
 clkload5/X
 clkload50/Y
 clkload51/Y
 clkload52/Y
 clkload53/Y
 clkload54/Y
 clkload55/Y
 clkload56/Y
 clkload57/Y
 clkload58/X
 clkload6/X
 clkload7/X
 clkload8/X
 clkload9/X
Found 0 partially unannotated drivers.

===========================================================================
max slew violation count 0
max fanout violation count 63
max cap violation count 0
============================================================================

===========================================================================
check_setup -verbose -unconstrained_endpoints -multiple_clock -no_clock -no_input_delay -loops -generated_clocks
===========================================================================
Warning: There are 4 input ports missing set_input_delay.
  reset
  spi_mosi
  spi_ss_n
  x_serial
Warning: There are 4 unconstrained endpoints.
  spi_miso
  y_serial
  _23758_/D
  _23779_/D
