Reading timing models for corner nom_typ_1p20V_25C…
Reading timing library for the 'nom_typ_1p20V_25C' corner at '/opt/pdks/ciel/ihp-sg13g2/versions/c4b8b4e5e7a05f375cca3815d51b3a37721fbf5c/ihp-sg13g2/libs.ref/sg13g2_stdcell/lib/sg13g2_stdcell_typ_1p20V_25C.lib'…
Reading timing library for the 'nom_typ_1p20V_25C' corner at '/opt/pdks/ciel/ihp-sg13g2/versions/c4b8b4e5e7a05f375cca3815d51b3a37721fbf5c/ihp-sg13g2/libs.ref/sg13g2_io/lib/sg13g2_io_typ_1p2V_3p3V_25C.lib'…
Reading OpenROAD database at '/home/designer/shared/FSE-LMS/design/runs/RUN_2026-01-24_23-11-44/39-openroad-globalrouting/top.odb'…
Reading design constraints file at '/home/designer/shared/FSE-LMS/design/constrains/constrains.sdc'…
[INFO] No information on clock propagation in input SDC file-- propagating all clocks.
[INFO] Setting signal min routing layer to: Metal2 and clock min routing layer to Metal2. 
[INFO] Setting signal max routing layer to: TopMetal2 and clock max routing layer to TopMetal2. 
+ global_route -congestion_iterations 50 -verbose
[INFO GRT-0020] Min routing layer: Metal2
[INFO GRT-0021] Max routing layer: TopMetal2
[INFO GRT-0022] Global adjustment: 30%
[INFO GRT-0023] Grid origin: (0, 0)
[INFO GRT-0088] Layer Metal1  Track-Pitch = 0.4200  line-2-Via Pitch: 0.3650
[INFO GRT-0088] Layer Metal2  Track-Pitch = 0.4800  line-2-Via Pitch: 0.4150
[INFO GRT-0088] Layer Metal3  Track-Pitch = 0.4200  line-2-Via Pitch: 0.4150
[INFO GRT-0088] Layer Metal4  Track-Pitch = 0.4800  line-2-Via Pitch: 0.4150
[INFO GRT-0088] Layer Metal5  Track-Pitch = 0.4200  line-2-Via Pitch: 0.6200
[INFO GRT-0088] Layer TopMetal1 Track-Pitch = 2.2800  line-2-Via Pitch: 3.4100
[INFO GRT-0088] Layer TopMetal2 Track-Pitch = 4.0000  line-2-Via Pitch: 3.9500
[INFO GRT-0003] Macros: 0
[INFO GRT-0004] Blockages: 0
[INFO GRT-0019] Found 107 clock nets.
[INFO GRT-0001] Minimum degree: 2
[INFO GRT-0002] Maximum degree: 17

[INFO GRT-0053] Routing resources analysis:
          Routing      Original      Derated      Resource
Layer     Direction    Resources     Resources    Reduction (%)
---------------------------------------------------------------
Metal1     Horizontal          0             0          0.00%
Metal2     Vertical        81922         54411          33.58%
Metal3     Horizontal      97216         63544          34.64%
Metal4     Vertical        81922         54411          33.58%
Metal5     Horizontal      96250         62836          34.72%
TopMetal1    Vertical        16885         10560          37.46%
TopMetal2    Horizontal       8784          5132          41.58%
---------------------------------------------------------------

[INFO GRT-0197] Via related to pin nodes: 69127
[INFO GRT-0198] Via related Steiner nodes: 877
[INFO GRT-0199] Via filling finished.
[INFO GRT-0111] Final number of vias: 83368
[INFO GRT-0112] Final usage 3D: 298282

[INFO GRT-0096] Final congestion report:
Layer         Resource        Demand        Usage (%)    Max H / Max V / Total Overflow
---------------------------------------------------------------------------------------
Metal1               0             0            0.00%             0 /  0 /  0
Metal2           54411         21745           39.96%             0 /  0 /  0
Metal3           63544         21607           34.00%             0 /  0 /  0
Metal4           54411          3742            6.88%             0 /  0 /  0
Metal5           62836          1045            1.66%             0 /  0 /  0
TopMetal1          10560            39            0.37%             0 /  0 /  0
TopMetal2           5132             0            0.00%             0 /  0 /  0
---------------------------------------------------------------------------------------
Total           250894         48178           19.20%             0 /  0 /  0

[INFO GRT-0018] Total wirelength: 541231 um
[INFO GRT-0014] Routed nets: 13726
[INFO GRT-0006] Repairing antennas, iteration 1.
[INFO GRT-0012] Found 9 antenna violations.
[INFO GRT-0302] Inserted 19 jumpers for 9 nets.
[INFO GRT-0012] Found 0 antenna violations.
Setting global connections for newly added cells…
[INFO] Setting global connections...
[INFO ODB-0403] 0 connections made, 0 conflicts skipped.
Updating metrics…
Cell type report:                       Count       Area
  Buffer                                    4      29.03
  Clock buffer                            115    2921.18
  Timing Repair Buffer                   1043    7569.68
  Inverter                                384    2090.19
  Clock inverter                           49     348.36
  Sequential cell                         804   39387.00
  Multi-Input combinational cell        11380  117300.96
  Total                                 13779  169646.40
Writing OpenROAD database to '/home/designer/shared/FSE-LMS/design/runs/RUN_2026-01-24_23-11-44/42-openroad-repairantennas/1-diodeinsertion/top.odb'…
Writing layout to '/home/designer/shared/FSE-LMS/design/runs/RUN_2026-01-24_23-11-44/42-openroad-repairantennas/1-diodeinsertion/top.def'…
