Clock: clkA
Sources: clkA 
Generated: no
Virtual: yes
Propagated: no
Period: 20.000000

===========================================================================
report_clock_properties
============================================================================
Clock                   Period          Waveform
----------------------------------------------------
clkA                 20.000000    0.000000 10.000000

===========================================================================
report_clock_latency
============================================================================
Clock clkA
rise -> rise
    min     max
0.000000 0.000000 source latency
0.153617         network latency _23132_/CLK
        0.740464 network latency _23376_/CLK
---------------
0.153617 0.740464 latency
        0.586847 skew

fall -> fall
    min     max
0.000000 0.000000 source latency
0.140603         network latency _23132_/CLK
        0.676906 network latency _23376_/CLK
---------------
0.140603 0.676906 latency
        0.536303 skew



===========================================================================
report_clock_min_period
============================================================================
clkA period_min = 13.47 fmax = 74.22
Clock: spi_sclk
Sources: spi_sclk 
Generated: no
Virtual: yes
Propagated: no
Period: 100.000000

===========================================================================
report_clock_properties
============================================================================
Clock                   Period          Waveform
----------------------------------------------------
spi_sclk            100.000000    0.000000 50.000000

===========================================================================
report_clock_latency
============================================================================
Clock spi_sclk
rise -> rise
    min     max
0.000000 0.000000 source latency
0.055138         network latency _23740_/CLK
        0.062371 network latency _23746_/CLK
---------------
0.055138 0.062371 latency
        0.007233 skew

rise -> fall
    min     max
0.000000 0.000000 source latency
0.093066         network latency _23730_/CLK
        0.102647 network latency _22978_/CLK
---------------
0.093066 0.102647 latency
        0.009581 skew

fall -> rise
    min     max
0.000000 0.000000 source latency
0.090484         network latency _23730_/CLK
        0.099995 network latency _22978_/CLK
---------------
0.090484 0.099995 latency
        0.009511 skew

fall -> fall
    min     max
0.000000 0.000000 source latency
0.051255         network latency _23740_/CLK
        0.057796 network latency _23746_/CLK
---------------
0.051255 0.057796 latency
        0.006541 skew



===========================================================================
report_clock_min_period
============================================================================
spi_sclk period_min = 2.00 fmax = 501.18
