                                                                        Cells by Master                                                                         
┏━━━━━━━━━━━━━━━━━━━━━━━━━━━━━━━━━━━━━━━━━━━━━━━━━━━━━━━━━━━━━━━━━━━━━━━━━━━━━━━━━━━━━━━━━━━━━━━━━━━━━━━━━━━━━━━━━━┳━━━━━━━━━━━━━━━━━━━━━━━━━━━━━━━━━━━━━━━━━━━┓
┃ Cell                                                                                                             ┃ Count                                     ┃
┡━━━━━━━━━━━━━━━━━━━━━━━━━━━━━━━━━━━━━━━━━━━━━━━━━━━━━━━━━━━━━━━━━━━━━━━━━━━━━━━━━━━━━━━━━━━━━━━━━━━━━━━━━━━━━━━━━━╇━━━━━━━━━━━━━━━━━━━━━━━━━━━━━━━━━━━━━━━━━━━┩
│ sg13g2_a21o_1                                                                                                    │ 236                                       │
│ sg13g2_a21oi_1                                                                                                   │ 1306                                      │
│ sg13g2_a221oi_1                                                                                                  │ 34                                        │
│ sg13g2_a22oi_1                                                                                                   │ 290                                       │
│ sg13g2_and2_1                                                                                                    │ 323                                       │
│ sg13g2_and3_1                                                                                                    │ 76                                        │
│ sg13g2_and4_1                                                                                                    │ 9                                         │
│ sg13g2_antennanp                                                                                                 │ 9                                         │
│ sg13g2_buf_1                                                                                                     │ 1047                                      │
│ sg13g2_buf_16                                                                                                    │ 10                                        │
│ sg13g2_buf_4                                                                                                     │ 1                                         │
│ sg13g2_buf_8                                                                                                     │ 104                                       │
│ sg13g2_decap_4                                                                                                   │ 1869                                      │
│ sg13g2_decap_8                                                                                                   │ 4490                                      │
│ sg13g2_dfrbpq_1                                                                                                  │ 804                                       │
│ sg13g2_ebufn_2                                                                                                   │ 1                                         │
│ sg13g2_fill_1                                                                                                    │ 3062                                      │
│ sg13g2_fill_2                                                                                                    │ 2809                                      │
│ sg13g2_inv_1                                                                                                     │ 414                                       │
│ sg13g2_inv_2                                                                                                     │ 10                                        │
│ sg13g2_inv_4                                                                                                     │ 7                                         │
│ sg13g2_inv_8                                                                                                     │ 2                                         │
│ sg13g2_mux2_1                                                                                                    │ 126                                       │
│ sg13g2_nand2_1                                                                                                   │ 1357                                      │
│ sg13g2_nand2b_1                                                                                                  │ 549                                       │
│ sg13g2_nand3_1                                                                                                   │ 282                                       │
│ sg13g2_nand3b_1                                                                                                  │ 15                                        │
│ sg13g2_nand4_1                                                                                                   │ 97                                        │
│ sg13g2_nor2_1                                                                                                    │ 1015                                      │
│ sg13g2_nor2b_1                                                                                                   │ 481                                       │
│ sg13g2_nor3_1                                                                                                    │ 101                                       │
│ sg13g2_nor4_1                                                                                                    │ 93                                        │
│ sg13g2_o21ai_1                                                                                                   │ 1299                                      │
│ sg13g2_or2_1                                                                                                     │ 156                                       │
│ sg13g2_or3_1                                                                                                     │ 38                                        │
│ sg13g2_tiehi                                                                                                     │ 585                                       │
│ sg13g2_xnor2_1                                                                                                   │ 1956                                      │
│ sg13g2_xor2_1                                                                                                    │ 955                                       │
└──────────────────────────────────────────────────────────────────────────────────────────────────────────────────┴───────────────────────────────────────────┘
