
===========================================================================
report_checks -unconstrained
===========================================================================
======================= nom_fast_1p32V_m40C Corner ===================================

Startpoint: _23146_ (rising edge-triggered flip-flop clocked by clkA)
Endpoint: _23269_ (rising edge-triggered flip-flop clocked by clkA)
Path Group: clkA
Path Type: max

Fanout         Cap        Slew       Delay        Time   Description
---------------------------------------------------------------------------------------------
                                  0.000000    0.000000   clock clkA (rise edge)
                                  0.000000    0.000000   clock source latency
     1    0.073888    0.000000    0.000000    0.000000 ^ clkA (in)
                                                         clkA (net)
                      0.034400    0.017200    0.017200 ^ clkbuf_0_clkA/A (sg13g2_buf_16)
    16    0.325607    0.063147    0.067149    0.084349 ^ clkbuf_0_clkA/X (sg13g2_buf_16)
                                                         clknet_0_clkA (net)
                      0.094948    0.036913    0.121262 ^ clkbuf_4_5_0_clkA/A (sg13g2_buf_8)
     5    0.076949    0.035788    0.087338    0.208601 ^ clkbuf_4_5_0_clkA/X (sg13g2_buf_8)
                                                         clknet_4_5_0_clkA (net)
                      0.037313    0.005716    0.214316 ^ clkbuf_leaf_43_clkA/A (sg13g2_buf_8)
    10    0.052335    0.026026    0.059973    0.274289 ^ clkbuf_leaf_43_clkA/X (sg13g2_buf_8)
                                                         clknet_leaf_43_clkA (net)
                      0.026322    0.002103    0.276392 ^ _23146_/CLK (sg13g2_dfrbpq_1)
     6    0.061483    0.132418    0.196707    0.473099 v _23146_/Q (sg13g2_dfrbpq_1)
                                                         u_FIR.sum[8][18] (net)
                      0.132810    0.005997    0.479096 v _16732_/A (sg13g2_nor4_1)
     2    0.008197    0.126655    0.151720    0.630816 ^ _16732_/Y (sg13g2_nor4_1)
                                                         _07888_ (net)
                      0.126656    0.000514    0.631330 ^ _16736_/A2 (sg13g2_a22oi_1)
     6    0.051511    0.221214    0.219568    0.850898 v _16736_/Y (sg13g2_a22oi_1)
                                                         _07892_ (net)
                      0.221589    0.007482    0.858380 v _16741_/S (sg13g2_mux2_1)
     8    0.041876    0.114741    0.200548    1.058928 ^ _16741_/X (sg13g2_mux2_1)
                                                         _07897_ (net)
                      0.114748    0.001063    1.059991 ^ _16759_/A0 (sg13g2_mux2_1)
     4    0.023604    0.069379    0.131036    1.191027 ^ _16759_/X (sg13g2_mux2_1)
                                                         _07915_ (net)
                      0.069413    0.001426    1.192454 ^ _16760_/B (sg13g2_and2_1)
     3    0.055697    0.149664    0.162022    1.354476 ^ _16760_/X (sg13g2_and2_1)
                                                         _07916_ (net)
                      0.149735    0.002756    1.357232 ^ fanout243/A (sg13g2_buf_1)
     6    0.052117    0.140379    0.162113    1.519345 ^ fanout243/X (sg13g2_buf_1)
                                                         net243 (net)
                      0.140393    0.001201    1.520547 ^ fanout239/A (sg13g2_buf_1)
     8    0.075577    0.201311    0.195481    1.716028 ^ fanout239/X (sg13g2_buf_1)
                                                         net239 (net)
                      0.201481    0.004966    1.720994 ^ _16770_/A2 (sg13g2_a22oi_1)
     4    0.023313    0.127520    0.163271    1.884265 v _16770_/Y (sg13g2_a22oi_1)
                                                         _07926_ (net)
                      0.127538    0.001211    1.885476 v _16783_/A2 (sg13g2_o21ai_1)
     2    0.008449    0.091544    0.109932    1.995408 ^ _16783_/Y (sg13g2_o21ai_1)
                                                         _07939_ (net)
                      0.091545    0.000406    1.995814 ^ _16802_/A2 (sg13g2_a21o_1)
     1    0.006480    0.029009    0.094504    2.090319 ^ _16802_/X (sg13g2_a21o_1)
                                                         _07958_ (net)
                      0.029021    0.000419    2.090737 ^ _16815_/B2 (sg13g2_a221oi_1)
     4    0.077802    0.331545    0.248568    2.339305 v _16815_/Y (sg13g2_a221oi_1)
                                                         _07971_ (net)
                      0.332053    0.010815    2.350121 v fanout126/A (sg13g2_buf_1)
     8    0.122873    0.264262    0.262559    2.612680 v fanout126/X (sg13g2_buf_1)
                                                         net126 (net)
                      0.272499    0.036969    2.649649 v _16818_/A (sg13g2_nor3_1)
     3    0.064881    0.531357    0.460743    3.110392 ^ _16818_/Y (sg13g2_nor3_1)
                                                         _07974_ (net)
                      0.531545    0.008290    3.118682 ^ fanout109/A (sg13g2_buf_1)
     6    0.064483    0.172198    0.234386    3.353068 ^ fanout109/X (sg13g2_buf_1)
                                                         net109 (net)
                      0.172369    0.003568    3.356636 ^ fanout108/A (sg13g2_buf_1)
     5    0.042451    0.115651    0.149311    3.505947 ^ fanout108/X (sg13g2_buf_1)
                                                         net108 (net)
                      0.116480    0.007893    3.513839 ^ fanout107/A (sg13g2_buf_1)
     5    0.043147    0.117094    0.139469    3.653308 ^ fanout107/X (sg13g2_buf_1)
                                                         net107 (net)
                      0.117642    0.006495    3.659804 ^ fanout106/A (sg13g2_buf_1)
     8    0.051461    0.138493    0.153998    3.813801 ^ fanout106/X (sg13g2_buf_1)
                                                         net106 (net)
                      0.139175    0.007877    3.821678 ^ _18224_/B (sg13g2_nand2_1)
     2    0.010607    0.064932    0.083960    3.905638 v _18224_/Y (sg13g2_nand2_1)
                                                         _09334_ (net)
                      0.064932    0.000359    3.905997 v _18229_/A (sg13g2_xor2_1)
     2    0.011935    0.082040    0.094789    4.000786 ^ _18229_/X (sg13g2_xor2_1)
                                                         _09339_ (net)
                      0.082071    0.000392    4.001178 ^ _18269_/A (sg13g2_xnor2_1)
     2    0.011890    0.088958    0.095777    4.096955 ^ _18269_/Y (sg13g2_xnor2_1)
                                                         _09379_ (net)
                      0.088970    0.000826    4.097781 ^ _18271_/B (sg13g2_xor2_1)
     2    0.011307    0.079605    0.110717    4.208498 ^ _18271_/X (sg13g2_xor2_1)
                                                         _09381_ (net)
                      0.079617    0.000767    4.209265 ^ _18306_/A (sg13g2_xnor2_1)
     2    0.009187    0.071163    0.085323    4.294588 ^ _18306_/Y (sg13g2_xnor2_1)
                                                         _09416_ (net)
                      0.071167    0.000563    4.295151 ^ _18309_/B (sg13g2_xnor2_1)
     2    0.010278    0.078696    0.084815    4.379966 ^ _18309_/Y (sg13g2_xnor2_1)
                                                         _09419_ (net)
                      0.078704    0.000605    4.380571 ^ _18342_/B (sg13g2_xnor2_1)
     2    0.010053    0.078704    0.086439    4.467010 ^ _18342_/Y (sg13g2_xnor2_1)
                                                         _09452_ (net)
                      0.078711    0.000607    4.467617 ^ _18439_/B (sg13g2_xor2_1)
     2    0.010560    0.074940    0.104894    4.572511 ^ _18439_/X (sg13g2_xor2_1)
                                                         _09549_ (net)
                      0.074969    0.000309    4.572819 ^ _18440_/A (sg13g2_inv_1)
     1    0.004488    0.024232    0.032832    4.605651 v _18440_/Y (sg13g2_inv_1)
                                                         _09550_ (net)
                      0.024233    0.000180    4.605832 v _18441_/A2 (sg13g2_o21ai_1)
     3    0.022220    0.163118    0.138119    4.743951 ^ _18441_/Y (sg13g2_o21ai_1)
                                                         _09551_ (net)
                      0.163206    0.003089    4.747039 ^ _18447_/B (sg13g2_and3_1)
     2    0.007730    0.035131    0.122356    4.869396 ^ _18447_/X (sg13g2_and3_1)
                                                         _09557_ (net)
                      0.035132    0.000239    4.869635 ^ _18453_/A1 (sg13g2_o21ai_1)
     2    0.007473    0.046923    0.056988    4.926623 v _18453_/Y (sg13g2_o21ai_1)
                                                         _09563_ (net)
                      0.046932    0.000528    4.927150 v _18457_/A1 (sg13g2_o21ai_1)
     3    0.015547    0.123275    0.120677    5.047828 ^ _18457_/Y (sg13g2_o21ai_1)
                                                         _09567_ (net)
                      0.123278    0.000486    5.048314 ^ _18458_/B (sg13g2_nand2b_1)
     1    0.003808    0.037067    0.056518    5.104832 v _18458_/Y (sg13g2_nand2b_1)
                                                         _09568_ (net)
                      0.037067    0.000151    5.104983 v _18460_/A2 (sg13g2_o21ai_1)
     1    0.007509    0.074845    0.076430    5.181413 ^ _18460_/Y (sg13g2_o21ai_1)
                                                         _09570_ (net)
                      0.074847    0.000317    5.181730 ^ _18474_/A (sg13g2_xnor2_1)
     2    0.038237    0.214112    0.192036    5.373765 ^ _18474_/Y (sg13g2_xnor2_1)
                                                         _09584_ (net)
                      0.214224    0.004033    5.377799 ^ fanout70/A (sg13g2_buf_1)
     8    0.041496    0.112950    0.154943    5.532742 ^ fanout70/X (sg13g2_buf_1)
                                                         net70 (net)
                      0.113043    0.002680    5.535421 ^ _18550_/B (sg13g2_xor2_1)
     3    0.013454    0.090728    0.124596    5.660017 ^ _18550_/X (sg13g2_xor2_1)
                                                         _09660_ (net)
                      0.090730    0.000345    5.660362 ^ _18551_/B (sg13g2_and2_1)
     2    0.007866    0.030511    0.084473    5.744834 ^ _18551_/X (sg13g2_and2_1)
                                                         _09661_ (net)
                      0.030512    0.000242    5.745076 ^ _18558_/A2 (sg13g2_a21oi_1)
     2    0.008505    0.068369    0.057476    5.802552 v _18558_/Y (sg13g2_a21oi_1)
                                                         _09668_ (net)
                      0.068372    0.000509    5.803061 v _18565_/A (sg13g2_or3_1)
     3    0.012107    0.041219    0.123383    5.926444 v _18565_/X (sg13g2_or3_1)
                                                         _09675_ (net)
                      0.041232    0.000686    5.927129 v _18568_/A (sg13g2_nand3_1)
     3    0.026044    0.082040    0.074493    6.001622 ^ _18568_/Y (sg13g2_nand3_1)
                                                         _09678_ (net)
                      0.082134    0.002223    6.003845 ^ _18571_/A (sg13g2_and2_1)
     3    0.030452    0.085215    0.124441    6.128286 ^ _18571_/X (sg13g2_and2_1)
                                                         _09681_ (net)
                      0.085241    0.001210    6.129496 ^ fanout34/A (sg13g2_buf_1)
     5    0.029317    0.081217    0.108690    6.238186 ^ fanout34/X (sg13g2_buf_1)
                                                         net34 (net)
                      0.081391    0.003059    6.241246 ^ fanout33/A (sg13g2_buf_1)
     8    0.035968    0.098466    0.118372    6.359617 ^ fanout33/X (sg13g2_buf_1)
                                                         net33 (net)
                      0.098889    0.005227    6.364844 ^ _18593_/A1 (sg13g2_a21o_1)
     1    0.005841    0.027397    0.096944    6.461788 ^ _18593_/X (sg13g2_a21o_1)
                                                         _09698_ (net)
                      0.027407    0.000597    6.462386 ^ _18595_/A1 (sg13g2_a21oi_1)
     1    0.001743    0.034349    0.034379    6.496764 v _18595_/Y (sg13g2_a21oi_1)
                                                         _00331_ (net)
                      0.034349    0.000067    6.496831 v _23269_/D (sg13g2_dfrbpq_1)
                                              6.496831   data arrival time

                                 20.000000   20.000000   clock clkA (rise edge)
                                  0.000000   20.000000   clock source latency
     1    0.073888    0.000000    0.000000   20.000000 ^ clkA (in)
                                                         clkA (net)
                      0.034400    0.017200   20.017200 ^ clkbuf_0_clkA/A (sg13g2_buf_16)
    16    0.325607    0.063147    0.067148   20.084349 ^ clkbuf_0_clkA/X (sg13g2_buf_16)
                                                         clknet_0_clkA (net)
                      0.090864    0.033715   20.118065 ^ clkbuf_4_1_0_clkA/A (sg13g2_buf_8)
     5    0.075053    0.035182    0.085237   20.203300 ^ clkbuf_4_1_0_clkA/X (sg13g2_buf_8)
                                                         clknet_4_1_0_clkA (net)
                      0.036095    0.004352   20.207653 ^ clkbuf_leaf_58_clkA/A (sg13g2_buf_8)
    12    0.063233    0.029525    0.061757   20.269409 ^ clkbuf_leaf_58_clkA/X (sg13g2_buf_8)
                                                         clknet_leaf_58_clkA (net)
                      0.029941    0.002695   20.272104 ^ _23269_/CLK (sg13g2_dfrbpq_1)
                                  0.000000   20.272104   clock reconvergence pessimism
                                 -0.070565   20.201538   library setup time
                                             20.201538   data required time
---------------------------------------------------------------------------------------------
                                             20.201538   data required time
                                             -6.496831   data arrival time
---------------------------------------------------------------------------------------------
                                             13.704707   slack (MET)


Startpoint: _23736_ (rising edge-triggered flip-flop clocked by spi_sclk)
Endpoint: _22983_ (rising edge-triggered flip-flop clocked by spi_sclk')
Path Group: spi_sclk
Path Type: max

Fanout         Cap        Slew       Delay        Time   Description
---------------------------------------------------------------------------------------------
                                  0.000000    0.000000   clock spi_sclk (rise edge)
                                  0.000000    0.000000   clock source latency
     1    0.042515    0.000000    0.000000    0.000000 ^ spi_sclk (in)
                                                         spi_sclk (net)
                      0.007211    0.003606    0.003606 ^ clkbuf_0_spi_sclk/A (sg13g2_buf_16)
     8    0.170589    0.036589    0.051959    0.055565 ^ clkbuf_0_spi_sclk/X (sg13g2_buf_16)
                                                         clknet_0_spi_sclk (net)
                      0.041854    0.010368    0.065933 ^ clkbuf_3_5__f_spi_sclk/A (sg13g2_buf_16)
     7    0.033022    0.016350    0.053691    0.119624 ^ clkbuf_3_5__f_spi_sclk/X (sg13g2_buf_16)
                                                         clknet_3_5__leaf_spi_sclk (net)
                      0.016369    0.001022    0.120646 ^ _23736_/CLK (sg13g2_dfrbpq_1)
     4    0.018228    0.043777    0.133065    0.253711 v _23736_/Q (sg13g2_dfrbpq_1)
                                                         spi_addr[2] (net)
                      0.043800    0.000924    0.254634 v _11981_/B (sg13g2_nor2_1)
     4    0.016574    0.099567    0.091347    0.345982 ^ _11981_/Y (sg13g2_nor2_1)
                                                         _03398_ (net)
                      0.099577    0.000835    0.346817 ^ _11989_/B (sg13g2_nand3b_1)
     4    0.016433    0.117023    0.130953    0.477770 v _11989_/Y (sg13g2_nand3b_1)
                                                         _03406_ (net)
                      0.117032    0.000870    0.478640 v _12021_/D (sg13g2_nor4_1)
     8    0.055871    0.608847    0.482716    0.961356 ^ _12021_/Y (sg13g2_nor4_1)
                                                         _03438_ (net)
                      0.609026    0.008703    0.970060 ^ _12053_/B1 (sg13g2_a22oi_1)
     1    0.025669    0.195804    0.242910    1.212969 v _12053_/Y (sg13g2_a22oi_1)
                                                         _03467_ (net)
                      0.195873    0.002945    1.215915 v _12067_/A (sg13g2_nand4_1)
     1    0.004316    0.053601    0.056639    1.272554 ^ _12067_/Y (sg13g2_nand4_1)
                                                         _03481_ (net)
                      0.053601    0.000173    1.272727 ^ _12068_/B (sg13g2_nor2_1)
     1    0.013147    0.042399    0.047285    1.320012 v _12068_/Y (sg13g2_nor2_1)
                                                         _03482_ (net)
                      0.042507    0.001734    1.321746 v _12070_/A1 (sg13g2_o21ai_1)
     1    0.001593    0.042695    0.055299    1.377045 ^ _12070_/Y (sg13g2_o21ai_1)
                                                         _00045_ (net)
                      0.042695    0.000063    1.377108 ^ _22983_/D (sg13g2_dfrbpq_1)
                                              1.377108   data arrival time

                                 50.000000   50.000000   clock spi_sclk' (rise edge)
                                  0.000000   50.000000   clock source latency
     1    0.042065    0.000000    0.000000   50.000000 v spi_sclk (in)
                                                         spi_sclk (net)
                      0.007089    0.003546   50.003544 v clkbuf_0_spi_sclk/A (sg13g2_buf_16)
     8    0.166993    0.032699    0.053468   50.057011 v clkbuf_0_spi_sclk/X (sg13g2_buf_16)
                                                         clknet_0_spi_sclk (net)
                      0.038438    0.010189   50.067200 v clkbuf_3_7__f_spi_sclk/A (sg13g2_buf_16)
     7    0.031477    0.015724    0.055380   50.122581 v clkbuf_3_7__f_spi_sclk/X (sg13g2_buf_16)
                                                         clknet_3_7__leaf_spi_sclk (net)
                      0.015797    0.001819   50.124401 v _22970__1634/A (sg13g2_inv_1)
     1    0.003758    0.015649    0.019689   50.144089 ^ _22970__1634/Y (sg13g2_inv_1)
                                                         net1633 (net)
                      0.015649    0.000149   50.144238 ^ _22983_/CLK (sg13g2_dfrbpq_1)
                                  0.000000   50.144238   clock reconvergence pessimism
                                 -0.081997   50.062241   library setup time
                                             50.062241   data required time
---------------------------------------------------------------------------------------------
                                             50.062241   data required time
                                             -1.377108   data arrival time
---------------------------------------------------------------------------------------------
                                             48.685135   slack (MET)




===========================================================================
report_checks --slack_max -0.01
============================================================================
======================= nom_fast_1p32V_m40C Corner ===================================

No paths found.


===========================================================================
 report_check_types -max_slew -max_cap -max_fanout -violators
============================================================================
======================= nom_fast_1p32V_m40C Corner ===================================

max fanout

Pin                                   Limit Fanout  Slack
---------------------------------------------------------
clkbuf_0_clkA/X                           8     16     -8 (VIOLATED)
clkbuf_leaf_53_clkA/X                     8     16     -8 (VIOLATED)
clkbuf_leaf_54_clkA/X                     8     16     -8 (VIOLATED)
clkbuf_leaf_25_clkA/X                     8     15     -7 (VIOLATED)
clkbuf_leaf_52_clkA/X                     8     15     -7 (VIOLATED)
clkbuf_leaf_16_clkA/X                     8     14     -6 (VIOLATED)
clkbuf_leaf_17_clkA/X                     8     14     -6 (VIOLATED)
clkbuf_leaf_19_clkA/X                     8     14     -6 (VIOLATED)
clkbuf_leaf_35_clkA/X                     8     14     -6 (VIOLATED)
clkbuf_leaf_4_clkA/X                      8     14     -6 (VIOLATED)
clkbuf_leaf_51_clkA/X                     8     14     -6 (VIOLATED)
clkbuf_leaf_18_clkA/X                     8     13     -5 (VIOLATED)
clkbuf_leaf_20_clkA/X                     8     13     -5 (VIOLATED)
clkbuf_leaf_21_clkA/X                     8     13     -5 (VIOLATED)
clkbuf_leaf_24_clkA/X                     8     13     -5 (VIOLATED)
clkbuf_leaf_26_clkA/X                     8     13     -5 (VIOLATED)
clkbuf_leaf_34_clkA/X                     8     13     -5 (VIOLATED)
clkbuf_leaf_36_clkA/X                     8     13     -5 (VIOLATED)
clkbuf_leaf_37_clkA/X                     8     13     -5 (VIOLATED)
clkbuf_leaf_47_clkA/X                     8     13     -5 (VIOLATED)
clkbuf_leaf_48_clkA/X                     8     13     -5 (VIOLATED)
clkbuf_leaf_49_clkA/X                     8     13     -5 (VIOLATED)
clkbuf_leaf_55_clkA/X                     8     13     -5 (VIOLATED)
clkbuf_leaf_56_clkA/X                     8     13     -5 (VIOLATED)
clkbuf_leaf_59_clkA/X                     8     13     -5 (VIOLATED)
clkbuf_leaf_5_clkA/X                      8     13     -5 (VIOLATED)
clkbuf_leaf_60_clkA/X                     8     13     -5 (VIOLATED)
clkbuf_leaf_61_clkA/X                     8     13     -5 (VIOLATED)
clkbuf_leaf_62_clkA/X                     8     13     -5 (VIOLATED)
clkbuf_leaf_63_clkA/X                     8     13     -5 (VIOLATED)
clkbuf_leaf_6_clkA/X                      8     13     -5 (VIOLATED)
clkbuf_leaf_0_clkA/X                      8     12     -4 (VIOLATED)
clkbuf_leaf_10_clkA/X                     8     12     -4 (VIOLATED)
clkbuf_leaf_14_clkA/X                     8     12     -4 (VIOLATED)
clkbuf_leaf_15_clkA/X                     8     12     -4 (VIOLATED)
clkbuf_leaf_1_clkA/X                      8     12     -4 (VIOLATED)
clkbuf_leaf_22_clkA/X                     8     12     -4 (VIOLATED)
clkbuf_leaf_23_clkA/X                     8     12     -4 (VIOLATED)
clkbuf_leaf_27_clkA/X                     8     12     -4 (VIOLATED)
clkbuf_leaf_2_clkA/X                      8     12     -4 (VIOLATED)
clkbuf_leaf_32_clkA/X                     8     12     -4 (VIOLATED)
clkbuf_leaf_39_clkA/X                     8     12     -4 (VIOLATED)
clkbuf_leaf_3_clkA/X                      8     12     -4 (VIOLATED)
clkbuf_leaf_40_clkA/X                     8     12     -4 (VIOLATED)
clkbuf_leaf_46_clkA/X                     8     12     -4 (VIOLATED)
clkbuf_leaf_50_clkA/X                     8     12     -4 (VIOLATED)
clkbuf_leaf_58_clkA/X                     8     12     -4 (VIOLATED)
clkbuf_leaf_8_clkA/X                      8     12     -4 (VIOLATED)
clkbuf_leaf_9_clkA/X                      8     12     -4 (VIOLATED)
clkbuf_leaf_12_clkA/X                     8     11     -3 (VIOLATED)
clkbuf_leaf_13_clkA/X                     8     11     -3 (VIOLATED)
clkbuf_leaf_41_clkA/X                     8     11     -3 (VIOLATED)
clkbuf_leaf_57_clkA/X                     8     11     -3 (VIOLATED)
clkbuf_leaf_28_clkA/X                     8     10     -2 (VIOLATED)
clkbuf_leaf_29_clkA/X                     8     10     -2 (VIOLATED)
clkbuf_leaf_30_clkA/X                     8     10     -2 (VIOLATED)
clkbuf_leaf_31_clkA/X                     8     10     -2 (VIOLATED)
clkbuf_leaf_33_clkA/X                     8     10     -2 (VIOLATED)
clkbuf_leaf_43_clkA/X                     8     10     -2 (VIOLATED)
clkbuf_leaf_44_clkA/X                     8     10     -2 (VIOLATED)
clkbuf_leaf_45_clkA/X                     8     10     -2 (VIOLATED)
clkbuf_leaf_7_clkA/X                      8     10     -2 (VIOLATED)
fanout234/X                               8      9        (VIOLATED)



===========================================================================
report_parasitic_annotation -report_unannotated
============================================================================
Found 59 unannotated drivers.
 clkload0/X
 clkload1/X
 clkload10/X
 clkload11/X
 clkload12/X
 clkload13/X
 clkload14/Y
 clkload15/Y
 clkload16/X
 clkload17/Y
 clkload18/Y
 clkload19/Y
 clkload2/X
 clkload20/X
 clkload21/Y
 clkload22/Y
 clkload23/Y
 clkload24/Y
 clkload25/X
 clkload26/Y
 clkload27/Y
 clkload28/Y
 clkload29/Y
 clkload3/X
 clkload30/Y
 clkload31/Y
 clkload32/Y
 clkload33/X
 clkload34/X
 clkload35/X
 clkload36/Y
 clkload37/Y
 clkload38/Y
 clkload39/Y
 clkload4/X
 clkload40/Y
 clkload41/Y
 clkload42/X
 clkload43/Y
 clkload44/Y
 clkload45/X
 clkload46/Y
 clkload47/Y
 clkload48/Y
 clkload49/Y
 clkload5/X
 clkload50/Y
 clkload51/Y
 clkload52/Y
 clkload53/Y
 clkload54/Y
 clkload55/Y
 clkload56/Y
 clkload57/Y
 clkload58/X
 clkload6/X
 clkload7/X
 clkload8/X
 clkload9/X
Found 0 partially unannotated drivers.

===========================================================================
max slew violation count 0
max fanout violation count 63
max cap violation count 0
============================================================================

===========================================================================
check_setup -verbose -unconstrained_endpoints -multiple_clock -no_clock -no_input_delay -loops -generated_clocks
===========================================================================
Warning: There are 4 input ports missing set_input_delay.
  reset
  spi_mosi
  spi_ss_n
  x_serial
Warning: There are 4 unconstrained endpoints.
  spi_miso
  y_serial
  _23758_/D
  _23779_/D
