Reading timing models for corner nom_fast_1p32V_m40C…
Reading timing library for the 'nom_fast_1p32V_m40C' corner at '/opt/pdks/ciel/ihp-sg13g2/versions/c4b8b4e5e7a05f375cca3815d51b3a37721fbf5c/ihp-sg13g2/libs.ref/sg13g2_stdcell/lib/sg13g2_stdcell_fast_1p32V_m40C.lib'…
Reading timing library for the 'nom_fast_1p32V_m40C' corner at '/opt/pdks/ciel/ihp-sg13g2/versions/c4b8b4e5e7a05f375cca3815d51b3a37721fbf5c/ihp-sg13g2/libs.ref/sg13g2_io/lib/sg13g2_io_fast_1p32V_3p6V_m40C.lib'…
Reading timing models for corner nom_slow_1p08V_125C…
Reading timing library for the 'nom_slow_1p08V_125C' corner at '/opt/pdks/ciel/ihp-sg13g2/versions/c4b8b4e5e7a05f375cca3815d51b3a37721fbf5c/ihp-sg13g2/libs.ref/sg13g2_stdcell/lib/sg13g2_stdcell_slow_1p08V_125C.lib'…
Reading timing library for the 'nom_slow_1p08V_125C' corner at '/opt/pdks/ciel/ihp-sg13g2/versions/c4b8b4e5e7a05f375cca3815d51b3a37721fbf5c/ihp-sg13g2/libs.ref/sg13g2_io/lib/sg13g2_io_slow_1p08V_3p0V_125C.lib'…
Reading timing models for corner nom_typ_1p20V_25C…
Reading timing library for the 'nom_typ_1p20V_25C' corner at '/opt/pdks/ciel/ihp-sg13g2/versions/c4b8b4e5e7a05f375cca3815d51b3a37721fbf5c/ihp-sg13g2/libs.ref/sg13g2_stdcell/lib/sg13g2_stdcell_typ_1p20V_25C.lib'…
Reading timing library for the 'nom_typ_1p20V_25C' corner at '/opt/pdks/ciel/ihp-sg13g2/versions/c4b8b4e5e7a05f375cca3815d51b3a37721fbf5c/ihp-sg13g2/libs.ref/sg13g2_io/lib/sg13g2_io_typ_1p2V_3p3V_25C.lib'…
Reading OpenROAD database at '/home/designer/shared/FSE-LMS/design/runs/RUN_2026-01-24_20-16-41/35-openroad-cts/top.odb'…
Reading design constraints file at '/home/designer/shared/FSE-LMS/design/constrains/constrains.sdc'…
[INFO] No information on clock propagation in input SDC file-- propagating all clocks.
+ repair_timing -verbose -setup -setup_margin 0.05000000000000000277555756156289135105907917022705078125 -max_buffer_percent 50
[INFO RSZ-0100] Repair move sequence: UnbufferMove SizeUpMove SwapPinsMove BufferMove CloneMove SplitLoadMove 
[INFO RSZ-0094] Found 207 endpoints with setup violations.
[INFO RSZ-0099] Repairing 207 out of 207 (100.00%) violating endpoints...
   Iter   | Removed | Resized | Inserted | Cloned |  Pin  |   Area   |    WNS   |   TNS      |  Viol  | Worst
          | Buffers |  Gates  | Buffers  |  Gates | Swaps |          |          |            | Endpts | Endpt
--------------------------------------------------------------------------------------------------------------
        0 |       0 |       0 |        0 |      0 |     0 |    +0.0% |   -3.457 |     -570.3 |    207 | _23268_/D
       10 |       0 |       5 |        4 |      0 |     2 |    +0.0% |   -2.402 |     -368.9 |    207 | _23268_/D
       20 |       0 |      10 |        8 |      0 |     5 |    +0.1% |   -1.935 |     -296.7 |    207 | _23268_/D
       30 |       0 |      17 |        9 |      0 |     7 |    +0.1% |   -1.653 |     -260.3 |    207 | _23367_/D
       40 |       0 |      20 |       13 |      0 |    11 |    +0.1% |   -1.575 |     -255.0 |    207 | _23268_/D
       50 |       0 |      25 |       18 |      0 |    12 |    +0.2% |   -1.398 |     -218.1 |    207 | _23268_/D
       60 |       0 |      33 |       19 |      0 |    13 |    +0.2% |   -1.310 |     -203.2 |    207 | _23268_/D
       70 |       0 |      41 |       20 |      0 |    14 |    +0.2% |   -1.235 |     -190.5 |    207 | _23386_/D
       80 |       0 |      46 |       23 |      0 |    17 |    +0.2% |   -1.167 |     -175.0 |    207 | _23367_/D
       90 |       0 |      48 |       27 |      0 |    22 |    +0.3% |   -1.102 |     -165.0 |    207 | _23367_/D
      100 |       0 |      50 |       34 |      0 |    23 |    +0.3% |   -1.033 |     -159.9 |    207 | _23336_/D
      110 |       0 |      50 |       44 |      0 |    23 |    +0.3% |   -1.033 |     -159.9 |    207 | _23336_/D
      120 |       0 |      50 |       54 |      0 |    23 |    +0.4% |   -1.033 |     -159.9 |    207 | _23336_/D
      130 |       0 |      50 |       64 |      0 |    23 |    +0.4% |   -1.033 |     -159.9 |    207 | _23336_/D
      140 |       0 |      50 |       74 |      0 |    23 |    +0.5% |   -1.033 |     -159.9 |    207 | _23336_/D
      145 |       0 |      50 |       29 |      0 |    23 |    +0.3% |   -1.033 |     -159.9 |    207 | _23336_/D
      150 |       0 |      54 |       29 |      0 |    23 |    +0.3% |   -0.862 |     -124.7 |    207 | _23336_/D
      160 |       0 |      61 |       32 |      0 |    23 |    +0.3% |   -0.862 |     -108.8 |    207 | _23336_/D
      170 |       0 |      61 |       42 |      0 |    23 |    +0.3% |   -0.862 |     -108.8 |    207 | _23336_/D
      180 |       0 |      61 |       52 |      0 |    23 |    +0.4% |   -0.862 |     -108.8 |    207 | _23336_/D
      190 |       0 |      61 |       62 |      0 |    23 |    +0.4% |   -0.862 |     -108.8 |    207 | _23336_/D
      200 |       0 |      61 |       72 |      0 |    23 |    +0.5% |   -0.862 |     -108.8 |    207 | _23336_/D
      204 |       0 |      58 |       29 |      0 |    23 |    +0.3% |   -0.862 |     -118.5 |    207 | _23336_/D
      210 |       0 |      61 |       31 |      0 |    23 |    +0.3% |   -0.862 |     -108.8 |    207 | _23336_/D
      220 |       0 |      61 |       41 |      0 |    23 |    +0.3% |   -0.862 |     -108.8 |    207 | _23336_/D
      230 |       0 |      61 |       51 |      0 |    23 |    +0.4% |   -0.862 |     -108.8 |    207 | _23336_/D
      240 |       0 |      61 |       61 |      0 |    23 |    +0.4% |   -0.862 |     -108.8 |    207 | _23336_/D
      250 |       0 |      61 |       71 |      0 |    23 |    +0.5% |   -0.862 |     -108.8 |    207 | _23336_/D
      255 |       0 |      58 |       29 |      0 |    23 |    +0.3% |   -0.862 |     -118.5 |    207 | _23336_/D
      260 |       0 |      61 |       30 |      0 |    23 |    +0.3% |   -0.862 |     -108.8 |    207 | _23336_/D
      270 |       0 |      61 |       40 |      0 |    23 |    +0.3% |   -0.862 |     -108.8 |    207 | _23336_/D
      280 |       0 |      61 |       50 |      0 |    23 |    +0.4% |   -0.862 |     -108.8 |    207 | _23336_/D
      290 |       0 |      61 |       60 |      0 |    23 |    +0.4% |   -0.862 |     -108.8 |    207 | _23336_/D
      300 |       0 |      61 |       70 |      0 |    23 |    +0.5% |   -0.862 |     -108.8 |    207 | _23336_/D
      306 |       0 |      58 |       29 |      0 |    23 |    +0.3% |   -0.862 |     -118.5 |    207 | _23336_/D
      310 |       0 |      61 |       29 |      0 |    23 |    +0.3% |   -0.862 |     -108.8 |    207 | _23336_/D
      320 |       0 |      61 |       39 |      0 |    23 |    +0.3% |   -0.862 |     -108.8 |    207 | _23336_/D
      330 |       0 |      61 |       49 |      0 |    23 |    +0.4% |   -0.862 |     -108.8 |    207 | _23336_/D
      340 |       0 |      61 |       59 |      0 |    23 |    +0.4% |   -0.862 |     -108.8 |    207 | _23336_/D
      350 |       0 |      61 |       69 |      0 |    23 |    +0.5% |   -0.862 |     -108.8 |    207 | _23336_/D
      357 |       0 |      58 |       29 |      0 |    23 |    +0.3% |   -0.862 |     -118.5 |    207 | _23336_/D
      360 |       0 |      60 |       29 |      0 |    23 |    +0.3% |   -0.862 |     -111.0 |    207 | _23336_/D
      370 |       0 |      61 |       38 |      0 |    23 |    +0.3% |   -0.862 |     -108.8 |    207 | _23336_/D
      380 |       0 |      61 |       48 |      0 |    23 |    +0.4% |   -0.862 |     -108.8 |    207 | _23336_/D
      390 |       0 |      61 |       58 |      0 |    23 |    +0.4% |   -0.862 |     -108.8 |    207 | _23336_/D
      400 |       0 |      61 |       68 |      0 |    23 |    +0.5% |   -0.862 |     -108.8 |    207 | _23336_/D
      408 |       0 |      58 |       29 |      0 |    23 |    +0.3% |   -0.862 |     -118.5 |    207 | _23336_/D
      410 |       0 |      59 |       29 |      0 |    23 |    +0.3% |   -0.862 |     -116.0 |    207 | _23336_/D
      420 |       0 |      61 |       37 |      0 |    23 |    +0.3% |   -0.862 |     -108.8 |    207 | _23336_/D
      430 |       0 |      61 |       47 |      0 |    23 |    +0.4% |   -0.862 |     -108.8 |    207 | _23336_/D
      440 |       0 |      61 |       57 |      0 |    23 |    +0.4% |   -0.862 |     -108.8 |    207 | _23336_/D
      450 |       0 |      61 |       67 |      0 |    23 |    +0.5% |   -0.862 |     -108.8 |    207 | _23336_/D
      459 |       0 |      58 |       29 |      0 |    23 |    +0.3% |   -0.862 |     -118.5 |    207 | _23336_/D
      460 |       0 |      58 |       29 |      0 |    23 |    +0.3% |   -0.862 |     -118.5 |    207 | _23336_/D
      470 |       0 |      61 |       36 |      0 |    23 |    +0.3% |   -0.862 |     -108.8 |    207 | _23336_/D
      480 |       0 |      61 |       46 |      0 |    23 |    +0.4% |   -0.862 |     -108.8 |    207 | _23336_/D
      490 |       0 |      61 |       56 |      0 |    23 |    +0.4% |   -0.862 |     -108.8 |    207 | _23336_/D
      500 |       0 |      61 |       66 |      0 |    23 |    +0.5% |   -0.862 |     -108.8 |    207 | _23336_/D
      510 |       0 |      61 |       76 |      0 |    23 |    +0.5% |   -0.862 |     -108.8 |    207 | _23336_/D
      510 |       0 |      58 |       29 |      0 |    23 |    +0.3% |   -0.862 |     -118.5 |    207 | _23336_/D
      520 |       0 |      61 |       33 |      0 |    26 |    +0.3% |   -0.862 |     -113.4 |    207 | _23336_/D
      530 |       0 |      66 |       37 |      0 |    28 |    +0.3% |   -0.862 |     -103.7 |    207 | _23336_/D
      540 |       0 |      70 |       42 |      0 |    31 |    +0.4% |   -0.766 |      -89.7 |    207 | _23336_/D
      550 |       0 |      75 |       44 |      0 |    34 |    +0.4% |   -0.759 |      -81.8 |    207 | _23336_/D
      560 |       0 |      78 |       49 |      0 |    36 |    +0.4% |   -0.739 |      -75.1 |    207 | _23336_/D
      569 |       0 |      84 |       50 |      0 |    38 |    +0.4% |   -0.739 |      -73.4 |    205 | _23336_/D
      570 |       0 |      84 |       50 |      0 |    38 |    +0.4% |   -0.739 |      -73.4 |    205 | _23336_/D
      570 |       0 |      84 |       50 |      0 |    38 |    +0.4% |   -0.739 |      -73.4 |    204 | _23336_/D
      571 |       0 |      84 |       50 |      0 |    38 |    +0.4% |   -0.739 |      -73.4 |    203 | _23336_/D
      580 |       0 |      89 |       53 |      0 |    38 |    +0.5% |   -0.739 |      -67.3 |    203 | _23336_/D
      590 |       0 |      92 |       57 |      0 |    41 |    +0.5% |   -0.739 |      -64.8 |    203 | _23336_/D
      600 |       0 |      94 |       61 |      0 |    45 |    +0.5% |   -0.739 |      -63.0 |    203 | _23336_/D
      605 |       0 |      98 |       61 |      0 |    46 |    +0.5% |   -0.739 |      -62.9 |    201 | _23336_/D
      606 |       0 |      98 |       61 |      0 |    46 |    +0.5% |   -0.739 |      -62.9 |    200 | _23336_/D
      607 |       0 |      98 |       61 |      0 |    46 |    +0.5% |   -0.739 |      -62.9 |    199 | _23336_/D
      608 |       0 |      98 |       61 |      0 |    46 |    +0.5% |   -0.739 |      -62.9 |    198 | _23336_/D
      609 |       0 |      98 |       61 |      0 |    46 |    +0.5% |   -0.739 |      -62.9 |    197 | _23336_/D
      610 |       0 |      98 |       61 |      0 |    46 |    +0.5% |   -0.739 |      -62.9 |    197 | _23336_/D
      610 |       0 |      98 |       61 |      0 |    46 |    +0.5% |   -0.739 |      -62.9 |    196 | _23336_/D
      611 |       0 |      98 |       61 |      0 |    46 |    +0.5% |   -0.739 |      -62.9 |    195 | _23336_/D
      612 |       0 |      98 |       61 |      0 |    46 |    +0.5% |   -0.739 |      -62.9 |    194 | _23336_/D
      613 |       0 |      98 |       61 |      0 |    46 |    +0.5% |   -0.739 |      -62.9 |    193 | _23336_/D
      614 |       0 |      98 |       61 |      0 |    46 |    +0.5% |   -0.739 |      -62.9 |    192 | _23336_/D
      615 |       0 |      98 |       61 |      0 |    46 |    +0.5% |   -0.739 |      -62.9 |    191 | _23336_/D
      616 |       0 |      98 |       61 |      0 |    46 |    +0.5% |   -0.739 |      -62.9 |    190 | _23336_/D
      617 |       0 |      98 |       61 |      0 |    46 |    +0.5% |   -0.739 |      -62.9 |    189 | _23336_/D
      618 |       0 |      98 |       61 |      0 |    46 |    +0.5% |   -0.739 |      -62.9 |    188 | _23336_/D
      619 |       0 |      98 |       61 |      0 |    46 |    +0.5% |   -0.739 |      -62.9 |    187 | _23336_/D
      620 |       0 |      98 |       61 |      0 |    46 |    +0.5% |   -0.739 |      -62.9 |    187 | _23336_/D
      620 |       0 |      98 |       61 |      0 |    46 |    +0.5% |   -0.739 |      -62.9 |    186 | _23336_/D
      621 |       0 |      98 |       61 |      0 |    46 |    +0.5% |   -0.739 |      -62.9 |    185 | _23336_/D
      622 |       0 |      98 |       61 |      0 |    46 |    +0.5% |   -0.739 |      -62.9 |    184 | _23336_/D
      623 |       0 |      98 |       61 |      0 |    46 |    +0.5% |   -0.739 |      -62.9 |    183 | _23336_/D
      624 |       0 |      98 |       61 |      0 |    46 |    +0.5% |   -0.739 |      -62.9 |    182 | _23336_/D
      625 |       0 |      98 |       61 |      0 |    46 |    +0.5% |   -0.739 |      -62.9 |    181 | _23336_/D
      630 |       0 |     100 |       63 |      0 |    47 |    +0.5% |   -0.739 |      -61.6 |    181 | _23336_/D
      640 |       0 |     101 |       67 |      0 |    52 |    +0.6% |   -0.739 |      -58.8 |    181 | _23336_/D
      650 |       0 |     104 |       72 |      0 |    55 |    +0.6% |   -0.739 |      -56.5 |    181 | _23336_/D
      660 |       0 |     109 |       76 |      0 |    56 |    +0.6% |   -0.739 |      -55.9 |    181 | _23336_/D
      670 |       0 |     111 |       82 |      0 |    58 |    +0.6% |   -0.739 |      -64.5 |    181 | _23336_/D
      680 |       0 |     113 |       86 |      0 |    62 |    +0.7% |   -0.739 |      -58.3 |    181 | _23336_/D
      683 |       0 |     110 |       81 |      0 |    58 |    +0.6% |   -0.739 |      -55.2 |    180 | _23336_/D
      690 |       0 |     112 |       85 |      0 |    58 |    +0.7% |   -0.739 |      -62.3 |    180 | _23336_/D
      693 |       0 |     114 |       86 |      0 |    58 |    +0.7% |   -0.739 |      -58.2 |    178 | _23336_/D
      694 |       0 |     114 |       86 |      0 |    58 |    +0.7% |   -0.739 |      -58.2 |    177 | _23336_/D
      695 |       0 |     114 |       86 |      0 |    58 |    +0.7% |   -0.739 |      -58.2 |    176 | _23336_/D
      696 |       0 |     114 |       86 |      0 |    58 |    +0.7% |   -0.739 |      -58.2 |    175 | _23336_/D
      698 |       0 |     114 |       87 |      0 |    58 |    +0.7% |   -0.739 |      -58.1 |    173 | _23336_/D
      699 |       0 |     114 |       87 |      0 |    58 |    +0.7% |   -0.739 |      -58.1 |    172 | _23336_/D
      700 |       0 |     114 |       87 |      0 |    58 |    +0.7% |   -0.739 |      -58.1 |    172 | _23336_/D
      700 |       0 |     114 |       87 |      0 |    58 |    +0.7% |   -0.739 |      -58.1 |    171 | _23336_/D
      701 |       0 |     114 |       87 |      0 |    58 |    +0.7% |   -0.739 |      -58.1 |    170 | _23336_/D
      702 |       0 |     114 |       87 |      0 |    58 |    +0.7% |   -0.739 |      -58.1 |    169 | _23336_/D
      703 |       0 |     114 |       87 |      0 |    58 |    +0.7% |   -0.739 |      -58.1 |    168 | _23336_/D
      704 |       0 |     114 |       87 |      0 |    58 |    +0.7% |   -0.739 |      -58.1 |    167 | _23336_/D
      705 |       0 |     114 |       87 |      0 |    58 |    +0.7% |   -0.739 |      -58.1 |    166 | _23336_/D
      706 |       0 |     114 |       87 |      0 |    58 |    +0.7% |   -0.739 |      -58.1 |    165 | _23336_/D
      707 |       0 |     114 |       87 |      0 |    58 |    +0.7% |   -0.739 |      -58.1 |    164 | _23336_/D
      708 |       0 |     114 |       87 |      0 |    58 |    +0.7% |   -0.739 |      -58.1 |    163 | _23336_/D
      709 |       0 |     114 |       87 |      0 |    58 |    +0.7% |   -0.739 |      -58.1 |    162 | _23336_/D
      710 |       0 |     114 |       87 |      0 |    58 |    +0.7% |   -0.739 |      -58.1 |    162 | _23336_/D
      710 |       0 |     114 |       87 |      0 |    58 |    +0.7% |   -0.739 |      -58.1 |    161 | _23336_/D
      711 |       0 |     114 |       87 |      0 |    58 |    +0.7% |   -0.739 |      -58.1 |    160 | _23336_/D
      712 |       0 |     114 |       87 |      0 |    58 |    +0.7% |   -0.739 |      -58.1 |    159 | _23336_/D
      713 |       0 |     114 |       87 |      0 |    58 |    +0.7% |   -0.739 |      -58.1 |    158 | _23336_/D
      714 |       0 |     114 |       87 |      0 |    58 |    +0.7% |   -0.739 |      -58.1 |    157 | _23336_/D
      715 |       0 |     114 |       87 |      0 |    58 |    +0.7% |   -0.739 |      -58.1 |    156 | _23336_/D
      716 |       0 |     114 |       87 |      0 |    58 |    +0.7% |   -0.739 |      -58.1 |    155 | _23336_/D
      720 |       0 |     116 |       87 |      0 |    59 |    +0.7% |   -0.629 |      -54.2 |    155 | _23413_/D
      730 |       0 |     120 |       90 |      0 |    62 |    +0.7% |   -0.629 |      -50.4 |    155 | _23413_/D
      740 |       0 |     126 |       92 |      0 |    64 |    +0.7% |   -0.629 |      -47.3 |    155 | _23413_/D
      750 |       0 |     130 |       95 |      0 |    67 |    +0.7% |   -0.621 |      -44.2 |    155 | _23413_/D
      760 |       0 |     133 |       97 |      0 |    72 |    +0.8% |   -0.621 |      -42.5 |    155 | _23413_/D
      770 |       0 |     138 |      100 |      0 |    74 |    +0.8% |   -0.621 |      -41.9 |    155 | _23413_/D
      771 |       0 |     139 |      100 |      0 |    74 |    +0.8% |   -0.621 |      -41.7 |    153 | _23413_/D
      772 |       0 |     139 |      100 |      0 |    74 |    +0.8% |   -0.621 |      -41.7 |    152 | _23413_/D
      773 |       0 |     139 |      100 |      0 |    74 |    +0.8% |   -0.621 |      -41.7 |    151 | _23413_/D
      774 |       0 |     139 |      100 |      0 |    74 |    +0.8% |   -0.621 |      -41.7 |    150 | _23413_/D
      775 |       0 |     139 |      100 |      0 |    74 |    +0.8% |   -0.621 |      -41.7 |    149 | _23413_/D
      776 |       0 |     139 |      100 |      0 |    74 |    +0.8% |   -0.621 |      -41.7 |    148 | _23413_/D
      777 |       0 |     139 |      100 |      0 |    74 |    +0.8% |   -0.621 |      -41.7 |    147 | _23413_/D
      778 |       0 |     139 |      100 |      0 |    74 |    +0.8% |   -0.621 |      -41.7 |    146 | _23413_/D
      779 |       0 |     139 |      100 |      0 |    74 |    +0.8% |   -0.621 |      -41.7 |    145 | _23413_/D
      780 |       0 |     139 |      100 |      0 |    74 |    +0.8% |   -0.621 |      -41.7 |    145 | _23413_/D
      780 |       0 |     139 |      100 |      0 |    74 |    +0.8% |   -0.621 |      -41.7 |    144 | _23413_/D
      781 |       0 |     139 |      100 |      0 |    74 |    +0.8% |   -0.621 |      -41.7 |    143 | _23413_/D
      782 |       0 |     139 |      100 |      0 |    74 |    +0.8% |   -0.621 |      -41.7 |    142 | _23413_/D
      784 |       0 |     140 |      100 |      0 |    74 |    +0.8% |   -0.621 |      -41.7 |    140 | _23413_/D
      785 |       0 |     140 |      100 |      0 |    74 |    +0.8% |   -0.621 |      -41.7 |    139 | _23413_/D
      786 |       0 |     140 |      100 |      0 |    74 |    +0.8% |   -0.621 |      -41.7 |    138 | _23413_/D
      787 |       0 |     140 |      100 |      0 |    74 |    +0.8% |   -0.621 |      -41.7 |    137 | _23413_/D
      788 |       0 |     140 |      100 |      0 |    74 |    +0.8% |   -0.621 |      -41.7 |    136 | _23413_/D
      789 |       0 |     140 |      100 |      0 |    74 |    +0.8% |   -0.621 |      -41.7 |    135 | _23413_/D
      790 |       0 |     140 |      100 |      0 |    74 |    +0.8% |   -0.621 |      -41.7 |    135 | _23413_/D
      790 |       0 |     140 |      100 |      0 |    74 |    +0.8% |   -0.621 |      -41.7 |    134 | _23413_/D
      791 |       0 |     140 |      100 |      0 |    74 |    +0.8% |   -0.621 |      -41.7 |    133 | _23413_/D
      792 |       0 |     140 |      100 |      0 |    74 |    +0.8% |   -0.621 |      -41.7 |    132 | _23413_/D
      793 |       0 |     140 |      100 |      0 |    74 |    +0.8% |   -0.621 |      -41.7 |    131 | _23413_/D
      794 |       0 |     140 |      100 |      0 |    74 |    +0.8% |   -0.621 |      -41.7 |    130 | _23413_/D
      795 |       0 |     140 |      100 |      0 |    74 |    +0.8% |   -0.621 |      -41.7 |    129 | _23413_/D
      796 |       0 |     140 |      100 |      0 |    74 |    +0.8% |   -0.621 |      -41.7 |    128 | _23413_/D
      797 |       0 |     140 |      100 |      0 |    74 |    +0.8% |   -0.621 |      -41.7 |    127 | _23413_/D
      798 |       0 |     140 |      100 |      0 |    74 |    +0.8% |   -0.621 |      -41.7 |    126 | _23413_/D
      799 |       0 |     140 |      100 |      0 |    74 |    +0.8% |   -0.621 |      -41.7 |    125 | _23413_/D
      800 |       0 |     140 |      100 |      0 |    74 |    +0.8% |   -0.621 |      -41.7 |    125 | _23413_/D
      800 |       0 |     140 |      100 |      0 |    74 |    +0.8% |   -0.621 |      -41.7 |    124 | _23413_/D
      810 |       0 |     147 |      101 |      0 |    75 |    +0.8% |   -0.621 |      -37.2 |    124 | _23413_/D
      815 |       0 |     148 |      103 |      0 |    77 |    +0.8% |   -0.621 |      -37.1 |    122 | _23413_/D
      816 |       0 |     148 |      103 |      0 |    77 |    +0.8% |   -0.621 |      -37.1 |    121 | _23413_/D
      817 |       0 |     148 |      103 |      0 |    77 |    +0.8% |   -0.621 |      -37.1 |    120 | _23413_/D
      818 |       0 |     148 |      103 |      0 |    77 |    +0.8% |   -0.621 |      -37.1 |    119 | _23413_/D
      819 |       0 |     148 |      103 |      0 |    77 |    +0.8% |   -0.621 |      -37.1 |    118 | _23413_/D
      820 |       0 |     148 |      103 |      0 |    77 |    +0.8% |   -0.621 |      -37.1 |    118 | _23413_/D
      820 |       0 |     148 |      103 |      0 |    77 |    +0.8% |   -0.621 |      -37.1 |    117 | _23413_/D
      821 |       0 |     148 |      103 |      0 |    77 |    +0.8% |   -0.621 |      -37.1 |    116 | _23413_/D
      822 |       0 |     148 |      103 |      0 |    77 |    +0.8% |   -0.621 |      -37.1 |    115 | _23413_/D
      823 |       0 |     148 |      103 |      0 |    77 |    +0.8% |   -0.621 |      -37.1 |    114 | _23413_/D
      830 |       0 |     153 |      103 |      0 |    78 |    +0.8% |   -0.621 |      -32.2 |    114 | _23413_/D
      840 |       0 |     162 |      104 |      0 |    78 |    +0.8% |   -0.621 |      -30.2 |    114 | _23413_/D
      850 |       0 |     169 |      104 |      0 |    81 |    +0.9% |   -0.621 |      -29.1 |    114 | _23413_/D
      854 |       0 |     170 |      105 |      0 |    83 |    +0.9% |   -0.621 |      -29.1 |    112 | _23413_/D
      855 |       0 |     170 |      105 |      0 |    83 |    +0.9% |   -0.621 |      -29.1 |    111 | _23413_/D
      856 |       0 |     170 |      105 |      0 |    83 |    +0.9% |   -0.621 |      -29.1 |    110 | _23413_/D
      857 |       0 |     170 |      105 |      0 |    83 |    +0.9% |   -0.621 |      -29.1 |    109 | _23413_/D
      858 |       0 |     170 |      105 |      0 |    83 |    +0.9% |   -0.621 |      -29.1 |    108 | _23413_/D
      859 |       0 |     170 |      105 |      0 |    83 |    +0.9% |   -0.621 |      -29.1 |    107 | _23413_/D
      860 |       0 |     170 |      105 |      0 |    83 |    +0.9% |   -0.621 |      -29.1 |    107 | _23413_/D
      860 |       0 |     170 |      105 |      0 |    83 |    +0.9% |   -0.621 |      -29.1 |    106 | _23413_/D
      861 |       0 |     170 |      105 |      0 |    83 |    +0.9% |   -0.621 |      -29.1 |    105 | _23413_/D
      862 |       0 |     170 |      105 |      0 |    83 |    +0.9% |   -0.621 |      -29.1 |    104 | _23413_/D
      870 |       0 |     173 |      106 |      0 |    86 |    +0.9% |   -0.621 |      -22.3 |    104 | _23413_/D
      880 |       0 |     177 |      108 |      0 |    90 |    +0.9% |   -0.621 |      -20.8 |    104 | _23413_/D
      890 |       0 |     178 |      115 |      0 |    92 |    +0.9% |   -0.621 |      -18.9 |    104 | _23413_/D
      900 |       0 |     180 |      121 |      0 |    94 |    +1.0% |   -0.621 |      -21.3 |    104 | _23413_/D
      910 |       0 |     186 |      124 |      0 |    95 |    +1.0% |   -0.588 |      -19.7 |    104 | _23413_/D
      920 |       0 |     191 |      127 |      0 |    97 |    +1.0% |   -0.588 |      -42.7 |    104 | _23413_/D
      930 |       0 |     195 |      131 |      0 |    99 |    +1.0% |   -0.588 |      -38.4 |    104 | _23413_/D
      936 |       0 |     199 |      132 |      0 |   100 |    +1.1% |   -0.567 |      -35.0 |    102 | _23413_/D
      937 |       0 |     199 |      132 |      0 |   100 |    +1.1% |   -0.567 |      -35.0 |    101 | _23413_/D
      938 |       0 |     199 |      132 |      0 |   100 |    +1.1% |   -0.567 |      -35.0 |    100 | _23413_/D
      939 |       0 |     199 |      132 |      0 |   100 |    +1.1% |   -0.567 |      -35.0 |     99 | _23413_/D
      940 |       0 |     199 |      132 |      0 |   100 |    +1.1% |   -0.567 |      -35.0 |     99 | _23413_/D
      940 |       0 |     199 |      132 |      0 |   100 |    +1.1% |   -0.567 |      -35.0 |     98 | _23413_/D
      941 |       0 |     199 |      132 |      0 |   100 |    +1.1% |   -0.567 |      -35.0 |     97 | _23413_/D
      942 |       0 |     199 |      132 |      0 |   100 |    +1.1% |   -0.567 |      -35.0 |     96 | _23413_/D
      943 |       0 |     199 |      132 |      0 |   100 |    +1.1% |   -0.567 |      -35.0 |     95 | _23413_/D
      950 |       0 |     201 |      133 |      0 |   103 |    +1.1% |   -0.450 |      -32.4 |     95 | _23413_/D
      960 |       0 |     203 |      138 |      0 |   106 |    +1.1% |   -0.450 |      -28.8 |     95 | _23268_/D
      970 |       0 |     208 |      141 |      0 |   108 |    +1.1% |   -0.450 |      -25.7 |     95 | _23268_/D
      980 |       0 |     210 |      147 |      0 |   110 |    +1.2% |   -0.450 |      -25.5 |     95 | _23268_/D
      988 |       0 |     210 |      147 |      0 |   112 |    +1.2% |   -0.450 |      -25.4 |     94 | _23268_/D
      990 |       0 |     211 |      147 |      0 |   112 |    +1.2% |   -0.485 |      -28.6 |     94 | _23268_/D
      994 |       0 |     210 |      147 |      0 |   112 |    +1.2% |   -0.450 |      -25.4 |     93 | _23268_/D
      995 |       0 |     210 |      147 |      0 |   112 |    +1.2% |   -0.450 |      -25.4 |     92 | _23268_/D
     1000 |       0 |     213 |      148 |      0 |   112 |    +1.2% |   -0.487 |      -28.1 |     92 | _23268_/D
     1001 |       0 |     210 |      147 |      0 |   112 |    +1.2% |   -0.450 |      -25.4 |     91 | _23268_/D
     1007 |       0 |     210 |      147 |      0 |   112 |    +1.2% |   -0.450 |      -25.4 |     90 | _23268_/D
     1010 |       0 |     212 |      147 |      0 |   112 |    +1.2% |   -0.485 |      -28.2 |     90 | _23268_/D
     1013 |       0 |     210 |      147 |      0 |   112 |    +1.2% |   -0.450 |      -25.4 |     89 | _23268_/D
     1018 |       0 |     210 |      147 |      0 |   112 |    +1.2% |   -0.450 |      -25.4 |     88 | _23268_/D
     1020 |       0 |     211 |      147 |      0 |   112 |    +1.2% |   -0.485 |      -28.6 |     88 | _23268_/D
     1023 |       0 |     210 |      147 |      0 |   112 |    +1.2% |   -0.450 |      -25.4 |     87 | _23268_/D
     1030 |       0 |     212 |      149 |      0 |   114 |    +1.2% |   -0.487 |      -26.0 |     87 | _23268_/D
     1040 |       0 |     214 |      157 |      0 |   116 |    +1.2% |   -0.448 |      -30.6 |     87 | _23268_/D
     1041 |       0 |     215 |      157 |      0 |   116 |    +1.2% |   -0.448 |      -30.3 |     85 | _23268_/D
     1042 |       0 |     215 |      157 |      0 |   116 |    +1.2% |   -0.448 |      -30.3 |     84 | _23268_/D
     1045 |       0 |     217 |      157 |      0 |   116 |    +1.3% |   -0.448 |      -29.2 |     82 | _23268_/D
     1046 |       0 |     217 |      157 |      0 |   116 |    +1.3% |   -0.448 |      -29.2 |     81 | _23268_/D
     1047 |       0 |     217 |      157 |      0 |   116 |    +1.3% |   -0.448 |      -29.2 |     80 | _23268_/D
     1049 |       0 |     218 |      157 |      0 |   116 |    +1.3% |   -0.448 |      -29.2 |     78 | _23268_/D
     1050 |       0 |     218 |      157 |      0 |   116 |    +1.3% |   -0.448 |      -29.2 |     78 | _23268_/D
     1050 |       0 |     218 |      157 |      0 |   116 |    +1.3% |   -0.448 |      -29.2 |     77 | _23268_/D
     1051 |       0 |     218 |      157 |      0 |   116 |    +1.3% |   -0.448 |      -29.2 |     76 | _23268_/D
     1052 |       0 |     218 |      157 |      0 |   116 |    +1.3% |   -0.448 |      -29.2 |     75 | _23268_/D
     1053 |       0 |     218 |      157 |      0 |   116 |    +1.3% |   -0.448 |      -29.2 |     74 | _23268_/D
     1054 |       0 |     218 |      157 |      0 |   116 |    +1.3% |   -0.448 |      -29.2 |     73 | _23268_/D
     1055 |       0 |     218 |      157 |      0 |   116 |    +1.3% |   -0.448 |      -29.2 |     72 | _23268_/D
     1056 |       0 |     218 |      157 |      0 |   116 |    +1.3% |   -0.448 |      -29.2 |     71 | _23268_/D
     1057 |       0 |     218 |      157 |      0 |   116 |    +1.3% |   -0.448 |      -29.2 |     70 | _23268_/D
     1059 |       0 |     219 |      157 |      0 |   116 |    +1.3% |   -0.448 |      -29.1 |     68 | _23268_/D
     1060 |       0 |     219 |      157 |      0 |   116 |    +1.3% |   -0.448 |      -29.1 |     68 | _23268_/D
     1060 |       0 |     219 |      157 |      0 |   116 |    +1.3% |   -0.448 |      -29.1 |     67 | _23268_/D
     1067 |       0 |     224 |      158 |      0 |   116 |    +1.3% |   -0.448 |      -27.9 |     65 | _23268_/D
     1068 |       0 |     224 |      158 |      0 |   116 |    +1.3% |   -0.448 |      -27.9 |     64 | _23268_/D
     1069 |       0 |     224 |      158 |      0 |   116 |    +1.3% |   -0.448 |      -27.9 |     63 | _23268_/D
     1070 |       0 |     224 |      158 |      0 |   116 |    +1.3% |   -0.448 |      -27.9 |     63 | _23268_/D
     1070 |       0 |     224 |      158 |      0 |   116 |    +1.3% |   -0.448 |      -27.9 |     62 | _23268_/D
     1071 |       0 |     224 |      158 |      0 |   116 |    +1.3% |   -0.448 |      -27.9 |     61 | _23268_/D
     1072 |       0 |     224 |      158 |      0 |   116 |    +1.3% |   -0.448 |      -27.9 |     60 | _23268_/D
     1073 |       0 |     224 |      158 |      0 |   116 |    +1.3% |   -0.448 |      -27.9 |     59 | _23268_/D
     1074 |       0 |     224 |      158 |      0 |   116 |    +1.3% |   -0.448 |      -27.9 |     58 | _23268_/D
     1075 |       0 |     224 |      158 |      0 |   116 |    +1.3% |   -0.448 |      -27.9 |     57 | _23268_/D
     1076 |       0 |     224 |      158 |      0 |   116 |    +1.3% |   -0.448 |      -27.9 |     56 | _23268_/D
     1077 |       0 |     224 |      158 |      0 |   116 |    +1.3% |   -0.448 |      -27.9 |     55 | _23268_/D
     1080 |       0 |     224 |      159 |      0 |   117 |    +1.3% |   -0.448 |      -27.9 |     54 | _23268_/D
     1080 |       0 |     224 |      159 |      0 |   117 |    +1.3% |   -0.448 |      -27.9 |     53 | _23268_/D
     1081 |       0 |     224 |      159 |      0 |   117 |    +1.3% |   -0.448 |      -27.9 |     52 | _23268_/D
     1082 |       0 |     224 |      159 |      0 |   117 |    +1.3% |   -0.448 |      -27.9 |     51 | _23268_/D
     1083 |       0 |     224 |      159 |      0 |   117 |    +1.3% |   -0.448 |      -27.9 |     50 | _23268_/D
     1084 |       0 |     224 |      159 |      0 |   117 |    +1.3% |   -0.448 |      -27.9 |     49 | _23268_/D
     1089 |       0 |     226 |      161 |      0 |   117 |    +1.3% |   -0.448 |      -26.6 |     47 | _23268_/D
     1090 |       0 |     226 |      161 |      0 |   117 |    +1.3% |   -0.448 |      -26.6 |     47 | _23268_/D
     1090 |       0 |     226 |      161 |      0 |   117 |    +1.3% |   -0.448 |      -26.6 |     46 | _23268_/D
     1091 |       0 |     226 |      161 |      0 |   117 |    +1.3% |   -0.448 |      -26.6 |     45 | _23268_/D
     1096 |       0 |     227 |      163 |      0 |   119 |    +1.3% |   -0.362 |      -15.9 |     43 | _23268_/D
     1097 |       0 |     227 |      163 |      0 |   119 |    +1.3% |   -0.362 |      -15.9 |     42 | _23268_/D
     1098 |       0 |     227 |      163 |      0 |   119 |    +1.3% |   -0.362 |      -15.9 |     41 | _23268_/D
     1099 |       0 |     227 |      163 |      0 |   119 |    +1.3% |   -0.362 |      -15.9 |     40 | _23268_/D
     1100 |       0 |     227 |      163 |      0 |   119 |    +1.3% |   -0.362 |      -15.9 |     40 | _23268_/D
     1100 |       0 |     227 |      163 |      0 |   119 |    +1.3% |   -0.362 |      -15.9 |     39 | _23268_/D
     1102 |       0 |     228 |      163 |      0 |   119 |    +1.3% |   -0.362 |      -15.9 |     37 | _23268_/D
     1103 |       0 |     228 |      163 |      0 |   119 |    +1.3% |   -0.362 |      -15.9 |     36 | _23268_/D
     1104 |       0 |     228 |      163 |      0 |   119 |    +1.3% |   -0.362 |      -15.9 |     35 | _23268_/D
     1105 |       0 |     228 |      163 |      0 |   119 |    +1.3% |   -0.362 |      -15.9 |     34 | _23268_/D
     1106 |       0 |     228 |      163 |      0 |   119 |    +1.3% |   -0.362 |      -15.9 |     33 | _23268_/D
     1107 |       0 |     228 |      163 |      0 |   119 |    +1.3% |   -0.362 |      -15.9 |     32 | _23268_/D
     1108 |       0 |     228 |      163 |      0 |   119 |    +1.3% |   -0.362 |      -15.9 |     31 | _23268_/D
     1109 |       0 |     228 |      163 |      0 |   119 |    +1.3% |   -0.362 |      -15.9 |     30 | _23268_/D
     1110 |       0 |     228 |      163 |      0 |   119 |    +1.3% |   -0.362 |      -15.9 |     30 | _23268_/D
     1110 |       0 |     228 |      163 |      0 |   119 |    +1.3% |   -0.362 |      -15.9 |     29 | _23268_/D
     1111 |       0 |     228 |      163 |      0 |   119 |    +1.3% |   -0.362 |      -15.9 |     28 | _23268_/D
     1112 |       0 |     228 |      163 |      0 |   119 |    +1.3% |   -0.362 |      -15.9 |     27 | _23268_/D
     1113 |       0 |     228 |      163 |      0 |   119 |    +1.3% |   -0.362 |      -15.9 |     26 | _23268_/D
     1114 |       0 |     228 |      163 |      0 |   119 |    +1.3% |   -0.362 |      -15.9 |     25 | _23268_/D
     1115 |       0 |     228 |      163 |      0 |   119 |    +1.3% |   -0.362 |      -15.9 |     24 | _23268_/D
     1116 |       0 |     228 |      163 |      0 |   119 |    +1.3% |   -0.362 |      -15.9 |     23 | _23268_/D
     1117 |       0 |     228 |      163 |      0 |   119 |    +1.3% |   -0.362 |      -15.9 |     22 | _23268_/D
     1118 |       0 |     228 |      163 |      0 |   119 |    +1.3% |   -0.362 |      -15.9 |     21 | _23268_/D
     1119 |       0 |     228 |      163 |      0 |   119 |    +1.3% |   -0.362 |      -15.9 |     20 | _23268_/D
     1120 |       0 |     228 |      163 |      0 |   119 |    +1.3% |   -0.362 |      -15.9 |     20 | _23268_/D
     1120 |       0 |     228 |      163 |      0 |   119 |    +1.3% |   -0.362 |      -15.9 |     19 | _23268_/D
     1130 |       0 |     233 |      165 |      0 |   121 |    +1.3% |   -0.362 |      -12.0 |     19 | _23268_/D
     1132 |       0 |     235 |      165 |      0 |   121 |    +1.3% |   -0.362 |      -11.2 |     17 | _23268_/D
     1133 |       0 |     235 |      165 |      0 |   121 |    +1.3% |   -0.362 |      -11.2 |     16 | _23268_/D
     1134 |       0 |     235 |      165 |      0 |   121 |    +1.3% |   -0.362 |      -11.2 |     15 | _23268_/D
     1135 |       0 |     235 |      165 |      0 |   121 |    +1.3% |   -0.362 |      -11.2 |     14 | _23268_/D
     1136 |       0 |     235 |      165 |      0 |   121 |    +1.3% |   -0.362 |      -11.2 |     13 | _23268_/D
     1137 |       0 |     235 |      165 |      0 |   121 |    +1.3% |   -0.362 |      -11.2 |     12 | _23268_/D
     1138 |       0 |     235 |      165 |      0 |   121 |    +1.3% |   -0.362 |      -11.2 |     11 | _23268_/D
     1139 |       0 |     235 |      165 |      0 |   121 |    +1.3% |   -0.362 |      -11.2 |     10 | _23268_/D
     1140 |       0 |     235 |      165 |      0 |   121 |    +1.3% |   -0.362 |      -11.2 |     10 | _23268_/D
     1140 |       0 |     235 |      165 |      0 |   121 |    +1.3% |   -0.362 |      -11.2 |      9 | _23268_/D
     1141 |       0 |     235 |      165 |      0 |   121 |    +1.3% |   -0.362 |      -11.2 |      8 | _23268_/D
     1142 |       0 |     235 |      165 |      0 |   121 |    +1.3% |   -0.362 |      -11.2 |      7 | _23268_/D
     1143 |       0 |     235 |      165 |      0 |   121 |    +1.3% |   -0.362 |      -11.2 |      6 | _23268_/D
     1144 |       0 |     235 |      165 |      0 |   121 |    +1.3% |   -0.362 |      -11.2 |      5 | _23268_/D
     1145 |       0 |     235 |      165 |      0 |   121 |    +1.3% |   -0.362 |      -11.2 |      4 | _23268_/D
     1146 |       0 |     235 |      165 |      0 |   121 |    +1.3% |   -0.362 |      -11.2 |      3 | _23268_/D
     1147 |       0 |     235 |      165 |      0 |   121 |    +1.3% |   -0.362 |      -11.2 |      2 | _23268_/D
     1148 |       0 |     235 |      165 |      0 |   121 |    +1.3% |   -0.362 |      -11.2 |      1 | _23268_/D
     1149 |       0 |     235 |      165 |      0 |   121 |    +1.3% |   -0.362 |      -11.2 |      0 | _23268_/D
     1150 |       0 |     235 |      165 |      0 |   121 |    +1.3% |   -0.362 |      -11.2 |      0 | _23268_/D
     1150 |       0 |     235 |      165 |      0 |   121 |    +1.3% |   -0.362 |      -11.2 |      0 | _23268_/D
     1151 |       0 |     235 |      165 |      0 |   121 |    +1.3% |   -0.362 |      -11.2 |      0 | _23268_/D
     1152 |       0 |     235 |      165 |      0 |   121 |    +1.3% |   -0.362 |      -11.2 |      0 | _23268_/D
     1153 |       0 |     235 |      165 |      0 |   121 |    +1.3% |   -0.362 |      -11.2 |      0 | _23268_/D
     1154 |       0 |     235 |      165 |      0 |   121 |    +1.3% |   -0.362 |      -11.2 |      0 | _23268_/D
     1155 |       0 |     235 |      165 |      0 |   121 |    +1.3% |   -0.362 |      -11.2 |      0 | _23268_/D
     1156 |       0 |     235 |      165 |      0 |   121 |    +1.3% |   -0.362 |      -11.2 |      0 | _23268_/D
     1160 |       0 |     236 |      166 |      0 |   122 |    +1.3% |   -0.362 |      -11.2 |      0 | _23268_/D
     1170 |       0 |     237 |      173 |      0 |   124 |    +1.4% |   -0.327 |       -8.1 |      0 | _23268_/D
     1170 |       0 |     237 |      173 |      0 |   124 |    +1.4% |   -0.327 |       -8.1 |      0 | _23268_/D
     1171 |       0 |     237 |      173 |      0 |   124 |    +1.4% |   -0.327 |       -8.1 |      0 | _23268_/D
     1172 |       0 |     237 |      173 |      0 |   124 |    +1.4% |   -0.327 |       -8.1 |      0 | _23268_/D
     1173 |       0 |     237 |      173 |      0 |   124 |    +1.4% |   -0.327 |       -8.1 |      0 | _23268_/D
    1174* |       0 |     237 |      173 |      0 |   124 |    +1.4% |   -0.327 |       -8.1 |     88 | _23268_/D
    1180* |       0 |     242 |      173 |      0 |   124 |    +1.4% |   -0.190 |       -6.7 |     88 | _23268_/D
    1180* |       0 |     242 |      173 |      0 |   124 |    +1.4% |   -0.190 |       -6.7 |     88 | _23268_/D
    1183* |       0 |     244 |      173 |      0 |   124 |    +1.4% |   -0.182 |       -6.5 |     88 | _23367_/D
    1184* |       0 |     244 |      173 |      0 |   124 |    +1.4% |   -0.182 |       -6.5 |     88 | _23367_/D
    1185* |       0 |     244 |      173 |      0 |   124 |    +1.4% |   -0.182 |       -6.5 |     88 | _23367_/D
    1186* |       0 |     244 |      173 |      0 |   124 |    +1.4% |   -0.182 |       -6.5 |     88 | _23367_/D
    1187* |       0 |     244 |      173 |      0 |   124 |    +1.4% |   -0.182 |       -6.5 |     88 | _23367_/D
    1188* |       0 |     244 |      173 |      0 |   124 |    +1.4% |   -0.182 |       -6.5 |     88 | _23367_/D
    1190* |       0 |     244 |      173 |      0 |   125 |    +1.4% |   -0.175 |       -5.7 |     88 | _23268_/D
    1194* |       0 |     247 |      173 |      0 |   126 |    +1.4% |   -0.175 |       -4.9 |     88 | _23268_/D
    1196* |       0 |     248 |      173 |      0 |   126 |    +1.4% |   -0.175 |       -4.8 |     86 | _23268_/D
    1197* |       0 |     248 |      173 |      0 |   126 |    +1.4% |   -0.175 |       -4.8 |     85 | _23268_/D
    1198* |       0 |     248 |      173 |      0 |   126 |    +1.4% |   -0.175 |       -4.8 |     84 | _23268_/D
    1199* |       0 |     248 |      173 |      0 |   126 |    +1.4% |   -0.175 |       -4.8 |     83 | _23268_/D
    1200* |       0 |     248 |      173 |      0 |   126 |    +1.4% |   -0.175 |       -4.8 |     83 | _23268_/D
    1201* |       0 |     248 |      173 |      0 |   126 |    +1.4% |   -0.175 |       -4.8 |     82 | _23268_/D
    1202* |       0 |     248 |      173 |      0 |   126 |    +1.4% |   -0.175 |       -4.8 |     81 | _23268_/D
    1203* |       0 |     248 |      173 |      0 |   126 |    +1.4% |   -0.175 |       -4.8 |     80 | _23268_/D
    1204* |       0 |     248 |      173 |      0 |   126 |    +1.4% |   -0.175 |       -4.8 |     80 | _23268_/D
    1205* |       0 |     248 |      173 |      0 |   126 |    +1.4% |   -0.175 |       -4.8 |     80 | _23268_/D
    1206* |       0 |     248 |      173 |      0 |   126 |    +1.4% |   -0.175 |       -4.8 |     80 | _23268_/D
    1207* |       0 |     248 |      173 |      0 |   126 |    +1.4% |   -0.175 |       -4.8 |     80 | _23268_/D
    1208* |       0 |     248 |      173 |      0 |   126 |    +1.4% |   -0.175 |       -4.8 |     80 | _23268_/D
    1209* |       0 |     248 |      173 |      0 |   126 |    +1.4% |   -0.175 |       -4.8 |     80 | _23268_/D
    1210* |       0 |     248 |      173 |      0 |   126 |    +1.4% |   -0.175 |       -4.8 |     80 | _23268_/D
    1210* |       0 |     248 |      173 |      0 |   126 |    +1.4% |   -0.175 |       -4.8 |     80 | _23268_/D
    1211* |       0 |     248 |      173 |      0 |   126 |    +1.4% |   -0.175 |       -4.8 |     80 | _23268_/D
    1212* |       0 |     248 |      173 |      0 |   126 |    +1.4% |   -0.175 |       -4.8 |     80 | _23268_/D
    1213* |       0 |     248 |      173 |      0 |   126 |    +1.4% |   -0.175 |       -4.8 |     80 | _23268_/D
    1217* |       0 |     249 |      173 |      0 |   128 |    +1.4% |   -0.175 |       -4.1 |     80 | _23268_/D
    1220* |       0 |     251 |      173 |      0 |   128 |    +1.4% |   -0.175 |       -3.7 |     80 | _23268_/D
    1221* |       0 |     252 |      173 |      0 |   128 |    +1.4% |   -0.175 |       -3.6 |     80 | _23268_/D
    1222* |       0 |     252 |      173 |      0 |   128 |    +1.4% |   -0.175 |       -3.6 |     80 | _23268_/D
    1223* |       0 |     252 |      173 |      0 |   128 |    +1.4% |   -0.175 |       -3.6 |     80 | _23268_/D
    1226* |       0 |     254 |      173 |      0 |   128 |    +1.4% |   -0.175 |       -3.3 |     80 | _23268_/D
    1227* |       0 |     254 |      173 |      0 |   128 |    +1.4% |   -0.175 |       -3.3 |     80 | _23268_/D
    1228* |       0 |     254 |      173 |      0 |   128 |    +1.4% |   -0.175 |       -3.3 |     80 | _23268_/D
    1230* |       0 |     255 |      173 |      0 |   128 |    +1.4% |   -0.160 |       -3.2 |     80 | _23268_/D
    1230* |       0 |     255 |      173 |      0 |   128 |    +1.4% |   -0.160 |       -3.2 |     80 | _23268_/D
    1233* |       0 |     257 |      173 |      0 |   128 |    +1.4% |   -0.160 |       -3.1 |     78 | _23268_/D
    1234* |       0 |     257 |      173 |      0 |   128 |    +1.4% |   -0.160 |       -3.1 |     78 | _23268_/D
    1235* |       0 |     257 |      173 |      0 |   128 |    +1.4% |   -0.160 |       -3.1 |     78 | _23268_/D
    1236* |       0 |     257 |      173 |      0 |   128 |    +1.4% |   -0.160 |       -3.1 |     77 | _23268_/D
    1237* |       0 |     257 |      173 |      0 |   128 |    +1.4% |   -0.160 |       -3.1 |     77 | _23268_/D
    1240* |       0 |     259 |      173 |      0 |   128 |    +1.4% |   -0.145 |       -3.0 |     77 | _23268_/D
    1242* |       0 |     260 |      173 |      0 |   129 |    +1.4% |   -0.134 |       -2.9 |     75 | _23268_/D
    1247* |       0 |     264 |      173 |      0 |   129 |    +1.5% |   -0.134 |       -1.8 |     75 | _23268_/D
    1248* |       0 |     264 |      173 |      0 |   129 |    +1.5% |   -0.134 |       -1.8 |     74 | _23268_/D
    1249* |       0 |     264 |      173 |      0 |   129 |    +1.5% |   -0.134 |       -1.8 |     73 | _23268_/D
    1250* |       0 |     264 |      173 |      0 |   129 |    +1.5% |   -0.134 |       -1.8 |     73 | _23268_/D
    1254* |       0 |     267 |      173 |      0 |   130 |    +1.5% |   -0.134 |       -1.8 |     71 | _23268_/D
    1255* |       0 |     267 |      173 |      0 |   130 |    +1.5% |   -0.134 |       -1.8 |     70 | _23268_/D
    1256* |       0 |     267 |      173 |      0 |   130 |    +1.5% |   -0.134 |       -1.8 |     69 | _23268_/D
    1257* |       0 |     267 |      173 |      0 |   130 |    +1.5% |   -0.134 |       -1.8 |     68 | _23268_/D
    1258* |       0 |     267 |      173 |      0 |   130 |    +1.5% |   -0.134 |       -1.8 |     67 | _23268_/D
    1259* |       0 |     267 |      173 |      0 |   130 |    +1.5% |   -0.134 |       -1.8 |     67 | _23268_/D
    1260* |       0 |     267 |      173 |      0 |   130 |    +1.5% |   -0.134 |       -1.8 |     67 | _23268_/D
    1260* |       0 |     267 |      173 |      0 |   130 |    +1.5% |   -0.134 |       -1.8 |     67 | _23268_/D
    1261* |       0 |     267 |      173 |      0 |   130 |    +1.5% |   -0.134 |       -1.8 |     67 | _23268_/D
    1262* |       0 |     267 |      173 |      0 |   130 |    +1.5% |   -0.134 |       -1.8 |     66 | _23268_/D
    1264* |       0 |     268 |      173 |      0 |   130 |    +1.5% |   -0.134 |       -1.5 |     64 | _23268_/D
    1265* |       0 |     268 |      173 |      0 |   130 |    +1.5% |   -0.134 |       -1.5 |     63 | _23268_/D
    1266* |       0 |     268 |      173 |      0 |   130 |    +1.5% |   -0.134 |       -1.5 |     62 | _23268_/D
    1267* |       0 |     268 |      173 |      0 |   130 |    +1.5% |   -0.134 |       -1.5 |     61 | _23268_/D
    1268* |       0 |     268 |      173 |      0 |   130 |    +1.5% |   -0.134 |       -1.5 |     60 | _23268_/D
    1269* |       0 |     268 |      173 |      0 |   130 |    +1.5% |   -0.134 |       -1.5 |     59 | _23268_/D
    1270* |       0 |     268 |      173 |      0 |   130 |    +1.5% |   -0.134 |       -1.5 |     59 | _23268_/D
    1270* |       0 |     268 |      173 |      0 |   130 |    +1.5% |   -0.134 |       -1.5 |     58 | _23268_/D
    1271* |       0 |     268 |      173 |      0 |   130 |    +1.5% |   -0.134 |       -1.5 |     57 | _23268_/D
    1272* |       0 |     268 |      173 |      0 |   130 |    +1.5% |   -0.134 |       -1.5 |     56 | _23268_/D
    1273* |       0 |     268 |      173 |      0 |   130 |    +1.5% |   -0.134 |       -1.5 |     55 | _23268_/D
    1274* |       0 |     268 |      173 |      0 |   130 |    +1.5% |   -0.134 |       -1.5 |     54 | _23268_/D
    1275* |       0 |     268 |      173 |      0 |   130 |    +1.5% |   -0.134 |       -1.5 |     53 | _23268_/D
    1276* |       0 |     268 |      173 |      0 |   130 |    +1.5% |   -0.134 |       -1.5 |     52 | _23268_/D
    1277* |       0 |     268 |      173 |      0 |   130 |    +1.5% |   -0.134 |       -1.5 |     51 | _23268_/D
    1278* |       0 |     268 |      173 |      0 |   130 |    +1.5% |   -0.134 |       -1.5 |     50 | _23268_/D
    1279* |       0 |     268 |      173 |      0 |   130 |    +1.5% |   -0.134 |       -1.5 |     49 | _23268_/D
    1280* |       0 |     268 |      173 |      0 |   130 |    +1.5% |   -0.134 |       -1.5 |     49 | _23268_/D
    1280* |       0 |     268 |      173 |      0 |   130 |    +1.5% |   -0.134 |       -1.5 |     48 | _23268_/D
    1281* |       0 |     268 |      173 |      0 |   130 |    +1.5% |   -0.134 |       -1.5 |     47 | _23268_/D
    1282* |       0 |     268 |      173 |      0 |   130 |    +1.5% |   -0.134 |       -1.5 |     46 | _23268_/D
    1283* |       0 |     268 |      173 |      0 |   130 |    +1.5% |   -0.134 |       -1.5 |     45 | _23268_/D
    1284* |       0 |     268 |      173 |      0 |   130 |    +1.5% |   -0.134 |       -1.5 |     44 | _23268_/D
    1285* |       0 |     268 |      173 |      0 |   130 |    +1.5% |   -0.134 |       -1.5 |     43 | _23268_/D
    1286* |       0 |     268 |      173 |      0 |   130 |    +1.5% |   -0.134 |       -1.5 |     42 | _23268_/D
    1287* |       0 |     268 |      173 |      0 |   130 |    +1.5% |   -0.134 |       -1.5 |     41 | _23268_/D
    1288* |       0 |     268 |      173 |      0 |   130 |    +1.5% |   -0.134 |       -1.5 |     40 | _23268_/D
    1289* |       0 |     268 |      173 |      0 |   130 |    +1.5% |   -0.134 |       -1.5 |     39 | _23268_/D
    1290* |       0 |     268 |      173 |      0 |   130 |    +1.5% |   -0.134 |       -1.5 |     39 | _23268_/D
    1290* |       0 |     268 |      173 |      0 |   130 |    +1.5% |   -0.134 |       -1.5 |     38 | _23268_/D
    1291* |       0 |     268 |      173 |      0 |   130 |    +1.5% |   -0.134 |       -1.5 |     37 | _23268_/D
    1292* |       0 |     268 |      173 |      0 |   130 |    +1.5% |   -0.134 |       -1.5 |     36 | _23268_/D
    1293* |       0 |     268 |      173 |      0 |   130 |    +1.5% |   -0.134 |       -1.5 |     35 | _23268_/D
    1294* |       0 |     268 |      173 |      0 |   130 |    +1.5% |   -0.134 |       -1.5 |     34 | _23268_/D
    1295* |       0 |     268 |      173 |      0 |   130 |    +1.5% |   -0.134 |       -1.5 |     33 | _23268_/D
    1296* |       0 |     268 |      173 |      0 |   130 |    +1.5% |   -0.134 |       -1.5 |     32 | _23268_/D
    1297* |       0 |     268 |      173 |      0 |   130 |    +1.5% |   -0.134 |       -1.5 |     31 | _23268_/D
    1298* |       0 |     268 |      173 |      0 |   130 |    +1.5% |   -0.134 |       -1.5 |     30 | _23268_/D
    final |       0 |     268 |      173 |      0 |   130 |    +1.5% |   -0.134 |       -1.5 |     30 | _23268_/D
--------------------------------------------------------------------------------------------------------------
[INFO RSZ-0040] Inserted 173 buffers.
[INFO RSZ-0051] Resized 268 instances: 268 up, 0 up match, 0 down, 0 VT
[INFO RSZ-0043] Swapped pins on 130 instances.
[WARNING RSZ-0062] Unable to repair all setup violations.
+ repair_timing -verbose -hold -setup_margin 0.05000000000000000277555756156289135105907917022705078125 -hold_margin 0.1000000000000000055511151231257827021181583404541015625 -max_buffer_percent 50
[INFO RSZ-0033] No hold violations found.
+ detailed_placement -max_displacement  500 100 
Placement Analysis
---------------------------------
total displacement       2068.8 u
average displacement        0.1 u
max displacement           12.3 u
original HPWL          317702.0 u
legalized HPWL         325974.1 u
delta HPWL                    3 %

[INFO DPL-0020] Mirrored 5370 instances
[INFO DPL-0021] HPWL before          325974.1 u
[INFO DPL-0022] HPWL after           319207.4 u
[INFO DPL-0023] HPWL delta               -2.1 %
Setting global connections for newly added cells…
[INFO] Setting global connections...
[INFO ODB-0403] 346 connections made, 0 conflicts skipped.
Updating metrics…
Cell type report:                       Count       Area
  Buffer                                    4      29.03
  Clock buffer                            115    2921.18
  Timing Repair Buffer                   1216    9605.43
  Inverter                                384    2090.19
  Clock inverter                           49     348.36
  Sequential cell                         804   39388.81
  Multi-Input combinational cell        11380  117743.67
  Total                                 13952  172126.68
Writing OpenROAD database to '/home/designer/shared/FSE-LMS/design/runs/RUN_2026-01-24_20-16-41/37-openroad-resizertimingpostcts/top.odb'…
Writing netlist to '/home/designer/shared/FSE-LMS/design/runs/RUN_2026-01-24_20-16-41/37-openroad-resizertimingpostcts/top.nl.v'…
Writing powered netlist to '/home/designer/shared/FSE-LMS/design/runs/RUN_2026-01-24_20-16-41/37-openroad-resizertimingpostcts/top.pnl.v'…
Writing layout to '/home/designer/shared/FSE-LMS/design/runs/RUN_2026-01-24_20-16-41/37-openroad-resizertimingpostcts/top.def'…
Writing timing constraints to '/home/designer/shared/FSE-LMS/design/runs/RUN_2026-01-24_20-16-41/37-openroad-resizertimingpostcts/top.sdc'…
