Clock: clkA
Sources: clkA 
Generated: no
Virtual: yes
Propagated: no
Period: 20.000000

===========================================================================
report_clock_properties
============================================================================
Clock                   Period          Waveform
----------------------------------------------------
clkA                 20.000000    0.000000 10.000000

===========================================================================
report_clock_latency
============================================================================
Clock clkA
rise -> rise
    min     max
0.000000 0.000000 source latency
0.669679         network latency _23491_/CLK
        0.721477 network latency _23472_/CLK
---------------
0.669679 0.721477 latency
        0.051798 skew

fall -> fall
    min     max
0.000000 0.000000 source latency
0.668869         network latency _23491_/CLK
        0.716149 network latency _22993_/CLK
---------------
0.668869 0.716149 latency
        0.047280 skew



===========================================================================
report_clock_min_period
============================================================================
clkA period_min = 18.35 fmax = 54.50
Clock: spi_sclk
Sources: spi_sclk 
Generated: no
Virtual: yes
Propagated: no
Period: 100.000000

===========================================================================
report_clock_properties
============================================================================
Clock                   Period          Waveform
----------------------------------------------------
spi_sclk            100.000000    0.000000 50.000000

===========================================================================
report_clock_latency
============================================================================
Clock spi_sclk
rise -> rise
    min     max
0.000000 0.000000 source latency
0.256591         network latency _23740_/CLK
        0.283101 network latency _23771_/CLK
---------------
0.256591 0.283101 latency
        0.026510 skew

rise -> fall
    min     max
0.000000 0.000000 source latency
0.296800         network latency _22982_/CLK
        0.317923 network latency _22978_/CLK
---------------
0.296800 0.317923 latency
        0.021123 skew

fall -> rise
    min     max
0.000000 0.000000 source latency
0.306194         network latency _22982_/CLK
        0.327510 network latency _22978_/CLK
---------------
0.306194 0.327510 latency
        0.021316 skew

fall -> fall
    min     max
0.000000 0.000000 source latency
0.262755         network latency _23740_/CLK
        0.288061 network latency _23771_/CLK
---------------
0.262755 0.288061 latency
        0.025306 skew



===========================================================================
report_clock_min_period
============================================================================
spi_sclk period_min = 4.26 fmax = 234.61
