
===========================================================================
Violator List
============================================================================
[setup reg-reg] _23146_/Q -> _23275_/D : -1.384707
[setup reg-reg] _23146_/Q -> _23273_/D : -1.300131
[setup reg-reg] _23146_/Q -> _23264_/D : -1.299478
[setup reg-reg] _23146_/Q -> _23265_/D : -1.299252
[setup reg-reg] _23146_/Q -> _23272_/D : -1.297290
[setup reg-reg] _23146_/Q -> _23266_/D : -1.297013
[setup reg-reg] _23146_/Q -> _23267_/D : -1.296988
[setup reg-reg] _23146_/Q -> _23268_/D : -1.291483
[setup reg-reg] _23146_/Q -> _23270_/D : -1.290404
[setup reg-reg] _23146_/Q -> _23271_/D : -1.289585
[setup reg-reg] _23146_/Q -> _23269_/D : -1.288734
[setup reg-reg] _23146_/Q -> _23274_/D : -1.287485
[setup reg-reg] _23146_/Q -> _23412_/D : -1.233383
[setup reg-reg] _23146_/Q -> _23409_/D : -1.231795
[setup reg-reg] _23146_/Q -> _23413_/D : -1.231594
[setup reg-reg] _23146_/Q -> _23411_/D : -1.228739
[setup reg-reg] _23146_/Q -> _23404_/D : -1.222977
[setup reg-reg] _23146_/Q -> _23403_/D : -1.220041
[setup reg-reg] _23146_/Q -> _23410_/D : -1.219553
[setup reg-reg] _23146_/Q -> _23280_/D : -1.219258
[setup reg-reg] _23146_/Q -> _23405_/D : -1.217174
[setup reg-reg] _23146_/Q -> _23406_/D : -1.216160
[setup reg-reg] _23146_/Q -> _23279_/D : -1.208911
[setup reg-reg] _23146_/Q -> _23402_/D : -1.193381
[setup reg-reg] _23146_/Q -> _23303_/D : -1.186414
[setup reg-reg] _23146_/Q -> _23308_/D : -1.185718
[setup reg-reg] _23146_/Q -> _23304_/D : -1.185583
[setup reg-reg] _23146_/Q -> _23306_/D : -1.180150
[setup reg-reg] _23146_/Q -> _23408_/D : -1.120587
[setup reg-reg] _23146_/Q -> _23307_/D : -1.107914
[setup reg-reg] _23146_/Q -> _23305_/D : -1.103386
[setup reg-reg] _23146_/Q -> _23300_/D : -1.103319
[setup reg-reg] _23146_/Q -> _23301_/D : -1.101157
[setup reg-reg] _23146_/Q -> _23294_/D : -1.078122
[setup reg-reg] _23146_/Q -> _23295_/D : -1.077530
[setup reg-reg] _23146_/Q -> _23297_/D : -1.077099
[setup reg-reg] _23146_/Q -> _23298_/D : -1.077036
[setup reg-reg] _23146_/Q -> _23293_/D : -1.076984
[setup reg-reg] _23146_/Q -> _23296_/D : -1.076583
[setup reg-reg] _23146_/Q -> _23288_/D : -1.037605
[setup reg-reg] _23146_/Q -> _23289_/D : -1.032360
[setup reg-reg] _23146_/Q -> _23290_/D : -1.031127
[setup reg-reg] _23146_/Q -> _23292_/D : -1.030313
[setup reg-reg] _23146_/Q -> _23285_/D : -1.028813
[setup reg-reg] _23146_/Q -> _23284_/D : -1.022545
[setup reg-reg] _23146_/Q -> _23407_/D : -1.019155
[setup reg-reg] _23146_/Q -> _23309_/D : -1.019148
[setup reg-reg] _23146_/Q -> _23286_/D : -1.017192
[setup reg-reg] _23146_/Q -> _23282_/D : -1.016120
[setup reg-reg] _23146_/Q -> _23281_/D : -1.014835
[setup reg-reg] _23146_/Q -> _23283_/D : -1.014194
[setup reg-reg] _23146_/Q -> _23287_/D : -1.009502
[setup reg-reg] _23146_/Q -> _23291_/D : -1.006782
[setup reg-reg] _23146_/Q -> _23277_/D : -1.000197
[setup reg-reg] _23146_/Q -> _23278_/D : -1.000183
[setup reg-reg] _23146_/Q -> _23417_/D : -0.992880
[setup reg-reg] _23146_/Q -> _23418_/D : -0.980384
[setup reg-reg] _23146_/Q -> _23416_/D : -0.973799
[setup reg-reg] _23146_/Q -> _23415_/D : -0.973507
[setup reg-reg] _23146_/Q -> _23302_/D : -0.930287
[setup reg-reg] _23146_/Q -> _23424_/D : -0.889502
[setup reg-reg] _23146_/Q -> _23419_/D : -0.884377
[setup reg-reg] _23146_/Q -> _23420_/D : -0.882859
[setup reg-reg] _23146_/Q -> _23421_/D : -0.882237
[setup reg-reg] _23146_/Q -> _23423_/D : -0.881892
[setup reg-reg] _23146_/Q -> _23422_/D : -0.880788
[setup reg-reg] _23146_/Q -> _23310_/D : -0.872536
[setup reg-reg] _23146_/Q -> _23311_/D : -0.864034
[setup reg-reg] _23146_/Q -> _23336_/D : -0.858043
[setup reg-reg] _23146_/Q -> _23318_/D : -0.857790
[setup reg-reg] _23146_/Q -> _23319_/D : -0.854944
[setup reg-reg] _23146_/Q -> _23317_/D : -0.854617
[setup reg-reg] _23146_/Q -> _23334_/D : -0.853419
[setup reg-reg] _23146_/Q -> _23316_/D : -0.853125
[setup reg-reg] _23146_/Q -> _23333_/D : -0.851274
[setup reg-reg] _23146_/Q -> _23335_/D : -0.850755
[setup reg-reg] _23146_/Q -> _23381_/D : -0.840843
[setup reg-reg] _23146_/Q -> _23314_/D : -0.840758
[setup reg-reg] _23146_/Q -> _23320_/D : -0.840394
[setup reg-reg] _23146_/Q -> _23337_/D : -0.837527
[setup reg-reg] _23146_/Q -> _23380_/D : -0.834861
[setup reg-reg] _23146_/Q -> _23315_/D : -0.833398
[setup reg-reg] _23146_/Q -> _23321_/D : -0.832141
[setup reg-reg] _23146_/Q -> _23338_/D : -0.831236
[setup reg-reg] _23146_/Q -> _23383_/D : -0.831196
[setup reg-reg] _23146_/Q -> _23313_/D : -0.826501
[setup reg-reg] _23146_/Q -> _23342_/D : -0.821304
[setup reg-reg] _23146_/Q -> _23340_/D : -0.820172
[setup reg-reg] _23146_/Q -> _23339_/D : -0.818453
[setup reg-reg] _23146_/Q -> _23344_/D : -0.816635
[setup reg-reg] _23146_/Q -> _23341_/D : -0.815326
[setup reg-reg] _23146_/Q -> _23343_/D : -0.812414
[setup reg-reg] _23146_/Q -> _23387_/D : -0.798217
[setup reg-reg] _23146_/Q -> _23385_/D : -0.794936
[setup reg-reg] _23146_/Q -> _23388_/D : -0.791417
[setup reg-reg] _23146_/Q -> _23245_/D : -0.772655
[setup reg-reg] _23146_/Q -> _23248_/D : -0.763887
[setup reg-reg] _23146_/Q -> _23242_/D : -0.758873
[setup reg-reg] _23146_/Q -> _23241_/D : -0.758726
[setup reg-reg] _23146_/Q -> _23249_/D : -0.758266
[setup reg-reg] _23146_/Q -> _23247_/D : -0.756522
[setup reg-reg] _23146_/Q -> _23243_/D : -0.755871
[setup reg-reg] _23146_/Q -> _23246_/D : -0.755547
[setup reg-reg] _23146_/Q -> _23250_/D : -0.755033
[setup reg-reg] _23146_/Q -> _23244_/D : -0.754760
[setup reg-reg] _23146_/Q -> _23251_/D : -0.753619
[setup reg-reg] _23146_/Q -> _23252_/D : -0.753312
[setup reg-reg] _23146_/Q -> _23367_/D : -0.749070
[setup reg-reg] _23146_/Q -> _23386_/D : -0.744659
[setup reg-reg] _23146_/Q -> _23224_/D : -0.742036
[setup reg-reg] _23146_/Q -> _23227_/D : -0.739838
[setup reg-reg] _23146_/Q -> _23325_/D : -0.738786
[setup reg-reg] _23146_/Q -> _23225_/D : -0.738375
[setup reg-reg] _23146_/Q -> _23323_/D : -0.738194
[setup reg-reg] _23146_/Q -> _23226_/D : -0.738159
[setup reg-reg] _23146_/Q -> _23223_/D : -0.736423
[setup reg-reg] _23146_/Q -> _23324_/D : -0.735973
[setup reg-reg] _23146_/Q -> _23222_/D : -0.735862
[setup reg-reg] _23146_/Q -> _23228_/D : -0.735741
[setup reg-reg] _23146_/Q -> _23326_/D : -0.734788
[setup reg-reg] _23146_/Q -> _23218_/D : -0.734592
[setup reg-reg] _23146_/Q -> _23221_/D : -0.733232
[setup reg-reg] _23146_/Q -> _23219_/D : -0.732621
[setup reg-reg] _23146_/Q -> _23229_/D : -0.732107
[setup reg-reg] _23146_/Q -> _23220_/D : -0.732026
[setup reg-reg] _23146_/Q -> _23328_/D : -0.730979
[setup reg-reg] _23146_/Q -> _23327_/D : -0.730950
[setup reg-reg] _23146_/Q -> _23362_/D : -0.710139
[setup reg-reg] _23146_/Q -> _23360_/D : -0.710016
[setup reg-reg] _23146_/Q -> _23363_/D : -0.708367
[setup reg-reg] _23146_/Q -> _23361_/D : -0.707422
[setup reg-reg] _23146_/Q -> _23382_/D : -0.699441
[setup reg-reg] _23146_/Q -> _23390_/D : -0.697333
[setup reg-reg] _23146_/Q -> _23299_/D : -0.679183
[setup reg-reg] _23146_/Q -> _23379_/D : -0.678527
[setup reg-reg] _23146_/Q -> _23359_/D : -0.671361
[setup reg-reg] _23146_/Q -> _23356_/D : -0.671310
[setup reg-reg] _23146_/Q -> _23358_/D : -0.670943
[setup reg-reg] _23146_/Q -> _23357_/D : -0.669701
[setup reg-reg] _23146_/Q -> _23366_/D : -0.666007
[setup reg-reg] _23146_/Q -> _23369_/D : -0.658854
[setup reg-reg] _23146_/Q -> _23378_/D : -0.658090
[setup reg-reg] _23146_/Q -> _23370_/D : -0.657624
[setup reg-reg] _23146_/Q -> _23372_/D : -0.657213
[setup reg-reg] _23146_/Q -> _23371_/D : -0.656664
[setup reg-reg] _23146_/Q -> _23389_/D : -0.650639
[setup reg-reg] _23146_/Q -> _23364_/D : -0.631290
[setup reg-reg] _23146_/Q -> _23365_/D : -0.630778
[setup reg-reg] _23146_/Q -> _23384_/D : -0.628815
[setup reg-reg] _23146_/Q -> _23276_/D : -0.624561
[setup reg-reg] _23146_/Q -> _23262_/D : -0.566254
[setup reg-reg] _23146_/Q -> _23258_/D : -0.564993
[setup reg-reg] _23146_/Q -> _23260_/D : -0.558816
[setup reg-reg] _23146_/Q -> _23312_/D : -0.552466
[setup reg-reg] _23146_/Q -> _23329_/D : -0.540381
[setup reg-reg] _23146_/Q -> _23332_/D : -0.540192
[setup reg-reg] _23146_/Q -> _23330_/D : -0.538805
[setup reg-reg] _23146_/Q -> _23331_/D : -0.538740
[setup reg-reg] _23146_/Q -> _23377_/D : -0.536852
[setup reg-reg] _23146_/Q -> _23376_/D : -0.536591
[setup reg-reg] _23146_/Q -> _23375_/D : -0.527465
[setup reg-reg] _23146_/Q -> _23257_/D : -0.524666
[setup reg-reg] _23146_/Q -> _23374_/D : -0.522498
[setup reg-reg] _23146_/Q -> _23373_/D : -0.522347
[setup reg-reg] _23146_/Q -> _23263_/D : -0.482800
[setup reg-reg] _23146_/Q -> _23261_/D : -0.476282
[setup reg-reg] _23146_/Q -> _23259_/D : -0.476136
[setup reg-reg] _23146_/Q -> _23355_/D : -0.462265
[setup reg-reg] _23146_/Q -> _23353_/D : -0.460759
[setup reg-reg] _23146_/Q -> _23354_/D : -0.459916
[setup reg-reg] _23146_/Q -> _23346_/D : -0.456959
[setup reg-reg] _23146_/Q -> _23348_/D : -0.455894
[setup reg-reg] _23146_/Q -> _23347_/D : -0.454929
[setup reg-reg] _23146_/Q -> _23349_/D : -0.454888
[setup reg-reg] _23146_/Q -> _23350_/D : -0.450535
[setup reg-reg] _23146_/Q -> _23352_/D : -0.449818
[setup reg-reg] _23146_/Q -> _23351_/D : -0.449687
[setup reg-reg] _23146_/Q -> _23399_/D : -0.426000
[setup reg-reg] _23146_/Q -> _23398_/D : -0.421276
[setup reg-reg] _23146_/Q -> _23401_/D : -0.420175
[setup reg-reg] _23146_/Q -> _23392_/D : -0.420145
[setup reg-reg] _23146_/Q -> _23400_/D : -0.419168
[setup reg-reg] _23146_/Q -> _23393_/D : -0.418985
[setup reg-reg] _23146_/Q -> _23396_/D : -0.418976
[setup reg-reg] _23146_/Q -> _23395_/D : -0.417099
[setup reg-reg] _23146_/Q -> _23397_/D : -0.416754
[setup reg-reg] _23146_/Q -> _23394_/D : -0.414642
[setup reg-reg] _23146_/Q -> _23239_/D : -0.358360
[setup reg-reg] _23146_/Q -> _23240_/D : -0.356759
[setup reg-reg] _23146_/Q -> _23232_/D : -0.355501
[setup reg-reg] _23146_/Q -> _23231_/D : -0.355099
[setup reg-reg] _23146_/Q -> _23235_/D : -0.354335
[setup reg-reg] _23146_/Q -> _23233_/D : -0.354071
[setup reg-reg] _23146_/Q -> _23234_/D : -0.353881
[setup reg-reg] _23146_/Q -> _23238_/D : -0.351991
[setup reg-reg] _23146_/Q -> _23236_/D : -0.350459
[setup reg-reg] _23146_/Q -> _23237_/D : -0.349995
[setup reg-reg] _23146_/Q -> _23414_/D : -0.348281
[setup reg-reg] _23146_/Q -> _23253_/D : -0.342390
[setup reg-reg] _23146_/Q -> _23254_/D : -0.291381
[setup reg-reg] _23146_/Q -> _23255_/D : -0.286575
[setup reg-reg] _23146_/Q -> _23256_/D : -0.282796
[setup reg-reg] _23146_/Q -> _23322_/D : -0.269045
[setup reg-reg] _23146_/Q -> _23368_/D : -0.159998
[setup reg-reg] _23146_/Q -> _23230_/D : -0.135493
[setup reg-reg] _23710_/Q -> _23702_/D : -0.133045
[setup reg-reg] _23710_/Q -> _23701_/D : -0.132775
[setup reg-reg] _23710_/Q -> _23700_/D : -0.125744
[setup reg-reg] _23710_/Q -> _23697_/D : -0.124937
[setup reg-reg] _23146_/Q -> _23345_/D : -0.121304
[setup reg-reg] _23146_/Q -> _23391_/D : -0.005913
Writing metric timing__hold_vio__count__corner:nom_typ_1p20V_25C: 0
Writing metric timing__hold_r2r__ws__corner:nom_typ_1p20V_25C: 0.235089
Writing metric timing__hold_r2r_vio__count__corner:nom_typ_1p20V_25C: 0
Writing metric timing__setup_vio__count__corner:nom_typ_1p20V_25C: 211
Writing metric timing__setup_r2r__ws__corner:nom_typ_1p20V_25C: -1.384707
Writing metric timing__setup_r2r_vio__count__corner:nom_typ_1p20V_25C: 211
