2026-01-24 19:51:08 +0000: Memory Usage (424648K) : Starting running IHP-SG13G2 KLayout DRC runset on /home/designer/shared/FSE-LMS/design/runs/RUN_2026-01-24_19-32-36/57-magic-streamout/top.gds
2026-01-24 19:51:08 +0000: Memory Usage (424648K) : Ruby Version for klayout: 3.3.10
2026-01-24 19:51:08 +0000: Memory Usage (450376K) : Loading database to memory is complete.
2026-01-24 19:51:08 +0000: Memory Usage (450376K) : IHP-SG13G2 KLayout DRC runset output at: /home/designer/shared/FSE-LMS/design/runs/RUN_2026-01-24_19-32-36/64-klayout-drc/reports/drc.klayout.lyrdb
2026-01-24 19:51:08 +0000: Memory Usage (450376K) : Evaluate switches.
2026-01-24 19:51:08 +0000: Memory Usage (450376K) : tables selected: main
2026-01-24 19:51:08 +0000: Memory Usage (450376K) : KLayout will use 16 thread(s) in tiling mode.
2026-01-24 19:51:08 +0000: Memory Usage (450376K) : deep mode is enabled.
2026-01-24 19:51:08 +0000: Memory Usage (450376K) : FEOL enabled: true
2026-01-24 19:51:08 +0000: Memory Usage (450376K) : BEOL enabled: true
2026-01-24 19:51:08 +0000: Memory Usage (450376K) : OFFGRID enabled: true
2026-01-24 19:51:08 +0000: Memory Usage (450376K) : PIN enabled: true
2026-01-24 19:51:08 +0000: Memory Usage (450376K) : FORBIDDEN enabled: true
2026-01-24 19:51:08 +0000: Memory Usage (450376K) : RECOMMENDED enabled: false
2026-01-24 19:51:08 +0000: Memory Usage (450376K) : PreCheck DRC enabled: false
2026-01-24 19:51:08 +0000: Memory Usage (450376K) : CONNECTIVITY_RULES enabled: true.
2026-01-24 19:51:08 +0000: Memory Usage (450376K) : Read in polygons from layers.
2026-01-24 19:51:08 +0000: Memory Usage (452680K) : activ_drw has 123814 polygons
2026-01-24 19:51:08 +0000: Memory Usage (453064K) : activ_pin has 0 polygons
2026-01-24 19:51:08 +0000: Memory Usage (453064K) : activ_mask has 0 polygons
2026-01-24 19:51:08 +0000: Memory Usage (453064K) : activ_filler has 0 polygons
2026-01-24 19:51:08 +0000: Memory Usage (453064K) : activ_nofill has 0 polygons
2026-01-24 19:51:08 +0000: Memory Usage (453064K) : activ_opc has 0 polygons
2026-01-24 19:51:08 +0000: Memory Usage (453064K) : activ_iopc has 0 polygons
2026-01-24 19:51:08 +0000: Memory Usage (453064K) : activ_noqrc has 0 polygons
2026-01-24 19:51:08 +0000: Memory Usage (453064K) : biwind_drw has 0 polygons
2026-01-24 19:51:08 +0000: Memory Usage (453064K) : biwind_opc has 0 polygons
2026-01-24 19:51:08 +0000: Memory Usage (453064K) : pemwind_drw has 0 polygons
2026-01-24 19:51:08 +0000: Memory Usage (453192K) : gatpoly_drw has 113322 polygons
2026-01-24 19:51:08 +0000: Memory Usage (453192K) : gatpoly_pin has 0 polygons
2026-01-24 19:51:08 +0000: Memory Usage (453192K) : gatpoly_filler has 0 polygons
2026-01-24 19:51:08 +0000: Memory Usage (453192K) : gatpoly_nofill has 0 polygons
2026-01-24 19:51:08 +0000: Memory Usage (453192K) : gatpoly_opc has 0 polygons
2026-01-24 19:51:08 +0000: Memory Usage (453192K) : gatpoly_iopc has 0 polygons
2026-01-24 19:51:08 +0000: Memory Usage (453192K) : gatpoly_noqrc has 0 polygons
2026-01-24 19:51:08 +0000: Memory Usage (453448K) : cont_drw has 843000 polygons
2026-01-24 19:51:08 +0000: Memory Usage (453448K) : cont_opc has 0 polygons
2026-01-24 19:51:08 +0000: Memory Usage (453448K) : nsd_drw has 0 polygons
2026-01-24 19:51:08 +0000: Memory Usage (453448K) : nsd_block has 0 polygons
2026-01-24 19:51:08 +0000: Memory Usage (454856K) : metal1_drw has 221275 polygons
2026-01-24 19:51:08 +0000: Memory Usage (454856K) : metal1_pin has 104215 polygons
2026-01-24 19:51:08 +0000: Memory Usage (454856K) : metal1_mask has 0 polygons
2026-01-24 19:51:08 +0000: Memory Usage (454856K) : metal1_filler has 0 polygons
2026-01-24 19:51:08 +0000: Memory Usage (454856K) : metal1_nofill has 0 polygons
2026-01-24 19:51:08 +0000: Memory Usage (454856K) : metal1_slit has 0 polygons
2026-01-24 19:51:08 +0000: Memory Usage (454984K) : metal1_text has 103159 polygons
2026-01-24 19:51:08 +0000: Memory Usage (455240K) : metal1_opc has 0 polygons
2026-01-24 19:51:08 +0000: Memory Usage (455240K) : metal1_noqrc has 0 polygons
2026-01-24 19:51:08 +0000: Memory Usage (455240K) : metal1_res has 0 polygons
2026-01-24 19:51:08 +0000: Memory Usage (455240K) : metal1_iprobe has 0 polygons
2026-01-24 19:51:08 +0000: Memory Usage (455240K) : metal1_diffprb has 0 polygons
2026-01-24 19:51:08 +0000: Memory Usage (455240K) : passiv_drw has 0 polygons
2026-01-24 19:51:08 +0000: Memory Usage (455240K) : passiv_pin has 0 polygons
2026-01-24 19:51:08 +0000: Memory Usage (455240K) : passiv_sbump has 0 polygons
2026-01-24 19:51:08 +0000: Memory Usage (455240K) : passiv_pillar has 0 polygons
2026-01-24 19:51:08 +0000: Memory Usage (455368K) : passiv_pdl has 0 polygons
2026-01-24 19:51:08 +0000: Memory Usage (459080K) : metal2_drw has 119726 polygons
2026-01-24 19:51:08 +0000: Memory Usage (459080K) : metal2_pin has 4 polygons
2026-01-24 19:51:08 +0000: Memory Usage (459080K) : metal2_mask has 0 polygons
2026-01-24 19:51:08 +0000: Memory Usage (459080K) : metal2_filler has 0 polygons
2026-01-24 19:51:08 +0000: Memory Usage (459080K) : metal2_nofill has 0 polygons
2026-01-24 19:51:08 +0000: Memory Usage (459080K) : metal2_slit has 0 polygons
2026-01-24 19:51:08 +0000: Memory Usage (459080K) : metal2_text has 10783 polygons
2026-01-24 19:51:08 +0000: Memory Usage (459080K) : metal2_opc has 0 polygons
2026-01-24 19:51:08 +0000: Memory Usage (459080K) : metal2_noqrc has 0 polygons
2026-01-24 19:51:08 +0000: Memory Usage (459080K) : metal2_res has 0 polygons
2026-01-24 19:51:08 +0000: Memory Usage (459080K) : metal2_iprobe has 0 polygons
2026-01-24 19:51:08 +0000: Memory Usage (459080K) : metal2_diffprb has 0 polygons
2026-01-24 19:51:08 +0000: Memory Usage (459080K) : baspoly_drw has 0 polygons
2026-01-24 19:51:08 +0000: Memory Usage (459080K) : baspoly_pin has 0 polygons
2026-01-24 19:51:09 +0000: Memory Usage (459080K) : psd_drw has 59503 polygons
2026-01-24 19:51:09 +0000: Memory Usage (459080K) : nldb_drw has 0 polygons
2026-01-24 19:51:09 +0000: Memory Usage (459080K) : digibnd_drw has 0 polygons
2026-01-24 19:51:09 +0000: Memory Usage (459848K) : via1_drw has 49495 polygons
2026-01-24 19:51:09 +0000: Memory Usage (459848K) : backmetal1_drw has 0 polygons
2026-01-24 19:51:09 +0000: Memory Usage (459848K) : backmetal1_pin has 0 polygons
2026-01-24 19:51:09 +0000: Memory Usage (459848K) : backmetal1_mask has 0 polygons
2026-01-24 19:51:09 +0000: Memory Usage (459848K) : backmetal1_filler has 0 polygons
2026-01-24 19:51:09 +0000: Memory Usage (459848K) : backmetal1_nofill has 0 polygons
2026-01-24 19:51:09 +0000: Memory Usage (459848K) : backmetal1_slit has 0 polygons
2026-01-24 19:51:09 +0000: Memory Usage (459848K) : backmetal1_text has 0 polygons
2026-01-24 19:51:09 +0000: Memory Usage (459848K) : backmetal1_opc has 0 polygons
2026-01-24 19:51:09 +0000: Memory Usage (459848K) : backmetal1_noqrc has 0 polygons
2026-01-24 19:51:09 +0000: Memory Usage (459848K) : backmetal1_res has 0 polygons
2026-01-24 19:51:09 +0000: Memory Usage (459848K) : backmetal1_iprobe has 0 polygons
2026-01-24 19:51:09 +0000: Memory Usage (459848K) : backmetal1_diffprb has 0 polygons
2026-01-24 19:51:09 +0000: Memory Usage (459848K) : backpassiv_drw has 0 polygons
2026-01-24 19:51:09 +0000: Memory Usage (459848K) : res_drw has 0 polygons
2026-01-24 19:51:09 +0000: Memory Usage (459848K) : sram_drw has 0 polygons
2026-01-24 19:51:09 +0000: Memory Usage (459848K) : trans_drw has 0 polygons
2026-01-24 19:51:09 +0000: Memory Usage (459848K) : ind_drw has 0 polygons
2026-01-24 19:51:09 +0000: Memory Usage (459848K) : ind_pin has 0 polygons
2026-01-24 19:51:09 +0000: Memory Usage (459848K) : ind_text has 0 polygons
2026-01-24 19:51:09 +0000: Memory Usage (459848K) : salblock_drw has 0 polygons
2026-01-24 19:51:09 +0000: Memory Usage (461000K) : via2_drw has 42942 polygons
2026-01-24 19:51:09 +0000: Memory Usage (461000K) : metal3_drw has 28543 polygons
2026-01-24 19:51:09 +0000: Memory Usage (461384K) : metal3_pin has 4 polygons
2026-01-24 19:51:09 +0000: Memory Usage (461384K) : metal3_mask has 0 polygons
2026-01-24 19:51:09 +0000: Memory Usage (461384K) : metal3_filler has 0 polygons
2026-01-24 19:51:09 +0000: Memory Usage (461384K) : metal3_nofill has 0 polygons
2026-01-24 19:51:09 +0000: Memory Usage (461384K) : metal3_slit has 0 polygons
2026-01-24 19:51:09 +0000: Memory Usage (461384K) : metal3_text has 2910 polygons
2026-01-24 19:51:09 +0000: Memory Usage (461384K) : metal3_opc has 0 polygons
2026-01-24 19:51:09 +0000: Memory Usage (461384K) : metal3_noqrc has 0 polygons
2026-01-24 19:51:09 +0000: Memory Usage (461512K) : metal3_res has 0 polygons
2026-01-24 19:51:09 +0000: Memory Usage (461512K) : metal3_iprobe has 0 polygons
2026-01-24 19:51:09 +0000: Memory Usage (461640K) : metal3_diffprb has 0 polygons
2026-01-24 19:51:09 +0000: Memory Usage (461896K) : nwell_drw has 29590 polygons
2026-01-24 19:51:09 +0000: Memory Usage (461896K) : nwell_pin has 0 polygons
2026-01-24 19:51:09 +0000: Memory Usage (461896K) : nbulay_drw has 0 polygons
2026-01-24 19:51:09 +0000: Memory Usage (461896K) : nbulay_pin has 0 polygons
2026-01-24 19:51:09 +0000: Memory Usage (461896K) : nbulay_block has 0 polygons
2026-01-24 19:51:09 +0000: Memory Usage (462024K) : emwind_drw has 0 polygons
2026-01-24 19:51:09 +0000: Memory Usage (462024K) : emwind_opc has 0 polygons
2026-01-24 19:51:09 +0000: Memory Usage (462152K) : deepco_drw has 0 polygons
2026-01-24 19:51:09 +0000: Memory Usage (462152K) : deepco_drw has 0 polygons
2026-01-24 19:51:09 +0000: Memory Usage (462280K) : mim_drw has 0 polygons
2026-01-24 19:51:09 +0000: Memory Usage (462280K) : edgeseal_drw has 0 polygons
2026-01-24 19:51:09 +0000: Memory Usage (462408K) : edgeseal_bound has 0 polygons
2026-01-24 19:51:09 +0000: Memory Usage (462408K) : substrate_drw has 0 polygons
2026-01-24 19:51:09 +0000: Memory Usage (462536K) : substrate_text has 0 polygons
2026-01-24 19:51:09 +0000: Memory Usage (462536K) : dfpad_drw has 0 polygons
2026-01-24 19:51:09 +0000: Memory Usage (462664K) : dfpad_pillar has 0 polygons
2026-01-24 19:51:09 +0000: Memory Usage (462664K) : dfpad_sbump has 0 polygons
2026-01-24 19:51:09 +0000: Memory Usage (462792K) : thickgateox_drw has 0 polygons
2026-01-24 19:51:09 +0000: Memory Usage (462792K) : pldb_drw has 0 polygons
2026-01-24 19:51:09 +0000: Memory Usage (462920K) : pwell_drw has 0 polygons
2026-01-24 19:51:09 +0000: Memory Usage (462920K) : pwell_pin has 0 polygons
2026-01-24 19:51:09 +0000: Memory Usage (463048K) : pwell_block has 0 polygons
2026-01-24 19:51:09 +0000: Memory Usage (463048K) : ic_drw has 0 polygons
2026-01-24 19:51:09 +0000: Memory Usage (463176K) : via3_drw has 7480 polygons
2026-01-24 19:51:09 +0000: Memory Usage (463432K) : metal4_drw has 2550 polygons
2026-01-24 19:51:09 +0000: Memory Usage (463560K) : metal4_pin has 0 polygons
2026-01-24 19:51:09 +0000: Memory Usage (463560K) : metal4_mask has 0 polygons
2026-01-24 19:51:09 +0000: Memory Usage (463688K) : metal4_filler has 0 polygons
2026-01-24 19:51:09 +0000: Memory Usage (463688K) : metal4_nofill has 0 polygons
2026-01-24 19:51:09 +0000: Memory Usage (463816K) : metal4_slit has 0 polygons
2026-01-24 19:51:09 +0000: Memory Usage (463816K) : metal4_text has 55 polygons
2026-01-24 19:51:09 +0000: Memory Usage (463944K) : metal4_opc has 0 polygons
2026-01-24 19:51:09 +0000: Memory Usage (463944K) : metal4_noqrc has 0 polygons
2026-01-24 19:51:09 +0000: Memory Usage (464072K) : metal4_res has 0 polygons
2026-01-24 19:51:09 +0000: Memory Usage (464072K) : metal4_iprobe has 0 polygons
2026-01-24 19:51:09 +0000: Memory Usage (464200K) : metal4_diffprb has 0 polygons
2026-01-24 19:51:09 +0000: Memory Usage (464200K) : heattrans_drw has 0 polygons
2026-01-24 19:51:09 +0000: Memory Usage (464328K) : heatres_drw has 0 polygons
2026-01-24 19:51:09 +0000: Memory Usage (464328K) : pempoly_drw has 0 polygons
2026-01-24 19:51:09 +0000: Memory Usage (464456K) : fbe_drw has 0 polygons
2026-01-24 19:51:09 +0000: Memory Usage (464456K) : empoly_drw has 0 polygons
2026-01-24 19:51:09 +0000: Memory Usage (464584K) : ldmos_drw has 0 polygons
2026-01-24 19:51:09 +0000: Memory Usage (464584K) : pbiwind_drw has 0 polygons
2026-01-24 19:51:09 +0000: Memory Usage (464712K) : digisub_drw has 0 polygons
2026-01-24 19:51:09 +0000: Memory Usage (464712K) : nodrc_drw has 0 polygons
2026-01-24 19:51:09 +0000: Memory Usage (465096K) : text_drw has 20 polygons
2026-01-24 19:51:09 +0000: Memory Usage (465096K) : via4_drw has 5351 polygons
2026-01-24 19:51:09 +0000: Memory Usage (465096K) : metal5_drw has 1137 polygons
2026-01-24 19:51:09 +0000: Memory Usage (465096K) : metal5_pin has 0 polygons
2026-01-24 19:51:09 +0000: Memory Usage (465096K) : metal5_mask has 0 polygons
2026-01-24 19:51:09 +0000: Memory Usage (465096K) : metal5_filler has 0 polygons
2026-01-24 19:51:09 +0000: Memory Usage (465096K) : metal5_nofill has 0 polygons
2026-01-24 19:51:09 +0000: Memory Usage (465096K) : metal5_slit has 0 polygons
2026-01-24 19:51:09 +0000: Memory Usage (465096K) : metal5_text has 2 polygons
2026-01-24 19:51:09 +0000: Memory Usage (465096K) : metal5_opc has 0 polygons
2026-01-24 19:51:09 +0000: Memory Usage (465096K) : metal5_noqrc has 0 polygons
2026-01-24 19:51:09 +0000: Memory Usage (465096K) : metal5_res has 0 polygons
2026-01-24 19:51:09 +0000: Memory Usage (465096K) : metal5_iprobe has 0 polygons
2026-01-24 19:51:09 +0000: Memory Usage (465096K) : metal5_diffprb has 0 polygons
2026-01-24 19:51:09 +0000: Memory Usage (465096K) : radhard_drw has 0 polygons
2026-01-24 19:51:09 +0000: Memory Usage (465096K) : memcap_drw has 0 polygons
2026-01-24 19:51:09 +0000: Memory Usage (465096K) : varicap_drw has 0 polygons
2026-01-24 19:51:09 +0000: Memory Usage (465096K) : flash_drw has 0 polygons
2026-01-24 19:51:09 +0000: Memory Usage (465096K) : intbondvia_drw has 0 polygons
2026-01-24 19:51:09 +0000: Memory Usage (465096K) : intbondmet_drw has 0 polygons
2026-01-24 19:51:09 +0000: Memory Usage (465096K) : devbondvia_drw has 0 polygons
2026-01-24 19:51:09 +0000: Memory Usage (465096K) : devbondmet_drw has 0 polygons
2026-01-24 19:51:09 +0000: Memory Usage (465096K) : devtrench_drw has 0 polygons
2026-01-24 19:51:09 +0000: Memory Usage (465096K) : redist_drw has 0 polygons
2026-01-24 19:51:09 +0000: Memory Usage (465096K) : graphbot_drw has 0 polygons
2026-01-24 19:51:09 +0000: Memory Usage (465096K) : graphtop_drw has 0 polygons
2026-01-24 19:51:09 +0000: Memory Usage (465096K) : antvia1_drw has 0 polygons
2026-01-24 19:51:09 +0000: Memory Usage (465096K) : antmetal2_drw has 0 polygons
2026-01-24 19:51:09 +0000: Memory Usage (465096K) : graphcont_drw has 0 polygons
2026-01-24 19:51:09 +0000: Memory Usage (465096K) : siwg_drw has 0 polygons
2026-01-24 19:51:09 +0000: Memory Usage (465096K) : siwg_filler has 0 polygons
2026-01-24 19:51:09 +0000: Memory Usage (465096K) : siwg_nofill has 0 polygons
2026-01-24 19:51:09 +0000: Memory Usage (465096K) : sigrating_drw has 0 polygons
2026-01-24 19:51:09 +0000: Memory Usage (465096K) : singrating_drw has 0 polygons
2026-01-24 19:51:09 +0000: Memory Usage (465096K) : graphpas_drw has 0 polygons
2026-01-24 19:51:09 +0000: Memory Usage (465096K) : emwind3_drw has 0 polygons
2026-01-24 19:51:09 +0000: Memory Usage (465096K) : emwihv3_drw has 0 polygons
2026-01-24 19:51:09 +0000: Memory Usage (465096K) : redbulay_drw has 0 polygons
2026-01-24 19:51:09 +0000: Memory Usage (465096K) : smos_drw has 0 polygons
2026-01-24 19:51:09 +0000: Memory Usage (465096K) : graphpad_drw has 0 polygons
2026-01-24 19:51:09 +0000: Memory Usage (465096K) : polimide_drw has 0 polygons
2026-01-24 19:51:09 +0000: Memory Usage (465096K) : polimide_pin has 0 polygons
2026-01-24 19:51:09 +0000: Memory Usage (465096K) : recog_drw has 0 polygons
2026-01-24 19:51:09 +0000: Memory Usage (465096K) : recog_pin has 0 polygons
2026-01-24 19:51:09 +0000: Memory Usage (465096K) : recog_esd has 0 polygons
2026-01-24 19:51:09 +0000: Memory Usage (465096K) : recog_diode has 20 polygons
2026-01-24 19:51:09 +0000: Memory Usage (465096K) : recog_tsv has 0 polygons
2026-01-24 19:51:09 +0000: Memory Usage (465096K) : recog_iprobe has 0 polygons
2026-01-24 19:51:09 +0000: Memory Usage (465096K) : recog_diffprb has 0 polygons
2026-01-24 19:51:09 +0000: Memory Usage (465096K) : recog_pillar has 0 polygons
2026-01-24 19:51:09 +0000: Memory Usage (465096K) : recog_sbump has 0 polygons
2026-01-24 19:51:09 +0000: Memory Usage (465096K) : recog_otp has 0 polygons
2026-01-24 19:51:09 +0000: Memory Usage (465096K) : recog_pdiode has 0 polygons
2026-01-24 19:51:09 +0000: Memory Usage (465096K) : recog_mom has 0 polygons
2026-01-24 19:51:09 +0000: Memory Usage (465096K) : recog_pcm has 0 polygons
2026-01-24 19:51:09 +0000: Memory Usage (465096K) : colopen_drw has 0 polygons
2026-01-24 19:51:09 +0000: Memory Usage (465096K) : graphmetal1_drw has 0 polygons
2026-01-24 19:51:09 +0000: Memory Usage (465096K) : graphmetal1_filler has 0 polygons
2026-01-24 19:51:09 +0000: Memory Usage (465096K) : graphmetal1_nofill has 0 polygons
2026-01-24 19:51:09 +0000: Memory Usage (465096K) : graphmetal1_slit has 0 polygons
2026-01-24 19:51:09 +0000: Memory Usage (465096K) : graphmetal1_opc has 0 polygons
2026-01-24 19:51:09 +0000: Memory Usage (465096K) : graphmet1l_drw has 0 polygons
2026-01-24 19:51:09 +0000: Memory Usage (465096K) : graphmet1l_filler has 0 polygons
2026-01-24 19:51:09 +0000: Memory Usage (465096K) : graphmet1l_nofill has 0 polygons
2026-01-24 19:51:09 +0000: Memory Usage (465096K) : graphmet1l_slit has 0 polygons
2026-01-24 19:51:09 +0000: Memory Usage (465096K) : graphmet1l_opc has 0 polygons
2026-01-24 19:51:09 +0000: Memory Usage (465096K) : extblock_drw has 0 polygons
2026-01-24 19:51:09 +0000: Memory Usage (465096K) : nldd_drw has 0 polygons
2026-01-24 19:51:09 +0000: Memory Usage (465096K) : pldd_drw has 0 polygons
2026-01-24 19:51:09 +0000: Memory Usage (465096K) : next_drw has 0 polygons
2026-01-24 19:51:09 +0000: Memory Usage (465096K) : pext_drw has 0 polygons
2026-01-24 19:51:09 +0000: Memory Usage (465096K) : nexthv_drw has 0 polygons
2026-01-24 19:51:09 +0000: Memory Usage (465096K) : pexthv_drw has 0 polygons
2026-01-24 19:51:09 +0000: Memory Usage (465096K) : graphgate_drw has 0 polygons
2026-01-24 19:51:09 +0000: Memory Usage (465096K) : sinwg_drw has 0 polygons
2026-01-24 19:51:09 +0000: Memory Usage (465096K) : sinwg_filler has 0 polygons
2026-01-24 19:51:09 +0000: Memory Usage (465096K) : sinwg_nofill has 0 polygons
2026-01-24 19:51:09 +0000: Memory Usage (465096K) : mempad_drw has 0 polygons
2026-01-24 19:51:09 +0000: Memory Usage (465096K) : topvia1_drw has 2058 polygons
2026-01-24 19:51:09 +0000: Memory Usage (465096K) : topmetal1_drw has 14 polygons
2026-01-24 19:51:09 +0000: Memory Usage (465096K) : topmetal1_pin has 14 polygons
2026-01-24 19:51:09 +0000: Memory Usage (465096K) : topmetal1_mask has 0 polygons
2026-01-24 19:51:09 +0000: Memory Usage (465096K) : topmetal1_filler has 0 polygons
2026-01-24 19:51:09 +0000: Memory Usage (465096K) : topmetal1_nofill has 0 polygons
2026-01-24 19:51:09 +0000: Memory Usage (465096K) : topmetal1_slit has 0 polygons
2026-01-24 19:51:09 +0000: Memory Usage (465096K) : topmetal1_text has 14 polygons
2026-01-24 19:51:09 +0000: Memory Usage (465096K) : topmetal1_noqrc has 0 polygons
2026-01-24 19:51:09 +0000: Memory Usage (465096K) : topmetal1_res has 0 polygons
2026-01-24 19:51:09 +0000: Memory Usage (465096K) : topmetal1_iprobe has 0 polygons
2026-01-24 19:51:09 +0000: Memory Usage (465096K) : topmetal1_diffprb has 0 polygons
2026-01-24 19:51:09 +0000: Memory Usage (465224K) : inldpwl_drw has 0 polygons
2026-01-24 19:51:09 +0000: Memory Usage (465224K) : polyres_drw has 0 polygons
2026-01-24 19:51:09 +0000: Memory Usage (465352K) : polyres_pin has 0 polygons
2026-01-24 19:51:09 +0000: Memory Usage (465352K) : vmim_drw has 0 polygons
2026-01-24 19:51:09 +0000: Memory Usage (465480K) : nbulaycut_drw has 0 polygons
2026-01-24 19:51:09 +0000: Memory Usage (465480K) : antmetal1_drw has 0 polygons
2026-01-24 19:51:09 +0000: Memory Usage (465608K) : topvia2_drw has 112 polygons
2026-01-24 19:51:09 +0000: Memory Usage (465608K) : topmetal2_drw has 16 polygons
2026-01-24 19:51:09 +0000: Memory Usage (465736K) : topmetal2_pin has 16 polygons
2026-01-24 19:51:09 +0000: Memory Usage (465736K) : topmetal2_mask has 0 polygons
2026-01-24 19:51:09 +0000: Memory Usage (465864K) : topmetal2_filler has 0 polygons
2026-01-24 19:51:09 +0000: Memory Usage (465864K) : topmetal2_nofill has 0 polygons
2026-01-24 19:51:09 +0000: Memory Usage (465992K) : topmetal2_slit has 0 polygons
2026-01-24 19:51:09 +0000: Memory Usage (465992K) : topmetal2_text has 16 polygons
2026-01-24 19:51:09 +0000: Memory Usage (466120K) : topmetal2_noqrc has 0 polygons
2026-01-24 19:51:09 +0000: Memory Usage (466120K) : topmetal2_res has 0 polygons
2026-01-24 19:51:09 +0000: Memory Usage (466248K) : topmetal2_iprobe has 0 polygons
2026-01-24 19:51:09 +0000: Memory Usage (466248K) : topmetal2_diffprb has 0 polygons
2026-01-24 19:51:09 +0000: Memory Usage (466376K) : snsring_drw has 0 polygons
2026-01-24 19:51:09 +0000: Memory Usage (466376K) : sensor_drw has 0 polygons
2026-01-24 19:51:09 +0000: Memory Usage (466504K) : snsarms_drw has 0 polygons
2026-01-24 19:51:09 +0000: Memory Usage (466504K) : snscmosvia_drw has 0 polygons
2026-01-24 19:51:09 +0000: Memory Usage (466632K) : colwind_drw has 0 polygons
2026-01-24 19:51:09 +0000: Memory Usage (466632K) : flm_drw has 0 polygons
2026-01-24 19:51:09 +0000: Memory Usage (466760K) : hafniumox_drw has 0 polygons
2026-01-24 19:51:09 +0000: Memory Usage (466760K) : memvia_drw has 0 polygons
2026-01-24 19:51:09 +0000: Memory Usage (466888K) : thinfilmres_drw has 0 polygons
2026-01-24 19:51:09 +0000: Memory Usage (466888K) : rfmem_drw has 0 polygons
2026-01-24 19:51:09 +0000: Memory Usage (467016K) : norcx_drw has 0 polygons
2026-01-24 19:51:09 +0000: Memory Usage (467016K) : norcx_m2m3 has 0 polygons
2026-01-24 19:51:09 +0000: Memory Usage (467016K) : norcx_m2m4 has 0 polygons
2026-01-24 19:51:09 +0000: Memory Usage (467016K) : norcx_m2m5 has 0 polygons
2026-01-24 19:51:09 +0000: Memory Usage (467016K) : norcx_m2tm1 has 0 polygons
2026-01-24 19:51:09 +0000: Memory Usage (467016K) : norcx_m2tm2 has 0 polygons
2026-01-24 19:51:09 +0000: Memory Usage (467016K) : norcx_m3m4 has 0 polygons
2026-01-24 19:51:09 +0000: Memory Usage (467016K) : norcx_m3m5 has 0 polygons
2026-01-24 19:51:09 +0000: Memory Usage (467016K) : norcx_m3tm1 has 0 polygons
2026-01-24 19:51:09 +0000: Memory Usage (467016K) : norcx_m3tm2 has 0 polygons
2026-01-24 19:51:09 +0000: Memory Usage (467016K) : norcx_m4m5 has 0 polygons
2026-01-24 19:51:10 +0000: Memory Usage (467016K) : norcx_m4tm1 has 0 polygons
2026-01-24 19:51:10 +0000: Memory Usage (467016K) : norcx_m4tm2 has 0 polygons
2026-01-24 19:51:10 +0000: Memory Usage (467016K) : norcx_m5tm1 has 0 polygons
2026-01-24 19:51:10 +0000: Memory Usage (467016K) : norcx_m5tm2 has 0 polygons
2026-01-24 19:51:10 +0000: Memory Usage (467016K) : norcx_tm1tm2 has 0 polygons
2026-01-24 19:51:10 +0000: Memory Usage (467016K) : norcx_m1sub has 0 polygons
2026-01-24 19:51:10 +0000: Memory Usage (467016K) : norcx_m2sub has 0 polygons
2026-01-24 19:51:10 +0000: Memory Usage (467016K) : norcx_m3sub has 0 polygons
2026-01-24 19:51:10 +0000: Memory Usage (467016K) : norcx_m4sub has 0 polygons
2026-01-24 19:51:10 +0000: Memory Usage (467016K) : norcx_m5sub has 0 polygons
2026-01-24 19:51:10 +0000: Memory Usage (467016K) : norcx_tm1sub has 0 polygons
2026-01-24 19:51:10 +0000: Memory Usage (467016K) : norcx_tm2sub has 0 polygons
2026-01-24 19:51:10 +0000: Memory Usage (467016K) : snsbotvia_drw has 0 polygons
2026-01-24 19:51:10 +0000: Memory Usage (467016K) : snstopvia_drw has 0 polygons
2026-01-24 19:51:10 +0000: Memory Usage (467016K) : deepvia_drw has 0 polygons
2026-01-24 19:51:10 +0000: Memory Usage (467016K) : fgetch_drw has 0 polygons
2026-01-24 19:51:10 +0000: Memory Usage (467016K) : ctrgat_drw has 0 polygons
2026-01-24 19:51:10 +0000: Memory Usage (467016K) : fgimp_drw has 0 polygons
2026-01-24 19:51:10 +0000: Memory Usage (467016K) : emwihv_drw has 0 polygons
2026-01-24 19:51:10 +0000: Memory Usage (467016K) : lbe_drw has 0 polygons
2026-01-24 19:51:10 +0000: Memory Usage (467016K) : alcustop_drw has 0 polygons
2026-01-24 19:51:10 +0000: Memory Usage (467016K) : nometfiller_drw has 0 polygons
2026-01-24 19:51:10 +0000: Memory Usage (467016K) : prboundary_drw has 0 polygons
2026-01-24 19:51:10 +0000: Memory Usage (467016K) : exchange0_drw has 0 polygons
2026-01-24 19:51:10 +0000: Memory Usage (467016K) : exchange0_pin has 0 polygons
2026-01-24 19:51:10 +0000: Memory Usage (467016K) : exchange0_text has 0 polygons
2026-01-24 19:51:10 +0000: Memory Usage (467016K) : exchange1_drw has 0 polygons
2026-01-24 19:51:10 +0000: Memory Usage (467016K) : exchange1_pin has 0 polygons
2026-01-24 19:51:10 +0000: Memory Usage (467016K) : exchange1_text has 0 polygons
2026-01-24 19:51:10 +0000: Memory Usage (467016K) : exchange2_drw has 0 polygons
2026-01-24 19:51:10 +0000: Memory Usage (467016K) : exchange2_pin has 0 polygons
2026-01-24 19:51:10 +0000: Memory Usage (467016K) : exchange2_text has 0 polygons
2026-01-24 19:51:10 +0000: Memory Usage (467016K) : exchange3_drw has 0 polygons
2026-01-24 19:51:10 +0000: Memory Usage (467016K) : exchange3_pin has 0 polygons
2026-01-24 19:51:10 +0000: Memory Usage (467016K) : exchange3_text has 0 polygons
2026-01-24 19:51:10 +0000: Memory Usage (467016K) : exchange4_drw has 0 polygons
2026-01-24 19:51:10 +0000: Memory Usage (467016K) : exchange4_pin has 0 polygons
2026-01-24 19:51:10 +0000: Memory Usage (467016K) : exchange4_text has 0 polygons
2026-01-24 19:51:10 +0000: Memory Usage (467016K) : isonwell_drw has 0 polygons
2026-01-24 19:51:10 +0000: Memory Usage (467016K) : Total no. of polygons in the design is 1871160
2026-01-24 19:51:10 +0000: Memory Usage (467016K) : Loaded TECH DRC rules values from /opt/pdks/ciel/ihp-sg13g2/versions/c4b8b4e5e7a05f375cca3815d51b3a37721fbf5c/ihp-sg13g2/libs.tech/klayout/python/sg13g2_pycell_lib/sg13g2_tech_mod.json
2026-01-24 19:51:10 +0000: Memory Usage (467016K) : Loaded default DRC rules values from /opt/pdks/ciel/ihp-sg13g2/versions/c4b8b4e5e7a05f375cca3815d51b3a37721fbf5c/ihp-sg13g2/libs.tech/klayout/tech/drc/rule_decks/sg13g2_tech_default.json
2026-01-24 19:51:10 +0000: Memory Usage (467016K) : The following rules values were missing in tech json and default values were used:
2026-01-24 19:51:10 +0000: Memory Usage (467016K) :   - Cnt_c_digibnd
2026-01-24 19:51:10 +0000: Memory Usage (469064K) : Total area of the design is 360000.0 um^2.
2026-01-24 19:51:10 +0000: Memory Usage (469064K) : The design dimensions are 600.0 µm * 600.0 µm.
2026-01-24 19:51:10 +0000: Memory Usage (469064K) : Starting general IHP-SG13G2 derivations.
2026-01-24 19:51:10 +0000: Memory Usage (469064K) : Starting Pwell derivations
2026-01-24 19:51:10 +0000: Memory Usage (486496K) : Starting n-Activ derivations
2026-01-24 19:51:11 +0000: Memory Usage (516320K) : Starting p-Activ derivations
2026-01-24 19:51:12 +0000: Memory Usage (517600K) : Starting ptap derivations
2026-01-24 19:51:12 +0000: Memory Usage (533708K) : Starting ntap derivations
2026-01-24 19:51:13 +0000: Memory Usage (561740K) : Starting pact FET derivations
2026-01-24 19:51:14 +0000: Memory Usage (545132K) : Starting nact FET derivations
2026-01-24 19:51:14 +0000: Memory Usage (560996K) : Starting Gate derivations
2026-01-24 19:51:14 +0000: Memory Usage (559924K) : Starting cont/contbar general derivations
2026-01-24 19:51:16 +0000: Memory Usage (642484K) : Starting pad general derivations
2026-01-24 19:51:16 +0000: Memory Usage (642484K) : Starting IHP-SG13G2 DRC connectivity related derivations.
2026-01-24 19:51:16 +0000: Memory Usage (642484K) : Starting IHP-SG13G2 DRC connectivity setup
2026-01-24 19:51:23 +0000: Memory Usage (621884K) : Starting IHP-SG13G2 DRC rules.
2026-01-24 19:51:23 +0000: Memory Usage (621884K) : Running all FEOL rules
2026-01-24 19:51:23 +0000: Memory Usage (621884K) : Running all BEOL rules
2026-01-24 19:51:23 +0000: Memory Usage (621884K) : Running all PIN rules
2026-01-24 19:51:23 +0000: Memory Usage (621884K) : Running all FORBIDDEN rules
2026-01-24 19:51:23 +0000: Memory Usage (621884K) : Starting 5.1 NWell table
2026-01-24 19:51:23 +0000: Memory Usage (621884K) : Executing rule NW.b
2026-01-24 19:51:24 +0000: Memory Usage (631868K) : Executing rule NW.b1
2026-01-24 19:51:24 +0000: Memory Usage (632124K) : Starting 5.2 PWell:block
2026-01-24 19:51:24 +0000: Memory Usage (632124K) : Executing rule PWB.e
2026-01-24 19:51:24 +0000: Memory Usage (632124K) : Executing rule PWB.e1
2026-01-24 19:51:24 +0000: Memory Usage (632124K) : Executing rule PWB.f
2026-01-24 19:51:24 +0000: Memory Usage (632124K) : Executing rule PWB.f1
2026-01-24 19:51:25 +0000: Memory Usage (632124K) : Starting 5.3 nBuLay table
2026-01-24 19:51:25 +0000: Memory Usage (651580K) : Executing rule NBL.b
2026-01-24 19:51:25 +0000: Memory Usage (651452K) : Executing rule NBL.c
2026-01-24 19:51:25 +0000: Memory Usage (651708K) : Executing rule NBL.d
2026-01-24 19:51:25 +0000: Memory Usage (654268K) : Executing rule NBL.e
2026-01-24 19:51:25 +0000: Memory Usage (656696K) : Executing rule NBL.f
2026-01-24 19:51:25 +0000: Memory Usage (657720K) : Starting 5.5. Activ table
2026-01-24 19:51:25 +0000: Memory Usage (657720K) : Executing rule Act.a
2026-01-24 19:51:26 +0000: Memory Usage (657720K) : Executing rule Act.b
2026-01-24 19:51:27 +0000: Memory Usage (665012K) : Starting 5.6 Activ:filler table
2026-01-24 19:51:27 +0000: Memory Usage (665012K) : Executing rule AFil.c1
2026-01-24 19:51:27 +0000: Memory Usage (665012K) : Executing rule AFil.c
2026-01-24 19:51:27 +0000: Memory Usage (665012K) : Executing rule AFil.d
2026-01-24 19:51:28 +0000: Memory Usage (665012K) : Executing rule AFil.e
2026-01-24 19:51:28 +0000: Memory Usage (665012K) : Executing rule AFil.j
2026-01-24 19:51:28 +0000: Memory Usage (665012K) : Starting 5.7. ThickGateOx table
2026-01-24 19:51:28 +0000: Memory Usage (665012K) : Executing rule TGO.f
2026-01-24 19:51:28 +0000: Memory Usage (665012K) : Starting 5.8. GatPoly table
2026-01-24 19:51:28 +0000: Memory Usage (665012K) : Executing rule Gat.a
2026-01-24 19:51:28 +0000: Memory Usage (665012K) : Executing rule Gat.b
2026-01-24 19:51:28 +0000: Memory Usage (666292K) : Executing rule Gat.d
2026-01-24 19:51:28 +0000: Memory Usage (667316K) : Executing rule Gat.a1
2026-01-24 19:51:29 +0000: Memory Usage (674356K) : Executing rule Gat.a2
2026-01-24 19:51:29 +0000: Memory Usage (674348K) : Executing rule Gat.g
2026-01-24 19:51:29 +0000: Memory Usage (674476K) : Starting 5.9 GatPoly:filler
2026-01-24 19:51:29 +0000: Memory Usage (674476K) : Executing rule GFil.d
2026-01-24 19:51:29 +0000: Memory Usage (674476K) : Executing rule GFil.e
2026-01-24 19:51:29 +0000: Memory Usage (674476K) : Executing rule GFil.i
2026-01-24 19:51:29 +0000: Memory Usage (674476K) : Starting 5.10 pSD table
2026-01-24 19:51:29 +0000: Memory Usage (674476K) : Executing rule pSD.c1
2026-01-24 19:51:30 +0000: Memory Usage (703936K) : Starting 5.14. Cont table
2026-01-24 19:51:30 +0000: Memory Usage (703936K) : Executing rule Cnt.a
2026-01-24 19:51:33 +0000: Memory Usage (760640K) : Executing rule Cnt.b
2026-01-24 19:51:34 +0000: Memory Usage (786496K) : Executing rule Cnt.c
2026-01-24 19:51:38 +0000: Memory Usage (834112K) : Executing rule Cnt.c
2026-01-24 19:51:38 +0000: Memory Usage (834112K) : Executing rule Cnt.d
2026-01-24 19:51:39 +0000: Memory Usage (845504K) : Executing rule Cnt.e
2026-01-24 19:51:39 +0000: Memory Usage (847164K) : Executing rule Cnt.g1
2026-01-24 19:51:41 +0000: Memory Usage (856632K) : Executing rule Cnt.g2
2026-01-24 19:51:45 +0000: Memory Usage (883888K) : Starting 5.15. ContBar table
2026-01-24 19:51:45 +0000: Memory Usage (883888K) : Executing rule CntB.b1
2026-01-24 19:51:45 +0000: Memory Usage (883888K) : Executing rule CntB.h1
2026-01-24 19:51:45 +0000: Memory Usage (883888K) : Starting 6.1.3 NPN Substrate-Tie table
2026-01-24 19:51:45 +0000: Memory Usage (883888K) : Executing rule npn13G2.bR 
2026-01-24 19:51:45 +0000: Memory Usage (883888K) : Executing rule npn13G2L.cR 
2026-01-24 19:51:45 +0000: Memory Usage (883888K) : Executing rule npn13G2V.cR 
2026-01-24 19:51:45 +0000: Memory Usage (883888K) : Starting 6.7 Schottky diode table
2026-01-24 19:51:45 +0000: Memory Usage (883888K) : Executing rule Sdiod.d
2026-01-24 19:51:45 +0000: Memory Usage (883888K) : Executing rule Sdiod.e
2026-01-24 19:51:45 +0000: Memory Usage (883888K) : Starting 7.2 Latch-up table
2026-01-24 19:51:45 +0000: Memory Usage (883888K) : Executing rule LU.b
2026-01-24 19:51:46 +0000: Memory Usage (906672K) : Starting 5.16. Metal1 table
2026-01-24 19:51:46 +0000: Memory Usage (906672K) : Executing rule M1.a
2026-01-24 19:51:49 +0000: Memory Usage (919344K) : Executing rule M1.b
2026-01-24 19:51:55 +0000: Memory Usage (950696K) : Executing rule M1.e
2026-01-24 19:52:39 +0000: Memory Usage (967336K) : Executing rule M1.f
2026-01-24 19:52:42 +0000: Memory Usage (967336K) : Executing rule M1.g
2026-01-24 19:52:42 +0000: Memory Usage (970520K) : Executing rule M1.i
2026-01-24 19:52:42 +0000: Memory Usage (1052692K) : Starting 5.17 Metaln table
2026-01-24 19:52:42 +0000: Memory Usage (1052692K) : Executing rule M2.a
2026-01-24 19:52:43 +0000: Memory Usage (977468K) : Executing rule M2.b
2026-01-24 19:52:44 +0000: Memory Usage (1007420K) : Executing rule M2.e
2026-01-24 19:52:45 +0000: Memory Usage (1007548K) : Executing rule M2.f
2026-01-24 19:52:45 +0000: Memory Usage (1007548K) : Executing rule M2.g
2026-01-24 19:52:45 +0000: Memory Usage (1035452K) : Executing rule M2.i
2026-01-24 19:52:46 +0000: Memory Usage (1065016K) : Executing rule M3.a
2026-01-24 19:52:46 +0000: Memory Usage (1065016K) : Executing rule M3.b
2026-01-24 19:52:46 +0000: Memory Usage (1018576K) : Executing rule M3.e
2026-01-24 19:52:46 +0000: Memory Usage (1018704K) : Executing rule M3.f
2026-01-24 19:52:46 +0000: Memory Usage (1018704K) : Executing rule M3.g
2026-01-24 19:52:46 +0000: Memory Usage (1023312K) : Executing rule M3.i
2026-01-24 19:52:46 +0000: Memory Usage (1031116K) : Executing rule M4.a
2026-01-24 19:52:46 +0000: Memory Usage (1031116K) : Executing rule M4.b
2026-01-24 19:52:46 +0000: Memory Usage (1030984K) : Executing rule M4.e
2026-01-24 19:52:46 +0000: Memory Usage (1030984K) : Executing rule M4.f
2026-01-24 19:52:46 +0000: Memory Usage (1030984K) : Executing rule M4.g
2026-01-24 19:52:46 +0000: Memory Usage (1031112K) : Executing rule M4.i
2026-01-24 19:52:46 +0000: Memory Usage (1031112K) : Executing rule M5.a
2026-01-24 19:52:47 +0000: Memory Usage (1031112K) : Executing rule M5.b
2026-01-24 19:52:47 +0000: Memory Usage (1031236K) : Executing rule M5.e
2026-01-24 19:52:47 +0000: Memory Usage (1031364K) : Executing rule M5.f
2026-01-24 19:52:47 +0000: Memory Usage (1031364K) : Executing rule M5.g
2026-01-24 19:52:47 +0000: Memory Usage (1031364K) : Executing rule M5.i
2026-01-24 19:52:47 +0000: Memory Usage (1031228K) : Starting 5.18 Metaln:filler table
2026-01-24 19:52:47 +0000: Memory Usage (1031228K) : Executing rule M1Fil.c
2026-01-24 19:52:47 +0000: Memory Usage (1031228K) : Executing rule M1Fil.a2
2026-01-24 19:52:47 +0000: Memory Usage (1031228K) : Executing rule M2Fil.c
2026-01-24 19:52:47 +0000: Memory Usage (1031228K) : Executing rule M2Fil.a2
2026-01-24 19:52:47 +0000: Memory Usage (1031228K) : Executing rule M3Fil.c
2026-01-24 19:52:47 +0000: Memory Usage (1031228K) : Executing rule M3Fil.a2
2026-01-24 19:52:47 +0000: Memory Usage (1031228K) : Executing rule M4Fil.c
2026-01-24 19:52:47 +0000: Memory Usage (1031228K) : Executing rule M4Fil.a2
2026-01-24 19:52:47 +0000: Memory Usage (1031228K) : Executing rule M5Fil.c
2026-01-24 19:52:47 +0000: Memory Usage (1031228K) : Executing rule M5Fil.a2
2026-01-24 19:52:47 +0000: Memory Usage (1031228K) : Starting 5.19. Via1 table
2026-01-24 19:52:47 +0000: Memory Usage (1031228K) : Starting 5.19. Via1 table derivations
2026-01-24 19:52:47 +0000: Memory Usage (1031228K) : Executing rule V1.a
2026-01-24 19:52:47 +0000: Memory Usage (1041084K) : Executing rule V1.b
2026-01-24 19:52:47 +0000: Memory Usage (1047604K) : Executing rule V1.c
2026-01-24 19:52:48 +0000: Memory Usage (1047728K) : Starting 5.20. Vian table
2026-01-24 19:52:48 +0000: Memory Usage (1047728K) : Executing rule V2.a
2026-01-24 19:52:48 +0000: Memory Usage (1047856K) : Executing rule V2.b
2026-01-24 19:52:48 +0000: Memory Usage (1048752K) : Executing rule V2.c
2026-01-24 19:52:49 +0000: Memory Usage (1048624K) : Executing rule V3.a
2026-01-24 19:52:49 +0000: Memory Usage (1048624K) : Executing rule V3.b
2026-01-24 19:52:49 +0000: Memory Usage (1048880K) : Executing rule V3.c
2026-01-24 19:52:49 +0000: Memory Usage (1049008K) : Executing rule V4.a
2026-01-24 19:52:49 +0000: Memory Usage (1049008K) : Executing rule V4.b
2026-01-24 19:52:49 +0000: Memory Usage (1048876K) : Executing rule V4.c
2026-01-24 19:52:49 +0000: Memory Usage (1048616K) : Starting 5.21. TopVia1 table
2026-01-24 19:52:49 +0000: Memory Usage (1048616K) : Executing rule TV1.a
2026-01-24 19:52:49 +0000: Memory Usage (1048616K) : Executing rule TV1.b
2026-01-24 19:52:49 +0000: Memory Usage (1048612K) : Executing rule TV1.c
2026-01-24 19:52:49 +0000: Memory Usage (1048740K) : Executing rule TV1.d
2026-01-24 19:52:49 +0000: Memory Usage (1048736K) : Starting 5.22. TopMetal1 table
2026-01-24 19:52:49 +0000: Memory Usage (1048736K) : Executing rule TM1.a
2026-01-24 19:52:49 +0000: Memory Usage (1048736K) : Executing rule TM1.b
2026-01-24 19:52:49 +0000: Memory Usage (1048864K) : Starting 5.23 TopMetal1:filler table
2026-01-24 19:52:49 +0000: Memory Usage (1048864K) : Executing rule TM1Fil.c
2026-01-24 19:52:49 +0000: Memory Usage (1048864K) : Executing rule TM1Fil.a1
2026-01-24 19:52:49 +0000: Memory Usage (1048864K) : Starting 5.24. TopVia2 table
2026-01-24 19:52:49 +0000: Memory Usage (1048864K) : Executing rule TV2.a
2026-01-24 19:52:49 +0000: Memory Usage (1048864K) : Executing rule TV2.b
2026-01-24 19:52:49 +0000: Memory Usage (1048736K) : Executing rule TV2.c
2026-01-24 19:52:49 +0000: Memory Usage (1048864K) : Executing rule TV2.d
2026-01-24 19:52:50 +0000: Memory Usage (1048732K) : Starting 5.25. TopMetal2 table
2026-01-24 19:52:50 +0000: Memory Usage (1048732K) : Executing rule TM2.a
2026-01-24 19:52:50 +0000: Memory Usage (1048732K) : Executing rule TM2.b
2026-01-24 19:52:50 +0000: Memory Usage (1048468K) : Executing rule TM2.bR
2026-01-24 19:52:50 +0000: Memory Usage (1048468K) : Starting 5.26 TopMetal2:filler table
2026-01-24 19:52:50 +0000: Memory Usage (1048468K) : Executing rule TM2Fil.c
2026-01-24 19:52:50 +0000: Memory Usage (1048468K) : Executing rule TM2Fil.a1
2026-01-24 19:52:50 +0000: Memory Usage (1048468K) : Starting 5.27. Passiv table
2026-01-24 19:52:50 +0000: Memory Usage (1048468K) : Executing rule Pas.a
2026-01-24 19:52:50 +0000: Memory Usage (1048468K) : Executing rule Pas.b
2026-01-24 19:52:50 +0000: Memory Usage (1048468K) : Executing rule Pas.c
2026-01-24 19:52:50 +0000: Memory Usage (1048468K) : Starting 6.9.2 Copper Pillar table
2026-01-24 19:52:50 +0000: Memory Usage (1048468K) : Executing rule Padc.a
2026-01-24 19:52:50 +0000: Memory Usage (1048468K) : Executing rule Padc.b
2026-01-24 19:52:50 +0000: Memory Usage (1048468K) : Executing rule Padc.c
2026-01-24 19:52:50 +0000: Memory Usage (1048468K) : Executing rule Padb.f
2026-01-24 19:52:50 +0000: Memory Usage (1048468K) : Starting 6.9.1 Solder Bump
2026-01-24 19:52:50 +0000: Memory Usage (1048468K) : Executing rule Padb.a
2026-01-24 19:52:50 +0000: Memory Usage (1048468K) : Executing rule Padb.b
2026-01-24 19:52:50 +0000: Memory Usage (1048468K) : Executing rule Padb.c
2026-01-24 19:52:50 +0000: Memory Usage (1048468K) : Executing rule Padb.f
2026-01-24 19:52:50 +0000: Memory Usage (1048468K) : Executing rule Padb.d
2026-01-24 19:52:50 +0000: Memory Usage (1048468K) : Starting 6.10 Sealring table
2026-01-24 19:52:50 +0000: Memory Usage (1048468K) : Executing rule Seal.l
2026-01-24 19:52:50 +0000: Memory Usage (1048468K) : Executing rule Seal.n
2026-01-24 19:52:50 +0000: Memory Usage (1048468K) : Executing rule seal.b_metal1
2026-01-24 19:52:50 +0000: Memory Usage (1048468K) : Executing rule seal.b_metal2
2026-01-24 19:52:50 +0000: Memory Usage (1048468K) : Executing rule seal.b_metal3
2026-01-24 19:52:50 +0000: Memory Usage (1048468K) : Executing rule seal.b_metal4
2026-01-24 19:52:50 +0000: Memory Usage (1048468K) : Executing rule seal.b_metal5
2026-01-24 19:52:50 +0000: Memory Usage (1048468K) : Executing rule seal.b_topmetal1
2026-01-24 19:52:50 +0000: Memory Usage (1048468K) : Executing rule seal.b_topmetal2
2026-01-24 19:52:50 +0000: Memory Usage (1048468K) : Executing rule seal.b_activ
2026-01-24 19:52:50 +0000: Memory Usage (1048468K) : Executing rule seal.b_psd
2026-01-24 19:52:50 +0000: Memory Usage (1048468K) : Executing rule Seal.k
2026-01-24 19:52:50 +0000: Memory Usage (1048468K) : Executing rule Seal.m
2026-01-24 19:52:50 +0000: Memory Usage (1048468K) : Starting 6.11 MIM table
2026-01-24 19:52:50 +0000: Memory Usage (1048468K) : Executing rule MIM.c
2026-01-24 19:52:50 +0000: Memory Usage (1048468K) : Executing rule MIM.d
2026-01-24 19:52:50 +0000: Memory Usage (1048468K) : Executing rule MIM.gR
2026-01-24 19:52:50 +0000: Memory Usage (1048468K) : Starting 7.3 Metal Slits table
2026-01-24 19:52:50 +0000: Memory Usage (1048468K) : Executing rule Slt.e1_M1
2026-01-24 19:52:50 +0000: Memory Usage (1048468K) : Executing rule Slt.e1_M2
2026-01-24 19:52:50 +0000: Memory Usage (1048468K) : Executing rule Slt.e1_M3
2026-01-24 19:52:50 +0000: Memory Usage (1048468K) : Executing rule Slt.e1_M4
2026-01-24 19:52:50 +0000: Memory Usage (1048468K) : Executing rule Slt.e1_M5
2026-01-24 19:52:50 +0000: Memory Usage (1048468K) : Executing rule Slt.e1_TM1
2026-01-24 19:52:50 +0000: Memory Usage (1048468K) : Executing rule Slt.e1_TM2
2026-01-24 19:52:50 +0000: Memory Usage (1048468K) : Starting 9.1. LBE table
2026-01-24 19:52:50 +0000: Memory Usage (1048468K) : Executing rule LBE.a
2026-01-24 19:52:50 +0000: Memory Usage (1048468K) : Executing rule LBE.b
2026-01-24 19:52:50 +0000: Memory Usage (1048468K) : Executing rule LBE.b1
2026-01-24 19:52:50 +0000: Memory Usage (1048468K) : Executing rule LBE.c
2026-01-24 19:52:50 +0000: Memory Usage (1048468K) : Executing rule LBE.d
2026-01-24 19:52:50 +0000: Memory Usage (1048468K) : Executing rule LBE.h
2026-01-24 19:52:50 +0000: Memory Usage (1048468K) : Starting 7.4. PIN table
2026-01-24 19:52:50 +0000: Memory Usage (1048468K) : Executing rule Pin.a
2026-01-24 19:52:50 +0000: Memory Usage (1048468K) : Executing rule Pin.b
2026-01-24 19:52:50 +0000: Memory Usage (1048468K) : Executing rule Pin.e
2026-01-24 19:52:52 +0000: Memory Usage (1076116K) : Executing rule Pin.f_M2
2026-01-24 19:52:52 +0000: Memory Usage (1076116K) : Executing rule Pin.f_M3
2026-01-24 19:52:52 +0000: Memory Usage (1076244K) : Executing rule Pin.f_M4
2026-01-24 19:52:52 +0000: Memory Usage (1076244K) : Executing rule Pin.f_M5
2026-01-24 19:52:52 +0000: Memory Usage (1076244K) : Executing rule Pin.g
2026-01-24 19:52:52 +0000: Memory Usage (1076244K) : Executing rule Pin.h
2026-01-24 19:52:52 +0000: Memory Usage (1076244K) : Starting 3.2. FORBIDDEN table
2026-01-24 19:52:52 +0000: Memory Usage (1076244K) : Executing rule forbidden.biwind
2026-01-24 19:52:52 +0000: Memory Usage (1076244K) : Executing rule forbidden.pemwind
2026-01-24 19:52:52 +0000: Memory Usage (1076244K) : Executing rule forbidden.baspoly
2026-01-24 19:52:52 +0000: Memory Usage (1076244K) : Executing rule forbidden.deepco
2026-01-24 19:52:52 +0000: Memory Usage (1076244K) : Executing rule forbidden.pempoly
2026-01-24 19:52:52 +0000: Memory Usage (1076244K) : Executing rule forbidden.empoly
2026-01-24 19:52:52 +0000: Memory Usage (1076244K) : Executing rule forbidden.ldmos
2026-01-24 19:52:52 +0000: Memory Usage (1076244K) : Executing rule forbidden.pbiwind
2026-01-24 19:52:52 +0000: Memory Usage (1076244K) : Executing rule forbidden.nodrc
2026-01-24 19:52:52 +0000: Memory Usage (1076244K) : Executing rule forbidden.flash
2026-01-24 19:52:52 +0000: Memory Usage (1076244K) : Executing rule forbidden.colwind
2026-01-24 19:52:52 +0000: Memory Usage (1076244K) : KLayout DRC run for tables 'main' completed in 103.75 seconds
