Clock: clkA
Sources: clkA 
Generated: no
Virtual: yes
Propagated: no
Period: 20.000000

===========================================================================
report_clock_properties
============================================================================
Clock                   Period          Waveform
----------------------------------------------------
clkA                 20.000000    0.000000 10.000000

===========================================================================
report_clock_latency
============================================================================
Clock clkA
rise -> rise
    min     max
0.000000 0.000000 source latency
0.522156         network latency _23690_/CLK
        0.570190 network latency _23400_/CLK
---------------
0.522156 0.570190 latency
        0.048034 skew

fall -> fall
    min     max
0.000000 0.000000 source latency
0.515988         network latency _23690_/CLK
        0.560405 network latency _23400_/CLK
---------------
0.515988 0.560405 latency
        0.044417 skew



===========================================================================
report_clock_min_period
============================================================================
clkA period_min = 15.38 fmax = 65.01
Clock: spi_sclk
Sources: spi_sclk 
Generated: no
Virtual: yes
Propagated: no
Period: 100.000000

===========================================================================
report_clock_properties
============================================================================
Clock                   Period          Waveform
----------------------------------------------------
spi_sclk            100.000000    0.000000 50.000000

===========================================================================
report_clock_latency
============================================================================
Clock spi_sclk
rise -> rise
    min     max
0.000000 0.000000 source latency
0.247157         network latency _23738_/CLK
        0.260879 network latency _23741_/CLK
---------------
0.247157 0.260879 latency
        0.013721 skew

rise -> fall
    min     max
0.000000 0.000000 source latency
0.288590         network latency _22982_/CLK
        0.310362 network latency _23774_/CLK
---------------
0.288590 0.310362 latency
        0.021771 skew

fall -> rise
    min     max
0.000000 0.000000 source latency
0.298520         network latency _22982_/CLK
        0.320959 network latency _23774_/CLK
---------------
0.298520 0.320959 latency
        0.022439 skew

fall -> fall
    min     max
0.000000 0.000000 source latency
0.253674         network latency _23738_/CLK
        0.266770 network latency _23741_/CLK
---------------
0.253674 0.266770 latency
        0.013095 skew



===========================================================================
report_clock_min_period
============================================================================
spi_sclk period_min = 2.36 fmax = 424.05
