Clock: clkA
Sources: clkA 
Generated: no
Virtual: yes
Propagated: no
Period: 20.000000

===========================================================================
report_clock_properties
============================================================================
Clock                   Period          Waveform
----------------------------------------------------
clkA                 20.000000    0.000000 10.000000

===========================================================================
report_clock_latency
============================================================================
Clock clkA
rise -> rise
    min     max
0.000000 0.000000 source latency
0.475515         network latency _23220_/CLK
        0.525058 network latency _23138_/CLK
---------------
0.475515 0.525058 latency
        0.049543 skew

fall -> fall
    min     max
0.000000 0.000000 source latency
0.466692         network latency _23220_/CLK
        0.515394 network latency _23138_/CLK
---------------
0.466692 0.515394 latency
        0.048702 skew



===========================================================================
report_clock_min_period
============================================================================
clkA period_min = 10.68 fmax = 93.63
Clock: spi_sclk
Sources: spi_sclk 
Generated: no
Virtual: yes
Propagated: no
Period: 100.000000

===========================================================================
report_clock_properties
============================================================================
Clock                   Period          Waveform
----------------------------------------------------
spi_sclk            100.000000    0.000000 50.000000

===========================================================================
report_clock_latency
============================================================================
Clock spi_sclk
rise -> rise
    min     max
0.000000 0.000000 source latency
0.185522         network latency _23737_/CLK
        0.202361 network latency _23758_/CLK
---------------
0.185522 0.202361 latency
        0.016839 skew

rise -> fall
    min     max
0.000000 0.000000 source latency
0.214809         network latency _22982_/CLK
        0.234162 network latency _22981_/CLK
---------------
0.214809 0.234162 latency
        0.019353 skew

fall -> rise
    min     max
0.000000 0.000000 source latency
0.221981         network latency _22982_/CLK
        0.242778 network latency _22981_/CLK
---------------
0.221981 0.242778 latency
        0.020798 skew

fall -> fall
    min     max
0.000000 0.000000 source latency
0.189637         network latency _23737_/CLK
        0.206040 network latency _23758_/CLK
---------------
0.189637 0.206040 latency
        0.016403 skew



===========================================================================
report_clock_min_period
============================================================================
spi_sclk period_min = 1.58 fmax = 633.48
