256. Printing statistics.

=== top ===

        +----------Local Count, excluding submodules.
        |        +-Local Area, excluding submodules.
        |        | 
    15811        - wires
    17586        - wire bits
      107        - public wires
     1245        - public wire bits
        8        - ports
        8        - port bits
    16792 3.94E+04 cells
     5268        -   $_ANDNOT_
      721        -   $_AND_
     1778        -   $_MUX_
      333        -   $_NAND_
      820        -   $_NOR_
      688        -   $_NOT_
      599        -   $_ORNOT_
     1503        -   $_OR_
     1420        -   $_XNOR_
     2857        -   $_XOR_
      804 3.94E+04   sg13g2_dfrbpq_1
        1   18.144   sg13g2_ebufn_2

   Area for cell type $_ANDNOT_ is unknown!
   Area for cell type $_AND_ is unknown!
   Area for cell type $_MUX_ is unknown!
   Area for cell type $_NAND_ is unknown!
   Area for cell type $_NOR_ is unknown!
   Area for cell type $_NOT_ is unknown!
   Area for cell type $_ORNOT_ is unknown!
   Area for cell type $_OR_ is unknown!
   Area for cell type $_XNOR_ is unknown!
   Area for cell type $_XOR_ is unknown!

   Chip area for module '\top': 39405.139200
     of which used for sequential elements: 39386.995200 (99.95%)

