Clock: clkA
Sources: clkA 
Generated: no
Virtual: yes
Propagated: no
Period: 10.000000

===========================================================================
report_clock_properties
============================================================================
Clock                   Period          Waveform
----------------------------------------------------
clkA                 10.000000    0.000000  5.000000

===========================================================================
report_clock_latency
============================================================================
Clock clkA
rise -> rise
    min     max
0.000000 0.000000 source latency
0.329169         network latency _23696_/CLK
        0.349764 network latency _23486_/CLK
---------------
0.329169 0.349764 latency
        0.020595 skew

fall -> fall
    min     max
0.000000 0.000000 source latency
0.326870         network latency _23696_/CLK
        0.344321 network latency _23486_/CLK
---------------
0.326870 0.344321 latency
        0.017450 skew



===========================================================================
report_clock_min_period
============================================================================
clkA period_min = 8.47 fmax = 118.11
Clock: spi_sclk
Sources: spi_sclk 
Generated: no
Virtual: yes
Propagated: no
Period: 50.000000

===========================================================================
report_clock_properties
============================================================================
Clock                   Period          Waveform
----------------------------------------------------
spi_sclk             50.000000    0.000000 25.000000

===========================================================================
report_clock_latency
============================================================================
Clock spi_sclk
rise -> rise
    min     max
0.000000 0.000000 source latency
0.161190         network latency _23740_/CLK
        0.162955 network latency _23768_/CLK
---------------
0.161190 0.162955 latency
        0.001764 skew

rise -> fall
    min     max
0.000000 0.000000 source latency
0.188068         network latency _22979_/CLK
        0.189593 network latency _22978_/CLK
---------------
0.188068 0.189593 latency
        0.001525 skew

fall -> rise
    min     max
0.000000 0.000000 source latency
0.196469         network latency _22979_/CLK
        0.198355 network latency _22978_/CLK
---------------
0.196469 0.198355 latency
        0.001886 skew

fall -> fall
    min     max
0.000000 0.000000 source latency
0.166597         network latency _23740_/CLK
        0.168303 network latency _23768_/CLK
---------------
0.166597 0.168303 latency
        0.001705 skew



===========================================================================
report_clock_min_period
============================================================================
spi_sclk period_min = 1.41 fmax = 710.76
