Clock: clkA
Sources: clkA 
Generated: no
Virtual: yes
Propagated: no
Period: 10.000000

===========================================================================
report_clock_properties
============================================================================
Clock                   Period          Waveform
----------------------------------------------------
clkA                 10.000000    0.000000  5.000000

===========================================================================
report_clock_latency
============================================================================
Clock clkA
rise -> rise
    min     max
0.000000 0.000000 source latency
0.541143         network latency _23663_/CLK
        0.583555 network latency _23401_/CLK
---------------
0.541143 0.583555 latency
        0.042412 skew

fall -> fall
    min     max
0.000000 0.000000 source latency
0.534432         network latency _23663_/CLK
        0.572757 network latency _23301_/CLK
---------------
0.534432 0.572757 latency
        0.038325 skew



===========================================================================
report_clock_min_period
============================================================================
clkA period_min = 11.13 fmax = 89.86
Clock: spi_sclk
Sources: spi_sclk 
Generated: no
Virtual: yes
Propagated: no
Period: 50.000000

===========================================================================
report_clock_properties
============================================================================
Clock                   Period          Waveform
----------------------------------------------------
spi_sclk             50.000000    0.000000 25.000000

===========================================================================
report_clock_latency
============================================================================
Clock spi_sclk
rise -> rise
    min     max
0.000000 0.000000 source latency
0.253643         network latency _23747_/CLK
        0.261501 network latency _23772_/CLK
---------------
0.253643 0.261501 latency
        0.007858 skew

rise -> fall
    min     max
0.000000 0.000000 source latency
0.301310         network latency _22985_/CLK
        0.306301 network latency _22978_/CLK
---------------
0.301310 0.306301 latency
        0.004991 skew

fall -> rise
    min     max
0.000000 0.000000 source latency
0.311275         network latency _22985_/CLK
        0.316845 network latency _22978_/CLK
---------------
0.311275 0.316845 latency
        0.005571 skew

fall -> fall
    min     max
0.000000 0.000000 source latency
0.259959         network latency _23747_/CLK
        0.267450 network latency _23741_/CLK
---------------
0.259959 0.267450 latency
        0.007491 skew



===========================================================================
report_clock_min_period
============================================================================
spi_sclk period_min = 2.50 fmax = 399.51
