Reading timing models for corner nom_typ_1p20V_25C…
Reading timing library for the 'nom_typ_1p20V_25C' corner at '/opt/pdks/ciel/ihp-sg13g2/versions/c4b8b4e5e7a05f375cca3815d51b3a37721fbf5c/ihp-sg13g2/libs.ref/sg13g2_stdcell/lib/sg13g2_stdcell_typ_1p20V_25C.lib'…
Reading timing library for the 'nom_typ_1p20V_25C' corner at '/opt/pdks/ciel/ihp-sg13g2/versions/c4b8b4e5e7a05f375cca3815d51b3a37721fbf5c/ihp-sg13g2/libs.ref/sg13g2_io/lib/sg13g2_io_typ_1p2V_3p3V_25C.lib'…
Reading OpenROAD database at '/home/designer/shared/FSE-LMS/design/runs/RUN_2026-01-24_19-32-36/25-openroad-ioplacement/top.odb'…
Reading design constraints file at '/home/designer/shared/FSE-LMS/design/constrains/constrains.sdc'…
[INFO] No information on clock propagation in input SDC file-- propagating all clocks.
[INFO] Setting signal min routing layer to: Metal2 and clock min routing layer to Metal2. 
[INFO] Setting signal max routing layer to: TopMetal2 and clock max routing layer to TopMetal2. 
+ global_placement -density 0.6355 -routability_driven -pad_right 0 -pad_left 0 -init_wirelength_coef 0.25
[INFO GPL-0005] Execute conjugate gradient initial placement.
[INFO GPL-0002] DBU: 1000
[INFO GPL-0003] SiteSize: (  0.480  3.780 ) um
[INFO GPL-0004] CoreBBox: ( 20.160 22.680 ) ( 557.760 574.560 ) um
[INFO GPL-0032] Initializing region: Top-level
[INFO GPL-0006] Number of instances:             12585
[INFO GPL-0007] Movable instances:               12585
[INFO GPL-0008] Fixed instances:                     0
[INFO GPL-0009] Dummy instances:                     0
[INFO GPL-0010] Number of nets:                  12591
[INFO GPL-0011] Number of pins:                  41555
[INFO GPL-0012] Die BBox:  (  0.000  0.000 ) ( 600.000 600.000 ) um
[INFO GPL-0013] Core BBox: ( 20.160 22.680 ) ( 557.760 574.560 ) um
[INFO GPL-0016] Core area:                  296690.688 um^2
[INFO GPL-0014] Region name: top-level.
[INFO GPL-0015] Region area:                296690.688 um^2
[INFO GPL-0017] Fixed instances area:            0.000 um^2
[INFO GPL-0018] Movable instances area:     177289.874 um^2
[INFO GPL-0019] Utilization:                    59.756 %
[INFO GPL-0020] Standard cells area:        177289.874 um^2
[INFO GPL-0021] Large instances area:            0.000 um^2
[InitialPlace]  Iter: 1 conjugate gradient residual: 0.00078487 HPWL: 302572593
[InitialPlace]  Iter: 2 conjugate gradient residual: 0.00055715 HPWL: 122842251
[InitialPlace]  Iter: 3 conjugate gradient residual: 0.00052813 HPWL: 122880426
[InitialPlace]  Iter: 4 conjugate gradient residual: 0.00061989 HPWL: 123055568
[InitialPlace]  Iter: 5 conjugate gradient residual: 0.00053923 HPWL: 122969656
[InitialPlace]  Iter: 6 conjugate gradient residual: 0.00055575 HPWL: 123080889
[InitialPlace]  Iter: 7 conjugate gradient residual: 0.00050390 HPWL: 122987338
[InitialPlace]  Iter: 8 conjugate gradient residual: 0.00051997 HPWL: 123065019
[InitialPlace]  Iter: 9 conjugate gradient residual: 0.00049846 HPWL: 122969954
[InitialPlace]  Iter: 10 conjugate gradient residual: 0.00054676 HPWL: 123062291
[InitialPlace]  Iter: 11 conjugate gradient residual: 0.00050278 HPWL: 122982693
[InitialPlace]  Iter: 12 conjugate gradient residual: 0.00051714 HPWL: 123066719
[InitialPlace]  Iter: 13 conjugate gradient residual: 0.00093489 HPWL: 122953033
[InitialPlace]  Iter: 14 conjugate gradient residual: 0.00085747 HPWL: 123042696
[InitialPlace]  Iter: 15 conjugate gradient residual: 0.00052195 HPWL: 122978939
[InitialPlace]  Iter: 16 conjugate gradient residual: 0.00055520 HPWL: 123041952
[InitialPlace]  Iter: 17 conjugate gradient residual: 0.00050548 HPWL: 122969105
[InitialPlace]  Iter: 18 conjugate gradient residual: 0.00050410 HPWL: 123045621
[InitialPlace]  Iter: 19 conjugate gradient residual: 0.00052994 HPWL: 122929275
[InitialPlace]  Iter: 20 conjugate gradient residual: 0.00048628 HPWL: 123030095
[INFO GPL-0033] Initializing Nesterov region: Top-level
[INFO GPL-0023] Placement target density:       0.6355
[INFO GPL-0024] Movable insts average area:     14.087 um^2
[INFO GPL-0025] Ideal bin area:                 22.167 um^2
[INFO GPL-0026] Ideal bin count:                 13384
[INFO GPL-0027] Total bin area:             296690.688 um^2
[INFO GPL-0028] Bin count (X, Y):          64 ,     64
[INFO GPL-0029] Bin size (W * H):       8.400 *  8.623 um
[INFO GPL-0030] Number of bins:                   4096
[INFO GPL-0007] Execute nesterov global placement.
[INFO GPL-0031] HPWL: Half-Perimeter Wirelength
Iteration | Overflow |     HPWL (um) |  HPWL(%) |   Penalty | Group
---------------------------------------------------------------
        0 |   0.9962 |  3.303721e+04 |   +0.00% |  3.13e-16 |      
       10 |   0.9919 |  2.839102e+04 |  -14.06% |  5.11e-16 |      
       20 |   0.9878 |  2.927874e+04 |   +3.13% |  8.32e-16 |      
       30 |   0.9854 |  3.019826e+04 |   +3.14% |  1.35e-15 |      
       40 |   0.9839 |  3.093327e+04 |   +2.43% |  2.21e-15 |      
       50 |   0.9830 |  3.133604e+04 |   +1.30% |  3.59e-15 |      
       60 |   0.9827 |  3.148609e+04 |   +0.48% |  5.85e-15 |      
       70 |   0.9828 |  3.148647e+04 |   +0.00% |  9.53e-15 |      
       80 |   0.9830 |  3.142685e+04 |   -0.19% |  1.55e-14 |      
       90 |   0.9830 |  3.141083e+04 |   -0.05% |  2.53e-14 |      
      100 |   0.9831 |  3.152704e+04 |   +0.37% |  4.12e-14 |      
      110 |   0.9830 |  3.185031e+04 |   +1.03% |  6.71e-14 |      
      120 |   0.9820 |  3.251370e+04 |   +2.08% |  1.09e-13 |      
      130 |   0.9805 |  3.376802e+04 |   +3.86% |  1.78e-13 |      
      140 |   0.9774 |  3.597302e+04 |   +6.53% |  2.90e-13 |      
      150 |   0.9742 |  3.945219e+04 |   +9.67% |  4.72e-13 |      
      160 |   0.9681 |  4.425481e+04 |  +12.17% |  7.69e-13 |      
      170 |   0.9594 |  5.058306e+04 |  +14.30% |  1.25e-12 |      
      180 |   0.9479 |  5.824753e+04 |  +15.15% |  2.04e-12 |      
      190 |   0.9318 |  6.754428e+04 |  +15.96% |  3.31e-12 |      
      200 |   0.9105 |  7.824686e+04 |  +15.85% |  5.39e-12 |      
      210 |   0.8835 |  8.982982e+04 |  +14.80% |  8.77e-12 |      
      220 |   0.8517 |  1.015038e+05 |  +13.00% |  1.43e-11 |      
      230 |   0.8170 |  1.130870e+05 |  +11.41% |  2.32e-11 |      
      240 |   0.7786 |  1.244650e+05 |  +10.06% |  3.78e-11 |      
      250 |   0.7375 |  1.356664e+05 |   +9.00% |  6.14e-11 |      
      260 |   0.6968 |  1.468790e+05 |   +8.26% |  1.00e-10 |      
      270 |   0.6507 |  1.583906e+05 |   +7.84% |  1.63e-10 |      
      280 |   0.6031 |  1.692141e+05 |   +6.83% |  2.65e-10 |      
[INFO GPL-0038] Routability snapshot saved at iter = 282
      281 |   0.5999 |  1.702668e+05 |          |           |      
      290 |   0.5605 |  1.804027e+05 |   +6.61% |  4.30e-10 |      
      300 |   0.5203 |  1.903169e+05 |   +5.50% |  7.00e-10 |      
      310 |   0.4845 |  1.957658e+05 |   +2.86% |  1.14e-09 |      
      320 |   0.4492 |  1.986966e+05 |   +1.50% |  1.86e-09 |      
      330 |   0.4136 |  1.977889e+05 |   -0.46% |  3.02e-09 |      
      340 |   0.3721 |  1.998222e+05 |   +1.03% |  4.92e-09 |      
      350 |   0.3273 |  2.005335e+05 |   +0.36% |  7.70e-09 |      
      360 |   0.2993 |  1.995070e+05 |   -0.51% |  1.13e-08 |      
[INFO GPL-0040] Routability iteration: 1
[INFO GPL-0041] Total routing overflow: 0.0000
[INFO GPL-0042] Number of overflowed tiles: 0 (0.00%)
[INFO GPL-0043] Average top 0.5% routing congestion: 0.7747
[INFO GPL-0044] Average top 1.0% routing congestion: 0.7340
[INFO GPL-0045] Average top 2.0% routing congestion: 0.6949
[INFO GPL-0046] Average top 5.0% routing congestion: 0.6467
[INFO GPL-0047] Routability iteration weighted routing congestion: 0.7544
[INFO GPL-0050] Weighted routing congestion is lower than target routing congestion(1.0100), end routability optimization.
[INFO GPL-0090] Routability finished. Target routing congestion achieved succesfully.
Iteration | Overflow |     HPWL (um) |  HPWL(%) |   Penalty | Group
---------------------------------------------------------------
      370 |   0.2656 |  1.995301e+05 |   +0.01% |  1.67e-08 |      
      380 |   0.2370 |  1.999155e+05 |   +0.19% |  2.46e-08 |      
      390 |   0.2073 |  2.004146e+05 |   +0.25% |  3.63e-08 |      
      400 |   0.1799 |  2.007216e+05 |   +0.15% |  5.34e-08 |      
      410 |   0.1553 |  2.012228e+05 |   +0.25% |  7.87e-08 |      
      420 |   0.1330 |  2.015039e+05 |   +0.14% |  1.16e-07 |      
      430 |   0.1140 |  2.015526e+05 |   +0.02% |  1.71e-07 |      
      438 |   0.0999 |  2.017315e+05 |          |  2.42e-07 |      
---------------------------------------------------------------
[INFO GPL-1001] Global placement finished at iteration 438
[INFO GPL-1003] Routability mode iteration count: 78
[INFO GPL-1005] Routability final weighted congestion: 0.7164
[INFO GPL-1002] Placed Cell Area            177289.8736
[INFO GPL-1003] Available Free Area         296690.6880
[INFO GPL-1004] Minimum Feasible Density        0.6000 (cell_area / free_area)
[INFO GPL-1006]   Suggested Target Densities:
[INFO GPL-1007]     - For 90% usage of free space: 0.6640
[INFO GPL-1008]     - For 80% usage of free space: 0.7469
[INFO GPL-1011] Original area (um^2): 177289.87
[INFO GPL-1012] Total routability artificial inflation: 0.00 (+0.00%)
[INFO GPL-1014] Final placement area: 177289.87 (+0.00%)
Setting global connections for newly added cells…
[INFO] Setting global connections...
[INFO ODB-0403] 0 connections made, 0 conflicts skipped.
Updating metrics…
Cell type report:                       Count       Area
  Buffer                                    4      29.03
  Inverter                                397    2160.95
  Sequential cell                         804   39387.00
  Multi-Input combinational cell        11380  117300.96
  Total                                 12585  158877.94
Writing OpenROAD database to '/home/designer/shared/FSE-LMS/design/runs/RUN_2026-01-24_19-32-36/28-openroad-globalplacement/top.odb'…
Writing netlist to '/home/designer/shared/FSE-LMS/design/runs/RUN_2026-01-24_19-32-36/28-openroad-globalplacement/top.nl.v'…
Writing powered netlist to '/home/designer/shared/FSE-LMS/design/runs/RUN_2026-01-24_19-32-36/28-openroad-globalplacement/top.pnl.v'…
Writing layout to '/home/designer/shared/FSE-LMS/design/runs/RUN_2026-01-24_19-32-36/28-openroad-globalplacement/top.def'…
Writing timing constraints to '/home/designer/shared/FSE-LMS/design/runs/RUN_2026-01-24_19-32-36/28-openroad-globalplacement/top.sdc'…
