Reading timing models for corner nom_typ_1p20V_25C…
Reading timing library for the 'nom_typ_1p20V_25C' corner at '/opt/pdks/ciel/ihp-sg13g2/versions/c4b8b4e5e7a05f375cca3815d51b3a37721fbf5c/ihp-sg13g2/libs.ref/sg13g2_stdcell/lib/sg13g2_stdcell_typ_1p20V_25C.lib'…
Reading timing library for the 'nom_typ_1p20V_25C' corner at '/opt/pdks/ciel/ihp-sg13g2/versions/c4b8b4e5e7a05f375cca3815d51b3a37721fbf5c/ihp-sg13g2/libs.ref/sg13g2_io/lib/sg13g2_io_typ_1p2V_3p3V_25C.lib'…
Reading OpenROAD database at '/home/designer/shared/FSE-LMS/design/runs/RUN_2026-01-24_23-11-44/25-openroad-ioplacement/top.odb'…
Reading design constraints file at '/home/designer/shared/FSE-LMS/design/constrains/constrains.sdc'…
[INFO] No information on clock propagation in input SDC file-- propagating all clocks.
[INFO] Setting signal min routing layer to: Metal2 and clock min routing layer to Metal2. 
[INFO] Setting signal max routing layer to: TopMetal2 and clock max routing layer to TopMetal2. 
+ global_placement -density 0.720531 -routability_driven -pad_right 0 -pad_left 0 -init_wirelength_coef 0.25
[INFO GPL-0005] Execute conjugate gradient initial placement.
[INFO GPL-0002] DBU: 1000
[INFO GPL-0003] SiteSize: (  0.480  3.780 ) um
[INFO GPL-0004] CoreBBox: ( 20.160 22.680 ) ( 529.440 525.420 ) um
[INFO GPL-0032] Initializing region: Top-level
[INFO GPL-0006] Number of instances:             12585
[INFO GPL-0007] Movable instances:               12585
[INFO GPL-0008] Fixed instances:                     0
[INFO GPL-0009] Dummy instances:                     0
[INFO GPL-0010] Number of nets:                  12591
[INFO GPL-0011] Number of pins:                  41555
[INFO GPL-0012] Die BBox:  (  0.000  0.000 ) ( 550.000 550.000 ) um
[INFO GPL-0013] Core BBox: ( 20.160 22.680 ) ( 529.440 525.420 ) um
[INFO GPL-0016] Core area:                  256035.427 um^2
[INFO GPL-0014] Region name: top-level.
[INFO GPL-0015] Region area:                256035.427 um^2
[INFO GPL-0017] Fixed instances area:            0.000 um^2
[INFO GPL-0018] Movable instances area:     177289.874 um^2
[INFO GPL-0019] Utilization:                    69.244 %
[INFO GPL-0020] Standard cells area:        177289.874 um^2
[INFO GPL-0021] Large instances area:            0.000 um^2
[InitialPlace]  Iter: 1 conjugate gradient residual: 0.00070860 HPWL: 290566086
[InitialPlace]  Iter: 2 conjugate gradient residual: 0.00057612 HPWL: 122580763
[InitialPlace]  Iter: 3 conjugate gradient residual: 0.00134451 HPWL: 122626119
[InitialPlace]  Iter: 4 conjugate gradient residual: 0.00050876 HPWL: 122805839
[InitialPlace]  Iter: 5 conjugate gradient residual: 0.00051222 HPWL: 122708695
[InitialPlace]  Iter: 6 conjugate gradient residual: 0.00054317 HPWL: 122810062
[InitialPlace]  Iter: 7 conjugate gradient residual: 0.00050629 HPWL: 122708914
[InitialPlace]  Iter: 8 conjugate gradient residual: 0.00053539 HPWL: 122798612
[InitialPlace]  Iter: 9 conjugate gradient residual: 0.00053950 HPWL: 122715962
[InitialPlace]  Iter: 10 conjugate gradient residual: 0.00056408 HPWL: 122793935
[InitialPlace]  Iter: 11 conjugate gradient residual: 0.00056026 HPWL: 122723619
[InitialPlace]  Iter: 12 conjugate gradient residual: 0.00053242 HPWL: 122796344
[InitialPlace]  Iter: 13 conjugate gradient residual: 0.00052098 HPWL: 122668780
[InitialPlace]  Iter: 14 conjugate gradient residual: 0.00056670 HPWL: 122766603
[InitialPlace]  Iter: 15 conjugate gradient residual: 0.00052605 HPWL: 122738294
[InitialPlace]  Iter: 16 conjugate gradient residual: 0.00061005 HPWL: 122783049
[InitialPlace]  Iter: 17 conjugate gradient residual: 0.00053939 HPWL: 122660275
[InitialPlace]  Iter: 18 conjugate gradient residual: 0.00055513 HPWL: 122758368
[InitialPlace]  Iter: 19 conjugate gradient residual: 0.00057471 HPWL: 122680448
[InitialPlace]  Iter: 20 conjugate gradient residual: 0.00053497 HPWL: 122749355
[INFO GPL-0033] Initializing Nesterov region: Top-level
[INFO GPL-0023] Placement target density:       0.7205
[INFO GPL-0024] Movable insts average area:     14.087 um^2
[INFO GPL-0025] Ideal bin area:                 19.551 um^2
[INFO GPL-0026] Ideal bin count:                 13095
[INFO GPL-0027] Total bin area:             256035.427 um^2
[INFO GPL-0028] Bin count (X, Y):          64 ,     64
[INFO GPL-0029] Bin size (W * H):       7.957 *  7.855 um
[INFO GPL-0030] Number of bins:                   4096
[INFO GPL-0007] Execute nesterov global placement.
[INFO GPL-0031] HPWL: Half-Perimeter Wirelength
Iteration | Overflow |     HPWL (um) |  HPWL(%) |   Penalty | Group
---------------------------------------------------------------
        0 |   0.9969 |  3.250453e+04 |   +0.00% |  3.19e-16 |      
       10 |   0.9918 |  2.751951e+04 |  -15.34% |  5.20e-16 |      
       20 |   0.9875 |  2.821530e+04 |   +2.53% |  8.47e-16 |      
       30 |   0.9855 |  2.894912e+04 |   +2.60% |  1.38e-15 |      
       40 |   0.9842 |  2.952029e+04 |   +1.97% |  2.25e-15 |      
       50 |   0.9835 |  2.985136e+04 |   +1.12% |  3.66e-15 |      
       60 |   0.9838 |  2.998564e+04 |   +0.45% |  5.96e-15 |      
       70 |   0.9843 |  2.999467e+04 |   +0.03% |  9.71e-15 |      
       80 |   0.9844 |  2.994899e+04 |   -0.15% |  1.58e-14 |      
       90 |   0.9841 |  2.993838e+04 |   -0.04% |  2.58e-14 |      
      100 |   0.9837 |  3.003998e+04 |   +0.34% |  4.20e-14 |      
      110 |   0.9833 |  3.032069e+04 |   +0.93% |  6.84e-14 |      
      120 |   0.9827 |  3.090419e+04 |   +1.92% |  1.11e-13 |      
      130 |   0.9813 |  3.204920e+04 |   +3.71% |  1.81e-13 |      
      140 |   0.9781 |  3.407126e+04 |   +6.31% |  2.95e-13 |      
      150 |   0.9738 |  3.720506e+04 |   +9.20% |  4.81e-13 |      
      160 |   0.9681 |  4.166228e+04 |  +11.98% |  7.83e-13 |      
      170 |   0.9591 |  4.743686e+04 |  +13.86% |  1.27e-12 |      
      180 |   0.9451 |  5.471025e+04 |  +15.33% |  2.07e-12 |      
      190 |   0.9274 |  6.342125e+04 |  +15.92% |  3.38e-12 |      
      200 |   0.9046 |  7.339021e+04 |  +15.72% |  5.49e-12 |      
      210 |   0.8782 |  8.428425e+04 |  +14.84% |  8.94e-12 |      
      220 |   0.8475 |  9.546625e+04 |  +13.27% |  1.45e-11 |      
      230 |   0.8116 |  1.065886e+05 |  +11.65% |  2.37e-11 |      
      240 |   0.7738 |  1.175467e+05 |  +10.28% |  3.85e-11 |      
      250 |   0.7366 |  1.287081e+05 |   +9.50% |  6.26e-11 |      
      260 |   0.6937 |  1.401665e+05 |   +8.90% |  1.02e-10 |      
      270 |   0.6511 |  1.506197e+05 |   +7.46% |  1.66e-10 |      
      280 |   0.6042 |  1.603029e+05 |   +6.43% |  2.70e-10 |      
[INFO GPL-0038] Routability snapshot saved at iter = 282
      281 |   0.5993 |  1.612861e+05 |          |           |      
      290 |   0.5633 |  1.703767e+05 |   +6.28% |  4.39e-10 |      
      300 |   0.5172 |  1.793318e+05 |   +5.26% |  7.14e-10 |      
      310 |   0.4774 |  1.823649e+05 |   +1.69% |  1.16e-09 |      
      320 |   0.4435 |  1.846982e+05 |   +1.28% |  1.89e-09 |      
      330 |   0.4071 |  1.842632e+05 |   -0.24% |  3.08e-09 |      
      340 |   0.3642 |  1.864131e+05 |   +1.17% |  5.02e-09 |      
      350 |   0.3272 |  1.861633e+05 |   -0.13% |  7.70e-09 |      
      360 |   0.2981 |  1.855986e+05 |   -0.30% |  1.13e-08 |      
[INFO GPL-0040] Routability iteration: 1
[INFO GPL-0041] Total routing overflow: 0.0000
[INFO GPL-0042] Number of overflowed tiles: 0 (0.00%)
[INFO GPL-0043] Average top 0.5% routing congestion: 0.7557
[INFO GPL-0044] Average top 1.0% routing congestion: 0.7297
[INFO GPL-0045] Average top 2.0% routing congestion: 0.6988
[INFO GPL-0046] Average top 5.0% routing congestion: 0.6564
[INFO GPL-0047] Routability iteration weighted routing congestion: 0.7427
[INFO GPL-0050] Weighted routing congestion is lower than target routing congestion(1.0100), end routability optimization.
[INFO GPL-0090] Routability finished. Target routing congestion achieved succesfully.
Iteration | Overflow |     HPWL (um) |  HPWL(%) |   Penalty | Group
---------------------------------------------------------------
      370 |   0.2657 |  1.861276e+05 |   +0.29% |  1.67e-08 |      
      380 |   0.2375 |  1.860970e+05 |   -0.02% |  2.46e-08 |      
      390 |   0.2058 |  1.864032e+05 |   +0.16% |  3.63e-08 |      
      400 |   0.1788 |  1.866766e+05 |   +0.15% |  5.34e-08 |      
      410 |   0.1554 |  1.871844e+05 |   +0.27% |  7.87e-08 |      
      420 |   0.1307 |  1.872554e+05 |   +0.04% |  1.16e-07 |      
      430 |   0.1126 |  1.876037e+05 |   +0.19% |  1.71e-07 |      
      438 |   0.0998 |  1.877464e+05 |          |  2.42e-07 |      
---------------------------------------------------------------
[INFO GPL-1001] Global placement finished at iteration 438
[INFO GPL-1003] Routability mode iteration count: 78
[INFO GPL-1005] Routability final weighted congestion: 0.7081
[INFO GPL-1002] Placed Cell Area            177289.8736
[INFO GPL-1003] Available Free Area         256035.4272
[INFO GPL-1004] Minimum Feasible Density        0.7000 (cell_area / free_area)
[INFO GPL-1006]   Suggested Target Densities:
[INFO GPL-1007]     - For 90% usage of free space: 0.7694
[INFO GPL-1008]     - For 80% usage of free space: 0.8656
[INFO GPL-1011] Original area (um^2): 177289.87
[INFO GPL-1012] Total routability artificial inflation: 0.00 (+0.00%)
[INFO GPL-1014] Final placement area: 177289.87 (+0.00%)
Setting global connections for newly added cells…
[INFO] Setting global connections...
[INFO ODB-0403] 0 connections made, 0 conflicts skipped.
Updating metrics…
Cell type report:                       Count       Area
  Buffer                                    4      29.03
  Inverter                                397    2160.95
  Sequential cell                         804   39387.00
  Multi-Input combinational cell        11380  117300.96
  Total                                 12585  158877.94
Writing OpenROAD database to '/home/designer/shared/FSE-LMS/design/runs/RUN_2026-01-24_23-11-44/28-openroad-globalplacement/top.odb'…
Writing netlist to '/home/designer/shared/FSE-LMS/design/runs/RUN_2026-01-24_23-11-44/28-openroad-globalplacement/top.nl.v'…
Writing powered netlist to '/home/designer/shared/FSE-LMS/design/runs/RUN_2026-01-24_23-11-44/28-openroad-globalplacement/top.pnl.v'…
Writing layout to '/home/designer/shared/FSE-LMS/design/runs/RUN_2026-01-24_23-11-44/28-openroad-globalplacement/top.def'…
Writing timing constraints to '/home/designer/shared/FSE-LMS/design/runs/RUN_2026-01-24_23-11-44/28-openroad-globalplacement/top.sdc'…
