Clock: clkA
Sources: clkA 
Generated: no
Virtual: yes
Propagated: no
Period: 20.000000

===========================================================================
report_clock_properties
============================================================================
Clock                   Period          Waveform
----------------------------------------------------
clkA                 20.000000    0.000000 10.000000

===========================================================================
report_clock_latency
============================================================================
Clock clkA
rise -> rise
    min     max
0.000000 0.000000 source latency
0.106010         network latency _23145_/CLK
        0.584587 network latency _23377_/CLK
---------------
0.106010 0.584587 latency
        0.478578 skew

fall -> fall
    min     max
0.000000 0.000000 source latency
0.095130         network latency _23145_/CLK
        0.524053 network latency _23377_/CLK
---------------
0.095130 0.524053 latency
        0.428923 skew



===========================================================================
report_clock_min_period
============================================================================
clkA period_min = 11.38 fmax = 87.84
Clock: spi_sclk
Sources: spi_sclk 
Generated: no
Virtual: yes
Propagated: no
Period: 100.000000

===========================================================================
report_clock_properties
============================================================================
Clock                   Period          Waveform
----------------------------------------------------
spi_sclk            100.000000    0.000000 50.000000

===========================================================================
report_clock_latency
============================================================================
Clock spi_sclk
rise -> rise
    min     max
0.000000 0.000000 source latency
0.018468         network latency _23767_/CLK
        0.020313 network latency _23743_/CLK
---------------
0.018468 0.020313 latency
        0.001846 skew

rise -> fall
    min     max
0.000000 0.000000 source latency
0.048915         network latency _22978_/CLK
        0.050529 network latency _22980_/CLK
---------------
0.048915 0.050529 latency
        0.001614 skew

fall -> rise
    min     max
0.000000 0.000000 source latency
0.048985         network latency _22978_/CLK
        0.050694 network latency _22980_/CLK
---------------
0.048985 0.050694 latency
        0.001709 skew

fall -> fall
    min     max
0.000000 0.000000 source latency
0.016879         network latency _23767_/CLK
        0.018510 network latency _23743_/CLK
---------------
0.016879 0.018510 latency
        0.001631 skew



===========================================================================
report_clock_min_period
============================================================================
spi_sclk period_min = 1.38 fmax = 724.82
