
===========================================================================
report_checks -unconstrained
===========================================================================
======================= nom_typ_1p20V_25C Corner ===================================

Startpoint: _23146_ (rising edge-triggered flip-flop clocked by clkA)
Endpoint: _23264_ (rising edge-triggered flip-flop clocked by clkA)
Path Group: clkA
Path Type: max

Fanout         Cap        Slew       Delay        Time   Description
---------------------------------------------------------------------------------------------
                                  0.000000    0.000000   clock clkA (rise edge)
                                  0.000000    0.000000   clock source latency
     1    0.100646    0.000000    0.000000    0.000000 ^ clkA (in)
                                                         clkA (net)
                      0.045199    0.022599    0.022599 ^ clkbuf_0_clkA/A (sg13g2_buf_16)
     4    0.139299    0.048141    0.089269    0.111869 ^ clkbuf_0_clkA/X (sg13g2_buf_16)
                                                         clknet_0_clkA (net)
                      0.056456    0.015249    0.127118 ^ clkbuf_2_2_0_clkA/A (sg13g2_buf_8)
     4    0.144864    0.086866    0.120339    0.247456 ^ clkbuf_2_2_0_clkA/X (sg13g2_buf_8)
                                                         clknet_2_2_0_clkA (net)
                      0.093040    0.017955    0.265411 ^ clkbuf_4_10__f_clkA/A (sg13g2_buf_16)
     6    0.113990    0.043194    0.112887    0.378298 ^ clkbuf_4_10__f_clkA/X (sg13g2_buf_16)
                                                         clknet_4_10__leaf_clkA (net)
                      0.044053    0.004721    0.383019 ^ clkbuf_leaf_58_clkA/A (sg13g2_buf_8)
     8    0.043615    0.034560    0.084198    0.467217 ^ clkbuf_leaf_58_clkA/X (sg13g2_buf_8)
                                                         clknet_leaf_58_clkA (net)
                      0.034912    0.002068    0.469285 ^ _23146_/CLK (sg13g2_dfrbpq_1)
     6    0.081097    0.254167    0.334192    0.803477 v _23146_/Q (sg13g2_dfrbpq_1)
                                                         u_FIR.sum[8][18] (net)
                      0.254561    0.008446    0.811923 v _16732_/A (sg13g2_nor4_1)
     2    0.013677    0.284165    0.325514    1.137437 ^ _16732_/Y (sg13g2_nor4_1)
                                                         _07888_ (net)
                      0.284169    0.000921    1.138358 ^ _16736_/A2 (sg13g2_a22oi_1)
     6    0.060194    0.374838    0.408526    1.546884 v _16736_/Y (sg13g2_a22oi_1)
                                                         _07892_ (net)
                      0.375421    0.012252    1.559137 v _16741_/S (sg13g2_mux2_1)
     8    0.057435    0.241113    0.364757    1.923894 ^ _16741_/X (sg13g2_mux2_1)
                                                         _07897_ (net)
                      0.241164    0.002938    1.926832 ^ _16759_/A0 (sg13g2_mux2_1)
     4    0.055854    0.234301    0.308876    2.235708 ^ _16759_/X (sg13g2_mux2_1)
                                                         _07915_ (net)
                      0.234675    0.007707    2.243414 ^ _16760_/B (sg13g2_and2_1)
     2    0.067811    0.280905    0.324279    2.567694 ^ _16760_/X (sg13g2_and2_1)
                                                         _07916_ (net)
                      0.280986    0.004000    2.571694 ^ fanout252/A (sg13g2_buf_1)
     4    0.064543    0.267227    0.305248    2.876942 ^ fanout252/X (sg13g2_buf_1)
                                                         net252 (net)
                      0.267242    0.001689    2.878631 ^ fanout249/A (sg13g2_buf_1)
     8    0.063736    0.264451    0.297593    3.176224 ^ fanout249/X (sg13g2_buf_1)
                                                         net249 (net)
                      0.264461    0.001348    3.177572 ^ _16770_/A2 (sg13g2_a22oi_1)
     4    0.021086    0.171668    0.230122    3.407694 v _16770_/Y (sg13g2_a22oi_1)
                                                         _07926_ (net)
                      0.171678    0.001433    3.409127 v _16783_/A2 (sg13g2_o21ai_1)
     2    0.009233    0.140001    0.173059    3.582186 ^ _16783_/Y (sg13g2_o21ai_1)
                                                         _07939_ (net)
                      0.140001    0.000548    3.582734 ^ _16802_/A2 (sg13g2_a21o_1)
     1    0.004530    0.037272    0.142746    3.725480 ^ _16802_/X (sg13g2_a21o_1)
                                                         _07958_ (net)
                      0.037272    0.000181    3.725660 ^ _16815_/B2 (sg13g2_a221oi_1)
     4    0.111561    0.663511    0.487999    4.213659 v _16815_/Y (sg13g2_a221oi_1)
                                                         _07971_ (net)
                      0.663877    0.013300    4.226959 v fanout129/A (sg13g2_buf_1)
     8    0.152003    0.478025    0.492915    4.719874 v fanout129/X (sg13g2_buf_1)
                                                         net129 (net)
                      0.486760    0.051944    4.771818 v _16818_/A (sg13g2_nor3_1)
     3    0.073196    0.942820    0.841172    5.612990 ^ _16818_/Y (sg13g2_nor3_1)
                                                         _07974_ (net)
                      0.942858    0.005111    5.618101 ^ fanout112/A (sg13g2_buf_1)
     8    0.096542    0.398640    0.470726    6.088827 ^ fanout112/X (sg13g2_buf_1)
                                                         net112 (net)
                      0.398655    0.002110    6.090937 ^ fanout111/A (sg13g2_buf_1)
     7    0.066030    0.273743    0.327858    6.418795 ^ fanout111/X (sg13g2_buf_1)
                                                         net111 (net)
                      0.273959    0.006354    6.425149 ^ fanout109/A (sg13g2_buf_1)
     8    0.063148    0.261956    0.298229    6.723379 ^ fanout109/X (sg13g2_buf_1)
                                                         net109 (net)
                      0.262127    0.005558    6.728937 ^ _18299_/A2 (sg13g2_a22oi_1)
     1    0.003297    0.085255    0.128876    6.857813 v _18299_/Y (sg13g2_a22oi_1)
                                                         _09409_ (net)
                      0.085255    0.000131    6.857944 v _18300_/B (sg13g2_nor2_1)
     2    0.010670    0.111669    0.116334    6.974278 ^ _18300_/Y (sg13g2_nor2_1)
                                                         _09410_ (net)
                      0.111676    0.000755    6.975033 ^ _18302_/B (sg13g2_xnor2_1)
     2    0.009797    0.117092    0.135150    7.110182 ^ _18302_/Y (sg13g2_xnor2_1)
                                                         _09412_ (net)
                      0.117094    0.000632    7.110815 ^ _18303_/B (sg13g2_xor2_1)
     2    0.014495    0.148435    0.190012    7.300827 ^ _18303_/X (sg13g2_xor2_1)
                                                         _09413_ (net)
                      0.148446    0.001043    7.301869 ^ _18336_/B (sg13g2_xnor2_1)
     2    0.009643    0.121652    0.145764    7.447633 ^ _18336_/Y (sg13g2_xnor2_1)
                                                         _09446_ (net)
                      0.121652    0.000346    7.447980 ^ _18339_/B (sg13g2_xor2_1)
     2    0.008868    0.102920    0.158825    7.606804 ^ _18339_/X (sg13g2_xor2_1)
                                                         _09449_ (net)
                      0.102920    0.000334    7.607138 ^ _18367_/B (sg13g2_xnor2_1)
     2    0.011965    0.131908    0.146056    7.753194 ^ _18367_/Y (sg13g2_xnor2_1)
                                                         _09477_ (net)
                      0.131916    0.000842    7.754036 ^ _18437_/B (sg13g2_xnor2_1)
     2    0.010603    0.126125    0.146949    7.900985 ^ _18437_/Y (sg13g2_xnor2_1)
                                                         _09547_ (net)
                      0.126125    0.000336    7.901321 ^ _18438_/A2 (sg13g2_a21oi_1)
     2    0.019989    0.153205    0.170285    8.071606 v _18438_/Y (sg13g2_a21oi_1)
                                                         _09548_ (net)
                      0.153225    0.001751    8.073358 v _18441_/A1 (sg13g2_o21ai_1)
     3    0.019486    0.225424    0.246093    8.319450 ^ _18441_/Y (sg13g2_o21ai_1)
                                                         _09551_ (net)
                      0.225442    0.001667    8.321117 ^ _18447_/B (sg13g2_and3_1)
     2    0.009151    0.057289    0.192361    8.513478 ^ _18447_/X (sg13g2_and3_1)
                                                         _09557_ (net)
                      0.057290    0.000322    8.513801 ^ _18453_/A1 (sg13g2_o21ai_1)
     2    0.007687    0.066972    0.089166    8.602966 v _18453_/Y (sg13g2_o21ai_1)
                                                         _09563_ (net)
                      0.066972    0.000277    8.603244 v _18457_/A1 (sg13g2_o21ai_1)
     3    0.014163    0.171901    0.177709    8.780952 ^ _18457_/Y (sg13g2_o21ai_1)
                                                         _09567_ (net)
                      0.171905    0.000704    8.781656 ^ _18458_/B (sg13g2_nand2b_1)
     1    0.004524    0.055855    0.094318    8.875975 v _18458_/Y (sg13g2_nand2b_1)
                                                         _09568_ (net)
                      0.055855    0.000184    8.876159 v _18460_/A2 (sg13g2_o21ai_1)
     1    0.006217    0.100126    0.109895    8.986053 ^ _18460_/Y (sg13g2_o21ai_1)
                                                         _09570_ (net)
                      0.100126    0.000254    8.986308 ^ _18474_/A (sg13g2_xnor2_1)
     2    0.064516    0.545297    0.451333    9.437641 ^ _18474_/Y (sg13g2_xnor2_1)
                                                         _09584_ (net)
                      0.545613    0.010911    9.448552 ^ fanout70/A (sg13g2_buf_1)
     8    0.046535    0.195615    0.296857    9.745409 ^ fanout70/X (sg13g2_buf_1)
                                                         net70 (net)
                      0.195623    0.001055    9.746465 ^ fanout69/A (sg13g2_buf_1)
     8    0.044723    0.187824    0.232224    9.978688 ^ fanout69/X (sg13g2_buf_1)
                                                         net69 (net)
                      0.187889    0.002921    9.981609 ^ _18562_/B (sg13g2_xor2_1)
     3    0.014748    0.127682    0.167947   10.149557 v _18562_/X (sg13g2_xor2_1)
                                                         _09672_ (net)
                      0.127685    0.000812   10.150369 v _18564_/A (sg13g2_nand2_1)
     1    0.003982    0.047777    0.060510   10.210878 ^ _18564_/Y (sg13g2_nand2_1)
                                                         _09674_ (net)
                      0.047777    0.000282   10.211161 ^ _18565_/C (sg13g2_or3_1)
     3    0.013377    0.065295    0.106330   10.317492 ^ _18565_/X (sg13g2_or3_1)
                                                         _09675_ (net)
                      0.065302    0.000722   10.318213 ^ _18568_/A (sg13g2_nand3_1)
     3    0.064091    0.537259    0.436356   10.754569 v _18568_/Y (sg13g2_nand3_1)
                                                         _09678_ (net)
                      0.537415    0.007783   10.762352 v _18571_/A (sg13g2_and2_1)
     1    0.010390    0.054692    0.194147   10.956499 v _18571_/X (sg13g2_and2_1)
                                                         _09681_ (net)
                      0.054705    0.000834   10.957334 v fanout35/A (sg13g2_buf_1)
     4    0.068052    0.215420    0.216554   11.173887 v fanout35/X (sg13g2_buf_1)
                                                         net35 (net)
                      0.215479    0.003030   11.176916 v fanout33/A (sg13g2_buf_1)
     8    0.055169    0.176245    0.240918   11.417834 v fanout33/X (sg13g2_buf_1)
                                                         net33 (net)
                      0.176360    0.003768   11.421601 v _18573_/A1 (sg13g2_a21o_1)
     1    0.004906    0.035615    0.153918   11.575520 v _18573_/X (sg13g2_a21o_1)
                                                         _09683_ (net)
                      0.035615    0.000197   11.575717 v _18575_/A1 (sg13g2_a21oi_1)
     1    0.001785    0.068427    0.057183   11.632899 ^ _18575_/Y (sg13g2_a21oi_1)
                                                         _00326_ (net)
                      0.068427    0.000067   11.632966 ^ _23264_/D (sg13g2_dfrbpq_1)
                                             11.632966   data arrival time

                                 20.000000   20.000000   clock clkA (rise edge)
                                  0.000000   20.000000   clock source latency
     1    0.100646    0.000000    0.000000   20.000000 ^ clkA (in)
                                                         clkA (net)
                      0.045199    0.022599   20.022600 ^ clkbuf_0_clkA/A (sg13g2_buf_16)
     4    0.139299    0.048141    0.089269   20.111868 ^ clkbuf_0_clkA/X (sg13g2_buf_16)
                                                         clknet_0_clkA (net)
                      0.052590    0.010916   20.122784 ^ clkbuf_2_0_0_clkA/A (sg13g2_buf_8)
     4    0.141682    0.084237    0.121510   20.244293 ^ clkbuf_2_0_0_clkA/X (sg13g2_buf_8)
                                                         clknet_2_0_0_clkA (net)
                      0.084645    0.004896   20.249189 ^ clkbuf_4_1__f_clkA/A (sg13g2_buf_16)
     6    0.102377    0.040131    0.105672   20.354862 ^ clkbuf_4_1__f_clkA/X (sg13g2_buf_16)
                                                         clknet_4_1__leaf_clkA (net)
                      0.042756    0.007960   20.362822 ^ clkbuf_leaf_74_clkA/A (sg13g2_buf_8)
     7    0.055083    0.040078    0.087118   20.449940 ^ clkbuf_leaf_74_clkA/X (sg13g2_buf_8)
                                                         clknet_leaf_74_clkA (net)
                      0.040440    0.002911   20.452850 ^ _23264_/CLK (sg13g2_dfrbpq_1)
                                 -0.200000   20.252851   clock uncertainty
                                  0.000000   20.252851   clock reconvergence pessimism
                                 -0.125434   20.127417   library setup time
                                             20.127417   data required time
---------------------------------------------------------------------------------------------
                                             20.127417   data required time
                                            -11.632966   data arrival time
---------------------------------------------------------------------------------------------
                                              8.494451   slack (MET)


Startpoint: spi_ss_n (input port clocked by spi_sclk)
Endpoint: _22982_ (rising edge-triggered flip-flop clocked by spi_sclk')
Path Group: spi_sclk
Path Type: max

Fanout         Cap        Slew       Delay        Time   Description
---------------------------------------------------------------------------------------------
                                  0.000000    0.000000   clock spi_sclk (rise edge)
                                  0.000000    0.000000   clock network delay (propagated)
                                 10.000000   10.000000 v input external delay
     1    0.004220    0.000000    0.000000   10.000000 v spi_ss_n (in)
                                                         spi_ss_n (net)
                      0.000208    0.000104   10.000104 v input3/A (sg13g2_buf_1)
     2    0.044752    0.144037    0.142728   10.142832 v input3/X (sg13g2_buf_1)
                                                         net3 (net)
                      0.144719    0.008125   10.150957 v fanout952/A (sg13g2_buf_1)
     8    0.050307    0.160266    0.213305   10.364262 v fanout952/X (sg13g2_buf_1)
                                                         net952 (net)
                      0.160397    0.003130   10.367392 v _11967_/A (sg13g2_nor2_1)
     4    0.018307    0.184000    0.191701   10.559093 ^ _11967_/Y (sg13g2_nor2_1)
                                                         _03387_ (net)
                      0.184001    0.000607   10.559699 ^ _11973_/A (sg13g2_and2_1)
     7    0.037767    0.161492    0.229744   10.789443 ^ _11973_/X (sg13g2_and2_1)
                                                         _03392_ (net)
                      0.161695    0.004706   10.794150 ^ _12071_/B (sg13g2_nand2_1)
     1    0.001958    0.041056    0.076808   10.870957 v _12071_/Y (sg13g2_nand2_1)
                                                         _03484_ (net)
                      0.041056    0.000074   10.871032 v hold1680/A (sg13g2_dlygate4sd3_1)
     1    0.004529    0.041049    0.383581   11.254613 v hold1680/X (sg13g2_dlygate4sd3_1)
                                                         net1679 (net)
                      0.041049    0.000307   11.254920 v _12089_/B1 (sg13g2_o21ai_1)
     1    0.001960    0.065434    0.036612   11.291533 ^ _12089_/Y (sg13g2_o21ai_1)
                                                         _00044_ (net)
                      0.065434    0.000073   11.291605 ^ hold1681/A (sg13g2_dlygate4sd3_1)
     1    0.002025    0.031159    0.372986   11.664592 ^ hold1681/X (sg13g2_dlygate4sd3_1)
                                                         net1680 (net)
                      0.031159    0.000144   11.664735 ^ _22982_/D (sg13g2_dfrbpq_1)
                                             11.664735   data arrival time

                                 50.000000   50.000000   clock spi_sclk' (rise edge)
                                  0.000000   50.000000   clock source latency
     1    0.062783    0.000000    0.000000   50.000000 v spi_sclk (in)
                                                         spi_sclk (net)
                      0.015642    0.007820   50.007816 v clkbuf_0_spi_sclk/A (sg13g2_buf_16)
     8    0.160272    0.046040    0.079531   50.087349 v clkbuf_0_spi_sclk/X (sg13g2_buf_16)
                                                         clknet_0_spi_sclk (net)
                      0.046487    0.003837   50.091187 v clkbuf_3_1__f_spi_sclk/A (sg13g2_buf_16)
     7    0.028751    0.022173    0.081211   50.172398 v clkbuf_3_1__f_spi_sclk/X (sg13g2_buf_16)
                                                         clknet_3_1__leaf_spi_sclk (net)
                      0.022173    0.000171   50.172569 v _22969__1640/A (sg13g2_inv_1)
     1    0.003316    0.021795    0.028159   50.200726 ^ _22969__1640/Y (sg13g2_inv_1)
                                                         net1639 (net)
                      0.021795    0.000131   50.200859 ^ _22982_/CLK (sg13g2_dfrbpq_1)
                                 -0.500000   49.700859   clock uncertainty
                                  0.000000   49.700859   clock reconvergence pessimism
                                 -0.116095   49.584763   library setup time
                                             49.584763   data required time
---------------------------------------------------------------------------------------------
                                             49.584763   data required time
                                            -11.664735   data arrival time
---------------------------------------------------------------------------------------------
                                             37.920029   slack (MET)




===========================================================================
report_checks --slack_max -0.01
============================================================================
======================= nom_typ_1p20V_25C Corner ===================================

No paths found.


===========================================================================
 report_check_types -max_slew -max_cap -max_fanout -violators
============================================================================
======================= nom_typ_1p20V_25C Corner ===================================

max fanout

Pin                                   Limit Fanout  Slack
---------------------------------------------------------
clkbuf_leaf_34_clkA/X                     8     13     -5 (VIOLATED)
clkbuf_leaf_35_clkA/X                     8     13     -5 (VIOLATED)
clkbuf_leaf_70_clkA/X                     8     13     -5 (VIOLATED)
clkbuf_leaf_71_clkA/X                     8     13     -5 (VIOLATED)
clkbuf_leaf_17_clkA/X                     8     12     -4 (VIOLATED)
clkbuf_leaf_18_clkA/X                     8     12     -4 (VIOLATED)
clkbuf_leaf_23_clkA/X                     8     12     -4 (VIOLATED)
clkbuf_leaf_24_clkA/X                     8     12     -4 (VIOLATED)
clkbuf_leaf_25_clkA/X                     8     12     -4 (VIOLATED)
clkbuf_leaf_66_clkA/X                     8     12     -4 (VIOLATED)
clkbuf_leaf_68_clkA/X                     8     12     -4 (VIOLATED)
clkbuf_leaf_6_clkA/X                      8     12     -4 (VIOLATED)
clkbuf_leaf_22_clkA/X                     8     11     -3 (VIOLATED)
clkbuf_leaf_26_clkA/X                     8     11     -3 (VIOLATED)
clkbuf_leaf_27_clkA/X                     8     11     -3 (VIOLATED)
clkbuf_leaf_28_clkA/X                     8     11     -3 (VIOLATED)
clkbuf_leaf_29_clkA/X                     8     11     -3 (VIOLATED)
clkbuf_leaf_30_clkA/X                     8     11     -3 (VIOLATED)
clkbuf_leaf_31_clkA/X                     8     11     -3 (VIOLATED)
clkbuf_leaf_47_clkA/X                     8     11     -3 (VIOLATED)
clkbuf_leaf_5_clkA/X                      8     11     -3 (VIOLATED)
clkbuf_leaf_61_clkA/X                     8     11     -3 (VIOLATED)
clkbuf_leaf_63_clkA/X                     8     11     -3 (VIOLATED)
clkbuf_leaf_67_clkA/X                     8     11     -3 (VIOLATED)
clkbuf_leaf_69_clkA/X                     8     11     -3 (VIOLATED)
clkbuf_leaf_72_clkA/X                     8     11     -3 (VIOLATED)
clkbuf_leaf_76_clkA/X                     8     11     -3 (VIOLATED)
clkbuf_leaf_77_clkA/X                     8     11     -3 (VIOLATED)
clkbuf_leaf_78_clkA/X                     8     11     -3 (VIOLATED)
clkbuf_leaf_79_clkA/X                     8     11     -3 (VIOLATED)
fanout985/X                               8     11     -3 (VIOLATED)
clkbuf_leaf_32_clkA/X                     8     10     -2 (VIOLATED)
clkbuf_leaf_33_clkA/X                     8     10     -2 (VIOLATED)
clkbuf_leaf_3_clkA/X                      8     10     -2 (VIOLATED)
clkbuf_leaf_42_clkA/X                     8     10     -2 (VIOLATED)
clkbuf_leaf_44_clkA/X                     8     10     -2 (VIOLATED)
clkbuf_leaf_45_clkA/X                     8     10     -2 (VIOLATED)
clkbuf_leaf_48_clkA/X                     8     10     -2 (VIOLATED)
clkbuf_leaf_49_clkA/X                     8     10     -2 (VIOLATED)
clkbuf_leaf_64_clkA/X                     8     10     -2 (VIOLATED)
clkbuf_leaf_73_clkA/X                     8     10     -2 (VIOLATED)
clkbuf_leaf_75_clkA/X                     8     10     -2 (VIOLATED)
clkbuf_leaf_7_clkA/X                      8     10     -2 (VIOLATED)
clkbuf_leaf_82_clkA/X                     8     10     -2 (VIOLATED)
fanout558/X                               8     10     -2 (VIOLATED)
clkbuf_leaf_13_clkA/X                     8      9        (VIOLATED)
fanout163/X                               8      9        (VIOLATED)
fanout166/X                               8      9        (VIOLATED)



===========================================================================
report_parasitic_annotation -report_unannotated
============================================================================
Found 60 unannotated drivers.
 clkload0/X
 clkload1/X
 clkload10/X
 clkload11/X
 clkload12/Y
 clkload13/Y
 clkload14/X
 clkload15/Y
 clkload16/X
 clkload17/Y
 clkload18/Y
 clkload19/Y
 clkload2/X
 clkload20/Y
 clkload21/X
 clkload22/Y
 clkload23/Y
 clkload24/Y
 clkload25/Y
 clkload26/Y
 clkload27/X
 clkload28/X
 clkload29/X
 clkload3/X
 clkload30/Y
 clkload31/Y
 clkload32/Y
 clkload33/Y
 clkload34/Y
 clkload35/Y
 clkload36/Y
 clkload37/Y
 clkload38/X
 clkload39/Y
 clkload4/X
 clkload40/Y
 clkload41/Y
 clkload42/Y
 clkload43/Y
 clkload44/Y
 clkload45/Y
 clkload46/Y
 clkload47/Y
 clkload48/Y
 clkload49/Y
 clkload5/X
 clkload50/Y
 clkload51/Y
 clkload52/Y
 clkload53/Y
 clkload54/Y
 clkload55/Y
 clkload56/Y
 clkload57/Y
 clkload58/Y
 clkload59/Y
 clkload6/X
 clkload7/X
 clkload8/X
 clkload9/X
Found 0 partially unannotated drivers.

===========================================================================
max slew violation count 0
max fanout violation count 48
max cap violation count 0
============================================================================

===========================================================================
check_setup -verbose -unconstrained_endpoints -multiple_clock -no_clock -no_input_delay -loops -generated_clocks
===========================================================================
Warning: There is 1 input port missing set_input_delay.
  reset
Warning: There are 2 unconstrained endpoints.
  spi_miso
  y_serial
