+ analyze_power_grid -net VPWR -voltage_file /home/designer/shared/FSE-LMS/design/runs/RUN_2026-01-24_19-32-36/56-openroad-irdropreport/net-VPWR.csv
[INFO PSM-0040] All shapes on net VPWR are connected.
########## IR report #################
Net              : VPWR
Corner           : nom_typ_1p20V_25C
Total power      : 2.97e-03 W
Supply voltage   : 1.20e+00 V
Worstcase voltage: 1.20e+00 V
Average voltage  : 1.20e+00 V
Average IR drop  : 6.30e-05 V
Worstcase IR drop: 3.72e-03 V
Percentage drop  : 0.31 %
######################################
+ analyze_power_grid -net VGND -voltage_file /home/designer/shared/FSE-LMS/design/runs/RUN_2026-01-24_19-32-36/56-openroad-irdropreport/net-VGND.csv
[INFO PSM-0040] All shapes on net VGND are connected.
########## IR report #################
Net              : VGND
Corner           : nom_typ_1p20V_25C
Total power      : 2.97e-03 W
Supply voltage   : 0.00e+00 V
Worstcase voltage: 4.69e-03 V
Average voltage  : 5.66e-05 V
Average IR drop  : 5.66e-05 V
Worstcase IR drop: 4.69e-03 V
Percentage drop  : 0.39 %
######################################
