2026-01-24 20:37:13 +0000: Memory Usage (424456K) : Starting running IHP-SG13G2 KLayout DRC runset on /home/designer/shared/FSE-LMS/design/runs/RUN_2026-01-24_20-16-41/57-magic-streamout/top.gds
2026-01-24 20:37:13 +0000: Memory Usage (424456K) : Ruby Version for klayout: 3.3.10
2026-01-24 20:37:13 +0000: Memory Usage (448392K) : Loading database to memory is complete.
2026-01-24 20:37:13 +0000: Memory Usage (448392K) : IHP-SG13G2 KLayout DRC runset output at: /home/designer/shared/FSE-LMS/design/runs/RUN_2026-01-24_20-16-41/64-klayout-drc/reports/drc.klayout.lyrdb
2026-01-24 20:37:13 +0000: Memory Usage (448392K) : Evaluate switches.
2026-01-24 20:37:13 +0000: Memory Usage (448392K) : tables selected: main
2026-01-24 20:37:13 +0000: Memory Usage (448392K) : KLayout will use 16 thread(s) in tiling mode.
2026-01-24 20:37:13 +0000: Memory Usage (448392K) : deep mode is enabled.
2026-01-24 20:37:13 +0000: Memory Usage (448392K) : FEOL enabled: true
2026-01-24 20:37:13 +0000: Memory Usage (448392K) : BEOL enabled: true
2026-01-24 20:37:13 +0000: Memory Usage (448392K) : OFFGRID enabled: true
2026-01-24 20:37:13 +0000: Memory Usage (448392K) : PIN enabled: true
2026-01-24 20:37:13 +0000: Memory Usage (448392K) : FORBIDDEN enabled: true
2026-01-24 20:37:13 +0000: Memory Usage (448392K) : RECOMMENDED enabled: false
2026-01-24 20:37:13 +0000: Memory Usage (448392K) : PreCheck DRC enabled: false
2026-01-24 20:37:13 +0000: Memory Usage (448392K) : CONNECTIVITY_RULES enabled: true.
2026-01-24 20:37:13 +0000: Memory Usage (448392K) : Read in polygons from layers.
2026-01-24 20:37:13 +0000: Memory Usage (450440K) : activ_drw has 109872 polygons
2026-01-24 20:37:13 +0000: Memory Usage (450440K) : activ_pin has 0 polygons
2026-01-24 20:37:13 +0000: Memory Usage (450440K) : activ_mask has 0 polygons
2026-01-24 20:37:13 +0000: Memory Usage (450696K) : activ_filler has 0 polygons
2026-01-24 20:37:13 +0000: Memory Usage (450696K) : activ_nofill has 0 polygons
2026-01-24 20:37:13 +0000: Memory Usage (450696K) : activ_opc has 0 polygons
2026-01-24 20:37:13 +0000: Memory Usage (450696K) : activ_iopc has 0 polygons
2026-01-24 20:37:13 +0000: Memory Usage (450696K) : activ_noqrc has 0 polygons
2026-01-24 20:37:13 +0000: Memory Usage (450696K) : biwind_drw has 0 polygons
2026-01-24 20:37:13 +0000: Memory Usage (450696K) : biwind_opc has 0 polygons
2026-01-24 20:37:13 +0000: Memory Usage (450824K) : pemwind_drw has 0 polygons
2026-01-24 20:37:13 +0000: Memory Usage (450952K) : gatpoly_drw has 103689 polygons
2026-01-24 20:37:13 +0000: Memory Usage (450952K) : gatpoly_pin has 0 polygons
2026-01-24 20:37:13 +0000: Memory Usage (450952K) : gatpoly_filler has 0 polygons
2026-01-24 20:37:13 +0000: Memory Usage (451080K) : gatpoly_nofill has 0 polygons
2026-01-24 20:37:13 +0000: Memory Usage (451080K) : gatpoly_opc has 0 polygons
2026-01-24 20:37:13 +0000: Memory Usage (451080K) : gatpoly_iopc has 0 polygons
2026-01-24 20:37:13 +0000: Memory Usage (451080K) : gatpoly_noqrc has 0 polygons
2026-01-24 20:37:13 +0000: Memory Usage (451208K) : cont_drw has 751028 polygons
2026-01-24 20:37:13 +0000: Memory Usage (451208K) : cont_opc has 0 polygons
2026-01-24 20:37:13 +0000: Memory Usage (451208K) : nsd_drw has 0 polygons
2026-01-24 20:37:13 +0000: Memory Usage (451208K) : nsd_block has 0 polygons
2026-01-24 20:37:13 +0000: Memory Usage (452616K) : metal1_drw has 212532 polygons
2026-01-24 20:37:13 +0000: Memory Usage (452616K) : metal1_pin has 97370 polygons
2026-01-24 20:37:13 +0000: Memory Usage (452616K) : metal1_mask has 0 polygons
2026-01-24 20:37:13 +0000: Memory Usage (452616K) : metal1_filler has 0 polygons
2026-01-24 20:37:13 +0000: Memory Usage (452616K) : metal1_nofill has 0 polygons
2026-01-24 20:37:13 +0000: Memory Usage (452616K) : metal1_slit has 0 polygons
2026-01-24 20:37:13 +0000: Memory Usage (452872K) : metal1_text has 96346 polygons
2026-01-24 20:37:13 +0000: Memory Usage (453256K) : metal1_opc has 0 polygons
2026-01-24 20:37:13 +0000: Memory Usage (453256K) : metal1_noqrc has 0 polygons
2026-01-24 20:37:13 +0000: Memory Usage (453256K) : metal1_res has 0 polygons
2026-01-24 20:37:13 +0000: Memory Usage (453256K) : metal1_iprobe has 0 polygons
2026-01-24 20:37:13 +0000: Memory Usage (453256K) : metal1_diffprb has 0 polygons
2026-01-24 20:37:13 +0000: Memory Usage (453256K) : passiv_drw has 0 polygons
2026-01-24 20:37:13 +0000: Memory Usage (453256K) : passiv_pin has 0 polygons
2026-01-24 20:37:13 +0000: Memory Usage (453256K) : passiv_sbump has 0 polygons
2026-01-24 20:37:13 +0000: Memory Usage (453256K) : passiv_pillar has 0 polygons
2026-01-24 20:37:13 +0000: Memory Usage (453384K) : passiv_pdl has 0 polygons
2026-01-24 20:37:13 +0000: Memory Usage (457096K) : metal2_drw has 120861 polygons
2026-01-24 20:37:14 +0000: Memory Usage (457096K) : metal2_pin has 2 polygons
2026-01-24 20:37:14 +0000: Memory Usage (457096K) : metal2_mask has 0 polygons
2026-01-24 20:37:14 +0000: Memory Usage (457096K) : metal2_filler has 0 polygons
2026-01-24 20:37:14 +0000: Memory Usage (457096K) : metal2_nofill has 0 polygons
2026-01-24 20:37:14 +0000: Memory Usage (457096K) : metal2_slit has 0 polygons
2026-01-24 20:37:14 +0000: Memory Usage (457096K) : metal2_text has 10948 polygons
2026-01-24 20:37:14 +0000: Memory Usage (457480K) : metal2_opc has 0 polygons
2026-01-24 20:37:14 +0000: Memory Usage (457480K) : metal2_noqrc has 0 polygons
2026-01-24 20:37:14 +0000: Memory Usage (457608K) : metal2_res has 0 polygons
2026-01-24 20:37:14 +0000: Memory Usage (457736K) : metal2_iprobe has 0 polygons
2026-01-24 20:37:14 +0000: Memory Usage (457736K) : metal2_diffprb has 0 polygons
2026-01-24 20:37:14 +0000: Memory Usage (457864K) : baspoly_drw has 0 polygons
2026-01-24 20:37:14 +0000: Memory Usage (457864K) : baspoly_pin has 0 polygons
2026-01-24 20:37:14 +0000: Memory Usage (458120K) : psd_drw has 52341 polygons
2026-01-24 20:37:14 +0000: Memory Usage (458120K) : nldb_drw has 0 polygons
2026-01-24 20:37:14 +0000: Memory Usage (458120K) : digibnd_drw has 0 polygons
2026-01-24 20:37:14 +0000: Memory Usage (459272K) : via1_drw has 49375 polygons
2026-01-24 20:37:14 +0000: Memory Usage (459272K) : backmetal1_drw has 0 polygons
2026-01-24 20:37:14 +0000: Memory Usage (459272K) : backmetal1_pin has 0 polygons
2026-01-24 20:37:14 +0000: Memory Usage (459272K) : backmetal1_mask has 0 polygons
2026-01-24 20:37:14 +0000: Memory Usage (459272K) : backmetal1_filler has 0 polygons
2026-01-24 20:37:14 +0000: Memory Usage (459272K) : backmetal1_nofill has 0 polygons
2026-01-24 20:37:14 +0000: Memory Usage (459272K) : backmetal1_slit has 0 polygons
2026-01-24 20:37:14 +0000: Memory Usage (459272K) : backmetal1_text has 0 polygons
2026-01-24 20:37:14 +0000: Memory Usage (459272K) : backmetal1_opc has 0 polygons
2026-01-24 20:37:14 +0000: Memory Usage (459272K) : backmetal1_noqrc has 0 polygons
2026-01-24 20:37:14 +0000: Memory Usage (459272K) : backmetal1_res has 0 polygons
2026-01-24 20:37:14 +0000: Memory Usage (459272K) : backmetal1_iprobe has 0 polygons
2026-01-24 20:37:14 +0000: Memory Usage (459272K) : backmetal1_diffprb has 0 polygons
2026-01-24 20:37:14 +0000: Memory Usage (459272K) : backpassiv_drw has 0 polygons
2026-01-24 20:37:14 +0000: Memory Usage (459272K) : res_drw has 0 polygons
2026-01-24 20:37:14 +0000: Memory Usage (459272K) : sram_drw has 0 polygons
2026-01-24 20:37:14 +0000: Memory Usage (459272K) : trans_drw has 0 polygons
2026-01-24 20:37:14 +0000: Memory Usage (459272K) : ind_drw has 0 polygons
2026-01-24 20:37:14 +0000: Memory Usage (459272K) : ind_pin has 0 polygons
2026-01-24 20:37:14 +0000: Memory Usage (459272K) : ind_text has 0 polygons
2026-01-24 20:37:14 +0000: Memory Usage (459272K) : salblock_drw has 0 polygons
2026-01-24 20:37:14 +0000: Memory Usage (459912K) : via2_drw has 42985 polygons
2026-01-24 20:37:14 +0000: Memory Usage (459912K) : metal3_drw has 30099 polygons
2026-01-24 20:37:14 +0000: Memory Usage (460296K) : metal3_pin has 6 polygons
2026-01-24 20:37:14 +0000: Memory Usage (460296K) : metal3_mask has 0 polygons
2026-01-24 20:37:14 +0000: Memory Usage (460296K) : metal3_filler has 0 polygons
2026-01-24 20:37:14 +0000: Memory Usage (460296K) : metal3_nofill has 0 polygons
2026-01-24 20:37:14 +0000: Memory Usage (460296K) : metal3_slit has 0 polygons
2026-01-24 20:37:14 +0000: Memory Usage (460296K) : metal3_text has 2877 polygons
2026-01-24 20:37:14 +0000: Memory Usage (460296K) : metal3_opc has 0 polygons
2026-01-24 20:37:14 +0000: Memory Usage (460296K) : metal3_noqrc has 0 polygons
2026-01-24 20:37:14 +0000: Memory Usage (460296K) : metal3_res has 0 polygons
2026-01-24 20:37:14 +0000: Memory Usage (460296K) : metal3_iprobe has 0 polygons
2026-01-24 20:37:14 +0000: Memory Usage (460296K) : metal3_diffprb has 0 polygons
2026-01-24 20:37:14 +0000: Memory Usage (460424K) : nwell_drw has 26019 polygons
2026-01-24 20:37:14 +0000: Memory Usage (460424K) : nwell_pin has 0 polygons
2026-01-24 20:37:14 +0000: Memory Usage (460424K) : nbulay_drw has 0 polygons
2026-01-24 20:37:14 +0000: Memory Usage (460424K) : nbulay_pin has 0 polygons
2026-01-24 20:37:14 +0000: Memory Usage (460424K) : nbulay_block has 0 polygons
2026-01-24 20:37:14 +0000: Memory Usage (460424K) : emwind_drw has 0 polygons
2026-01-24 20:37:14 +0000: Memory Usage (460424K) : emwind_opc has 0 polygons
2026-01-24 20:37:14 +0000: Memory Usage (460424K) : deepco_drw has 0 polygons
2026-01-24 20:37:14 +0000: Memory Usage (460424K) : deepco_drw has 0 polygons
2026-01-24 20:37:14 +0000: Memory Usage (460424K) : mim_drw has 0 polygons
2026-01-24 20:37:14 +0000: Memory Usage (460424K) : edgeseal_drw has 0 polygons
2026-01-24 20:37:14 +0000: Memory Usage (460424K) : edgeseal_bound has 0 polygons
2026-01-24 20:37:14 +0000: Memory Usage (460424K) : substrate_drw has 0 polygons
2026-01-24 20:37:14 +0000: Memory Usage (460424K) : substrate_text has 0 polygons
2026-01-24 20:37:14 +0000: Memory Usage (460424K) : dfpad_drw has 0 polygons
2026-01-24 20:37:14 +0000: Memory Usage (460424K) : dfpad_pillar has 0 polygons
2026-01-24 20:37:14 +0000: Memory Usage (460424K) : dfpad_sbump has 0 polygons
2026-01-24 20:37:14 +0000: Memory Usage (460424K) : thickgateox_drw has 0 polygons
2026-01-24 20:37:14 +0000: Memory Usage (460424K) : pldb_drw has 0 polygons
2026-01-24 20:37:14 +0000: Memory Usage (460424K) : pwell_drw has 0 polygons
2026-01-24 20:37:14 +0000: Memory Usage (460424K) : pwell_pin has 0 polygons
2026-01-24 20:37:14 +0000: Memory Usage (460424K) : pwell_block has 0 polygons
2026-01-24 20:37:14 +0000: Memory Usage (460424K) : ic_drw has 0 polygons
2026-01-24 20:37:14 +0000: Memory Usage (460552K) : via3_drw has 7431 polygons
2026-01-24 20:37:14 +0000: Memory Usage (460808K) : metal4_drw has 2729 polygons
2026-01-24 20:37:14 +0000: Memory Usage (460808K) : metal4_pin has 0 polygons
2026-01-24 20:37:14 +0000: Memory Usage (460936K) : metal4_mask has 0 polygons
2026-01-24 20:37:14 +0000: Memory Usage (460936K) : metal4_filler has 0 polygons
2026-01-24 20:37:14 +0000: Memory Usage (461064K) : metal4_nofill has 0 polygons
2026-01-24 20:37:14 +0000: Memory Usage (461064K) : metal4_slit has 0 polygons
2026-01-24 20:37:14 +0000: Memory Usage (461192K) : metal4_text has 78 polygons
2026-01-24 20:37:14 +0000: Memory Usage (461192K) : metal4_opc has 0 polygons
2026-01-24 20:37:14 +0000: Memory Usage (461320K) : metal4_noqrc has 0 polygons
2026-01-24 20:37:14 +0000: Memory Usage (461320K) : metal4_res has 0 polygons
2026-01-24 20:37:14 +0000: Memory Usage (461448K) : metal4_iprobe has 0 polygons
2026-01-24 20:37:14 +0000: Memory Usage (461448K) : metal4_diffprb has 0 polygons
2026-01-24 20:37:14 +0000: Memory Usage (461576K) : heattrans_drw has 0 polygons
2026-01-24 20:37:14 +0000: Memory Usage (461576K) : heatres_drw has 0 polygons
2026-01-24 20:37:14 +0000: Memory Usage (461704K) : pempoly_drw has 0 polygons
2026-01-24 20:37:14 +0000: Memory Usage (461704K) : fbe_drw has 0 polygons
2026-01-24 20:37:14 +0000: Memory Usage (461832K) : empoly_drw has 0 polygons
2026-01-24 20:37:14 +0000: Memory Usage (461832K) : ldmos_drw has 0 polygons
2026-01-24 20:37:14 +0000: Memory Usage (461960K) : pbiwind_drw has 0 polygons
2026-01-24 20:37:14 +0000: Memory Usage (461960K) : digisub_drw has 0 polygons
2026-01-24 20:37:14 +0000: Memory Usage (462088K) : nodrc_drw has 0 polygons
2026-01-24 20:37:14 +0000: Memory Usage (462216K) : text_drw has 10 polygons
2026-01-24 20:37:14 +0000: Memory Usage (462216K) : via4_drw has 4938 polygons
2026-01-24 20:37:14 +0000: Memory Usage (462472K) : metal5_drw has 1069 polygons
2026-01-24 20:37:14 +0000: Memory Usage (462472K) : metal5_pin has 0 polygons
2026-01-24 20:37:14 +0000: Memory Usage (462472K) : metal5_mask has 0 polygons
2026-01-24 20:37:14 +0000: Memory Usage (462600K) : metal5_filler has 0 polygons
2026-01-24 20:37:14 +0000: Memory Usage (462600K) : metal5_nofill has 0 polygons
2026-01-24 20:37:14 +0000: Memory Usage (462728K) : metal5_slit has 0 polygons
2026-01-24 20:37:14 +0000: Memory Usage (462728K) : metal5_text has 4 polygons
2026-01-24 20:37:14 +0000: Memory Usage (462856K) : metal5_opc has 0 polygons
2026-01-24 20:37:14 +0000: Memory Usage (462856K) : metal5_noqrc has 0 polygons
2026-01-24 20:37:14 +0000: Memory Usage (462984K) : metal5_res has 0 polygons
2026-01-24 20:37:14 +0000: Memory Usage (462984K) : metal5_iprobe has 0 polygons
2026-01-24 20:37:14 +0000: Memory Usage (463112K) : metal5_diffprb has 0 polygons
2026-01-24 20:37:14 +0000: Memory Usage (463112K) : radhard_drw has 0 polygons
2026-01-24 20:37:14 +0000: Memory Usage (463240K) : memcap_drw has 0 polygons
2026-01-24 20:37:14 +0000: Memory Usage (463240K) : varicap_drw has 0 polygons
2026-01-24 20:37:14 +0000: Memory Usage (463368K) : flash_drw has 0 polygons
2026-01-24 20:37:14 +0000: Memory Usage (463368K) : intbondvia_drw has 0 polygons
2026-01-24 20:37:14 +0000: Memory Usage (463496K) : intbondmet_drw has 0 polygons
2026-01-24 20:37:14 +0000: Memory Usage (463496K) : devbondvia_drw has 0 polygons
2026-01-24 20:37:14 +0000: Memory Usage (463624K) : devbondmet_drw has 0 polygons
2026-01-24 20:37:14 +0000: Memory Usage (463624K) : devtrench_drw has 0 polygons
2026-01-24 20:37:14 +0000: Memory Usage (463752K) : redist_drw has 0 polygons
2026-01-24 20:37:14 +0000: Memory Usage (463752K) : graphbot_drw has 0 polygons
2026-01-24 20:37:14 +0000: Memory Usage (463880K) : graphtop_drw has 0 polygons
2026-01-24 20:37:14 +0000: Memory Usage (463880K) : antvia1_drw has 0 polygons
2026-01-24 20:37:14 +0000: Memory Usage (464008K) : antmetal2_drw has 0 polygons
2026-01-24 20:37:14 +0000: Memory Usage (464008K) : graphcont_drw has 0 polygons
2026-01-24 20:37:14 +0000: Memory Usage (464136K) : siwg_drw has 0 polygons
2026-01-24 20:37:14 +0000: Memory Usage (464136K) : siwg_filler has 0 polygons
2026-01-24 20:37:14 +0000: Memory Usage (464264K) : siwg_nofill has 0 polygons
2026-01-24 20:37:14 +0000: Memory Usage (464264K) : sigrating_drw has 0 polygons
2026-01-24 20:37:14 +0000: Memory Usage (464392K) : singrating_drw has 0 polygons
2026-01-24 20:37:14 +0000: Memory Usage (464392K) : graphpas_drw has 0 polygons
2026-01-24 20:37:14 +0000: Memory Usage (464520K) : emwind3_drw has 0 polygons
2026-01-24 20:37:14 +0000: Memory Usage (464520K) : emwihv3_drw has 0 polygons
2026-01-24 20:37:14 +0000: Memory Usage (464648K) : redbulay_drw has 0 polygons
2026-01-24 20:37:14 +0000: Memory Usage (464648K) : smos_drw has 0 polygons
2026-01-24 20:37:14 +0000: Memory Usage (464648K) : graphpad_drw has 0 polygons
2026-01-24 20:37:14 +0000: Memory Usage (464648K) : polimide_drw has 0 polygons
2026-01-24 20:37:14 +0000: Memory Usage (464648K) : polimide_pin has 0 polygons
2026-01-24 20:37:14 +0000: Memory Usage (464648K) : recog_drw has 0 polygons
2026-01-24 20:37:14 +0000: Memory Usage (464648K) : recog_pin has 0 polygons
2026-01-24 20:37:14 +0000: Memory Usage (464648K) : recog_esd has 0 polygons
2026-01-24 20:37:14 +0000: Memory Usage (464776K) : recog_diode has 10 polygons
2026-01-24 20:37:14 +0000: Memory Usage (464776K) : recog_tsv has 0 polygons
2026-01-24 20:37:14 +0000: Memory Usage (464776K) : recog_iprobe has 0 polygons
2026-01-24 20:37:14 +0000: Memory Usage (464776K) : recog_diffprb has 0 polygons
2026-01-24 20:37:14 +0000: Memory Usage (464776K) : recog_pillar has 0 polygons
2026-01-24 20:37:14 +0000: Memory Usage (464776K) : recog_sbump has 0 polygons
2026-01-24 20:37:14 +0000: Memory Usage (464776K) : recog_otp has 0 polygons
2026-01-24 20:37:14 +0000: Memory Usage (464776K) : recog_pdiode has 0 polygons
2026-01-24 20:37:14 +0000: Memory Usage (464776K) : recog_mom has 0 polygons
2026-01-24 20:37:14 +0000: Memory Usage (464776K) : recog_pcm has 0 polygons
2026-01-24 20:37:14 +0000: Memory Usage (464776K) : colopen_drw has 0 polygons
2026-01-24 20:37:14 +0000: Memory Usage (464776K) : graphmetal1_drw has 0 polygons
2026-01-24 20:37:14 +0000: Memory Usage (464776K) : graphmetal1_filler has 0 polygons
2026-01-24 20:37:14 +0000: Memory Usage (464776K) : graphmetal1_nofill has 0 polygons
2026-01-24 20:37:14 +0000: Memory Usage (464776K) : graphmetal1_slit has 0 polygons
2026-01-24 20:37:14 +0000: Memory Usage (464776K) : graphmetal1_opc has 0 polygons
2026-01-24 20:37:14 +0000: Memory Usage (464776K) : graphmet1l_drw has 0 polygons
2026-01-24 20:37:14 +0000: Memory Usage (464776K) : graphmet1l_filler has 0 polygons
2026-01-24 20:37:14 +0000: Memory Usage (464776K) : graphmet1l_nofill has 0 polygons
2026-01-24 20:37:14 +0000: Memory Usage (464776K) : graphmet1l_slit has 0 polygons
2026-01-24 20:37:14 +0000: Memory Usage (464776K) : graphmet1l_opc has 0 polygons
2026-01-24 20:37:14 +0000: Memory Usage (464776K) : extblock_drw has 0 polygons
2026-01-24 20:37:14 +0000: Memory Usage (464776K) : nldd_drw has 0 polygons
2026-01-24 20:37:14 +0000: Memory Usage (464776K) : pldd_drw has 0 polygons
2026-01-24 20:37:14 +0000: Memory Usage (464776K) : next_drw has 0 polygons
2026-01-24 20:37:14 +0000: Memory Usage (464776K) : pext_drw has 0 polygons
2026-01-24 20:37:14 +0000: Memory Usage (464776K) : nexthv_drw has 0 polygons
2026-01-24 20:37:14 +0000: Memory Usage (464776K) : pexthv_drw has 0 polygons
2026-01-24 20:37:14 +0000: Memory Usage (464776K) : graphgate_drw has 0 polygons
2026-01-24 20:37:14 +0000: Memory Usage (464776K) : sinwg_drw has 0 polygons
2026-01-24 20:37:14 +0000: Memory Usage (464776K) : sinwg_filler has 0 polygons
2026-01-24 20:37:14 +0000: Memory Usage (464776K) : sinwg_nofill has 0 polygons
2026-01-24 20:37:14 +0000: Memory Usage (464776K) : mempad_drw has 0 polygons
2026-01-24 20:37:14 +0000: Memory Usage (464776K) : topvia1_drw has 1876 polygons
2026-01-24 20:37:14 +0000: Memory Usage (464776K) : topmetal1_drw has 14 polygons
2026-01-24 20:37:14 +0000: Memory Usage (464776K) : topmetal1_pin has 14 polygons
2026-01-24 20:37:14 +0000: Memory Usage (464776K) : topmetal1_mask has 0 polygons
2026-01-24 20:37:14 +0000: Memory Usage (464776K) : topmetal1_filler has 0 polygons
2026-01-24 20:37:14 +0000: Memory Usage (464776K) : topmetal1_nofill has 0 polygons
2026-01-24 20:37:14 +0000: Memory Usage (464776K) : topmetal1_slit has 0 polygons
2026-01-24 20:37:14 +0000: Memory Usage (464776K) : topmetal1_text has 14 polygons
2026-01-24 20:37:14 +0000: Memory Usage (464776K) : topmetal1_noqrc has 0 polygons
2026-01-24 20:37:14 +0000: Memory Usage (464776K) : topmetal1_res has 0 polygons
2026-01-24 20:37:14 +0000: Memory Usage (464776K) : topmetal1_iprobe has 0 polygons
2026-01-24 20:37:14 +0000: Memory Usage (464776K) : topmetal1_diffprb has 0 polygons
2026-01-24 20:37:14 +0000: Memory Usage (464776K) : inldpwl_drw has 0 polygons
2026-01-24 20:37:14 +0000: Memory Usage (464776K) : polyres_drw has 0 polygons
2026-01-24 20:37:14 +0000: Memory Usage (464776K) : polyres_pin has 0 polygons
2026-01-24 20:37:14 +0000: Memory Usage (464776K) : vmim_drw has 0 polygons
2026-01-24 20:37:14 +0000: Memory Usage (464776K) : nbulaycut_drw has 0 polygons
2026-01-24 20:37:14 +0000: Memory Usage (464776K) : antmetal1_drw has 0 polygons
2026-01-24 20:37:14 +0000: Memory Usage (464776K) : topvia2_drw has 98 polygons
2026-01-24 20:37:14 +0000: Memory Usage (464776K) : topmetal2_drw has 14 polygons
2026-01-24 20:37:14 +0000: Memory Usage (464776K) : topmetal2_pin has 14 polygons
2026-01-24 20:37:14 +0000: Memory Usage (464776K) : topmetal2_mask has 0 polygons
2026-01-24 20:37:14 +0000: Memory Usage (464776K) : topmetal2_filler has 0 polygons
2026-01-24 20:37:14 +0000: Memory Usage (464776K) : topmetal2_nofill has 0 polygons
2026-01-24 20:37:14 +0000: Memory Usage (464776K) : topmetal2_slit has 0 polygons
2026-01-24 20:37:14 +0000: Memory Usage (464776K) : topmetal2_text has 14 polygons
2026-01-24 20:37:14 +0000: Memory Usage (464776K) : topmetal2_noqrc has 0 polygons
2026-01-24 20:37:14 +0000: Memory Usage (464776K) : topmetal2_res has 0 polygons
2026-01-24 20:37:14 +0000: Memory Usage (464776K) : topmetal2_iprobe has 0 polygons
2026-01-24 20:37:14 +0000: Memory Usage (464776K) : topmetal2_diffprb has 0 polygons
2026-01-24 20:37:14 +0000: Memory Usage (464776K) : snsring_drw has 0 polygons
2026-01-24 20:37:14 +0000: Memory Usage (464776K) : sensor_drw has 0 polygons
2026-01-24 20:37:14 +0000: Memory Usage (464776K) : snsarms_drw has 0 polygons
2026-01-24 20:37:14 +0000: Memory Usage (464776K) : snscmosvia_drw has 0 polygons
2026-01-24 20:37:14 +0000: Memory Usage (464776K) : colwind_drw has 0 polygons
2026-01-24 20:37:14 +0000: Memory Usage (464776K) : flm_drw has 0 polygons
2026-01-24 20:37:14 +0000: Memory Usage (464776K) : hafniumox_drw has 0 polygons
2026-01-24 20:37:14 +0000: Memory Usage (464776K) : memvia_drw has 0 polygons
2026-01-24 20:37:14 +0000: Memory Usage (464776K) : thinfilmres_drw has 0 polygons
2026-01-24 20:37:14 +0000: Memory Usage (464776K) : rfmem_drw has 0 polygons
2026-01-24 20:37:14 +0000: Memory Usage (464776K) : norcx_drw has 0 polygons
2026-01-24 20:37:14 +0000: Memory Usage (464776K) : norcx_m2m3 has 0 polygons
2026-01-24 20:37:14 +0000: Memory Usage (464776K) : norcx_m2m4 has 0 polygons
2026-01-24 20:37:14 +0000: Memory Usage (464776K) : norcx_m2m5 has 0 polygons
2026-01-24 20:37:14 +0000: Memory Usage (464776K) : norcx_m2tm1 has 0 polygons
2026-01-24 20:37:14 +0000: Memory Usage (464776K) : norcx_m2tm2 has 0 polygons
2026-01-24 20:37:14 +0000: Memory Usage (464776K) : norcx_m3m4 has 0 polygons
2026-01-24 20:37:14 +0000: Memory Usage (464776K) : norcx_m3m5 has 0 polygons
2026-01-24 20:37:14 +0000: Memory Usage (464776K) : norcx_m3tm1 has 0 polygons
2026-01-24 20:37:14 +0000: Memory Usage (464776K) : norcx_m3tm2 has 0 polygons
2026-01-24 20:37:14 +0000: Memory Usage (464776K) : norcx_m4m5 has 0 polygons
2026-01-24 20:37:14 +0000: Memory Usage (464776K) : norcx_m4tm1 has 0 polygons
2026-01-24 20:37:14 +0000: Memory Usage (464776K) : norcx_m4tm2 has 0 polygons
2026-01-24 20:37:14 +0000: Memory Usage (464776K) : norcx_m5tm1 has 0 polygons
2026-01-24 20:37:14 +0000: Memory Usage (464776K) : norcx_m5tm2 has 0 polygons
2026-01-24 20:37:14 +0000: Memory Usage (464776K) : norcx_tm1tm2 has 0 polygons
2026-01-24 20:37:14 +0000: Memory Usage (464776K) : norcx_m1sub has 0 polygons
2026-01-24 20:37:14 +0000: Memory Usage (464776K) : norcx_m2sub has 0 polygons
2026-01-24 20:37:14 +0000: Memory Usage (464776K) : norcx_m3sub has 0 polygons
2026-01-24 20:37:14 +0000: Memory Usage (464776K) : norcx_m4sub has 0 polygons
2026-01-24 20:37:14 +0000: Memory Usage (464776K) : norcx_m5sub has 0 polygons
2026-01-24 20:37:14 +0000: Memory Usage (464776K) : norcx_tm1sub has 0 polygons
2026-01-24 20:37:14 +0000: Memory Usage (464776K) : norcx_tm2sub has 0 polygons
2026-01-24 20:37:14 +0000: Memory Usage (464776K) : snsbotvia_drw has 0 polygons
2026-01-24 20:37:14 +0000: Memory Usage (464776K) : snstopvia_drw has 0 polygons
2026-01-24 20:37:14 +0000: Memory Usage (464776K) : deepvia_drw has 0 polygons
2026-01-24 20:37:14 +0000: Memory Usage (464776K) : fgetch_drw has 0 polygons
2026-01-24 20:37:14 +0000: Memory Usage (464776K) : ctrgat_drw has 0 polygons
2026-01-24 20:37:14 +0000: Memory Usage (464776K) : fgimp_drw has 0 polygons
2026-01-24 20:37:14 +0000: Memory Usage (464776K) : emwihv_drw has 0 polygons
2026-01-24 20:37:14 +0000: Memory Usage (464904K) : lbe_drw has 0 polygons
2026-01-24 20:37:14 +0000: Memory Usage (464904K) : alcustop_drw has 0 polygons
2026-01-24 20:37:14 +0000: Memory Usage (465032K) : nometfiller_drw has 0 polygons
2026-01-24 20:37:14 +0000: Memory Usage (465032K) : prboundary_drw has 0 polygons
2026-01-24 20:37:14 +0000: Memory Usage (465160K) : exchange0_drw has 0 polygons
2026-01-24 20:37:14 +0000: Memory Usage (465160K) : exchange0_pin has 0 polygons
2026-01-24 20:37:14 +0000: Memory Usage (465288K) : exchange0_text has 0 polygons
2026-01-24 20:37:14 +0000: Memory Usage (465288K) : exchange1_drw has 0 polygons
2026-01-24 20:37:14 +0000: Memory Usage (465416K) : exchange1_pin has 0 polygons
2026-01-24 20:37:14 +0000: Memory Usage (465416K) : exchange1_text has 0 polygons
2026-01-24 20:37:14 +0000: Memory Usage (465416K) : exchange2_drw has 0 polygons
2026-01-24 20:37:15 +0000: Memory Usage (465544K) : exchange2_pin has 0 polygons
2026-01-24 20:37:15 +0000: Memory Usage (465544K) : exchange2_text has 0 polygons
2026-01-24 20:37:15 +0000: Memory Usage (465672K) : exchange3_drw has 0 polygons
2026-01-24 20:37:15 +0000: Memory Usage (465672K) : exchange3_pin has 0 polygons
2026-01-24 20:37:15 +0000: Memory Usage (465800K) : exchange3_text has 0 polygons
2026-01-24 20:37:15 +0000: Memory Usage (465800K) : exchange4_drw has 0 polygons
2026-01-24 20:37:15 +0000: Memory Usage (465928K) : exchange4_pin has 0 polygons
2026-01-24 20:37:15 +0000: Memory Usage (465928K) : exchange4_text has 0 polygons
2026-01-24 20:37:15 +0000: Memory Usage (466056K) : isonwell_drw has 0 polygons
2026-01-24 20:37:15 +0000: Memory Usage (466056K) : Total no. of polygons in the design is 1724677
2026-01-24 20:37:15 +0000: Memory Usage (466056K) : Loaded TECH DRC rules values from /opt/pdks/ciel/ihp-sg13g2/versions/c4b8b4e5e7a05f375cca3815d51b3a37721fbf5c/ihp-sg13g2/libs.tech/klayout/python/sg13g2_pycell_lib/sg13g2_tech_mod.json
2026-01-24 20:37:15 +0000: Memory Usage (466056K) : Loaded default DRC rules values from /opt/pdks/ciel/ihp-sg13g2/versions/c4b8b4e5e7a05f375cca3815d51b3a37721fbf5c/ihp-sg13g2/libs.tech/klayout/tech/drc/rule_decks/sg13g2_tech_default.json
2026-01-24 20:37:15 +0000: Memory Usage (466056K) : The following rules values were missing in tech json and default values were used:
2026-01-24 20:37:15 +0000: Memory Usage (466056K) :   - Cnt_c_digibnd
2026-01-24 20:37:15 +0000: Memory Usage (468616K) : Total area of the design is 302500.0 um^2.
2026-01-24 20:37:15 +0000: Memory Usage (468616K) : The design dimensions are 550.0 µm * 550.0 µm.
2026-01-24 20:37:15 +0000: Memory Usage (468616K) : Starting general IHP-SG13G2 derivations.
2026-01-24 20:37:15 +0000: Memory Usage (468616K) : Starting Pwell derivations
2026-01-24 20:37:15 +0000: Memory Usage (479548K) : Starting n-Activ derivations
2026-01-24 20:37:16 +0000: Memory Usage (506940K) : Starting p-Activ derivations
2026-01-24 20:37:17 +0000: Memory Usage (521620K) : Starting ptap derivations
2026-01-24 20:37:17 +0000: Memory Usage (514072K) : Starting ntap derivations
2026-01-24 20:37:18 +0000: Memory Usage (520228K) : Starting pact FET derivations
2026-01-24 20:37:18 +0000: Memory Usage (529700K) : Starting nact FET derivations
2026-01-24 20:37:18 +0000: Memory Usage (535916K) : Starting Gate derivations
2026-01-24 20:37:19 +0000: Memory Usage (534872K) : Starting cont/contbar general derivations
2026-01-24 20:37:20 +0000: Memory Usage (601764K) : Starting pad general derivations
2026-01-24 20:37:20 +0000: Memory Usage (601764K) : Starting IHP-SG13G2 DRC connectivity related derivations.
2026-01-24 20:37:20 +0000: Memory Usage (601764K) : Starting IHP-SG13G2 DRC connectivity setup
2026-01-24 20:37:28 +0000: Memory Usage (608288K) : Starting IHP-SG13G2 DRC rules.
2026-01-24 20:37:28 +0000: Memory Usage (608288K) : Running all FEOL rules
2026-01-24 20:37:28 +0000: Memory Usage (608288K) : Running all BEOL rules
2026-01-24 20:37:28 +0000: Memory Usage (608288K) : Running all PIN rules
2026-01-24 20:37:28 +0000: Memory Usage (608288K) : Running all FORBIDDEN rules
2026-01-24 20:37:28 +0000: Memory Usage (608288K) : Starting 5.1 NWell table
2026-01-24 20:37:28 +0000: Memory Usage (608288K) : Executing rule NW.b
2026-01-24 20:37:28 +0000: Memory Usage (618528K) : Executing rule NW.b1
2026-01-24 20:37:28 +0000: Memory Usage (618656K) : Starting 5.2 PWell:block
2026-01-24 20:37:28 +0000: Memory Usage (618656K) : Executing rule PWB.e
2026-01-24 20:37:28 +0000: Memory Usage (618656K) : Executing rule PWB.e1
2026-01-24 20:37:28 +0000: Memory Usage (618656K) : Executing rule PWB.f
2026-01-24 20:37:28 +0000: Memory Usage (618656K) : Executing rule PWB.f1
2026-01-24 20:37:29 +0000: Memory Usage (618656K) : Starting 5.3 nBuLay table
2026-01-24 20:37:29 +0000: Memory Usage (634656K) : Executing rule NBL.b
2026-01-24 20:37:29 +0000: Memory Usage (634656K) : Executing rule NBL.c
2026-01-24 20:37:29 +0000: Memory Usage (634784K) : Executing rule NBL.d
2026-01-24 20:37:29 +0000: Memory Usage (637980K) : Executing rule NBL.e
2026-01-24 20:37:29 +0000: Memory Usage (642972K) : Executing rule NBL.f
2026-01-24 20:37:29 +0000: Memory Usage (643480K) : Starting 5.5. Activ table
2026-01-24 20:37:29 +0000: Memory Usage (643480K) : Executing rule Act.a
2026-01-24 20:37:30 +0000: Memory Usage (643480K) : Executing rule Act.b
2026-01-24 20:37:31 +0000: Memory Usage (651800K) : Starting 5.6 Activ:filler table
2026-01-24 20:37:31 +0000: Memory Usage (651800K) : Executing rule AFil.c1
2026-01-24 20:37:31 +0000: Memory Usage (651800K) : Executing rule AFil.c
2026-01-24 20:37:31 +0000: Memory Usage (651800K) : Executing rule AFil.d
2026-01-24 20:37:31 +0000: Memory Usage (651800K) : Executing rule AFil.e
2026-01-24 20:37:31 +0000: Memory Usage (651800K) : Executing rule AFil.j
2026-01-24 20:37:31 +0000: Memory Usage (651800K) : Starting 5.7. ThickGateOx table
2026-01-24 20:37:31 +0000: Memory Usage (651800K) : Executing rule TGO.f
2026-01-24 20:37:31 +0000: Memory Usage (651800K) : Starting 5.8. GatPoly table
2026-01-24 20:37:31 +0000: Memory Usage (651800K) : Executing rule Gat.a
2026-01-24 20:37:31 +0000: Memory Usage (651800K) : Executing rule Gat.b
2026-01-24 20:37:31 +0000: Memory Usage (651796K) : Executing rule Gat.d
2026-01-24 20:37:32 +0000: Memory Usage (658836K) : Executing rule Gat.a1
2026-01-24 20:37:32 +0000: Memory Usage (668812K) : Executing rule Gat.a2
2026-01-24 20:37:33 +0000: Memory Usage (674184K) : Executing rule Gat.g
2026-01-24 20:37:33 +0000: Memory Usage (674312K) : Starting 5.9 GatPoly:filler
2026-01-24 20:37:33 +0000: Memory Usage (674312K) : Executing rule GFil.d
2026-01-24 20:37:33 +0000: Memory Usage (674312K) : Executing rule GFil.e
2026-01-24 20:37:33 +0000: Memory Usage (674312K) : Executing rule GFil.i
2026-01-24 20:37:33 +0000: Memory Usage (674312K) : Starting 5.10 pSD table
2026-01-24 20:37:33 +0000: Memory Usage (674312K) : Executing rule pSD.c1
2026-01-24 20:37:34 +0000: Memory Usage (712856K) : Starting 5.14. Cont table
2026-01-24 20:37:34 +0000: Memory Usage (712856K) : Executing rule Cnt.a
2026-01-24 20:37:36 +0000: Memory Usage (770328K) : Executing rule Cnt.b
2026-01-24 20:37:37 +0000: Memory Usage (787476K) : Executing rule Cnt.c
2026-01-24 20:37:41 +0000: Memory Usage (822288K) : Executing rule Cnt.c
2026-01-24 20:37:41 +0000: Memory Usage (822288K) : Executing rule Cnt.d
2026-01-24 20:37:41 +0000: Memory Usage (831884K) : Executing rule Cnt.e
2026-01-24 20:37:41 +0000: Memory Usage (833672K) : Executing rule Cnt.g1
2026-01-24 20:37:44 +0000: Memory Usage (845960K) : Executing rule Cnt.g2
2026-01-24 20:37:47 +0000: Memory Usage (863240K) : Starting 5.15. ContBar table
2026-01-24 20:37:47 +0000: Memory Usage (863240K) : Executing rule CntB.b1
2026-01-24 20:37:47 +0000: Memory Usage (863240K) : Executing rule CntB.h1
2026-01-24 20:37:47 +0000: Memory Usage (863240K) : Starting 6.1.3 NPN Substrate-Tie table
2026-01-24 20:37:47 +0000: Memory Usage (863240K) : Executing rule npn13G2.bR 
2026-01-24 20:37:47 +0000: Memory Usage (863240K) : Executing rule npn13G2L.cR 
2026-01-24 20:37:47 +0000: Memory Usage (863240K) : Executing rule npn13G2V.cR 
2026-01-24 20:37:47 +0000: Memory Usage (863240K) : Starting 6.7 Schottky diode table
2026-01-24 20:37:47 +0000: Memory Usage (863240K) : Executing rule Sdiod.d
2026-01-24 20:37:47 +0000: Memory Usage (863240K) : Executing rule Sdiod.e
2026-01-24 20:37:47 +0000: Memory Usage (863240K) : Starting 7.2 Latch-up table
2026-01-24 20:37:47 +0000: Memory Usage (863240K) : Executing rule LU.b
2026-01-24 20:37:48 +0000: Memory Usage (883208K) : Starting 5.16. Metal1 table
2026-01-24 20:37:48 +0000: Memory Usage (883208K) : Executing rule M1.a
2026-01-24 20:37:51 +0000: Memory Usage (895752K) : Executing rule M1.b
2026-01-24 20:37:56 +0000: Memory Usage (899868K) : Executing rule M1.e
2026-01-24 20:38:28 +0000: Memory Usage (913564K) : Executing rule M1.f
2026-01-24 20:38:30 +0000: Memory Usage (913564K) : Executing rule M1.g
2026-01-24 20:38:30 +0000: Memory Usage (915344K) : Executing rule M1.i
2026-01-24 20:38:30 +0000: Memory Usage (987024K) : Starting 5.17 Metaln table
2026-01-24 20:38:30 +0000: Memory Usage (987024K) : Executing rule M2.a
2026-01-24 20:38:31 +0000: Memory Usage (920860K) : Executing rule M2.b
2026-01-24 20:38:32 +0000: Memory Usage (927516K) : Executing rule M2.e
2026-01-24 20:38:33 +0000: Memory Usage (927516K) : Executing rule M2.f
2026-01-24 20:38:33 +0000: Memory Usage (927516K) : Executing rule M2.g
2026-01-24 20:38:34 +0000: Memory Usage (952344K) : Executing rule M2.i
2026-01-24 20:38:34 +0000: Memory Usage (982552K) : Executing rule M3.a
2026-01-24 20:38:34 +0000: Memory Usage (982552K) : Executing rule M3.b
2026-01-24 20:38:34 +0000: Memory Usage (982680K) : Executing rule M3.e
2026-01-24 20:38:34 +0000: Memory Usage (983320K) : Executing rule M3.f
2026-01-24 20:38:35 +0000: Memory Usage (983320K) : Executing rule M3.g
2026-01-24 20:38:35 +0000: Memory Usage (983316K) : Executing rule M3.i
2026-01-24 20:38:35 +0000: Memory Usage (983956K) : Executing rule M4.a
2026-01-24 20:38:35 +0000: Memory Usage (983956K) : Executing rule M4.b
2026-01-24 20:38:35 +0000: Memory Usage (983956K) : Executing rule M4.e
2026-01-24 20:38:35 +0000: Memory Usage (983956K) : Executing rule M4.f
2026-01-24 20:38:35 +0000: Memory Usage (983956K) : Executing rule M4.g
2026-01-24 20:38:35 +0000: Memory Usage (983824K) : Executing rule M4.i
2026-01-24 20:38:35 +0000: Memory Usage (983824K) : Executing rule M5.a
2026-01-24 20:38:35 +0000: Memory Usage (983824K) : Executing rule M5.b
2026-01-24 20:38:35 +0000: Memory Usage (983812K) : Executing rule M5.e
2026-01-24 20:38:35 +0000: Memory Usage (983940K) : Executing rule M5.f
2026-01-24 20:38:35 +0000: Memory Usage (983940K) : Executing rule M5.g
2026-01-24 20:38:35 +0000: Memory Usage (984068K) : Executing rule M5.i
2026-01-24 20:38:35 +0000: Memory Usage (984196K) : Starting 5.18 Metaln:filler table
2026-01-24 20:38:35 +0000: Memory Usage (984196K) : Executing rule M1Fil.c
2026-01-24 20:38:35 +0000: Memory Usage (984196K) : Executing rule M1Fil.a2
2026-01-24 20:38:35 +0000: Memory Usage (984196K) : Executing rule M2Fil.c
2026-01-24 20:38:35 +0000: Memory Usage (984196K) : Executing rule M2Fil.a2
2026-01-24 20:38:35 +0000: Memory Usage (984196K) : Executing rule M3Fil.c
2026-01-24 20:38:35 +0000: Memory Usage (984196K) : Executing rule M3Fil.a2
2026-01-24 20:38:35 +0000: Memory Usage (984196K) : Executing rule M4Fil.c
2026-01-24 20:38:35 +0000: Memory Usage (984196K) : Executing rule M4Fil.a2
2026-01-24 20:38:35 +0000: Memory Usage (984196K) : Executing rule M5Fil.c
2026-01-24 20:38:35 +0000: Memory Usage (984196K) : Executing rule M5Fil.a2
2026-01-24 20:38:35 +0000: Memory Usage (984196K) : Starting 5.19. Via1 table
2026-01-24 20:38:35 +0000: Memory Usage (984196K) : Starting 5.19. Via1 table derivations
2026-01-24 20:38:35 +0000: Memory Usage (984196K) : Executing rule V1.a
2026-01-24 20:38:36 +0000: Memory Usage (986244K) : Executing rule V1.b
2026-01-24 20:38:36 +0000: Memory Usage (993280K) : Executing rule V1.c
2026-01-24 20:38:37 +0000: Memory Usage (1012348K) : Starting 5.20. Vian table
2026-01-24 20:38:37 +0000: Memory Usage (1012348K) : Executing rule V2.a
2026-01-24 20:38:37 +0000: Memory Usage (1012348K) : Executing rule V2.b
2026-01-24 20:38:37 +0000: Memory Usage (1012476K) : Executing rule V2.c
2026-01-24 20:38:38 +0000: Memory Usage (1017084K) : Executing rule V3.a
2026-01-24 20:38:38 +0000: Memory Usage (1017084K) : Executing rule V3.b
2026-01-24 20:38:38 +0000: Memory Usage (1017212K) : Executing rule V3.c
2026-01-24 20:38:38 +0000: Memory Usage (1019004K) : Executing rule V4.a
2026-01-24 20:38:38 +0000: Memory Usage (1019004K) : Executing rule V4.b
2026-01-24 20:38:38 +0000: Memory Usage (1019260K) : Executing rule V4.c
2026-01-24 20:38:38 +0000: Memory Usage (1019768K) : Starting 5.21. TopVia1 table
2026-01-24 20:38:38 +0000: Memory Usage (1019768K) : Executing rule TV1.a
2026-01-24 20:38:38 +0000: Memory Usage (1019768K) : Executing rule TV1.b
2026-01-24 20:38:38 +0000: Memory Usage (1019640K) : Executing rule TV1.c
2026-01-24 20:38:38 +0000: Memory Usage (1019768K) : Executing rule TV1.d
2026-01-24 20:38:38 +0000: Memory Usage (1019896K) : Starting 5.22. TopMetal1 table
2026-01-24 20:38:38 +0000: Memory Usage (1019896K) : Executing rule TM1.a
2026-01-24 20:38:38 +0000: Memory Usage (1019896K) : Executing rule TM1.b
2026-01-24 20:38:38 +0000: Memory Usage (1019896K) : Starting 5.23 TopMetal1:filler table
2026-01-24 20:38:38 +0000: Memory Usage (1019896K) : Executing rule TM1Fil.c
2026-01-24 20:38:38 +0000: Memory Usage (1019896K) : Executing rule TM1Fil.a1
2026-01-24 20:38:38 +0000: Memory Usage (1019896K) : Starting 5.24. TopVia2 table
2026-01-24 20:38:38 +0000: Memory Usage (1019896K) : Executing rule TV2.a
2026-01-24 20:38:38 +0000: Memory Usage (1019896K) : Executing rule TV2.b
2026-01-24 20:38:38 +0000: Memory Usage (1019896K) : Executing rule TV2.c
2026-01-24 20:38:38 +0000: Memory Usage (1020024K) : Executing rule TV2.d
2026-01-24 20:38:38 +0000: Memory Usage (1020024K) : Starting 5.25. TopMetal2 table
2026-01-24 20:38:38 +0000: Memory Usage (1020024K) : Executing rule TM2.a
2026-01-24 20:38:38 +0000: Memory Usage (1020024K) : Executing rule TM2.b
2026-01-24 20:38:38 +0000: Memory Usage (1019892K) : Executing rule TM2.bR
2026-01-24 20:38:38 +0000: Memory Usage (1019892K) : Starting 5.26 TopMetal2:filler table
2026-01-24 20:38:38 +0000: Memory Usage (1019892K) : Executing rule TM2Fil.c
2026-01-24 20:38:38 +0000: Memory Usage (1019892K) : Executing rule TM2Fil.a1
2026-01-24 20:38:38 +0000: Memory Usage (1019892K) : Starting 5.27. Passiv table
2026-01-24 20:38:38 +0000: Memory Usage (1019892K) : Executing rule Pas.a
2026-01-24 20:38:38 +0000: Memory Usage (1019892K) : Executing rule Pas.b
2026-01-24 20:38:39 +0000: Memory Usage (1019892K) : Executing rule Pas.c
2026-01-24 20:38:39 +0000: Memory Usage (1019892K) : Starting 6.9.2 Copper Pillar table
2026-01-24 20:38:39 +0000: Memory Usage (1019892K) : Executing rule Padc.a
2026-01-24 20:38:39 +0000: Memory Usage (1019892K) : Executing rule Padc.b
2026-01-24 20:38:39 +0000: Memory Usage (1019892K) : Executing rule Padc.c
2026-01-24 20:38:39 +0000: Memory Usage (1019892K) : Executing rule Padb.f
2026-01-24 20:38:39 +0000: Memory Usage (1019892K) : Starting 6.9.1 Solder Bump
2026-01-24 20:38:39 +0000: Memory Usage (1019892K) : Executing rule Padb.a
2026-01-24 20:38:39 +0000: Memory Usage (1019892K) : Executing rule Padb.b
2026-01-24 20:38:39 +0000: Memory Usage (1019892K) : Executing rule Padb.c
2026-01-24 20:38:39 +0000: Memory Usage (1019892K) : Executing rule Padb.f
2026-01-24 20:38:39 +0000: Memory Usage (1019892K) : Executing rule Padb.d
2026-01-24 20:38:39 +0000: Memory Usage (1019892K) : Starting 6.10 Sealring table
2026-01-24 20:38:39 +0000: Memory Usage (1019892K) : Executing rule Seal.l
2026-01-24 20:38:39 +0000: Memory Usage (1019892K) : Executing rule Seal.n
2026-01-24 20:38:39 +0000: Memory Usage (1019892K) : Executing rule seal.b_metal1
2026-01-24 20:38:39 +0000: Memory Usage (1019892K) : Executing rule seal.b_metal2
2026-01-24 20:38:39 +0000: Memory Usage (1019892K) : Executing rule seal.b_metal3
2026-01-24 20:38:39 +0000: Memory Usage (1019892K) : Executing rule seal.b_metal4
2026-01-24 20:38:39 +0000: Memory Usage (1019892K) : Executing rule seal.b_metal5
2026-01-24 20:38:39 +0000: Memory Usage (1019892K) : Executing rule seal.b_topmetal1
2026-01-24 20:38:39 +0000: Memory Usage (1019892K) : Executing rule seal.b_topmetal2
2026-01-24 20:38:39 +0000: Memory Usage (1019892K) : Executing rule seal.b_activ
2026-01-24 20:38:39 +0000: Memory Usage (1019892K) : Executing rule seal.b_psd
2026-01-24 20:38:39 +0000: Memory Usage (1019892K) : Executing rule Seal.k
2026-01-24 20:38:39 +0000: Memory Usage (1019892K) : Executing rule Seal.m
2026-01-24 20:38:39 +0000: Memory Usage (1019892K) : Starting 6.11 MIM table
2026-01-24 20:38:39 +0000: Memory Usage (1019892K) : Executing rule MIM.c
2026-01-24 20:38:39 +0000: Memory Usage (1019892K) : Executing rule MIM.d
2026-01-24 20:38:39 +0000: Memory Usage (1019892K) : Executing rule MIM.gR
2026-01-24 20:38:39 +0000: Memory Usage (1019892K) : Starting 7.3 Metal Slits table
2026-01-24 20:38:39 +0000: Memory Usage (1019892K) : Executing rule Slt.e1_M1
2026-01-24 20:38:39 +0000: Memory Usage (1019892K) : Executing rule Slt.e1_M2
2026-01-24 20:38:39 +0000: Memory Usage (1019892K) : Executing rule Slt.e1_M3
2026-01-24 20:38:39 +0000: Memory Usage (1019892K) : Executing rule Slt.e1_M4
2026-01-24 20:38:39 +0000: Memory Usage (1019892K) : Executing rule Slt.e1_M5
2026-01-24 20:38:39 +0000: Memory Usage (1019892K) : Executing rule Slt.e1_TM1
2026-01-24 20:38:39 +0000: Memory Usage (1019892K) : Executing rule Slt.e1_TM2
2026-01-24 20:38:39 +0000: Memory Usage (1019892K) : Starting 9.1. LBE table
2026-01-24 20:38:39 +0000: Memory Usage (1019892K) : Executing rule LBE.a
2026-01-24 20:38:39 +0000: Memory Usage (1019892K) : Executing rule LBE.b
2026-01-24 20:38:39 +0000: Memory Usage (1019892K) : Executing rule LBE.b1
2026-01-24 20:38:39 +0000: Memory Usage (1019892K) : Executing rule LBE.c
2026-01-24 20:38:39 +0000: Memory Usage (1019892K) : Executing rule LBE.d
2026-01-24 20:38:39 +0000: Memory Usage (1019892K) : Executing rule LBE.h
2026-01-24 20:38:39 +0000: Memory Usage (1019892K) : Starting 7.4. PIN table
2026-01-24 20:38:39 +0000: Memory Usage (1019892K) : Executing rule Pin.a
2026-01-24 20:38:39 +0000: Memory Usage (1019892K) : Executing rule Pin.b
2026-01-24 20:38:39 +0000: Memory Usage (1019892K) : Executing rule Pin.e
2026-01-24 20:38:40 +0000: Memory Usage (1045492K) : Executing rule Pin.f_M2
2026-01-24 20:38:40 +0000: Memory Usage (1045492K) : Executing rule Pin.f_M3
2026-01-24 20:38:40 +0000: Memory Usage (1045748K) : Executing rule Pin.f_M4
2026-01-24 20:38:40 +0000: Memory Usage (1045748K) : Executing rule Pin.f_M5
2026-01-24 20:38:40 +0000: Memory Usage (1045748K) : Executing rule Pin.g
2026-01-24 20:38:40 +0000: Memory Usage (1045748K) : Executing rule Pin.h
2026-01-24 20:38:40 +0000: Memory Usage (1045748K) : Starting 3.2. FORBIDDEN table
2026-01-24 20:38:40 +0000: Memory Usage (1045748K) : Executing rule forbidden.biwind
2026-01-24 20:38:40 +0000: Memory Usage (1045748K) : Executing rule forbidden.pemwind
2026-01-24 20:38:40 +0000: Memory Usage (1045748K) : Executing rule forbidden.baspoly
2026-01-24 20:38:40 +0000: Memory Usage (1045748K) : Executing rule forbidden.deepco
2026-01-24 20:38:40 +0000: Memory Usage (1045748K) : Executing rule forbidden.pempoly
2026-01-24 20:38:40 +0000: Memory Usage (1045748K) : Executing rule forbidden.empoly
2026-01-24 20:38:40 +0000: Memory Usage (1045748K) : Executing rule forbidden.ldmos
2026-01-24 20:38:40 +0000: Memory Usage (1045748K) : Executing rule forbidden.pbiwind
2026-01-24 20:38:40 +0000: Memory Usage (1045748K) : Executing rule forbidden.nodrc
2026-01-24 20:38:40 +0000: Memory Usage (1045748K) : Executing rule forbidden.flash
2026-01-24 20:38:40 +0000: Memory Usage (1045748K) : Executing rule forbidden.colwind
2026-01-24 20:38:40 +0000: Memory Usage (1045748K) : KLayout DRC run for tables 'main' completed in 87.28 seconds
