Reading timing models for corner nom_typ_1p20V_25C…
Reading timing library for the 'nom_typ_1p20V_25C' corner at '/opt/pdks/ciel/ihp-sg13g2/versions/c4b8b4e5e7a05f375cca3815d51b3a37721fbf5c/ihp-sg13g2/libs.ref/sg13g2_stdcell/lib/sg13g2_stdcell_typ_1p20V_25C.lib'…
Reading timing library for the 'nom_typ_1p20V_25C' corner at '/opt/pdks/ciel/ihp-sg13g2/versions/c4b8b4e5e7a05f375cca3815d51b3a37721fbf5c/ihp-sg13g2/libs.ref/sg13g2_io/lib/sg13g2_io_typ_1p2V_3p3V_25C.lib'…
Reading OpenROAD database at '/home/designer/shared/FSE-LMS/design/runs/RUN_2026-01-24_23-11-44/39-openroad-globalrouting/top.odb'…
Reading design constraints file at '/home/designer/shared/FSE-LMS/design/constrains/constrains.sdc'…
[INFO] No information on clock propagation in input SDC file-- propagating all clocks.
%OL_CREATE_REPORT /home/designer/shared/FSE-LMS/design/runs/RUN_2026-01-24_23-11-44/40-openroad-checkantennas/reports/antenna.rpt
Net: _03357_
  Pin:   fanout411/A (sg13g2_buf_1)
    Layer: Via1
      Partial area ratio:    0.20
      Required ratio:   20.00 (Gate area) 
      Cumulative area ratio:    0.20
      Required ratio:    0.00 (Cumulative area) 

    Layer: Metal2
      Partial area ratio:  163.38
      Required ratio:    0.00 (Gate area) 
      Cumulative area ratio:  163.38
      Required ratio:  200.00 (Cumulative area) 
      Partial area ratio:  736.00
      Required ratio:    0.00 (Side area) 
      Cumulative area ratio:  736.00
      Required ratio:    0.00 (Cumulative side area) 

    Layer: Via2
      Partial area ratio:    0.47
      Required ratio:   20.00 (Gate area) 
      Cumulative area ratio:    0.67
      Required ratio:    0.00 (Cumulative area) 

    Layer: Metal3
      Partial area ratio:   35.10
      Required ratio:    0.00 (Gate area) 
      Cumulative area ratio:  198.48
      Required ratio: 12648.00 (Cumulative area) 
      Partial area ratio:  159.57
      Required ratio:    0.00 (Side area) 
      Cumulative area ratio:  895.57
      Required ratio:    0.00 (Cumulative side area) 


  Pin:   fanout412/A (sg13g2_buf_1)
    Layer: Via1
      Partial area ratio:    0.20
      Required ratio:   20.00 (Gate area) 
      Cumulative area ratio:    0.20
      Required ratio:    0.00 (Cumulative area) 

    Layer: Metal2
      Partial area ratio:    6.63
      Required ratio:    0.00 (Gate area) 
      Cumulative area ratio:    6.63
      Required ratio:  200.00 (Cumulative area) 
      Partial area ratio:   30.77
      Required ratio:    0.00 (Side area) 
      Cumulative area ratio:   30.77
      Required ratio:    0.00 (Cumulative side area) 

    Layer: Via2
      Partial area ratio:    0.40
      Required ratio:   20.00 (Gate area) 
      Cumulative area ratio:    0.60
      Required ratio:    0.00 (Cumulative area) 

    Layer: Metal3
      Partial area ratio:   35.10
      Required ratio:    0.00 (Gate area) 
      Cumulative area ratio:   41.73
      Required ratio: 12648.00 (Cumulative area) 
      Partial area ratio:  159.57
      Required ratio:    0.00 (Side area) 
      Cumulative area ratio:  190.34
      Required ratio:    0.00 (Cumulative side area) 


  Pin:   fanout416/A (sg13g2_buf_1)
    Layer: Via1
      Partial area ratio:    0.20
      Required ratio:   20.00 (Gate area) 
      Cumulative area ratio:    0.20
      Required ratio:    0.00 (Cumulative area) 

    Layer: Metal2
      Partial area ratio:  400.21
      Required ratio:    0.00 (Gate area) 
      Cumulative area ratio:  400.21
      Required ratio:  200.00 (Cumulative area) (VIOLATED)
      Partial area ratio: 1801.90
      Required ratio:    0.00 (Side area) 
      Cumulative area ratio: 1801.90
      Required ratio:    0.00 (Cumulative side area) 

    Layer: Via2
      Partial area ratio:    0.40
      Required ratio:   20.00 (Gate area) 
      Cumulative area ratio:    0.60
      Required ratio:    0.00 (Cumulative area) 

    Layer: Metal3
      Partial area ratio:   35.10
      Required ratio:    0.00 (Gate area) 
      Cumulative area ratio:  435.31
      Required ratio: 12648.00 (Cumulative area) 
      Partial area ratio:  159.57
      Required ratio:    0.00 (Side area) 
      Cumulative area ratio: 1961.47
      Required ratio:    0.00 (Cumulative side area) 



Net: _07916_
  Pin:   fanout243/A (sg13g2_buf_1)
    Layer: Via1
      Partial area ratio:    0.20
      Required ratio:   20.00 (Gate area) 
      Cumulative area ratio:    0.20
      Required ratio:    0.00 (Cumulative area) 

    Layer: Metal2
      Partial area ratio:    4.62
      Required ratio:    0.00 (Gate area) 
      Cumulative area ratio:    4.62
      Required ratio:  200.00 (Cumulative area) 
      Partial area ratio:   21.75
      Required ratio:    0.00 (Side area) 
      Cumulative area ratio:   21.75
      Required ratio:    0.00 (Cumulative side area) 

    Layer: Via2
      Partial area ratio:    0.40
      Required ratio:   20.00 (Gate area) 
      Cumulative area ratio:    0.60
      Required ratio:    0.00 (Cumulative area) 

    Layer: Metal3
      Partial area ratio:    0.66
      Required ratio:    0.00 (Gate area) 
      Cumulative area ratio:    5.28
      Required ratio:  200.00 (Cumulative area) 
      Partial area ratio:    4.93
      Required ratio:    0.00 (Side area) 
      Cumulative area ratio:   26.68
      Required ratio:    0.00 (Cumulative side area) 

    Layer: Via3
      Partial area ratio:    0.20
      Required ratio:   20.00 (Gate area) 
      Cumulative area ratio:    0.80
      Required ratio:    0.00 (Cumulative area) 

    Layer: Metal4
      Partial area ratio:    0.34
      Required ratio:    0.00 (Gate area) 
      Cumulative area ratio:    5.62
      Required ratio:  200.00 (Cumulative area) 
      Partial area ratio:    2.49
      Required ratio:    0.00 (Side area) 
      Cumulative area ratio:   29.17
      Required ratio:    0.00 (Cumulative side area) 

    Layer: Via4
      Partial area ratio:    0.20
      Required ratio:   20.00 (Gate area) 
      Cumulative area ratio:    1.00
      Required ratio:    0.00 (Cumulative area) 

    Layer: Metal5
      Partial area ratio:   75.87
      Required ratio:    0.00 (Gate area) 
      Cumulative area ratio:   81.48
      Required ratio: 12648.00 (Cumulative area) 
      Partial area ratio:  341.90
      Required ratio:    0.00 (Side area) 
      Cumulative area ratio:  371.07
      Required ratio:    0.00 (Cumulative side area) 


  Pin:   fanout249/A (sg13g2_buf_1)
    Layer: Via1
      Partial area ratio:    0.20
      Required ratio:   20.00 (Gate area) 
      Cumulative area ratio:    0.20
      Required ratio:    0.00 (Cumulative area) 

    Layer: Metal2
      Partial area ratio:    3.97
      Required ratio:    0.00 (Gate area) 
      Cumulative area ratio:    3.97
      Required ratio:  200.00 (Cumulative area) 
      Partial area ratio:   18.82
      Required ratio:    0.00 (Side area) 
      Cumulative area ratio:   18.82
      Required ratio:    0.00 (Cumulative side area) 

    Layer: Via2
      Partial area ratio:    0.40
      Required ratio:   20.00 (Gate area) 
      Cumulative area ratio:    0.60
      Required ratio:    0.00 (Cumulative area) 

    Layer: Metal3
      Partial area ratio:    0.66
      Required ratio:    0.00 (Gate area) 
      Cumulative area ratio:    4.63
      Required ratio:  200.00 (Cumulative area) 
      Partial area ratio:    4.93
      Required ratio:    0.00 (Side area) 
      Cumulative area ratio:   23.75
      Required ratio:    0.00 (Cumulative side area) 

    Layer: Via3
      Partial area ratio:    0.20
      Required ratio:   20.00 (Gate area) 
      Cumulative area ratio:    0.80
      Required ratio:    0.00 (Cumulative area) 

    Layer: Metal4
      Partial area ratio:  247.47
      Required ratio:    0.00 (Gate area) 
      Cumulative area ratio:  252.10
      Required ratio:  200.00 (Cumulative area) (VIOLATED)
      Partial area ratio: 1114.59
      Required ratio:    0.00 (Side area) 
      Cumulative area ratio: 1138.34
      Required ratio:    0.00 (Cumulative side area) 

    Layer: Via4
      Partial area ratio:    0.20
      Required ratio:   20.00 (Gate area) 
      Cumulative area ratio:    1.00
      Required ratio:    0.00 (Cumulative area) 

    Layer: Metal5
      Partial area ratio:   75.87
      Required ratio:    0.00 (Gate area) 
      Cumulative area ratio:  327.96
      Required ratio: 12648.00 (Cumulative area) 
      Partial area ratio:  341.90
      Required ratio:    0.00 (Side area) 
      Cumulative area ratio: 1480.23
      Required ratio:    0.00 (Cumulative side area) 



Net: _07972_
  Pin:   fanout124/A (sg13g2_buf_1)
    Layer: Via1
      Partial area ratio:    0.20
      Required ratio:   20.00 (Gate area) 
      Cumulative area ratio:    0.20
      Required ratio:    0.00 (Cumulative area) 

    Layer: Metal2
      Partial area ratio:   18.79
      Required ratio:    0.00 (Gate area) 
      Cumulative area ratio:   18.79
      Required ratio: 19628.00 (Cumulative area) 
      Partial area ratio:   85.50
      Required ratio:    0.00 (Side area) 
      Cumulative area ratio:   85.50
      Required ratio:    0.00 (Cumulative side area) 

    Layer: Via2
      Partial area ratio:    0.60
      Required ratio:  490.70 (Gate area) 
      Cumulative area ratio:    0.80
      Required ratio:    0.00 (Cumulative area) 

    Layer: Metal3
      Partial area ratio:    0.98
      Required ratio:    0.00 (Gate area) 
      Cumulative area ratio:   19.77
      Required ratio: 19628.00 (Cumulative area) 
      Partial area ratio:    7.37
      Required ratio:    0.00 (Side area) 
      Cumulative area ratio:   92.87
      Required ratio:    0.00 (Cumulative side area) 

    Layer: Via3
      Partial area ratio:    0.20
      Required ratio:  490.70 (Gate area) 
      Cumulative area ratio:    1.00
      Required ratio:    0.00 (Cumulative area) 

    Layer: Metal4
      Partial area ratio:    0.34
      Required ratio:    0.00 (Gate area) 
      Cumulative area ratio:   20.11
      Required ratio: 19628.00 (Cumulative area) 
      Partial area ratio:    2.49
      Required ratio:    0.00 (Side area) 
      Cumulative area ratio:   95.36
      Required ratio:    0.00 (Cumulative side area) 

    Layer: Via4
      Partial area ratio:    0.20
      Required ratio:  490.70 (Gate area) 
      Cumulative area ratio:    1.20
      Required ratio:    0.00 (Cumulative area) 

    Layer: Metal5
      Partial area ratio:   43.99
      Required ratio:    0.00 (Gate area) 
      Cumulative area ratio:   64.10
      Required ratio: 19628.00 (Cumulative area) 
      Partial area ratio:  198.45
      Required ratio:    0.00 (Side area) 
      Cumulative area ratio:  293.82
      Required ratio:    0.00 (Cumulative side area) 


  Pin:   fanout125/A (sg13g2_buf_1)
    Layer: Via1
      Partial area ratio:    0.20
      Required ratio:   20.00 (Gate area) 
      Cumulative area ratio:    0.20
      Required ratio:    0.00 (Cumulative area) 

    Layer: Metal2
      Partial area ratio:    6.49
      Required ratio:    0.00 (Gate area) 
      Cumulative area ratio:    6.49
      Required ratio:  200.00 (Cumulative area) 
      Partial area ratio:   30.14
      Required ratio:    0.00 (Side area) 
      Cumulative area ratio:   30.14
      Required ratio:    0.00 (Cumulative side area) 

    Layer: Via2
      Partial area ratio:    0.40
      Required ratio:   20.00 (Gate area) 
      Cumulative area ratio:    0.60
      Required ratio:    0.00 (Cumulative area) 

    Layer: Metal3
      Partial area ratio:    0.66
      Required ratio:    0.00 (Gate area) 
      Cumulative area ratio:    7.14
      Required ratio:  200.00 (Cumulative area) 
      Partial area ratio:    4.93
      Required ratio:    0.00 (Side area) 
      Cumulative area ratio:   35.07
      Required ratio:    0.00 (Cumulative side area) 

    Layer: Via3
      Partial area ratio:    0.20
      Required ratio:   20.00 (Gate area) 
      Cumulative area ratio:    0.80
      Required ratio:    0.00 (Cumulative area) 

    Layer: Metal4
      Partial area ratio:  231.53
      Required ratio:    0.00 (Gate area) 
      Cumulative area ratio:  238.68
      Required ratio:  200.00 (Cumulative area) (VIOLATED)
      Partial area ratio: 1042.87
      Required ratio:    0.00 (Side area) 
      Cumulative area ratio: 1077.94
      Required ratio:    0.00 (Cumulative side area) 

    Layer: Via4
      Partial area ratio:    0.20
      Required ratio:   20.00 (Gate area) 
      Cumulative area ratio:    1.00
      Required ratio:    0.00 (Cumulative area) 

    Layer: Metal5
      Partial area ratio:   43.99
      Required ratio:    0.00 (Gate area) 
      Cumulative area ratio:  282.67
      Required ratio: 19628.00 (Cumulative area) 
      Partial area ratio:  198.45
      Required ratio:    0.00 (Side area) 
      Cumulative area ratio: 1276.40
      Required ratio:    0.00 (Cumulative side area) 



Net: _07974_
  Pin:   fanout109/A (sg13g2_buf_1)
    Layer: Via1
      Partial area ratio:    0.20
      Required ratio:   20.00 (Gate area) 
      Cumulative area ratio:    0.20
      Required ratio:    0.00 (Cumulative area) 

    Layer: Metal2
      Partial area ratio:  280.14
      Required ratio:    0.00 (Gate area) 
      Cumulative area ratio:  280.14
      Required ratio:  200.00 (Cumulative area) (VIOLATED)
      Partial area ratio: 1261.60
      Required ratio:    0.00 (Side area) 
      Cumulative area ratio: 1261.60
      Required ratio:    0.00 (Cumulative side area) 

    Layer: Via2
      Partial area ratio:    0.40
      Required ratio:   20.00 (Gate area) 
      Cumulative area ratio:    0.60
      Required ratio:    0.00 (Cumulative area) 

    Layer: Metal3
      Partial area ratio:  144.44
      Required ratio:    0.00 (Gate area) 
      Cumulative area ratio:  424.58
      Required ratio: 19628.00 (Cumulative area) 
      Partial area ratio:  652.91
      Required ratio:    0.00 (Side area) 
      Cumulative area ratio: 1914.51
      Required ratio:    0.00 (Cumulative side area) 

    Layer: Via3
      Partial area ratio:    0.40
      Required ratio:  490.70 (Gate area) 
      Cumulative area ratio:    1.00
      Required ratio:    0.00 (Cumulative area) 

    Layer: Metal4
      Partial area ratio:    8.25
      Required ratio:    0.00 (Gate area) 
      Cumulative area ratio:  432.83
      Required ratio: 19628.00 (Cumulative area) 
      Partial area ratio:   37.79
      Required ratio:    0.00 (Side area) 
      Cumulative area ratio: 1952.30
      Required ratio:    0.00 (Cumulative side area) 


  Pin:   fanout111/A (sg13g2_buf_1)
    Layer: Via1
      Partial area ratio:    0.20
      Required ratio:   20.00 (Gate area) 
      Cumulative area ratio:    0.20
      Required ratio:    0.00 (Cumulative area) 

    Layer: Metal2
      Partial area ratio:    3.43
      Required ratio:    0.00 (Gate area) 
      Cumulative area ratio:    3.43
      Required ratio:  200.00 (Cumulative area) 
      Partial area ratio:   16.40
      Required ratio:    0.00 (Side area) 
      Cumulative area ratio:   16.40
      Required ratio:    0.00 (Cumulative side area) 

    Layer: Via2
      Partial area ratio:    0.40
      Required ratio:   20.00 (Gate area) 
      Cumulative area ratio:    0.60
      Required ratio:    0.00 (Cumulative area) 

    Layer: Metal3
      Partial area ratio:    0.66
      Required ratio:    0.00 (Gate area) 
      Cumulative area ratio:    4.09
      Required ratio:  200.00 (Cumulative area) 
      Partial area ratio:    4.93
      Required ratio:    0.00 (Side area) 
      Cumulative area ratio:   21.33
      Required ratio:    0.00 (Cumulative side area) 

    Layer: Via3
      Partial area ratio:    0.20
      Required ratio:   20.00 (Gate area) 
      Cumulative area ratio:    0.80
      Required ratio:    0.00 (Cumulative area) 

    Layer: Metal4
      Partial area ratio:    8.25
      Required ratio:    0.00 (Gate area) 
      Cumulative area ratio:   12.34
      Required ratio: 19628.00 (Cumulative area) 
      Partial area ratio:   37.79
      Required ratio:    0.00 (Side area) 
      Cumulative area ratio:   59.11
      Required ratio:    0.00 (Cumulative side area) 


  Pin:   fanout114/A (sg13g2_buf_1)
    Layer: Via1
      Partial area ratio:    0.20
      Required ratio:   20.00 (Gate area) 
      Cumulative area ratio:    0.20
      Required ratio:    0.00 (Cumulative area) 

    Layer: Metal2
      Partial area ratio:    2.37
      Required ratio:    0.00 (Gate area) 
      Cumulative area ratio:    2.37
      Required ratio:  200.00 (Cumulative area) 
      Partial area ratio:   11.62
      Required ratio:    0.00 (Side area) 
      Cumulative area ratio:   11.62
      Required ratio:    0.00 (Cumulative side area) 

    Layer: Via2
      Partial area ratio:    0.40
      Required ratio:   20.00 (Gate area) 
      Cumulative area ratio:    0.60
      Required ratio:    0.00 (Cumulative area) 

    Layer: Metal3
      Partial area ratio:    0.66
      Required ratio:    0.00 (Gate area) 
      Cumulative area ratio:    3.03
      Required ratio:  200.00 (Cumulative area) 
      Partial area ratio:    4.93
      Required ratio:    0.00 (Side area) 
      Cumulative area ratio:   16.55
      Required ratio:    0.00 (Cumulative side area) 

    Layer: Via3
      Partial area ratio:    0.20
      Required ratio:   20.00 (Gate area) 
      Cumulative area ratio:    0.80
      Required ratio:    0.00 (Cumulative area) 

    Layer: Metal4
      Partial area ratio:    8.25
      Required ratio:    0.00 (Gate area) 
      Cumulative area ratio:   11.28
      Required ratio: 19628.00 (Cumulative area) 
      Partial area ratio:   37.79
      Required ratio:    0.00 (Side area) 
      Cumulative area ratio:   54.34
      Required ratio:    0.00 (Cumulative side area) 



Net: u_FIR.x_reg\[2\]
  Pin:   fanout877/A (sg13g2_buf_1)
    Layer: Via1
      Partial area ratio:    0.20
      Required ratio:   20.00 (Gate area) 
      Cumulative area ratio:    0.20
      Required ratio:    0.00 (Cumulative area) 

    Layer: Metal2
      Partial area ratio:  325.10
      Required ratio:    0.00 (Gate area) 
      Cumulative area ratio:  325.10
      Required ratio:  200.00 (Cumulative area) (VIOLATED)
      Partial area ratio: 1463.92
      Required ratio:    0.00 (Side area) 
      Cumulative area ratio: 1463.92
      Required ratio:    0.00 (Cumulative side area) 

    Layer: Via2
      Partial area ratio:    0.40
      Required ratio:   20.00 (Gate area) 
      Cumulative area ratio:    0.60
      Required ratio:    0.00 (Cumulative area) 

    Layer: Metal3
      Partial area ratio:   28.59
      Required ratio:    0.00 (Gate area) 
      Cumulative area ratio:  353.70
      Required ratio: 12648.00 (Cumulative area) 
      Partial area ratio:  130.57
      Required ratio:    0.00 (Side area) 
      Cumulative area ratio: 1594.49
      Required ratio:    0.00 (Cumulative side area) 


  Pin:   fanout885/A (sg13g2_buf_1)
    Layer: Via1
      Partial area ratio:    0.20
      Required ratio:   20.00 (Gate area) 
      Cumulative area ratio:    0.20
      Required ratio:    0.00 (Cumulative area) 

    Layer: Metal2
      Partial area ratio:    4.76
      Required ratio:    0.00 (Gate area) 
      Cumulative area ratio:    4.76
      Required ratio:  200.00 (Cumulative area) 
      Partial area ratio:   22.35
      Required ratio:    0.00 (Side area) 
      Cumulative area ratio:   22.35
      Required ratio:    0.00 (Cumulative side area) 

    Layer: Via2
      Partial area ratio:    0.40
      Required ratio:   20.00 (Gate area) 
      Cumulative area ratio:    0.60
      Required ratio:    0.00 (Cumulative area) 

    Layer: Metal3
      Partial area ratio:   28.59
      Required ratio:    0.00 (Gate area) 
      Cumulative area ratio:   33.35
      Required ratio: 12648.00 (Cumulative area) 
      Partial area ratio:  130.57
      Required ratio:    0.00 (Side area) 
      Cumulative area ratio:  152.93
      Required ratio:    0.00 (Cumulative side area) 



Net: u_FIR.x_reg\[4\]
  Pin:   fanout850/A (sg13g2_buf_1)
    Layer: Via1
      Partial area ratio:    0.20
      Required ratio:   20.00 (Gate area) 
      Cumulative area ratio:    0.20
      Required ratio:    0.00 (Cumulative area) 

    Layer: Metal2
      Partial area ratio:  283.64
      Required ratio:    0.00 (Gate area) 
      Cumulative area ratio:  283.64
      Required ratio:  200.00 (Cumulative area) (VIOLATED)
      Partial area ratio: 1277.29
      Required ratio:    0.00 (Side area) 
      Cumulative area ratio: 1277.29
      Required ratio:    0.00 (Cumulative side area) 

    Layer: Via2
      Partial area ratio:    0.60
      Required ratio:   20.00 (Gate area) 
      Cumulative area ratio:    0.80
      Required ratio:    0.00 (Cumulative area) 

    Layer: Metal3
      Partial area ratio:   32.69
      Required ratio:    0.00 (Gate area) 
      Cumulative area ratio:  316.32
      Required ratio: 12648.00 (Cumulative area) 
      Partial area ratio:  149.57
      Required ratio:    0.00 (Side area) 
      Cumulative area ratio: 1426.86
      Required ratio:    0.00 (Cumulative side area) 

    Layer: Via3
      Partial area ratio:    0.10
      Required ratio:  316.20 (Gate area) 
      Cumulative area ratio:    0.90
      Required ratio:    0.00 (Cumulative area) 

    Layer: Metal4
      Partial area ratio:    2.80
      Required ratio:    0.00 (Gate area) 
      Cumulative area ratio:  319.12
      Required ratio: 12648.00 (Cumulative area) 
      Partial area ratio:   12.92
      Required ratio:    0.00 (Side area) 
      Cumulative area ratio: 1439.78
      Required ratio:    0.00 (Cumulative side area) 


  Pin:   fanout853/A (sg13g2_buf_1)
    Layer: Via1
      Partial area ratio:    0.20
      Required ratio:   20.00 (Gate area) 
      Cumulative area ratio:    0.20
      Required ratio:    0.00 (Cumulative area) 

    Layer: Metal2
      Partial area ratio:    3.95
      Required ratio:    0.00 (Gate area) 
      Cumulative area ratio:    3.95
      Required ratio:  200.00 (Cumulative area) 
      Partial area ratio:   18.74
      Required ratio:    0.00 (Side area) 
      Cumulative area ratio:   18.74
      Required ratio:    0.00 (Cumulative side area) 

    Layer: Via2
      Partial area ratio:    0.40
      Required ratio:   20.00 (Gate area) 
      Cumulative area ratio:    0.60
      Required ratio:    0.00 (Cumulative area) 

    Layer: Metal3
      Partial area ratio:   32.69
      Required ratio:    0.00 (Gate area) 
      Cumulative area ratio:   36.64
      Required ratio: 12648.00 (Cumulative area) 
      Partial area ratio:  149.57
      Required ratio:    0.00 (Side area) 
      Cumulative area ratio:  168.31
      Required ratio:    0.00 (Cumulative side area) 

    Layer: Via3
      Partial area ratio:    0.10
      Required ratio:  316.20 (Gate area) 
      Cumulative area ratio:    0.70
      Required ratio:    0.00 (Cumulative area) 

    Layer: Metal4
      Partial area ratio:    2.80
      Required ratio:    0.00 (Gate area) 
      Cumulative area ratio:   39.44
      Required ratio: 12648.00 (Cumulative area) 
      Partial area ratio:   12.92
      Required ratio:    0.00 (Side area) 
      Cumulative area ratio:  181.23
      Required ratio:    0.00 (Cumulative side area) 


  Pin:   fanout857/A (sg13g2_buf_1)
    Layer: Via1
      Partial area ratio:    0.20
      Required ratio:   20.00 (Gate area) 
      Cumulative area ratio:    0.20
      Required ratio:    0.00 (Cumulative area) 

    Layer: Metal2
      Partial area ratio:    6.49
      Required ratio:    0.00 (Gate area) 
      Cumulative area ratio:    6.49
      Required ratio:  200.00 (Cumulative area) 
      Partial area ratio:   30.17
      Required ratio:    0.00 (Side area) 
      Cumulative area ratio:   30.17
      Required ratio:    0.00 (Cumulative side area) 

    Layer: Via2
      Partial area ratio:    0.40
      Required ratio:   20.00 (Gate area) 
      Cumulative area ratio:    0.60
      Required ratio:    0.00 (Cumulative area) 

    Layer: Metal3
      Partial area ratio:    0.66
      Required ratio:    0.00 (Gate area) 
      Cumulative area ratio:    7.15
      Required ratio:  200.00 (Cumulative area) 
      Partial area ratio:    4.93
      Required ratio:    0.00 (Side area) 
      Cumulative area ratio:   35.10
      Required ratio:    0.00 (Cumulative side area) 

    Layer: Via3
      Partial area ratio:    0.20
      Required ratio:   20.00 (Gate area) 
      Cumulative area ratio:    0.80
      Required ratio:    0.00 (Cumulative area) 

    Layer: Metal4
      Partial area ratio:    2.80
      Required ratio:    0.00 (Gate area) 
      Cumulative area ratio:    9.95
      Required ratio: 12648.00 (Cumulative area) 
      Partial area ratio:   12.92
      Required ratio:    0.00 (Side area) 
      Cumulative area ratio:   48.01
      Required ratio:    0.00 (Cumulative side area) 



Net: net216
  Pin:   _21325_/B (sg13g2_nand3_1)
    Layer: Via1
      Partial area ratio:    0.15
      Required ratio:   20.00 (Gate area) 
      Cumulative area ratio:    0.15
      Required ratio:    0.00 (Cumulative area) 

    Layer: Metal2
      Partial area ratio:    4.36
      Required ratio:    0.00 (Gate area) 
      Cumulative area ratio:    4.36
      Required ratio:  200.00 (Cumulative area) 
      Partial area ratio:   20.32
      Required ratio:    0.00 (Side area) 
      Cumulative area ratio:   20.32
      Required ratio:    0.00 (Cumulative side area) 

    Layer: Via2
      Partial area ratio:    0.30
      Required ratio:   20.00 (Gate area) 
      Cumulative area ratio:    0.45
      Required ratio:    0.00 (Cumulative area) 

    Layer: Metal3
      Partial area ratio:    0.49
      Required ratio:    0.00 (Gate area) 
      Cumulative area ratio:    4.85
      Required ratio:  200.00 (Cumulative area) 
      Partial area ratio:    3.68
      Required ratio:    0.00 (Side area) 
      Cumulative area ratio:   24.00
      Required ratio:    0.00 (Cumulative side area) 

    Layer: Via3
      Partial area ratio:    0.15
      Required ratio:   20.00 (Gate area) 
      Cumulative area ratio:    0.60
      Required ratio:    0.00 (Cumulative area) 

    Layer: Metal4
      Partial area ratio:   68.16
      Required ratio:    0.00 (Gate area) 
      Cumulative area ratio:   73.01
      Required ratio: 14172.00 (Cumulative area) 
      Partial area ratio:  307.19
      Required ratio:    0.00 (Side area) 
      Cumulative area ratio:  331.19
      Required ratio:    0.00 (Cumulative side area) 


  Pin:   fanout207/A (sg13g2_buf_1)
    Layer: Via1
      Partial area ratio:    0.20
      Required ratio:   20.00 (Gate area) 
      Cumulative area ratio:    0.20
      Required ratio:    0.00 (Cumulative area) 

    Layer: Metal2
      Partial area ratio:   11.86
      Required ratio:    0.00 (Gate area) 
      Cumulative area ratio:   11.86
      Required ratio:  200.00 (Cumulative area) 
      Partial area ratio:   54.33
      Required ratio:    0.00 (Side area) 
      Cumulative area ratio:   54.33
      Required ratio:    0.00 (Cumulative side area) 

    Layer: Via2
      Partial area ratio:    0.40
      Required ratio:   20.00 (Gate area) 
      Cumulative area ratio:    0.60
      Required ratio:    0.00 (Cumulative area) 

    Layer: Metal3
      Partial area ratio:    8.95
      Required ratio:    0.00 (Gate area) 
      Cumulative area ratio:   20.81
      Required ratio: 14172.00 (Cumulative area) 
      Partial area ratio:   43.23
      Required ratio:    0.00 (Side area) 
      Cumulative area ratio:   97.56
      Required ratio:    0.00 (Cumulative side area) 

    Layer: Via3
      Partial area ratio:    0.20
      Required ratio:  354.30 (Gate area) 
      Cumulative area ratio:    0.80
      Required ratio:    0.00 (Cumulative area) 

    Layer: Metal4
      Partial area ratio:   68.16
      Required ratio:    0.00 (Gate area) 
      Cumulative area ratio:   88.97
      Required ratio: 14172.00 (Cumulative area) 
      Partial area ratio:  307.19
      Required ratio:    0.00 (Side area) 
      Cumulative area ratio:  404.75
      Required ratio:    0.00 (Cumulative side area) 


  Pin:   fanout208/A (sg13g2_buf_1)
    Layer: Via1
      Partial area ratio:    0.20
      Required ratio:   20.00 (Gate area) 
      Cumulative area ratio:    0.20
      Required ratio:    0.00 (Cumulative area) 

    Layer: Metal2
      Partial area ratio:    3.17
      Required ratio:    0.00 (Gate area) 
      Cumulative area ratio:    3.17
      Required ratio:  200.00 (Cumulative area) 
      Partial area ratio:   15.21
      Required ratio:    0.00 (Side area) 
      Cumulative area ratio:   15.21
      Required ratio:    0.00 (Cumulative side area) 

    Layer: Via2
      Partial area ratio:    0.40
      Required ratio:   20.00 (Gate area) 
      Cumulative area ratio:    0.60
      Required ratio:    0.00 (Cumulative area) 

    Layer: Metal3
      Partial area ratio:  116.05
      Required ratio:    0.00 (Gate area) 
      Cumulative area ratio:  119.22
      Required ratio:  200.00 (Cumulative area) 
      Partial area ratio:  523.69
      Required ratio:    0.00 (Side area) 
      Cumulative area ratio:  538.89
      Required ratio:    0.00 (Cumulative side area) 

    Layer: Via3
      Partial area ratio:    0.20
      Required ratio:   20.00 (Gate area) 
      Cumulative area ratio:    0.80
      Required ratio:    0.00 (Cumulative area) 

    Layer: Metal4
      Partial area ratio:   68.16
      Required ratio:    0.00 (Gate area) 
      Cumulative area ratio:  187.38
      Required ratio: 14172.00 (Cumulative area) 
      Partial area ratio:  307.19
      Required ratio:    0.00 (Side area) 
      Cumulative area ratio:  846.08
      Required ratio:    0.00 (Cumulative side area) 


  Pin:   fanout215/A (sg13g2_buf_1)
    Layer: Via1
      Partial area ratio:    0.20
      Required ratio:   20.00 (Gate area) 
      Cumulative area ratio:    0.20
      Required ratio:    0.00 (Cumulative area) 

    Layer: Metal2
      Partial area ratio:  188.72
      Required ratio:    0.00 (Gate area) 
      Cumulative area ratio:  188.72
      Required ratio:  200.00 (Cumulative area) 
      Partial area ratio:  850.18
      Required ratio:    0.00 (Side area) 
      Cumulative area ratio:  850.18
      Required ratio:    0.00 (Cumulative side area) 

    Layer: Via2
      Partial area ratio:    0.40
      Required ratio:   20.00 (Gate area) 
      Cumulative area ratio:    0.60
      Required ratio:    0.00 (Cumulative area) 

    Layer: Metal3
      Partial area ratio:  116.05
      Required ratio:    0.00 (Gate area) 
      Cumulative area ratio:  304.77
      Required ratio:  200.00 (Cumulative area) (VIOLATED)
      Partial area ratio:  523.69
      Required ratio:    0.00 (Side area) 
      Cumulative area ratio: 1373.87
      Required ratio:    0.00 (Cumulative side area) 

    Layer: Via3
      Partial area ratio:    0.20
      Required ratio:   20.00 (Gate area) 
      Cumulative area ratio:    0.80
      Required ratio:    0.00 (Cumulative area) 

    Layer: Metal4
      Partial area ratio:   68.16
      Required ratio:    0.00 (Gate area) 
      Cumulative area ratio:  372.93
      Required ratio: 14172.00 (Cumulative area) 
      Partial area ratio:  307.19
      Required ratio:    0.00 (Side area) 
      Cumulative area ratio: 1681.05
      Required ratio:    0.00 (Cumulative side area) 



Net: net234
  Pin:   fanout220/A (sg13g2_buf_1)
    Layer: Via1
      Partial area ratio:    0.20
      Required ratio:   20.00 (Gate area) 
      Cumulative area ratio:    0.20
      Required ratio:    0.00 (Cumulative area) 

    Layer: Metal2
      Partial area ratio:   16.61
      Required ratio:    0.00 (Gate area) 
      Cumulative area ratio:   16.61
      Required ratio: 14172.00 (Cumulative area) 
      Partial area ratio:   75.67
      Required ratio:    0.00 (Side area) 
      Cumulative area ratio:   75.67
      Required ratio:    0.00 (Cumulative side area) 

    Layer: Via2
      Partial area ratio:    0.60
      Required ratio:  354.30 (Gate area) 
      Cumulative area ratio:    0.80
      Required ratio:    0.00 (Cumulative area) 

    Layer: Metal3
      Partial area ratio:    0.98
      Required ratio:    0.00 (Gate area) 
      Cumulative area ratio:   17.59
      Required ratio: 14172.00 (Cumulative area) 
      Partial area ratio:    7.37
      Required ratio:    0.00 (Side area) 
      Cumulative area ratio:   83.04
      Required ratio:    0.00 (Cumulative side area) 

    Layer: Via3
      Partial area ratio:    0.20
      Required ratio:  354.30 (Gate area) 
      Cumulative area ratio:    1.00
      Required ratio:    0.00 (Cumulative area) 

    Layer: Metal4
      Partial area ratio:    0.34
      Required ratio:    0.00 (Gate area) 
      Cumulative area ratio:   17.92
      Required ratio: 14172.00 (Cumulative area) 
      Partial area ratio:    2.49
      Required ratio:    0.00 (Side area) 
      Cumulative area ratio:   85.53
      Required ratio:    0.00 (Cumulative side area) 

    Layer: Via4
      Partial area ratio:    0.20
      Required ratio:  354.30 (Gate area) 
      Cumulative area ratio:    1.20
      Required ratio:    0.00 (Cumulative area) 

    Layer: Metal5
      Partial area ratio:    4.85
      Required ratio:    0.00 (Gate area) 
      Cumulative area ratio:   22.77
      Required ratio: 14172.00 (Cumulative area) 
      Partial area ratio:   22.00
      Required ratio:    0.00 (Side area) 
      Cumulative area ratio:  107.53
      Required ratio:    0.00 (Cumulative side area) 


  Pin:   fanout224/A (sg13g2_buf_1)
    Layer: Via1
      Partial area ratio:    0.20
      Required ratio:   20.00 (Gate area) 
      Cumulative area ratio:    0.20
      Required ratio:    0.00 (Cumulative area) 

    Layer: Metal2
      Partial area ratio:    5.02
      Required ratio:    0.00 (Gate area) 
      Cumulative area ratio:    5.02
      Required ratio:  200.00 (Cumulative area) 
      Partial area ratio:   23.52
      Required ratio:    0.00 (Side area) 
      Cumulative area ratio:   23.52
      Required ratio:    0.00 (Cumulative side area) 

    Layer: Via2
      Partial area ratio:    0.40
      Required ratio:   20.00 (Gate area) 
      Cumulative area ratio:    0.60
      Required ratio:    0.00 (Cumulative area) 

    Layer: Metal3
      Partial area ratio:    0.66
      Required ratio:    0.00 (Gate area) 
      Cumulative area ratio:    5.67
      Required ratio:  200.00 (Cumulative area) 
      Partial area ratio:    4.93
      Required ratio:    0.00 (Side area) 
      Cumulative area ratio:   28.45
      Required ratio:    0.00 (Cumulative side area) 

    Layer: Via3
      Partial area ratio:    0.20
      Required ratio:   20.00 (Gate area) 
      Cumulative area ratio:    0.80
      Required ratio:    0.00 (Cumulative area) 

    Layer: Metal4
      Partial area ratio:   91.88
      Required ratio:    0.00 (Gate area) 
      Cumulative area ratio:   97.56
      Required ratio:  200.00 (Cumulative area) 
      Partial area ratio:  413.96
      Required ratio:    0.00 (Side area) 
      Cumulative area ratio:  442.41
      Required ratio:    0.00 (Cumulative side area) 

    Layer: Via4
      Partial area ratio:    0.05
      Required ratio:   20.00 (Gate area) 
      Cumulative area ratio:    0.85
      Required ratio:    0.00 (Cumulative area) 

    Layer: Metal5
      Partial area ratio:    4.85
      Required ratio:    0.00 (Gate area) 
      Cumulative area ratio:  102.40
      Required ratio: 14172.00 (Cumulative area) 
      Partial area ratio:   22.00
      Required ratio:    0.00 (Side area) 
      Cumulative area ratio:  464.42
      Required ratio:    0.00 (Cumulative side area) 


  Pin:   fanout225/A (sg13g2_buf_1)
    Layer: Via1
      Partial area ratio:    0.20
      Required ratio:   20.00 (Gate area) 
      Cumulative area ratio:    0.20
      Required ratio:    0.00 (Cumulative area) 

    Layer: Metal2
      Partial area ratio:    4.50
      Required ratio:    0.00 (Gate area) 
      Cumulative area ratio:    4.50
      Required ratio:  200.00 (Cumulative area) 
      Partial area ratio:   21.21
      Required ratio:    0.00 (Side area) 
      Cumulative area ratio:   21.21
      Required ratio:    0.00 (Cumulative side area) 

    Layer: Via2
      Partial area ratio:    0.40
      Required ratio:   20.00 (Gate area) 
      Cumulative area ratio:    0.60
      Required ratio:    0.00 (Cumulative area) 

    Layer: Metal3
      Partial area ratio:   92.14
      Required ratio:    0.00 (Gate area) 
      Cumulative area ratio:   96.64
      Required ratio:  200.00 (Cumulative area) 
      Partial area ratio:  416.11
      Required ratio:    0.00 (Side area) 
      Cumulative area ratio:  437.31
      Required ratio:    0.00 (Cumulative side area) 

    Layer: Via3
      Partial area ratio:    0.20
      Required ratio:   20.00 (Gate area) 
      Cumulative area ratio:    0.80
      Required ratio:    0.00 (Cumulative area) 

    Layer: Metal4
      Partial area ratio:   91.88
      Required ratio:    0.00 (Gate area) 
      Cumulative area ratio:  188.52
      Required ratio:  200.00 (Cumulative area) 
      Partial area ratio:  413.96
      Required ratio:    0.00 (Side area) 
      Cumulative area ratio:  851.27
      Required ratio:    0.00 (Cumulative side area) 

    Layer: Via4
      Partial area ratio:    0.05
      Required ratio:   20.00 (Gate area) 
      Cumulative area ratio:    0.85
      Required ratio:    0.00 (Cumulative area) 

    Layer: Metal5
      Partial area ratio:    4.85
      Required ratio:    0.00 (Gate area) 
      Cumulative area ratio:  193.37
      Required ratio: 14172.00 (Cumulative area) 
      Partial area ratio:   22.00
      Required ratio:    0.00 (Side area) 
      Cumulative area ratio:  873.28
      Required ratio:    0.00 (Cumulative side area) 


  Pin:   fanout226/A (sg13g2_buf_1)
    Layer: Via1
      Partial area ratio:    0.20
      Required ratio:   20.00 (Gate area) 
      Cumulative area ratio:    0.20
      Required ratio:    0.00 (Cumulative area) 

    Layer: Metal2
      Partial area ratio:   45.81
      Required ratio:    0.00 (Gate area) 
      Cumulative area ratio:   45.81
      Required ratio:  200.00 (Cumulative area) 
      Partial area ratio:  207.08
      Required ratio:    0.00 (Side area) 
      Cumulative area ratio:  207.08
      Required ratio:    0.00 (Cumulative side area) 

    Layer: Via2
      Partial area ratio:    0.40
      Required ratio:   20.00 (Gate area) 
      Cumulative area ratio:    0.60
      Required ratio:    0.00 (Cumulative area) 

    Layer: Metal3
      Partial area ratio:   92.14
      Required ratio:    0.00 (Gate area) 
      Cumulative area ratio:  137.95
      Required ratio:  200.00 (Cumulative area) 
      Partial area ratio:  416.11
      Required ratio:    0.00 (Side area) 
      Cumulative area ratio:  623.19
      Required ratio:    0.00 (Cumulative side area) 

    Layer: Via3
      Partial area ratio:    0.20
      Required ratio:   20.00 (Gate area) 
      Cumulative area ratio:    0.80
      Required ratio:    0.00 (Cumulative area) 

    Layer: Metal4
      Partial area ratio:   91.88
      Required ratio:    0.00 (Gate area) 
      Cumulative area ratio:  229.83
      Required ratio:  200.00 (Cumulative area) (VIOLATED)
      Partial area ratio:  413.96
      Required ratio:    0.00 (Side area) 
      Cumulative area ratio: 1037.15
      Required ratio:    0.00 (Cumulative side area) 

    Layer: Via4
      Partial area ratio:    0.05
      Required ratio:   20.00 (Gate area) 
      Cumulative area ratio:    0.85
      Required ratio:    0.00 (Cumulative area) 

    Layer: Metal5
      Partial area ratio:    4.85
      Required ratio:    0.00 (Gate area) 
      Cumulative area ratio:  234.68
      Required ratio: 14172.00 (Cumulative area) 
      Partial area ratio:   22.00
      Required ratio:    0.00 (Side area) 
      Cumulative area ratio: 1059.15
      Required ratio:    0.00 (Cumulative side area) 


  Pin:   fanout233/A (sg13g2_buf_1)
    Layer: Via1
      Partial area ratio:    0.20
      Required ratio:   20.00 (Gate area) 
      Cumulative area ratio:    0.20
      Required ratio:    0.00 (Cumulative area) 

    Layer: Metal2
      Partial area ratio:    5.43
      Required ratio:    0.00 (Gate area) 
      Cumulative area ratio:    5.43
      Required ratio:  200.00 (Cumulative area) 
      Partial area ratio:   25.37
      Required ratio:    0.00 (Side area) 
      Cumulative area ratio:   25.37
      Required ratio:    0.00 (Cumulative side area) 

    Layer: Via2
      Partial area ratio:    0.40
      Required ratio:   20.00 (Gate area) 
      Cumulative area ratio:    0.60
      Required ratio:    0.00 (Cumulative area) 

    Layer: Metal3
      Partial area ratio:    0.66
      Required ratio:    0.00 (Gate area) 
      Cumulative area ratio:    6.08
      Required ratio:  200.00 (Cumulative area) 
      Partial area ratio:    4.93
      Required ratio:    0.00 (Side area) 
      Cumulative area ratio:   30.30
      Required ratio:    0.00 (Cumulative side area) 

    Layer: Via3
      Partial area ratio:    0.20
      Required ratio:   20.00 (Gate area) 
      Cumulative area ratio:    0.80
      Required ratio:    0.00 (Cumulative area) 

    Layer: Metal4
      Partial area ratio:   91.88
      Required ratio:    0.00 (Gate area) 
      Cumulative area ratio:   97.96
      Required ratio:  200.00 (Cumulative area) 
      Partial area ratio:  413.96
      Required ratio:    0.00 (Side area) 
      Cumulative area ratio:  444.26
      Required ratio:    0.00 (Cumulative side area) 

    Layer: Via4
      Partial area ratio:    0.05
      Required ratio:   20.00 (Gate area) 
      Cumulative area ratio:    0.85
      Required ratio:    0.00 (Cumulative area) 

    Layer: Metal5
      Partial area ratio:    4.85
      Required ratio:    0.00 (Gate area) 
      Cumulative area ratio:  102.81
      Required ratio: 14172.00 (Cumulative area) 
      Partial area ratio:   22.00
      Required ratio:    0.00 (Side area) 
      Cumulative area ratio:  466.26
      Required ratio:    0.00 (Cumulative side area) 



Net: net367
  Pin:   _20508_/B1 (sg13g2_o21ai_1)
    Layer: Metal1
      Partial area ratio:    0.03
      Required ratio:    0.00 (Gate area) 
      Cumulative area ratio:    0.03
      Required ratio:  200.00 (Cumulative area) 
      Partial area ratio:    1.13
      Required ratio:    0.00 (Side area) 
      Cumulative area ratio:    1.13
      Required ratio:    0.00 (Cumulative side area) 

    Layer: Via1
      Partial area ratio:    0.13
      Required ratio:   20.00 (Gate area) 
      Cumulative area ratio:    0.13
      Required ratio:    0.00 (Cumulative area) 

    Layer: Metal2
      Partial area ratio:    3.70
      Required ratio:    0.00 (Gate area) 
      Cumulative area ratio:    3.73
      Required ratio:  200.00 (Cumulative area) 
      Partial area ratio:   17.26
      Required ratio:    0.00 (Side area) 
      Cumulative area ratio:   18.39
      Required ratio:    0.00 (Cumulative side area) 

    Layer: Via2
      Partial area ratio:    0.26
      Required ratio:   20.00 (Gate area) 
      Cumulative area ratio:    0.39
      Required ratio:    0.00 (Cumulative area) 

    Layer: Metal3
      Partial area ratio:    0.43
      Required ratio:    0.00 (Gate area) 
      Cumulative area ratio:    4.16
      Required ratio:  200.00 (Cumulative area) 
      Partial area ratio:    3.19
      Required ratio:    0.00 (Side area) 
      Cumulative area ratio:   21.58
      Required ratio:    0.00 (Cumulative side area) 

    Layer: Via3
      Partial area ratio:    0.13
      Required ratio:   20.00 (Gate area) 
      Cumulative area ratio:    0.52
      Required ratio:    0.00 (Cumulative area) 

    Layer: Metal4
      Partial area ratio:   17.19
      Required ratio:    0.00 (Gate area) 
      Cumulative area ratio:   21.35
      Required ratio: 14172.00 (Cumulative area) 
      Partial area ratio:   77.67
      Required ratio:    0.00 (Side area) 
      Cumulative area ratio:   99.25
      Required ratio:    0.00 (Cumulative side area) 


  Pin:   fanout356/A (sg13g2_buf_1)
    Layer: Via1
      Partial area ratio:    0.20
      Required ratio:   20.00 (Gate area) 
      Cumulative area ratio:    0.20
      Required ratio:    0.00 (Cumulative area) 

    Layer: Metal2
      Partial area ratio:    5.56
      Required ratio:    0.00 (Gate area) 
      Cumulative area ratio:    5.56
      Required ratio:  200.00 (Cumulative area) 
      Partial area ratio:   25.96
      Required ratio:    0.00 (Side area) 
      Cumulative area ratio:   25.96
      Required ratio:    0.00 (Cumulative side area) 

    Layer: Via2
      Partial area ratio:    0.40
      Required ratio:   20.00 (Gate area) 
      Cumulative area ratio:    0.60
      Required ratio:    0.00 (Cumulative area) 

    Layer: Metal3
      Partial area ratio:   35.07
      Required ratio:    0.00 (Gate area) 
      Cumulative area ratio:   40.63
      Required ratio:  200.00 (Cumulative area) 
      Partial area ratio:  159.48
      Required ratio:    0.00 (Side area) 
      Cumulative area ratio:  185.44
      Required ratio:    0.00 (Cumulative side area) 

    Layer: Via3
      Partial area ratio:    0.07
      Required ratio:   20.00 (Gate area) 
      Cumulative area ratio:    0.67
      Required ratio:    0.00 (Cumulative area) 

    Layer: Metal4
      Partial area ratio:   17.19
      Required ratio:    0.00 (Gate area) 
      Cumulative area ratio:   57.82
      Required ratio: 14172.00 (Cumulative area) 
      Partial area ratio:   77.67
      Required ratio:    0.00 (Side area) 
      Cumulative area ratio:  263.11
      Required ratio:    0.00 (Cumulative side area) 


  Pin:   fanout360/A (sg13g2_buf_1)
    Layer: Via1
      Partial area ratio:    0.20
      Required ratio:   20.00 (Gate area) 
      Cumulative area ratio:    0.20
      Required ratio:    0.00 (Cumulative area) 

    Layer: Metal2
      Partial area ratio:  248.38
      Required ratio:    0.00 (Gate area) 
      Cumulative area ratio:  248.38
      Required ratio:  200.00 (Cumulative area) (VIOLATED)
      Partial area ratio: 1118.63
      Required ratio:    0.00 (Side area) 
      Cumulative area ratio: 1118.63
      Required ratio:    0.00 (Cumulative side area) 

    Layer: Via2
      Partial area ratio:    0.60
      Required ratio:   20.00 (Gate area) 
      Cumulative area ratio:    0.80
      Required ratio:    0.00 (Cumulative area) 

    Layer: Metal3
      Partial area ratio:   35.07
      Required ratio:    0.00 (Gate area) 
      Cumulative area ratio:  283.45
      Required ratio:  200.00 (Cumulative area) (VIOLATED)
      Partial area ratio:  159.48
      Required ratio:    0.00 (Side area) 
      Cumulative area ratio: 1278.11
      Required ratio:    0.00 (Cumulative side area) 

    Layer: Via3
      Partial area ratio:    0.07
      Required ratio:   20.00 (Gate area) 
      Cumulative area ratio:    0.87
      Required ratio:    0.00 (Cumulative area) 

    Layer: Metal4
      Partial area ratio:   17.19
      Required ratio:    0.00 (Gate area) 
      Cumulative area ratio:  300.64
      Required ratio: 14172.00 (Cumulative area) 
      Partial area ratio:   77.67
      Required ratio:    0.00 (Side area) 
      Cumulative area ratio: 1355.78
      Required ratio:    0.00 (Cumulative side area) 


  Pin:   fanout362/A (sg13g2_buf_1)
    Layer: Via1
      Partial area ratio:    0.20
      Required ratio:   20.00 (Gate area) 
      Cumulative area ratio:    0.20
      Required ratio:    0.00 (Cumulative area) 

    Layer: Metal2
      Partial area ratio:    6.34
      Required ratio:    0.00 (Gate area) 
      Cumulative area ratio:    6.34
      Required ratio:  200.00 (Cumulative area) 
      Partial area ratio:   29.50
      Required ratio:    0.00 (Side area) 
      Cumulative area ratio:   29.50
      Required ratio:    0.00 (Cumulative side area) 

    Layer: Via2
      Partial area ratio:    0.40
      Required ratio:   20.00 (Gate area) 
      Cumulative area ratio:    0.60
      Required ratio:    0.00 (Cumulative area) 

    Layer: Metal3
      Partial area ratio:   88.33
      Required ratio:    0.00 (Gate area) 
      Cumulative area ratio:   94.68
      Required ratio:  200.00 (Cumulative area) 
      Partial area ratio:  399.45
      Required ratio:    0.00 (Side area) 
      Cumulative area ratio:  428.94
      Required ratio:    0.00 (Cumulative side area) 

    Layer: Via3
      Partial area ratio:    0.40
      Required ratio:   20.00 (Gate area) 
      Cumulative area ratio:    1.00
      Required ratio:    0.00 (Cumulative area) 

    Layer: Metal4
      Partial area ratio:   17.19
      Required ratio:    0.00 (Gate area) 
      Cumulative area ratio:  111.87
      Required ratio: 14172.00 (Cumulative area) 
      Partial area ratio:   77.67
      Required ratio:    0.00 (Side area) 
      Cumulative area ratio:  506.61
      Required ratio:    0.00 (Cumulative side area) 


  Pin:   fanout365/A (sg13g2_buf_1)
    Layer: Via1
      Partial area ratio:    0.20
      Required ratio:   20.00 (Gate area) 
      Cumulative area ratio:    0.20
      Required ratio:    0.00 (Cumulative area) 

    Layer: Metal2
      Partial area ratio:   18.76
      Required ratio:    0.00 (Gate area) 
      Cumulative area ratio:   18.76
      Required ratio:  200.00 (Cumulative area) 
      Partial area ratio:   85.38
      Required ratio:    0.00 (Side area) 
      Cumulative area ratio:   85.38
      Required ratio:    0.00 (Cumulative side area) 

    Layer: Via2
      Partial area ratio:    0.40
      Required ratio:   20.00 (Gate area) 
      Cumulative area ratio:    0.60
      Required ratio:    0.00 (Cumulative area) 

    Layer: Metal3
      Partial area ratio:    8.95
      Required ratio:    0.00 (Gate area) 
      Cumulative area ratio:   27.71
      Required ratio: 14172.00 (Cumulative area) 
      Partial area ratio:   43.23
      Required ratio:    0.00 (Side area) 
      Cumulative area ratio:  128.61
      Required ratio:    0.00 (Cumulative side area) 

    Layer: Via3
      Partial area ratio:    0.20
      Required ratio:  354.30 (Gate area) 
      Cumulative area ratio:    0.80
      Required ratio:    0.00 (Cumulative area) 

    Layer: Metal4
      Partial area ratio:   17.19
      Required ratio:    0.00 (Gate area) 
      Cumulative area ratio:   44.90
      Required ratio: 14172.00 (Cumulative area) 
      Partial area ratio:   77.67
      Required ratio:    0.00 (Side area) 
      Cumulative area ratio:  206.28
      Required ratio:    0.00 (Cumulative side area) 


  Pin:   fanout366/A (sg13g2_buf_1)
    Layer: Via1
      Partial area ratio:    0.20
      Required ratio:   20.00 (Gate area) 
      Cumulative area ratio:    0.20
      Required ratio:    0.00 (Cumulative area) 

    Layer: Metal2
      Partial area ratio:    3.56
      Required ratio:    0.00 (Gate area) 
      Cumulative area ratio:    3.56
      Required ratio:  200.00 (Cumulative area) 
      Partial area ratio:   16.97
      Required ratio:    0.00 (Side area) 
      Cumulative area ratio:   16.97
      Required ratio:    0.00 (Cumulative side area) 

    Layer: Via2
      Partial area ratio:    0.40
      Required ratio:   20.00 (Gate area) 
      Cumulative area ratio:    0.60
      Required ratio:    0.00 (Cumulative area) 

    Layer: Metal3
      Partial area ratio:   35.07
      Required ratio:    0.00 (Gate area) 
      Cumulative area ratio:   38.63
      Required ratio:  200.00 (Cumulative area) 
      Partial area ratio:  159.48
      Required ratio:    0.00 (Side area) 
      Cumulative area ratio:  176.45
      Required ratio:    0.00 (Cumulative side area) 

    Layer: Via3
      Partial area ratio:    0.07
      Required ratio:   20.00 (Gate area) 
      Cumulative area ratio:    0.67
      Required ratio:    0.00 (Cumulative area) 

    Layer: Metal4
      Partial area ratio:   17.19
      Required ratio:    0.00 (Gate area) 
      Cumulative area ratio:   55.83
      Required ratio: 14172.00 (Cumulative area) 
      Partial area ratio:   77.67
      Required ratio:    0.00 (Side area) 
      Cumulative area ratio:  254.12
      Required ratio:    0.00 (Cumulative side area) 



[INFO ANT-0002] Found 9 net violations.
[INFO ANT-0001] Found 9 pin violations.
%OL_END_REPORT
