
===========================================================================
Violator List
============================================================================
[hold reg-reg] _23772_/Q -> _23773_/D : -0.263846
[hold reg-reg] _23765_/Q -> _23766_/D : -0.234964
[hold reg-reg] _23767_/Q -> _23768_/D : -0.233914
[hold reg-reg] _23769_/Q -> _23770_/D : -0.227674
[hold reg-reg] _23768_/Q -> _23769_/D : -0.227171
[hold reg-reg] _23770_/Q -> _23771_/D : -0.226928
[hold reg-reg] _23777_/Q -> _23777_/D : -0.220580
[hold reg-reg] _22980_/Q -> _22980_/D : -0.219476
[hold reg-reg] _22981_/Q -> _22981_/D : -0.218368
[hold reg-reg] _22979_/Q -> _22979_/D : -0.217995
[hold reg-reg] _23766_/Q -> _23767_/D : -0.216031
[hold reg-reg] _22982_/Q -> _22982_/D : -0.213511
[hold reg-reg] _23775_/Q -> _23775_/D : -0.213437
[hold reg-reg] _23771_/Q -> _23772_/D : -0.213129
[hold reg-reg] _23760_/Q -> _23761_/D : -0.212331
[hold reg-reg] _22983_/Q -> _22983_/D : -0.211489
[hold reg-reg] _23776_/Q -> _23776_/D : -0.206026
[hold reg-reg] _23759_/Q -> _23760_/D : -0.205019
[hold reg-reg] _23758_/Q -> _23759_/D : -0.204156
[hold reg-reg] _23761_/Q -> _23762_/D : -0.203821
[hold reg-reg] _23731_/Q -> _23731_/D : -0.201364
[hold reg-reg] _23763_/Q -> _23764_/D : -0.200854
[hold reg-reg] _23735_/Q -> _23735_/D : -0.199140
[hold reg-reg] _22984_/Q -> _22984_/D : -0.198320
[hold reg-reg] _23764_/Q -> _23765_/D : -0.197424
[hold reg-reg] _23762_/Q -> _23763_/D : -0.193378
[hold reg-reg] _23730_/Q -> _23730_/D : -0.190500
[hold reg-reg] _23729_/Q -> _23729_/D : -0.186165
[hold reg-reg] _23736_/Q -> _23736_/D : -0.182689
[hold reg-reg] _23732_/Q -> _23732_/D : -0.181863
[hold reg-reg] _22978_/Q -> _22978_/D : -0.180805
[hold reg-reg] _23740_/Q -> _23740_/D : -0.175413
[hold reg-reg] _23737_/Q -> _23737_/D : -0.170436
[hold reg-reg] _23764_/Q -> _23748_/D : -0.170221
[hold reg-reg] _23739_/Q -> _23739_/D : -0.169453
[hold reg-reg] _23759_/Q -> _23743_/D : -0.166135
[hold reg-reg] _23758_/Q -> _23742_/D : -0.166066
[hold reg-reg] _23760_/Q -> _23744_/D : -0.165955
[hold reg-reg] _23738_/Q -> _23738_/D : -0.164884
[hold reg-reg] _23761_/Q -> _23745_/D : -0.160339
[hold reg-reg] _23763_/Q -> _23747_/D : -0.158460
[hold reg-reg] _23762_/Q -> _23746_/D : -0.151716
[hold reg-reg] _23765_/Q -> _23734_/D : -0.142075
[hold reg-reg] _22984_/Q -> _22985_/D : -0.101313
[hold reg-reg] _23777_/Q -> _23778_/D : -0.036180
[hold reg-reg] _23774_/Q -> _23774_/D : -0.003226
Writing metric timing__hold_vio__count__corner:nom_typ_1p20V_25C: 46
Writing metric timing__hold_r2r__ws__corner:nom_typ_1p20V_25C: -0.263846
Writing metric timing__hold_r2r_vio__count__corner:nom_typ_1p20V_25C: 46
Writing metric timing__setup_vio__count__corner:nom_typ_1p20V_25C: 0
Writing metric timing__setup_r2r__ws__corner:nom_typ_1p20V_25C: 10.113800
Writing metric timing__setup_r2r_vio__count__corner:nom_typ_1p20V_25C: 0
