Clock: clkA
Sources: clkA 
Generated: no
Virtual: yes
Propagated: no
Period: 20.000000

===========================================================================
report_clock_properties
============================================================================
Clock                   Period          Waveform
----------------------------------------------------
clkA                 20.000000    0.000000 10.000000

===========================================================================
report_clock_latency
============================================================================
Clock clkA
rise -> rise
    min     max
0.000000 0.000000 source latency
0.431057         network latency _23489_/CLK
        0.458807 network latency _23676_/CLK
---------------
0.431057 0.458807 latency
        0.027750 skew

fall -> fall
    min     max
0.000000 0.000000 source latency
0.434012         network latency _23489_/CLK
        0.459563 network latency _23676_/CLK
---------------
0.434012 0.459563 latency
        0.025551 skew



===========================================================================
report_clock_min_period
============================================================================
clkA period_min = 9.89 fmax = 101.15
Clock: spi_sclk
Sources: spi_sclk 
Generated: no
Virtual: yes
Propagated: no
Period: 100.000000

===========================================================================
report_clock_properties
============================================================================
Clock                   Period          Waveform
----------------------------------------------------
spi_sclk            100.000000    0.000000 50.000000

===========================================================================
report_clock_latency
============================================================================
Clock spi_sclk
rise -> rise
    min     max
0.000000 0.000000 source latency
0.175451         network latency _23740_/CLK
        0.182767 network latency _23764_/CLK
---------------
0.175451 0.182767 latency
        0.007315 skew

rise -> fall
    min     max
0.000000 0.000000 source latency
0.201248         network latency _22982_/CLK
        0.204781 network latency _22978_/CLK
---------------
0.201248 0.204781 latency
        0.003533 skew

fall -> rise
    min     max
0.000000 0.000000 source latency
0.208864         network latency _22982_/CLK
        0.212836 network latency _22978_/CLK
---------------
0.208864 0.212836 latency
        0.003972 skew

fall -> fall
    min     max
0.000000 0.000000 source latency
0.180354         network latency _23740_/CLK
        0.187388 network latency _23764_/CLK
---------------
0.180354 0.187388 latency
        0.007034 skew



===========================================================================
report_clock_min_period
============================================================================
spi_sclk period_min = 2.73 fmax = 365.95
