                                                                        Cells by Master                                                                         
┏━━━━━━━━━━━━━━━━━━━━━━━━━━━━━━━━━━━━━━━━━━━━━━━━━━━━━━━━━━━━━━━━━━━━━━━━━━━━━━━━━━━━━━━━━━━━━━━━━━━━━━━━━━━━━━━━━━┳━━━━━━━━━━━━━━━━━━━━━━━━━━━━━━━━━━━━━━━━━━━┓
┃ Cell                                                                                                             ┃ Count                                     ┃
┡━━━━━━━━━━━━━━━━━━━━━━━━━━━━━━━━━━━━━━━━━━━━━━━━━━━━━━━━━━━━━━━━━━━━━━━━━━━━━━━━━━━━━━━━━━━━━━━━━━━━━━━━━━━━━━━━━━╇━━━━━━━━━━━━━━━━━━━━━━━━━━━━━━━━━━━━━━━━━━━┩
│ sg13g2_a21o_1                                                                                                    │ 236                                       │
│ sg13g2_a21oi_1                                                                                                   │ 1283                                      │
│ sg13g2_a21oi_2                                                                                                   │ 23                                        │
│ sg13g2_a221oi_1                                                                                                  │ 34                                        │
│ sg13g2_a22oi_1                                                                                                   │ 290                                       │
│ sg13g2_and2_1                                                                                                    │ 319                                       │
│ sg13g2_and2_2                                                                                                    │ 4                                         │
│ sg13g2_and3_1                                                                                                    │ 75                                        │
│ sg13g2_and3_2                                                                                                    │ 1                                         │
│ sg13g2_and4_1                                                                                                    │ 9                                         │
│ sg13g2_antennanp                                                                                                 │ 5                                         │
│ sg13g2_buf_1                                                                                                     │ 1062                                      │
│ sg13g2_buf_16                                                                                                    │ 12                                        │
│ sg13g2_buf_2                                                                                                     │ 102                                       │
│ sg13g2_buf_4                                                                                                     │ 41                                        │
│ sg13g2_buf_8                                                                                                     │ 118                                       │
│ sg13g2_decap_4                                                                                                   │ 1838                                      │
│ sg13g2_decap_8                                                                                                   │ 4306                                      │
│ sg13g2_dfrbpq_1                                                                                                  │ 803                                       │
│ sg13g2_dfrbpq_2                                                                                                  │ 1                                         │
│ sg13g2_ebufn_2                                                                                                   │ 1                                         │
│ sg13g2_fill_1                                                                                                    │ 3083                                      │
│ sg13g2_fill_2                                                                                                    │ 2827                                      │
│ sg13g2_inv_1                                                                                                     │ 414                                       │
│ sg13g2_inv_2                                                                                                     │ 10                                        │
│ sg13g2_inv_4                                                                                                     │ 7                                         │
│ sg13g2_inv_8                                                                                                     │ 2                                         │
│ sg13g2_mux2_1                                                                                                    │ 124                                       │
│ sg13g2_mux2_2                                                                                                    │ 2                                         │
│ sg13g2_nand2_1                                                                                                   │ 1350                                      │
│ sg13g2_nand2_2                                                                                                   │ 7                                         │
│ sg13g2_nand2b_1                                                                                                  │ 549                                       │
│ sg13g2_nand3_1                                                                                                   │ 282                                       │
│ sg13g2_nand3b_1                                                                                                  │ 15                                        │
│ sg13g2_nand4_1                                                                                                   │ 97                                        │
│ sg13g2_nor2_1                                                                                                    │ 1009                                      │
│ sg13g2_nor2_2                                                                                                    │ 6                                         │
│ sg13g2_nor2b_1                                                                                                   │ 480                                       │
│ sg13g2_nor2b_2                                                                                                   │ 1                                         │
│ sg13g2_nor3_1                                                                                                    │ 93                                        │
│ sg13g2_nor3_2                                                                                                    │ 8                                         │
│ sg13g2_nor4_1                                                                                                    │ 75                                        │
│ sg13g2_nor4_2                                                                                                    │ 18                                        │
│ sg13g2_o21ai_1                                                                                                   │ 1299                                      │
│ sg13g2_or2_1                                                                                                     │ 156                                       │
│ sg13g2_or3_1                                                                                                     │ 37                                        │
│ sg13g2_or3_2                                                                                                     │ 1                                         │
│ sg13g2_tiehi                                                                                                     │ 585                                       │
│ sg13g2_xnor2_1                                                                                                   │ 1956                                      │
│ sg13g2_xor2_1                                                                                                    │ 955                                       │
└──────────────────────────────────────────────────────────────────────────────────────────────────────────────────┴───────────────────────────────────────────┘
