
===========================================================================
report_checks -unconstrained
===========================================================================
======================= nom_typ_1p20V_25C Corner ===================================

Startpoint: _23142_ (rising edge-triggered flip-flop clocked by clkA)
Endpoint: _23269_ (rising edge-triggered flip-flop clocked by clkA)
Path Group: clkA
Path Type: max

Fanout         Cap        Slew       Delay        Time   Description
---------------------------------------------------------------------------------------------
                                  0.000000    0.000000   clock clkA (rise edge)
                                  0.000000    0.000000   clock source latency
     1    0.106714    0.000000    0.000000    0.000000 ^ clkA (in)
                                                         clkA (net)
                      0.084996    0.042498    0.042498 ^ clkbuf_0_clkA/A (sg13g2_buf_16)
    16    0.411888    0.111224    0.136823    0.179321 ^ clkbuf_0_clkA/X (sg13g2_buf_16)
                                                         clknet_0_clkA (net)
                      0.150623    0.051975    0.231297 ^ clkbuf_4_5_0_clkA/A (sg13g2_buf_8)
     5    0.087111    0.059379    0.142651    0.373948 ^ clkbuf_4_5_0_clkA/X (sg13g2_buf_8)
                                                         clknet_4_5_0_clkA (net)
                      0.060435    0.006143    0.380090 ^ clkbuf_leaf_44_clkA/A (sg13g2_buf_8)
    10    0.065342    0.045593    0.100362    0.480452 ^ clkbuf_leaf_44_clkA/X (sg13g2_buf_8)
                                                         clknet_leaf_44_clkA (net)
                      0.045818    0.002502    0.482954 ^ _23142_/CLK (sg13g2_dfrbpq_1)
     3    0.014523    0.052791    0.200158    0.683112 v _23142_/Q (sg13g2_dfrbpq_1)
                                                         u_FIR.sum[8][14] (net)
                      0.052797    0.000572    0.683684 v _16731_/A (sg13g2_nor3_1)
     2    0.011142    0.173301    0.178171    0.861855 ^ _16731_/Y (sg13g2_nor3_1)
                                                         _07887_ (net)
                      0.173302    0.000362    0.862217 ^ _16736_/A2 (sg13g2_a22oi_1)
     1    0.005760    0.077576    0.123128    0.985345 v _16736_/Y (sg13g2_a22oi_1)
                                                         _07892_ (net)
                      0.077577    0.000173    0.985518 v rebuffer1645/A (sg13g2_buf_4)
     4    0.049685    0.053961    0.120288    1.105806 v rebuffer1645/X (sg13g2_buf_4)
                                                         net1644 (net)
                      0.056615    0.009264    1.115070 v rebuffer1644/A (sg13g2_buf_1)
     3    0.015547    0.056950    0.104867    1.219936 v rebuffer1644/X (sg13g2_buf_1)
                                                         net1643 (net)
                      0.056950    0.000134    1.220070 v _16743_/S (sg13g2_mux2_1)
     5    0.032281    0.116962    0.208431    1.428501 v _16743_/X (sg13g2_mux2_1)
                                                         _07899_ (net)
                      0.117007    0.002164    1.430665 v _16748_/D (sg13g2_nor4_2)
     2    0.010632    0.154390    0.150381    1.581046 ^ _16748_/Y (sg13g2_nor4_2)
                                                         _07904_ (net)
                      0.154390    0.000123    1.581170 ^ rebuffer2156/A (sg13g2_buf_1)
     2    0.007931    0.045050    0.119126    1.700296 ^ rebuffer2156/X (sg13g2_buf_1)
                                                         net2155 (net)
                      0.045050    0.000184    1.700480 ^ rebuffer2070/A (sg13g2_buf_2)
     4    0.019790    0.050721    0.097165    1.797644 ^ rebuffer2070/X (sg13g2_buf_2)
                                                         net2069 (net)
                      0.050744    0.001013    1.798657 ^ _16790_/A1 (sg13g2_a21oi_1)
     2    0.013571    0.136003    0.107344    1.906001 v _16790_/Y (sg13g2_a21oi_1)
                                                         _07946_ (net)
                      0.136003    0.000575    1.906576 v _16793_/A (sg13g2_xnor2_1)
     2    0.012093    0.151148    0.160811    2.067387 ^ _16793_/Y (sg13g2_xnor2_1)
                                                         _07949_ (net)
                      0.151148    0.000391    2.067778 ^ rebuffer2160/A (sg13g2_buf_1)
     1    0.005448    0.036158    0.110848    2.178627 ^ rebuffer2160/X (sg13g2_buf_1)
                                                         net2159 (net)
                      0.036158    0.000183    2.178810 ^ rebuffer2159/A (sg13g2_buf_1)
     1    0.005414    0.031788    0.070092    2.248903 ^ rebuffer2159/X (sg13g2_buf_1)
                                                         net2158 (net)
                      0.031789    0.000175    2.249077 ^ rebuffer2158/A (sg13g2_buf_1)
     1    0.005579    0.032256    0.068700    2.317777 ^ rebuffer2158/X (sg13g2_buf_1)
                                                         net2157 (net)
                      0.032257    0.000188    2.317965 ^ rebuffer2154/A (sg13g2_buf_1)
     1    0.006655    0.036360    0.072043    2.390008 ^ rebuffer2154/X (sg13g2_buf_1)
                                                         net2153 (net)
                      0.036361    0.000211    2.390219 ^ _16809_/A2 (sg13g2_a21oi_1)
     2    0.008946    0.078545    0.084371    2.474591 v _16809_/Y (sg13g2_a21oi_1)
                                                         _07965_ (net)
                      0.078545    0.000278    2.474869 v _16811_/A1 (sg13g2_o21ai_1)
     1    0.003684    0.075898    0.107877    2.582747 ^ _16811_/Y (sg13g2_o21ai_1)
                                                         _07967_ (net)
                      0.075898    0.000061    2.582808 ^ rebuffer2137/A (sg13g2_buf_2)
     3    0.021360    0.054584    0.114492    2.697299 ^ rebuffer2137/X (sg13g2_buf_2)
                                                         net2136 (net)
                      0.054614    0.001189    2.698489 ^ _16813_/A (sg13g2_xnor2_1)
     2    0.016140    0.168157    0.157561    2.856049 ^ _16813_/Y (sg13g2_xnor2_1)
                                                         _07969_ (net)
                      0.168158    0.000379    2.856429 ^ _16817_/A (sg13g2_nor2_2)
     2    0.028365    0.084277    0.124850    2.981279 v _16817_/Y (sg13g2_nor2_2)
                                                         _07973_ (net)
                      0.084522    0.003578    2.984856 v fanout123/A (sg13g2_buf_4)
     8    0.130190    0.109977    0.156057    3.140913 v fanout123/X (sg13g2_buf_4)
                                                         net123 (net)
                      0.144202    0.047951    3.188864 v _16818_/C (sg13g2_nor3_2)
     2    0.014701    0.137232    0.144847    3.333711 ^ _16818_/Y (sg13g2_nor3_2)
                                                         _07974_ (net)
                      0.137279    0.000645    3.334356 ^ rebuffer1648/A (sg13g2_buf_8)
     2    0.059333    0.043707    0.124583    3.458939 ^ rebuffer1648/X (sg13g2_buf_8)
                                                         net1647 (net)
                      0.058097    0.019798    3.478736 ^ fanout109/A (sg13g2_buf_4)
     6    0.066663    0.082062    0.143495    3.622231 ^ fanout109/X (sg13g2_buf_4)
                                                         net109 (net)
                      0.082869    0.006535    3.628767 ^ fanout108/A (sg13g2_buf_4)
     5    0.057536    0.073633    0.149119    3.777886 ^ fanout108/X (sg13g2_buf_4)
                                                         net108 (net)
                      0.075210    0.008546    3.786432 ^ fanout107/A (sg13g2_buf_4)
     5    0.054282    0.070123    0.143351    3.929783 ^ fanout107/X (sg13g2_buf_4)
                                                         net107 (net)
                      0.070490    0.003829    3.933612 ^ fanout106/A (sg13g2_buf_4)
     8    0.057667    0.074182    0.141338    4.074950 ^ fanout106/X (sg13g2_buf_4)
                                                         net106 (net)
                      0.075383    0.007518    4.082468 ^ _18224_/B (sg13g2_nand2_1)
     2    0.011270    0.101252    0.099572    4.182040 v _18224_/Y (sg13g2_nand2_1)
                                                         _09334_ (net)
                      0.101252    0.000373    4.182413 v _18229_/A (sg13g2_xor2_1)
     2    0.008814    0.101031    0.136162    4.318575 ^ _18229_/X (sg13g2_xor2_1)
                                                         _09339_ (net)
                      0.101031    0.000100    4.318676 ^ _18269_/B (sg13g2_xnor2_1)
     2    0.011156    0.125462    0.140522    4.459198 ^ _18269_/Y (sg13g2_xnor2_1)
                                                         _09379_ (net)
                      0.125505    0.000402    4.459600 ^ _18271_/B (sg13g2_xor2_1)
     2    0.010184    0.112836    0.167613    4.627213 ^ _18271_/X (sg13g2_xor2_1)
                                                         _09381_ (net)
                      0.112836    0.000238    4.627451 ^ _18306_/B (sg13g2_xnor2_1)
     2    0.012270    0.135675    0.151487    4.778938 ^ _18306_/Y (sg13g2_xnor2_1)
                                                         _09416_ (net)
                      0.135678    0.000552    4.779490 ^ _18309_/B (sg13g2_xnor2_1)
     2    0.013158    0.145857    0.165121    4.944611 ^ _18309_/Y (sg13g2_xnor2_1)
                                                         _09419_ (net)
                      0.145859    0.000533    4.945144 ^ _18342_/B (sg13g2_xnor2_1)
     2    0.012665    0.143760    0.165209    5.110353 ^ _18342_/Y (sg13g2_xnor2_1)
                                                         _09452_ (net)
                      0.143764    0.000630    5.110983 ^ _18439_/A (sg13g2_xor2_1)
     2    0.009843    0.112811    0.176171    5.287154 ^ _18439_/X (sg13g2_xor2_1)
                                                         _09549_ (net)
                      0.112811    0.000253    5.287406 ^ _18440_/A (sg13g2_inv_1)
     1    0.006937    0.043487    0.063808    5.351214 v _18440_/Y (sg13g2_inv_1)
                                                         _09550_ (net)
                      0.043488    0.000301    5.351514 v _18441_/A1 (sg13g2_o21ai_1)
     1    0.007108    0.108388    0.118924    5.470438 ^ _18441_/Y (sg13g2_o21ai_1)
                                                         _09551_ (net)
                      0.108394    0.000325    5.470764 ^ rebuffer1670/A (sg13g2_buf_2)
     3    0.023510    0.059944    0.130929    5.601692 ^ rebuffer1670/X (sg13g2_buf_2)
                                                         net1669 (net)
                      0.060156    0.002847    5.604539 ^ _18447_/B (sg13g2_and3_1)
     2    0.010974    0.061269    0.148964    5.753503 ^ _18447_/X (sg13g2_and3_1)
                                                         _09557_ (net)
                      0.061272    0.000506    5.754009 ^ _18453_/A1 (sg13g2_o21ai_1)
     2    0.007473    0.070782    0.089760    5.843769 v _18453_/Y (sg13g2_o21ai_1)
                                                         _09563_ (net)
                      0.070782    0.000142    5.843911 v _18457_/A2 (sg13g2_o21ai_1)
     2    0.009614    0.130115    0.140295    5.984206 ^ _18457_/Y (sg13g2_o21ai_1)
                                                         _09567_ (net)
                      0.130115    0.000408    5.984614 ^ rebuffer2100/A (sg13g2_buf_1)
     2    0.008375    0.045910    0.113820    6.098434 ^ rebuffer2100/X (sg13g2_buf_1)
                                                         net2099 (net)
                      0.045911    0.000256    6.098690 ^ rebuffer2090/A (sg13g2_buf_1)
     1    0.007094    0.038459    0.079153    6.177843 ^ rebuffer2090/X (sg13g2_buf_1)
                                                         net2089 (net)
                      0.038461    0.000299    6.178142 ^ _18476_/A2 (sg13g2_a21oi_1)
     1    0.008371    0.071093    0.082735    6.260877 v _18476_/Y (sg13g2_a21oi_1)
                                                         _09586_ (net)
                      0.071094    0.000333    6.261210 v _18477_/B (sg13g2_xor2_1)
     2    0.042101    0.367452    0.309795    6.571005 ^ _18477_/X (sg13g2_xor2_1)
                                                         _09587_ (net)
                      0.367676    0.007474    6.578479 ^ _18547_/B (sg13g2_xnor2_1)
     2    0.013225    0.187055    0.230439    6.808918 ^ _18547_/Y (sg13g2_xnor2_1)
                                                         _09657_ (net)
                      0.187055    0.000501    6.809419 ^ _18548_/A1 (sg13g2_o21ai_1)
     2    0.011543    0.100245    0.147359    6.956779 v _18548_/Y (sg13g2_o21ai_1)
                                                         _09658_ (net)
                      0.100245    0.000405    6.957183 v _18558_/A1 (sg13g2_a21oi_1)
     2    0.011690    0.124322    0.139442    7.096626 ^ _18558_/Y (sg13g2_a21oi_1)
                                                         _09668_ (net)
                      0.124325    0.000555    7.097180 ^ _18565_/A (sg13g2_or3_1)
     3    0.013701    0.066488    0.153923    7.251103 ^ _18565_/X (sg13g2_or3_1)
                                                         _09675_ (net)
                      0.066491    0.000519    7.251622 ^ _18568_/A (sg13g2_nand3_1)
     3    0.025794    0.233043    0.216478    7.468100 v _18568_/Y (sg13g2_nand3_1)
                                                         _09678_ (net)
                      0.233046    0.000690    7.468790 v _18571_/A (sg13g2_and2_2)
     3    0.034055    0.072095    0.196872    7.665662 v _18571_/X (sg13g2_and2_2)
                                                         _09681_ (net)
                      0.072108    0.000994    7.666656 v fanout34/A (sg13g2_buf_2)
     5    0.029169    0.057460    0.123269    7.789925 v fanout34/X (sg13g2_buf_2)
                                                         net34 (net)
                      0.057555    0.002056    7.791981 v fanout33/A (sg13g2_buf_2)
     8    0.040110    0.074417    0.130870    7.922851 v fanout33/X (sg13g2_buf_2)
                                                         net33 (net)
                      0.074449    0.001430    7.924281 v _18593_/A1 (sg13g2_a21o_1)
     1    0.007799    0.040588    0.132735    8.057015 v _18593_/X (sg13g2_a21o_1)
                                                         _09698_ (net)
                      0.040591    0.000385    8.057402 v _18595_/A1 (sg13g2_a21oi_1)
     1    0.004968    0.084132    0.077794    8.135195 ^ _18595_/Y (sg13g2_a21oi_1)
                                                         _00331_ (net)
                      0.084132    0.000168    8.135363 ^ _23269_/D (sg13g2_dfrbpq_1)
                                              8.135363   data arrival time

                                 10.000000   10.000000   clock clkA (rise edge)
                                  0.000000   10.000000   clock source latency
     1    0.106714    0.000000    0.000000   10.000000 ^ clkA (in)
                                                         clkA (net)
                      0.084996    0.042498   10.042499 ^ clkbuf_0_clkA/A (sg13g2_buf_16)
    16    0.411888    0.111224    0.136823   10.179321 ^ clkbuf_0_clkA/X (sg13g2_buf_16)
                                                         clknet_0_clkA (net)
                      0.146799    0.048742   10.228064 ^ clkbuf_4_1_0_clkA/A (sg13g2_buf_8)
     5    0.076926    0.054416    0.137550   10.365614 ^ clkbuf_4_1_0_clkA/X (sg13g2_buf_8)
                                                         clknet_4_1_0_clkA (net)
                      0.055635    0.006301   10.371914 ^ clkbuf_leaf_58_clkA/A (sg13g2_buf_8)
    12    0.071162    0.048256    0.099989   10.471904 ^ clkbuf_leaf_58_clkA/X (sg13g2_buf_8)
                                                         clknet_leaf_58_clkA (net)
                      0.048463    0.002493   10.474397 ^ _23269_/CLK (sg13g2_dfrbpq_1)
                                  0.000000   10.474397   clock reconvergence pessimism
                                 -0.129318   10.345078   library setup time
                                             10.345078   data required time
---------------------------------------------------------------------------------------------
                                             10.345078   data required time
                                             -8.135363   data arrival time
---------------------------------------------------------------------------------------------
                                              2.209716   slack (MET)


Startpoint: _23736_ (rising edge-triggered flip-flop clocked by spi_sclk)
Endpoint: _22981_ (rising edge-triggered flip-flop clocked by spi_sclk')
Path Group: spi_sclk
Path Type: max

Fanout         Cap        Slew       Delay        Time   Description
---------------------------------------------------------------------------------------------
                                  0.000000    0.000000   clock spi_sclk (rise edge)
                                  0.000000    0.000000   clock source latency
     1    0.058784    0.000000    0.000000    0.000000 ^ spi_sclk (in)
                                                         spi_sclk (net)
                      0.019662    0.009831    0.009831 ^ clkbuf_0_spi_sclk/A (sg13g2_buf_16)
     8    0.173392    0.056422    0.085255    0.095086 ^ clkbuf_0_spi_sclk/X (sg13g2_buf_16)
                                                         clknet_0_spi_sclk (net)
                      0.058942    0.009291    0.104378 ^ clkbuf_3_5__f_spi_sclk/A (sg13g2_buf_16)
     7    0.038027    0.024869    0.082596    0.186974 ^ clkbuf_3_5__f_spi_sclk/X (sg13g2_buf_16)
                                                         clknet_3_5__leaf_spi_sclk (net)
                      0.024886    0.001350    0.188324 ^ _23736_/CLK (sg13g2_dfrbpq_1)
     4    0.017257    0.060895    0.196844    0.385168 v _23736_/Q (sg13g2_dfrbpq_1)
                                                         spi_addr[2] (net)
                      0.060897    0.000421    0.385589 v _11981_/B (sg13g2_nor2_1)
     4    0.018759    0.171138    0.157878    0.543467 ^ _11981_/Y (sg13g2_nor2_1)
                                                         _03398_ (net)
                      0.171139    0.000437    0.543903 ^ _11989_/B (sg13g2_nand3b_1)
     4    0.018521    0.186618    0.220964    0.764867 v _11989_/Y (sg13g2_nand3b_1)
                                                         _03406_ (net)
                      0.186619    0.000635    0.765502 v _12021_/D (sg13g2_nor4_1)
     8    0.059383    1.014637    0.817745    1.583247 ^ _12021_/Y (sg13g2_nor4_1)
                                                         _03438_ (net)
                      1.014749    0.008968    1.592215 ^ _12091_/B1 (sg13g2_a22oi_1)
     1    0.023268    0.292215    0.403021    1.995236 v _12091_/Y (sg13g2_a22oi_1)
                                                         _03503_ (net)
                      0.292216    0.001397    1.996633 v _12105_/A (sg13g2_nand4_1)
     1    0.008058    0.095693    0.118950    2.115584 ^ _12105_/Y (sg13g2_nand4_1)
                                                         _03517_ (net)
                      0.095693    0.000320    2.115904 ^ _12106_/B (sg13g2_nor2_1)
     1    0.009964    0.051078    0.073211    2.189115 v _12106_/Y (sg13g2_nor2_1)
                                                         _03518_ (net)
                      0.051083    0.000532    2.189647 v _12108_/A1 (sg13g2_o21ai_1)
     1    0.003868    0.084134    0.098970    2.288617 ^ _12108_/Y (sg13g2_o21ai_1)
                                                         _00043_ (net)
                      0.084134    0.000108    2.288725 ^ _22981_/D (sg13g2_dfrbpq_1)
                                              2.288725   data arrival time

                                 25.000000   25.000000   clock spi_sclk' (rise edge)
                                  0.000000   25.000000   clock source latency
     1    0.058212    0.000000    0.000000   25.000000 v spi_sclk (in)
                                                         spi_sclk (net)
                      0.019351    0.009676   25.009676 v clkbuf_0_spi_sclk/A (sg13g2_buf_16)
     8    0.168817    0.048464    0.087901   25.097576 v clkbuf_0_spi_sclk/X (sg13g2_buf_16)
                                                         clknet_0_spi_sclk (net)
                      0.051220    0.008971   25.106546 v clkbuf_3_5__f_spi_sclk/A (sg13g2_buf_16)
     7    0.036644    0.023655    0.084802   25.191349 v clkbuf_3_5__f_spi_sclk/X (sg13g2_buf_16)
                                                         clknet_3_5__leaf_spi_sclk (net)
                      0.023662    0.000782   25.192129 v _22968__1632/A (sg13g2_inv_1)
     1    0.004145    0.025142    0.031029   25.223160 ^ _22968__1632/Y (sg13g2_inv_1)
                                                         net1631 (net)
                      0.025142    0.000078   25.223238 ^ _22981_/CLK (sg13g2_dfrbpq_1)
                                  0.000000   25.223238   clock reconvergence pessimism
                                 -0.132805   25.090431   library setup time
                                             25.090431   data required time
---------------------------------------------------------------------------------------------
                                             25.090431   data required time
                                             -2.288725   data arrival time
---------------------------------------------------------------------------------------------
                                             22.801708   slack (MET)




===========================================================================
report_checks --slack_max -0.01
============================================================================
======================= nom_typ_1p20V_25C Corner ===================================

No paths found.


===========================================================================
 report_check_types -max_slew -max_cap -max_fanout -violators
============================================================================
======================= nom_typ_1p20V_25C Corner ===================================

max fanout

Pin                                   Limit Fanout  Slack
---------------------------------------------------------
clkbuf_0_clkA/X                           8     16     -8 (VIOLATED)
clkbuf_leaf_53_clkA/X                     8     16     -8 (VIOLATED)
clkbuf_leaf_54_clkA/X                     8     16     -8 (VIOLATED)
clkbuf_leaf_25_clkA/X                     8     15     -7 (VIOLATED)
clkbuf_leaf_52_clkA/X                     8     15     -7 (VIOLATED)
clkbuf_leaf_16_clkA/X                     8     14     -6 (VIOLATED)
clkbuf_leaf_17_clkA/X                     8     14     -6 (VIOLATED)
clkbuf_leaf_19_clkA/X                     8     14     -6 (VIOLATED)
clkbuf_leaf_35_clkA/X                     8     14     -6 (VIOLATED)
clkbuf_leaf_4_clkA/X                      8     14     -6 (VIOLATED)
clkbuf_leaf_51_clkA/X                     8     14     -6 (VIOLATED)
clkbuf_leaf_18_clkA/X                     8     13     -5 (VIOLATED)
clkbuf_leaf_20_clkA/X                     8     13     -5 (VIOLATED)
clkbuf_leaf_21_clkA/X                     8     13     -5 (VIOLATED)
clkbuf_leaf_24_clkA/X                     8     13     -5 (VIOLATED)
clkbuf_leaf_26_clkA/X                     8     13     -5 (VIOLATED)
clkbuf_leaf_34_clkA/X                     8     13     -5 (VIOLATED)
clkbuf_leaf_36_clkA/X                     8     13     -5 (VIOLATED)
clkbuf_leaf_37_clkA/X                     8     13     -5 (VIOLATED)
clkbuf_leaf_47_clkA/X                     8     13     -5 (VIOLATED)
clkbuf_leaf_48_clkA/X                     8     13     -5 (VIOLATED)
clkbuf_leaf_49_clkA/X                     8     13     -5 (VIOLATED)
clkbuf_leaf_55_clkA/X                     8     13     -5 (VIOLATED)
clkbuf_leaf_56_clkA/X                     8     13     -5 (VIOLATED)
clkbuf_leaf_59_clkA/X                     8     13     -5 (VIOLATED)
clkbuf_leaf_5_clkA/X                      8     13     -5 (VIOLATED)
clkbuf_leaf_60_clkA/X                     8     13     -5 (VIOLATED)
clkbuf_leaf_61_clkA/X                     8     13     -5 (VIOLATED)
clkbuf_leaf_62_clkA/X                     8     13     -5 (VIOLATED)
clkbuf_leaf_63_clkA/X                     8     13     -5 (VIOLATED)
clkbuf_leaf_6_clkA/X                      8     13     -5 (VIOLATED)
clkbuf_leaf_0_clkA/X                      8     12     -4 (VIOLATED)
clkbuf_leaf_10_clkA/X                     8     12     -4 (VIOLATED)
clkbuf_leaf_14_clkA/X                     8     12     -4 (VIOLATED)
clkbuf_leaf_15_clkA/X                     8     12     -4 (VIOLATED)
clkbuf_leaf_1_clkA/X                      8     12     -4 (VIOLATED)
clkbuf_leaf_22_clkA/X                     8     12     -4 (VIOLATED)
clkbuf_leaf_23_clkA/X                     8     12     -4 (VIOLATED)
clkbuf_leaf_27_clkA/X                     8     12     -4 (VIOLATED)
clkbuf_leaf_2_clkA/X                      8     12     -4 (VIOLATED)
clkbuf_leaf_32_clkA/X                     8     12     -4 (VIOLATED)
clkbuf_leaf_39_clkA/X                     8     12     -4 (VIOLATED)
clkbuf_leaf_3_clkA/X                      8     12     -4 (VIOLATED)
clkbuf_leaf_40_clkA/X                     8     12     -4 (VIOLATED)
clkbuf_leaf_46_clkA/X                     8     12     -4 (VIOLATED)
clkbuf_leaf_50_clkA/X                     8     12     -4 (VIOLATED)
clkbuf_leaf_58_clkA/X                     8     12     -4 (VIOLATED)
clkbuf_leaf_8_clkA/X                      8     12     -4 (VIOLATED)
clkbuf_leaf_9_clkA/X                      8     12     -4 (VIOLATED)
clkbuf_leaf_12_clkA/X                     8     11     -3 (VIOLATED)
clkbuf_leaf_13_clkA/X                     8     11     -3 (VIOLATED)
clkbuf_leaf_41_clkA/X                     8     11     -3 (VIOLATED)
clkbuf_leaf_57_clkA/X                     8     11     -3 (VIOLATED)
clkbuf_leaf_28_clkA/X                     8     10     -2 (VIOLATED)
clkbuf_leaf_29_clkA/X                     8     10     -2 (VIOLATED)
clkbuf_leaf_30_clkA/X                     8     10     -2 (VIOLATED)
clkbuf_leaf_31_clkA/X                     8     10     -2 (VIOLATED)
clkbuf_leaf_33_clkA/X                     8     10     -2 (VIOLATED)
clkbuf_leaf_43_clkA/X                     8     10     -2 (VIOLATED)
clkbuf_leaf_44_clkA/X                     8     10     -2 (VIOLATED)
clkbuf_leaf_45_clkA/X                     8     10     -2 (VIOLATED)
clkbuf_leaf_7_clkA/X                      8     10     -2 (VIOLATED)



===========================================================================
report_parasitic_annotation -report_unannotated
============================================================================
Found 59 unannotated drivers.
 clkload0/X
 clkload1/X
 clkload10/X
 clkload11/X
 clkload12/X
 clkload13/X
 clkload14/Y
 clkload15/Y
 clkload16/X
 clkload17/Y
 clkload18/Y
 clkload19/Y
 clkload2/X
 clkload20/X
 clkload21/Y
 clkload22/Y
 clkload23/Y
 clkload24/Y
 clkload25/X
 clkload26/Y
 clkload27/Y
 clkload28/Y
 clkload29/Y
 clkload3/X
 clkload30/Y
 clkload31/Y
 clkload32/Y
 clkload33/X
 clkload34/X
 clkload35/X
 clkload36/Y
 clkload37/Y
 clkload38/Y
 clkload39/Y
 clkload4/X
 clkload40/Y
 clkload41/Y
 clkload42/X
 clkload43/Y
 clkload44/Y
 clkload45/X
 clkload46/Y
 clkload47/Y
 clkload48/Y
 clkload49/Y
 clkload5/X
 clkload50/Y
 clkload51/Y
 clkload52/Y
 clkload53/Y
 clkload54/Y
 clkload55/Y
 clkload56/Y
 clkload57/Y
 clkload58/X
 clkload6/X
 clkload7/X
 clkload8/X
 clkload9/X
Found 0 partially unannotated drivers.

===========================================================================
max slew violation count 0
Writing metric design__max_slew_violation__count__corner:nom_typ_1p20V_25C: 0
max fanout violation count 62
Writing metric design__max_fanout_violation__count__corner:nom_typ_1p20V_25C: 62
max cap violation count 0
Writing metric design__max_cap_violation__count__corner:nom_typ_1p20V_25C: 0
============================================================================

===========================================================================
check_setup -verbose -unconstrained_endpoints -multiple_clock -no_clock -no_input_delay -loops -generated_clocks
===========================================================================
Warning: There are 4 input ports missing set_input_delay.
  reset
  spi_mosi
  spi_ss_n
  x_serial
Warning: There are 4 unconstrained endpoints.
  spi_miso
  y_serial
  _23758_/D
  _23779_/D
